[2025-01-07T03:15:41.559+0000] {local_task_job_runner.py:123} INFO - ::group::Pre task execution logs
[2025-01-07T03:15:41.576+0000] {taskinstance.py:2613} INFO - Dependencies all met for dep_context=non-requeueable deps ti=<TaskInstance: ico_scraping_dag_entire_once.scrape_ico_data manual__2025-01-07T03:15:39.682148+00:00 [queued]>
[2025-01-07T03:15:41.585+0000] {taskinstance.py:2613} INFO - Dependencies all met for dep_context=requeueable deps ti=<TaskInstance: ico_scraping_dag_entire_once.scrape_ico_data manual__2025-01-07T03:15:39.682148+00:00 [queued]>
[2025-01-07T03:15:41.586+0000] {taskinstance.py:2866} INFO - Starting attempt 1 of 2
[2025-01-07T03:15:41.598+0000] {taskinstance.py:2889} INFO - Executing <Task(PythonOperator): scrape_ico_data> on 2025-01-07 03:15:39.682148+00:00
[2025-01-07T03:15:41.607+0000] {logging_mixin.py:190} WARNING - /home/***/.local/lib/python3.12/site-packages/***/task/task_runner/standard_task_runner.py:70 DeprecationWarning: This process (pid=7145) is multi-threaded, use of fork() may lead to deadlocks in the child.
[2025-01-07T03:15:41.608+0000] {standard_task_runner.py:72} INFO - Started process 7147 to run task
[2025-01-07T03:15:41.607+0000] {standard_task_runner.py:104} INFO - Running: ['***', 'tasks', 'run', 'ico_scraping_dag_entire_once', 'scrape_ico_data', 'manual__2025-01-07T03:15:39.682148+00:00', '--job-id', '34', '--raw', '--subdir', 'DAGS_FOLDER/ico_scraping_dag_entire_once.py', '--cfg-path', '/tmp/tmpor0ppfny']
[2025-01-07T03:15:41.610+0000] {standard_task_runner.py:105} INFO - Job 34: Subtask scrape_ico_data
[2025-01-07T03:15:41.657+0000] {task_command.py:467} INFO - Running <TaskInstance: ico_scraping_dag_entire_once.scrape_ico_data manual__2025-01-07T03:15:39.682148+00:00 [running]> on host e0f05d443e24
[2025-01-07T03:15:41.728+0000] {taskinstance.py:3132} INFO - Exporting env vars: AIRFLOW_CTX_DAG_OWNER='***' AIRFLOW_CTX_DAG_ID='ico_scraping_dag_entire_once' AIRFLOW_CTX_TASK_ID='scrape_ico_data' AIRFLOW_CTX_EXECUTION_DATE='2025-01-07T03:15:39.682148+00:00' AIRFLOW_CTX_TRY_NUMBER='1' AIRFLOW_CTX_DAG_RUN_ID='manual__2025-01-07T03:15:39.682148+00:00'
[2025-01-07T03:15:41.729+0000] {taskinstance.py:731} INFO - ::endgroup::
[2025-01-07T03:15:41.744+0000] {logging_mixin.py:190} INFO - Starting the web scraping process...
[2025-01-07T03:15:41.836+0000] {logging_mixin.py:190} INFO - Chrome version: Chromium 114.0.5735.0
[2025-01-07T03:15:41.836+0000] {logging_mixin.py:190} INFO - ChromeDriver version: ChromeDriver 114.0.5735.90 (386bc09e8f4f2e025eddae123f36f6263096ae49-refs/branch-heads/5735@{#1052})
[2025-01-07T03:15:41.836+0000] {logging_mixin.py:190} INFO - Chrome binary location set to: /opt/chrome/chrome
[2025-01-07T03:15:41.837+0000] {logging_mixin.py:190} INFO - ChromeDriver path set to: /opt/chromedriver/chromedriver
[2025-01-07T03:15:41.988+0000] {logging_mixin.py:190} INFO - WebDriver initialized successfully.
[2025-01-07T03:15:41.988+0000] {logging_mixin.py:190} INFO - Navigating to the ICO Drops page...
[2025-01-07T03:15:43.878+0000] {logging_mixin.py:190} INFO - Attempting to click element with xpath: //button[contains(text(), 'Agree')]
[2025-01-07T03:15:53.915+0000] {logging_mixin.py:190} INFO - Consent button not found or already agreed.
[2025-01-07T03:15:56.916+0000] {logging_mixin.py:190} INFO - Loading all content (showing more items)...
[2025-01-07T03:15:56.917+0000] {logging_mixin.py:190} INFO - Attempting to click element with xpath: //button[contains(text(), 'Show more')]
[2025-01-07T03:15:56.995+0000] {logging_mixin.py:190} INFO - Element found, clicking on it: //button[contains(text(), 'Show more')]
[2025-01-07T03:16:00.167+0000] {logging_mixin.py:190} INFO - Attempting to click element with xpath: //button[contains(text(), 'Show more')]
[2025-01-07T03:16:00.226+0000] {logging_mixin.py:190} INFO - Element found, clicking on it: //button[contains(text(), 'Show more')]
[2025-01-07T03:16:03.369+0000] {logging_mixin.py:190} INFO - Attempting to click element with xpath: //button[contains(text(), 'Show more')]
[2025-01-07T03:16:03.443+0000] {logging_mixin.py:190} INFO - Element found, clicking on it: //button[contains(text(), 'Show more')]
[2025-01-07T03:16:06.622+0000] {logging_mixin.py:190} INFO - Attempting to click element with xpath: //button[contains(text(), 'Show more')]
[2025-01-07T03:16:06.729+0000] {logging_mixin.py:190} INFO - Element found, clicking on it: //button[contains(text(), 'Show more')]
[2025-01-07T03:16:09.949+0000] {logging_mixin.py:190} INFO - Attempting to click element with xpath: //button[contains(text(), 'Show more')]
[2025-01-07T03:16:09.998+0000] {logging_mixin.py:190} INFO - Element found, clicking on it: //button[contains(text(), 'Show more')]
[2025-01-07T03:16:13.313+0000] {logging_mixin.py:190} INFO - Attempting to click element with xpath: //button[contains(text(), 'Show more')]
[2025-01-07T03:16:13.364+0000] {logging_mixin.py:190} INFO - Element found, clicking on it: //button[contains(text(), 'Show more')]
[2025-01-07T03:16:16.683+0000] {logging_mixin.py:190} INFO - Attempting to click element with xpath: //button[contains(text(), 'Show more')]
[2025-01-07T03:16:17.108+0000] {logging_mixin.py:190} INFO - Element found, clicking on it: //button[contains(text(), 'Show more')]
[2025-01-07T03:16:21.017+0000] {logging_mixin.py:190} INFO - Attempting to click element with xpath: //button[contains(text(), 'Show more')]
[2025-01-07T03:16:21.074+0000] {logging_mixin.py:190} INFO - Element found, clicking on it: //button[contains(text(), 'Show more')]
[2025-01-07T03:16:24.348+0000] {logging_mixin.py:190} INFO - Attempting to click element with xpath: //button[contains(text(), 'Show more')]
[2025-01-07T03:16:24.694+0000] {logging_mixin.py:190} INFO - Element found, clicking on it: //button[contains(text(), 'Show more')]
[2025-01-07T03:16:28.245+0000] {logging_mixin.py:190} INFO - Attempting to click element with xpath: //button[contains(text(), 'Show more')]
[2025-01-07T03:16:28.513+0000] {logging_mixin.py:190} INFO - Element found, clicking on it: //button[contains(text(), 'Show more')]
[2025-01-07T03:16:31.814+0000] {logging_mixin.py:190} INFO - Attempting to click element with xpath: //button[contains(text(), 'Show more')]
[2025-01-07T03:16:32.239+0000] {logging_mixin.py:190} INFO - Element found, clicking on it: //button[contains(text(), 'Show more')]
[2025-01-07T03:16:35.737+0000] {logging_mixin.py:190} INFO - Attempting to click element with xpath: //button[contains(text(), 'Show more')]
[2025-01-07T03:16:35.896+0000] {logging_mixin.py:190} INFO - Element found, clicking on it: //button[contains(text(), 'Show more')]
[2025-01-07T03:16:39.467+0000] {logging_mixin.py:190} INFO - Attempting to click element with xpath: //button[contains(text(), 'Show more')]
[2025-01-07T03:16:40.231+0000] {logging_mixin.py:190} INFO - Element found, clicking on it: //button[contains(text(), 'Show more')]
[2025-01-07T03:16:43.801+0000] {logging_mixin.py:190} INFO - Attempting to click element with xpath: //button[contains(text(), 'Show more')]
[2025-01-07T03:16:44.309+0000] {logging_mixin.py:190} INFO - Element found, clicking on it: //button[contains(text(), 'Show more')]
[2025-01-07T03:16:48.322+0000] {logging_mixin.py:190} INFO - Attempting to click element with xpath: //button[contains(text(), 'Show more')]
[2025-01-07T03:16:48.647+0000] {logging_mixin.py:190} INFO - Element found, clicking on it: //button[contains(text(), 'Show more')]
[2025-01-07T03:16:52.906+0000] {logging_mixin.py:190} INFO - Attempting to click element with xpath: //button[contains(text(), 'Show more')]
[2025-01-07T03:16:53.304+0000] {logging_mixin.py:190} INFO - Element found, clicking on it: //button[contains(text(), 'Show more')]
[2025-01-07T03:16:57.285+0000] {logging_mixin.py:190} INFO - Attempting to click element with xpath: //button[contains(text(), 'Show more')]
[2025-01-07T03:16:57.765+0000] {logging_mixin.py:190} INFO - Element found, clicking on it: //button[contains(text(), 'Show more')]
[2025-01-07T03:17:01.953+0000] {logging_mixin.py:190} INFO - Attempting to click element with xpath: //button[contains(text(), 'Show more')]
[2025-01-07T03:17:02.445+0000] {logging_mixin.py:190} INFO - Element found, clicking on it: //button[contains(text(), 'Show more')]
[2025-01-07T03:17:06.561+0000] {logging_mixin.py:190} INFO - Attempting to click element with xpath: //button[contains(text(), 'Show more')]
[2025-01-07T03:17:11.595+0000] {logging_mixin.py:190} INFO - No more 'Show more' button found, in given time.
[2025-01-07T03:17:11.845+0000] {logging_mixin.py:190} INFO - Found 1829 ICOs on the page.
[2025-01-07T03:17:11.846+0000] {logging_mixin.py:190} INFO - 
Processing ICO 1/1829
[2025-01-07T03:17:12.301+0000] {logging_mixin.py:190} INFO - Extracted project_name: Beam
[2025-01-07T03:17:12.564+0000] {logging_mixin.py:190} INFO - Extracted project_ticker: BEAM
[2025-01-07T03:17:12.799+0000] {logging_mixin.py:190} INFO - Extracted project_link: https://icodrops.com/beam/
[2025-01-07T03:17:13.033+0000] {logging_mixin.py:190} INFO - Extracted project_round: Node Sale Round
[2025-01-07T03:17:13.295+0000] {logging_mixin.py:190} INFO - Extracted project_total_raised: $77.75 M
[2025-01-07T03:17:13.583+0000] {logging_mixin.py:190} INFO - Extracted project_pre_valuation: $1.76 B
[2025-01-07T03:17:13.793+0000] {logging_mixin.py:190} INFO - Extracted project_categories: Gaming
[2025-01-07T03:17:14.259+0000] {logging_mixin.py:190} INFO - Extracted project_roi: 0.01x
[2025-01-07T03:17:14.685+0000] {logging_mixin.py:190} INFO - Extracted project_date: Q4, 2024
[2025-01-07T03:17:15.349+0000] {logging_mixin.py:190} INFO - Extracted project_total_investors: 11
[2025-01-07T03:17:15.349+0000] {logging_mixin.py:190} INFO - 
Processing ICO 2/1829
[2025-01-07T03:17:15.662+0000] {logging_mixin.py:190} INFO - Extracted project_name: aiPump
[2025-01-07T03:17:15.928+0000] {logging_mixin.py:190} INFO - Extracted project_ticker: AIPUMP
[2025-01-07T03:17:16.160+0000] {logging_mixin.py:190} INFO - Extracted project_link: https://icodrops.com/aipump/
[2025-01-07T03:17:16.429+0000] {logging_mixin.py:190} INFO - Extracted project_round: IDO on Polkastarter
[2025-01-07T03:17:16.862+0000] {logging_mixin.py:190} INFO - Extracted project_total_raised: —
[2025-01-07T03:17:17.284+0000] {logging_mixin.py:190} INFO - Extracted project_pre_valuation: $6 M  
[2025-01-07T03:17:17.549+0000] {logging_mixin.py:190} INFO - Extracted project_categories: AI Agents
[2025-01-07T03:17:17.793+0000] {logging_mixin.py:190} INFO - Extracted project_roi: —
[2025-01-07T03:17:18.129+0000] {logging_mixin.py:190} INFO - Extracted project_date: in 14h
[2025-01-07T03:17:38.529+0000] {logging_mixin.py:190} INFO - Extracted project_total_investors: 0
[2025-01-07T03:17:38.529+0000] {logging_mixin.py:190} INFO - 
Processing ICO 3/1829
[2025-01-07T03:17:38.793+0000] {logging_mixin.py:190} INFO - Extracted project_name: Zephyr
[2025-01-07T03:17:39.232+0000] {logging_mixin.py:190} INFO - Extracted project_ticker: ZEFY
[2025-01-07T03:17:39.698+0000] {logging_mixin.py:190} INFO - Extracted project_link: https://icodrops.com/zephyr/
[2025-01-07T03:17:39.964+0000] {logging_mixin.py:190} INFO - Extracted project_round: Public Sale
[2025-01-07T03:17:40.234+0000] {logging_mixin.py:190} INFO - Extracted project_total_raised: $561 K
[2025-01-07T03:17:40.475+0000] {logging_mixin.py:190} INFO - Extracted project_pre_valuation: $5.5 M  
[2025-01-07T03:17:40.717+0000] {logging_mixin.py:190} INFO - Extracted project_categories: DeFi
[2025-01-07T03:17:40.964+0000] {logging_mixin.py:190} INFO - Extracted project_roi: —
[2025-01-07T03:17:41.201+0000] {logging_mixin.py:190} INFO - Extracted project_date: Q3, 2024
[2025-01-07T03:18:01.552+0000] {logging_mixin.py:190} INFO - Extracted project_total_investors: 0
[2025-01-07T03:18:01.552+0000] {logging_mixin.py:190} INFO - 
Processing ICO 4/1829
[2025-01-07T03:18:01.995+0000] {logging_mixin.py:190} INFO - Extracted project_name: Sonic
[2025-01-07T03:18:02.380+0000] {logging_mixin.py:190} INFO - Extracted project_ticker: SONIC
[2025-01-07T03:18:02.770+0000] {logging_mixin.py:190} INFO - Extracted project_link: https://icodrops.com/sonic/
[2025-01-07T03:18:03.165+0000] {logging_mixin.py:190} INFO - Extracted project_round: Testnet Incentive Program
[2025-01-07T03:18:03.514+0000] {logging_mixin.py:190} INFO - Extracted project_total_raised: $12 M
[2025-01-07T03:18:03.803+0000] {logging_mixin.py:190} INFO - Extracted project_pre_valuation: $1.17 M
[2025-01-07T03:18:04.219+0000] {logging_mixin.py:190} INFO - Extracted project_categories: Blockchain
[2025-01-07T03:18:04.670+0000] {logging_mixin.py:190} INFO - Extracted project_roi: —
[2025-01-07T03:18:04.959+0000] {logging_mixin.py:190} INFO - Extracted project_date: Jan 6, 2025
[2025-01-07T03:18:05.603+0000] {logging_mixin.py:190} INFO - Extracted project_total_investors: 7
[2025-01-07T03:18:05.603+0000] {logging_mixin.py:190} INFO - 
Processing ICO 5/1829
[2025-01-07T03:18:05.936+0000] {logging_mixin.py:190} INFO - Extracted project_name: ArkeFi
[2025-01-07T03:18:06.162+0000] {logging_mixin.py:190} INFO - Extracted project_ticker: RKFI
[2025-01-07T03:18:06.423+0000] {logging_mixin.py:190} INFO - Extracted project_link: https://icodrops.com/arkefi/
[2025-01-07T03:18:06.857+0000] {logging_mixin.py:190} INFO - Extracted project_round: IDO on Poolz
[2025-01-07T03:18:07.239+0000] {logging_mixin.py:190} INFO - Extracted project_total_raised: —
[2025-01-07T03:18:07.492+0000] {logging_mixin.py:190} INFO - Extracted project_pre_valuation: $20 M  
[2025-01-07T03:18:07.766+0000] {logging_mixin.py:190} INFO - Extracted project_categories: Blockchain Service
[2025-01-07T03:18:08.011+0000] {logging_mixin.py:190} INFO - Extracted project_roi: —
[2025-01-07T03:18:08.260+0000] {logging_mixin.py:190} INFO - Extracted project_date: Jan 3, 2025
[2025-01-07T03:18:28.437+0000] {logging_mixin.py:190} INFO - Extracted project_total_investors: 0
[2025-01-07T03:18:28.437+0000] {logging_mixin.py:190} INFO - 
Processing ICO 6/1829
[2025-01-07T03:18:28.695+0000] {logging_mixin.py:190} INFO - Extracted project_name: BIO Protocol
[2025-01-07T03:18:29.084+0000] {logging_mixin.py:190} INFO - Extracted project_ticker: BIO
[2025-01-07T03:18:29.466+0000] {logging_mixin.py:190} INFO - Extracted project_link: https://icodrops.com/bio-protocol/
[2025-01-07T03:18:29.848+0000] {logging_mixin.py:190} INFO - Extracted project_round: Binance Launchpool
[2025-01-07T03:18:30.131+0000] {logging_mixin.py:190} INFO - Extracted project_total_raised: $29.9 M
[2025-01-07T03:18:30.496+0000] {logging_mixin.py:190} INFO - Extracted project_pre_valuation: $2.39 B
[2025-01-07T03:18:30.859+0000] {logging_mixin.py:190} INFO - Extracted project_categories: DeSci
[2025-01-07T03:18:31.138+0000] {logging_mixin.py:190} INFO - Extracted project_roi: 10.97x
[2025-01-07T03:18:31.427+0000] {logging_mixin.py:190} INFO - Extracted project_date: Dec 24, 2024
[2025-01-07T03:18:42.318+0000] {logging_mixin.py:190} INFO - Extracted project_total_investors: 3
[2025-01-07T03:18:42.319+0000] {logging_mixin.py:190} INFO - 
Processing ICO 7/1829
[2025-01-07T03:18:42.561+0000] {logging_mixin.py:190} INFO - Extracted project_name: Pandana
[2025-01-07T03:18:42.837+0000] {logging_mixin.py:190} INFO - Extracted project_ticker: PNDN
[2025-01-07T03:18:43.119+0000] {logging_mixin.py:190} INFO - Extracted project_link: https://icodrops.com/pandana/
[2025-01-07T03:18:43.406+0000] {logging_mixin.py:190} INFO - Extracted project_round: Presale
[2025-01-07T03:18:43.625+0000] {logging_mixin.py:190} INFO - Extracted project_total_raised: $722 K
[2025-01-07T03:18:43.896+0000] {logging_mixin.py:190} INFO - Extracted project_pre_valuation: $24 M  
[2025-01-07T03:18:44.290+0000] {logging_mixin.py:190} INFO - Extracted project_categories: Memecoin
[2025-01-07T03:18:44.694+0000] {logging_mixin.py:190} INFO - Extracted project_roi: —
[2025-01-07T03:18:44.959+0000] {logging_mixin.py:190} INFO - Extracted project_date: Q4, 2024
[2025-01-07T03:19:05.202+0000] {logging_mixin.py:190} INFO - Extracted project_total_investors: 0
[2025-01-07T03:19:05.202+0000] {logging_mixin.py:190} INFO - 
Processing ICO 8/1829
[2025-01-07T03:19:05.484+0000] {logging_mixin.py:190} INFO - Extracted project_name: Fuel Network
[2025-01-07T03:19:05.730+0000] {logging_mixin.py:190} INFO - Extracted project_ticker: FUEL
[2025-01-07T03:19:06.002+0000] {logging_mixin.py:190} INFO - Extracted project_link: https://icodrops.com/fuel-network/
[2025-01-07T03:19:06.244+0000] {logging_mixin.py:190} INFO - Extracted project_round: Public Sale
[2025-01-07T03:19:06.679+0000] {logging_mixin.py:190} INFO - Extracted project_total_raised: $90.9 M
[2025-01-07T03:19:07.093+0000] {logging_mixin.py:190} INFO - Extracted project_pre_valuation: $681.2 M
[2025-01-07T03:19:07.407+0000] {logging_mixin.py:190} INFO - Extracted project_categories: Layer-2
[2025-01-07T03:19:07.685+0000] {logging_mixin.py:190} INFO - Extracted project_roi: 3.41x
[2025-01-07T03:19:07.974+0000] {logging_mixin.py:190} INFO - Extracted project_date: Dec 17, 2024
[2025-01-07T03:19:08.688+0000] {logging_mixin.py:190} INFO - Extracted project_total_investors: 15
[2025-01-07T03:19:08.688+0000] {logging_mixin.py:190} INFO - 
Processing ICO 9/1829
[2025-01-07T03:19:09.120+0000] {logging_mixin.py:190} INFO - Extracted project_name: Huddle01
[2025-01-07T03:19:19.379+0000] {logging_mixin.py:190} INFO - project_ticker not found.
[2025-01-07T03:19:19.857+0000] {logging_mixin.py:190} INFO - Extracted project_link: https://icodrops.com/huddle01/
[2025-01-07T03:19:20.190+0000] {logging_mixin.py:190} INFO - Extracted project_round: Node Sale Round
[2025-01-07T03:19:20.503+0000] {logging_mixin.py:190} INFO - Extracted project_total_raised: $4.5 M
[2025-01-07T03:19:20.882+0000] {logging_mixin.py:190} INFO - Extracted project_pre_valuation: —
[2025-01-07T03:19:21.272+0000] {logging_mixin.py:190} INFO - Extracted project_categories: Social
[2025-01-07T03:19:21.843+0000] {logging_mixin.py:190} INFO - Extracted project_roi: —
[2025-01-07T03:19:22.396+0000] {logging_mixin.py:190} INFO - Extracted project_date: Nov 6, 2024
[2025-01-07T03:19:23.040+0000] {logging_mixin.py:190} INFO - Extracted project_total_investors: 10
[2025-01-07T03:19:23.041+0000] {logging_mixin.py:190} INFO - 
Processing ICO 10/1829
[2025-01-07T03:19:23.396+0000] {logging_mixin.py:190} INFO - Extracted project_name: Qorbi World
[2025-01-07T03:19:23.632+0000] {logging_mixin.py:190} INFO - Extracted project_ticker: QORBI
[2025-01-07T03:19:23.923+0000] {logging_mixin.py:190} INFO - Extracted project_link: https://icodrops.com/qorbi-world/
[2025-01-07T03:19:24.323+0000] {logging_mixin.py:190} INFO - Extracted project_round: IDO on MoonStarter
[2025-01-07T03:19:24.716+0000] {logging_mixin.py:190} INFO - Extracted project_total_raised: —
[2025-01-07T03:19:24.977+0000] {logging_mixin.py:190} INFO - Extracted project_pre_valuation: $10 M  
[2025-01-07T03:19:25.211+0000] {logging_mixin.py:190} INFO - Extracted project_categories: GameFi
[2025-01-07T03:19:25.476+0000] {logging_mixin.py:190} INFO - Extracted project_roi: —
[2025-01-07T03:19:25.769+0000] {logging_mixin.py:190} INFO - Extracted project_date: Dec 28, 2024
[2025-01-07T03:19:46.007+0000] {logging_mixin.py:190} INFO - Extracted project_total_investors: 0
[2025-01-07T03:19:46.008+0000] {logging_mixin.py:190} INFO - 
Processing ICO 11/1829
[2025-01-07T03:19:46.302+0000] {logging_mixin.py:190} INFO - Extracted project_name: AZCoiner
[2025-01-07T03:19:46.768+0000] {logging_mixin.py:190} INFO - Extracted project_ticker: AZC
[2025-01-07T03:19:47.163+0000] {logging_mixin.py:190} INFO - Extracted project_link: https://icodrops.com/azcoiner/
[2025-01-07T03:19:47.559+0000] {logging_mixin.py:190} INFO - Extracted project_round: IDO on Spores
[2025-01-07T03:19:47.924+0000] {logging_mixin.py:190} INFO - Extracted project_total_raised: —
[2025-01-07T03:19:48.188+0000] {logging_mixin.py:190} INFO - Extracted project_pre_valuation: $20 M  
[2025-01-07T03:19:48.434+0000] {logging_mixin.py:190} INFO - Extracted project_categories: Blockchain Service
[2025-01-07T03:19:48.948+0000] {logging_mixin.py:190} INFO - Extracted project_roi: —
[2025-01-07T03:19:49.396+0000] {logging_mixin.py:190} INFO - Extracted project_date: Dec 27, 2024
[2025-01-07T03:20:09.734+0000] {logging_mixin.py:190} INFO - Extracted project_total_investors: 0
[2025-01-07T03:20:09.735+0000] {logging_mixin.py:190} INFO - 
Processing ICO 12/1829
[2025-01-07T03:20:09.996+0000] {logging_mixin.py:190} INFO - Extracted project_name: Sentient AI
[2025-01-07T03:20:10.301+0000] {logging_mixin.py:190} INFO - Extracted project_ticker: SETAI
[2025-01-07T03:20:10.551+0000] {logging_mixin.py:190} INFO - Extracted project_link: https://icodrops.com/sentient-ai/
[2025-01-07T03:20:10.785+0000] {logging_mixin.py:190} INFO - Extracted project_round: IDO on Polkastarter
[2025-01-07T03:20:11.055+0000] {logging_mixin.py:190} INFO - Extracted project_total_raised: —
[2025-01-07T03:20:11.321+0000] {logging_mixin.py:190} INFO - Extracted project_pre_valuation: —
[2025-01-07T03:20:11.707+0000] {logging_mixin.py:190} INFO - Extracted project_categories: Artificial Intellig…
[2025-01-07T03:20:12.098+0000] {logging_mixin.py:190} INFO - Extracted project_roi: —
[2025-01-07T03:20:12.444+0000] {logging_mixin.py:190} INFO - Extracted project_date: Dec 27, 2024
[2025-01-07T03:20:32.637+0000] {logging_mixin.py:190} INFO - Extracted project_total_investors: 0
[2025-01-07T03:20:32.637+0000] {logging_mixin.py:190} INFO - 
Processing ICO 13/1829
[2025-01-07T03:20:32.883+0000] {logging_mixin.py:190} INFO - Extracted project_name: Swell Network
[2025-01-07T03:20:33.171+0000] {logging_mixin.py:190} INFO - Extracted project_ticker: SWELL
[2025-01-07T03:20:33.404+0000] {logging_mixin.py:190} INFO - Extracted project_link: https://icodrops.com/swell-network/
[2025-01-07T03:20:33.664+0000] {logging_mixin.py:190} INFO - Extracted project_round: Points Farming
[2025-01-07T03:20:33.988+0000] {logging_mixin.py:190} INFO - Extracted project_total_raised: $3.75 M
[2025-01-07T03:20:34.372+0000] {logging_mixin.py:190} INFO - Extracted project_pre_valuation: $345.5 M
[2025-01-07T03:20:34.824+0000] {logging_mixin.py:190} INFO - Extracted project_categories: Liquid Staking Prot…
[2025-01-07T03:20:35.086+0000] {logging_mixin.py:190} INFO - Extracted project_roi: 0.39x
[2025-01-07T03:20:35.360+0000] {logging_mixin.py:190} INFO - Extracted project_date: Jan 29, 2024
[2025-01-07T03:20:36.120+0000] {logging_mixin.py:190} INFO - Extracted project_total_investors: 11
[2025-01-07T03:20:36.120+0000] {logging_mixin.py:190} INFO - 
Processing ICO 14/1829
[2025-01-07T03:20:36.424+0000] {logging_mixin.py:190} INFO - Extracted project_name: Hive Intelligence
[2025-01-07T03:20:36.878+0000] {logging_mixin.py:190} INFO - Extracted project_ticker: HINT
[2025-01-07T03:20:37.278+0000] {logging_mixin.py:190} INFO - Extracted project_link: https://icodrops.com/hive-intelligence/
[2025-01-07T03:20:37.526+0000] {logging_mixin.py:190} INFO - Extracted project_round: Public Sale
[2025-01-07T03:20:37.774+0000] {logging_mixin.py:190} INFO - Extracted project_total_raised: $2.64 M
[2025-01-07T03:20:38.010+0000] {logging_mixin.py:190} INFO - Extracted project_pre_valuation: $8 M  
[2025-01-07T03:20:38.259+0000] {logging_mixin.py:190} INFO - Extracted project_categories: Infrastructure
[2025-01-07T03:20:38.591+0000] {logging_mixin.py:190} INFO - Extracted project_roi: 2.07x
[2025-01-07T03:20:38.920+0000] {logging_mixin.py:190} INFO - Extracted project_date: Dec 20, 2024
[2025-01-07T03:20:59.418+0000] {logging_mixin.py:190} INFO - Extracted project_total_investors: 0
[2025-01-07T03:20:59.418+0000] {logging_mixin.py:190} INFO - 
Processing ICO 15/1829
[2025-01-07T03:20:59.788+0000] {logging_mixin.py:190} INFO - Extracted project_name: CratD2C
[2025-01-07T03:21:00.054+0000] {logging_mixin.py:190} INFO - Extracted project_ticker: CRATD2C
[2025-01-07T03:21:00.338+0000] {logging_mixin.py:190} INFO - Extracted project_link: https://icodrops.com/cratd2c/
[2025-01-07T03:21:00.595+0000] {logging_mixin.py:190} INFO - Extracted project_round: IEO
[2025-01-07T03:21:00.905+0000] {logging_mixin.py:190} INFO - Extracted project_total_raised: $1.21 M
[2025-01-07T03:21:01.273+0000] {logging_mixin.py:190} INFO - Extracted project_pre_valuation: $160 M  
[2025-01-07T03:21:01.765+0000] {logging_mixin.py:190} INFO - Extracted project_categories: Blockchain
[2025-01-07T03:21:02.321+0000] {logging_mixin.py:190} INFO - Extracted project_roi: —
[2025-01-07T03:21:02.641+0000] {logging_mixin.py:190} INFO - Extracted project_date: Dec 17, 2024
[2025-01-07T03:21:22.997+0000] {logging_mixin.py:190} INFO - Extracted project_total_investors: 0
[2025-01-07T03:21:22.997+0000] {logging_mixin.py:190} INFO - 
Processing ICO 16/1829
[2025-01-07T03:21:23.398+0000] {logging_mixin.py:190} INFO - Extracted project_name: Nexade
[2025-01-07T03:21:23.843+0000] {logging_mixin.py:190} INFO - Extracted project_ticker: NEXD
[2025-01-07T03:21:24.362+0000] {logging_mixin.py:190} INFO - Extracted project_link: https://icodrops.com/nexade/
[2025-01-07T03:21:24.881+0000] {logging_mixin.py:190} INFO - Extracted project_round: SHO on DAO Maker
[2025-01-07T03:21:25.204+0000] {logging_mixin.py:190} INFO - Extracted project_total_raised: —
[2025-01-07T03:21:25.549+0000] {logging_mixin.py:190} INFO - Extracted project_pre_valuation: $70 M  
[2025-01-07T03:21:25.914+0000] {logging_mixin.py:190} INFO - Extracted project_categories: RWA (Real World Ass…
[2025-01-07T03:21:26.207+0000] {logging_mixin.py:190} INFO - Extracted project_roi: —
[2025-01-07T03:21:26.865+0000] {logging_mixin.py:190} INFO - Extracted project_date: Dec 13, 2024
[2025-01-07T03:21:47.389+0000] {logging_mixin.py:190} INFO - Extracted project_total_investors: 0
[2025-01-07T03:21:47.389+0000] {logging_mixin.py:190} INFO - 
Processing ICO 17/1829
[2025-01-07T03:21:47.643+0000] {logging_mixin.py:190} INFO - Extracted project_name: Swing
[2025-01-07T03:21:47.899+0000] {logging_mixin.py:190} INFO - Extracted project_ticker: SWING
[2025-01-07T03:21:48.167+0000] {logging_mixin.py:190} INFO - Extracted project_link: https://icodrops.com/swing/
[2025-01-07T03:21:48.422+0000] {logging_mixin.py:190} INFO - Extracted project_round: Public Sale
[2025-01-07T03:21:48.708+0000] {logging_mixin.py:190} INFO - Extracted project_total_raised: $9.75 M
[2025-01-07T03:21:49.107+0000] {logging_mixin.py:190} INFO - Extracted project_pre_valuation: $60 M  
[2025-01-07T03:21:49.500+0000] {logging_mixin.py:190} INFO - Extracted project_categories: DeFi
[2025-01-07T03:21:49.828+0000] {logging_mixin.py:190} INFO - Extracted project_roi: 0.2x
[2025-01-07T03:21:50.078+0000] {logging_mixin.py:190} INFO - Extracted project_date: Dec 18, 2024
[2025-01-07T03:21:50.707+0000] {logging_mixin.py:190} INFO - Extracted project_total_investors: 10
[2025-01-07T03:21:50.708+0000] {logging_mixin.py:190} INFO - 
Processing ICO 18/1829
[2025-01-07T03:21:50.952+0000] {logging_mixin.py:190} INFO - Extracted project_name: Help Steps
[2025-01-07T03:21:51.243+0000] {logging_mixin.py:190} INFO - Extracted project_ticker: HSX
[2025-01-07T03:21:51.689+0000] {logging_mixin.py:190} INFO - Extracted project_link: https://icodrops.com/help-steps/
[2025-01-07T03:21:52.203+0000] {logging_mixin.py:190} INFO - Extracted project_round: SHO on DAO Maker
[2025-01-07T03:21:52.566+0000] {logging_mixin.py:190} INFO - Extracted project_total_raised: —
[2025-01-07T03:21:52.886+0000] {logging_mixin.py:190} INFO - Extracted project_pre_valuation: $5 M  
[2025-01-07T03:21:53.239+0000] {logging_mixin.py:190} INFO - Extracted project_categories: Move To Earn
[2025-01-07T03:21:53.604+0000] {logging_mixin.py:190} INFO - Extracted project_roi: —
[2025-01-07T03:21:54.333+0000] {logging_mixin.py:190} INFO - Extracted project_date: Dec 12, 2024
[2025-01-07T03:22:05.269+0000] {logging_mixin.py:190} INFO - Extracted project_total_investors: 3
[2025-01-07T03:22:05.269+0000] {logging_mixin.py:190} INFO - 
Processing ICO 19/1829
[2025-01-07T03:22:05.530+0000] {logging_mixin.py:190} INFO - Extracted project_name: Ringfence
[2025-01-07T03:22:15.669+0000] {logging_mixin.py:190} INFO - project_ticker not found.
[2025-01-07T03:22:15.910+0000] {logging_mixin.py:190} INFO - Extracted project_link: https://icodrops.com/ringfence/
[2025-01-07T03:22:16.126+0000] {logging_mixin.py:190} INFO - Extracted project_round: Airdrop
[2025-01-07T03:22:16.437+0000] {logging_mixin.py:190} INFO - Extracted project_total_raised: $1.5 M
[2025-01-07T03:22:16.903+0000] {logging_mixin.py:190} INFO - Extracted project_pre_valuation: —
[2025-01-07T03:22:17.340+0000] {logging_mixin.py:190} INFO - Extracted project_categories: Blockchain Service
[2025-01-07T03:22:17.717+0000] {logging_mixin.py:190} INFO - Extracted project_roi: —
[2025-01-07T03:22:18.069+0000] {logging_mixin.py:190} INFO - Extracted project_date: Dec 9, 2024
[2025-01-07T03:22:19.173+0000] {logging_mixin.py:190} INFO - Extracted project_total_investors: 9
[2025-01-07T03:22:19.174+0000] {logging_mixin.py:190} INFO - 
Processing ICO 20/1829
[2025-01-07T03:22:19.709+0000] {logging_mixin.py:190} INFO - Extracted project_name: WELF
[2025-01-07T03:22:20.064+0000] {logging_mixin.py:190} INFO - Extracted project_ticker: WELF
[2025-01-07T03:22:20.376+0000] {logging_mixin.py:190} INFO - Extracted project_link: https://icodrops.com/welf/
[2025-01-07T03:22:20.701+0000] {logging_mixin.py:190} INFO - Extracted project_round: IDO on Polkastarter
[2025-01-07T03:22:20.963+0000] {logging_mixin.py:190} INFO - Extracted project_total_raised: $3.45 M
[2025-01-07T03:22:21.258+0000] {logging_mixin.py:190} INFO - Extracted project_pre_valuation: $18 M  
[2025-01-07T03:22:21.917+0000] {logging_mixin.py:190} INFO - Extracted project_categories: RWA (Real World Ass…
[2025-01-07T03:22:22.339+0000] {logging_mixin.py:190} INFO - Extracted project_roi: —
[2025-01-07T03:22:22.609+0000] {logging_mixin.py:190} INFO - Extracted project_date: Dec 18, 2024
[2025-01-07T03:22:43.019+0000] {logging_mixin.py:190} INFO - Extracted project_total_investors: 0
[2025-01-07T03:22:43.019+0000] {logging_mixin.py:190} INFO - 
Processing ICO 21/1829
[2025-01-07T03:22:43.373+0000] {logging_mixin.py:190} INFO - Extracted project_name: Glacier Network
[2025-01-07T03:22:43.652+0000] {logging_mixin.py:190} INFO - Extracted project_ticker: GLS
[2025-01-07T03:22:43.984+0000] {logging_mixin.py:190} INFO - Extracted project_link: https://icodrops.com/glacier-network/
[2025-01-07T03:22:44.408+0000] {logging_mixin.py:190} INFO - Extracted project_round: Public Sale
[2025-01-07T03:22:44.798+0000] {logging_mixin.py:190} INFO - Extracted project_total_raised: $16 M
[2025-01-07T03:22:45.066+0000] {logging_mixin.py:190} INFO - Extracted project_pre_valuation: $23.3 M
[2025-01-07T03:22:45.325+0000] {logging_mixin.py:190} INFO - Extracted project_categories: Artificial Intellig…
[2025-01-07T03:22:45.554+0000] {logging_mixin.py:190} INFO - Extracted project_roi: 0.7x
[2025-01-07T03:22:45.794+0000] {logging_mixin.py:190} INFO - Extracted project_date: Dec 18, 2024
[2025-01-07T03:22:46.512+0000] {logging_mixin.py:190} INFO - Extracted project_total_investors: 18
[2025-01-07T03:22:46.512+0000] {logging_mixin.py:190} INFO - 
Processing ICO 22/1829
[2025-01-07T03:22:46.884+0000] {logging_mixin.py:190} INFO - Extracted project_name: Earn’M
[2025-01-07T03:22:47.261+0000] {logging_mixin.py:190} INFO - Extracted project_ticker: EARNM
[2025-01-07T03:22:47.500+0000] {logging_mixin.py:190} INFO - Extracted project_link: https://icodrops.com/earnm/
[2025-01-07T03:22:47.748+0000] {logging_mixin.py:190} INFO - Extracted project_round: IDO on ChainGPT
[2025-01-07T03:22:48.031+0000] {logging_mixin.py:190} INFO - Extracted project_total_raised: $200 K
[2025-01-07T03:22:48.321+0000] {logging_mixin.py:190} INFO - Extracted project_pre_valuation: $85.7 M
[2025-01-07T03:22:48.558+0000] {logging_mixin.py:190} INFO - Extracted project_categories: DePIN
[2025-01-07T03:22:48.795+0000] {logging_mixin.py:190} INFO - Extracted project_roi: 1.71x
[2025-01-07T03:22:49.183+0000] {logging_mixin.py:190} INFO - Extracted project_date: Dec 17, 2024
[2025-01-07T03:23:09.475+0000] {logging_mixin.py:190} INFO - Extracted project_total_investors: 0
[2025-01-07T03:23:09.475+0000] {logging_mixin.py:190} INFO - 
Processing ICO 23/1829
[2025-01-07T03:23:09.842+0000] {logging_mixin.py:190} INFO - Extracted project_name: Script Network
[2025-01-07T03:23:10.077+0000] {logging_mixin.py:190} INFO - Extracted project_ticker: SCPT
[2025-01-07T03:23:10.295+0000] {logging_mixin.py:190} INFO - Extracted project_link: https://icodrops.com/script-network/
[2025-01-07T03:23:10.528+0000] {logging_mixin.py:190} INFO - Extracted project_round: Node Sale Round
[2025-01-07T03:23:10.768+0000] {logging_mixin.py:190} INFO - Extracted project_total_raised: $1.69 M
[2025-01-07T03:23:11.009+0000] {logging_mixin.py:190} INFO - Extracted project_pre_valuation: $7.68 M
[2025-01-07T03:23:11.203+0000] {logging_mixin.py:190} INFO - Extracted project_categories: Blockchain Service
[2025-01-07T03:23:11.556+0000] {logging_mixin.py:190} INFO - Extracted project_roi: 0.82x
[2025-01-07T03:23:11.933+0000] {logging_mixin.py:190} INFO - Extracted project_date: Q4, 2024
[2025-01-07T03:23:32.344+0000] {logging_mixin.py:190} INFO - Extracted project_total_investors: 0
[2025-01-07T03:23:32.344+0000] {logging_mixin.py:190} INFO - 
Processing ICO 24/1829
[2025-01-07T03:23:32.594+0000] {logging_mixin.py:190} INFO - Extracted project_name: Pudgy Penguins
[2025-01-07T03:23:32.924+0000] {logging_mixin.py:190} INFO - Extracted project_ticker: PENGU
[2025-01-07T03:23:33.259+0000] {logging_mixin.py:190} INFO - Extracted project_link: https://icodrops.com/pudgy-penguins/
[2025-01-07T03:23:33.543+0000] {logging_mixin.py:190} INFO - Extracted project_round: NFT Sale
[2025-01-07T03:23:33.755+0000] {logging_mixin.py:190} INFO - Extracted project_total_raised: $20 M
[2025-01-07T03:23:34.187+0000] {logging_mixin.py:190} INFO - Extracted project_pre_valuation: $3.77 B
[2025-01-07T03:23:34.581+0000] {logging_mixin.py:190} INFO - Extracted project_categories: Meme
[2025-01-07T03:23:34.943+0000] {logging_mixin.py:190} INFO - Extracted project_roi: 0.69x
[2025-01-07T03:23:35.195+0000] {logging_mixin.py:190} INFO - Extracted project_date: Dec 17, 2024
[2025-01-07T03:23:35.868+0000] {logging_mixin.py:190} INFO - Extracted project_total_investors: 9
[2025-01-07T03:23:35.868+0000] {logging_mixin.py:190} INFO - 
Processing ICO 25/1829
[2025-01-07T03:23:36.148+0000] {logging_mixin.py:190} INFO - Extracted project_name: Terrace
[2025-01-07T03:23:36.497+0000] {logging_mixin.py:190} INFO - Extracted project_ticker: TRC
[2025-01-07T03:23:36.868+0000] {logging_mixin.py:190} INFO - Extracted project_link: https://icodrops.com/terrace/
[2025-01-07T03:23:37.235+0000] {logging_mixin.py:190} INFO - Extracted project_round: Public Sale
[2025-01-07T03:23:37.475+0000] {logging_mixin.py:190} INFO - Extracted project_total_raised: $4.7 M
[2025-01-07T03:23:37.718+0000] {logging_mixin.py:190} INFO - Extracted project_pre_valuation: $25 M  
[2025-01-07T03:23:37.963+0000] {logging_mixin.py:190} INFO - Extracted project_categories: DeFi
[2025-01-07T03:23:38.274+0000] {logging_mixin.py:190} INFO - Extracted project_roi: —
[2025-01-07T03:23:38.559+0000] {logging_mixin.py:190} INFO - Extracted project_date: Dec 9, 2024
[2025-01-07T03:23:39.456+0000] {logging_mixin.py:190} INFO - Extracted project_total_investors: 6
[2025-01-07T03:23:39.456+0000] {logging_mixin.py:190} INFO - 
Processing ICO 26/1829
[2025-01-07T03:23:39.807+0000] {logging_mixin.py:190} INFO - Extracted project_name: vana
[2025-01-07T03:23:40.053+0000] {logging_mixin.py:190} INFO - Extracted project_ticker: VANA
[2025-01-07T03:23:40.336+0000] {logging_mixin.py:190} INFO - Extracted project_link: https://icodrops.com/vana/
[2025-01-07T03:23:40.578+0000] {logging_mixin.py:190} INFO - Extracted project_round: Binance Launchpool
[2025-01-07T03:23:40.810+0000] {logging_mixin.py:190} INFO - Extracted project_total_raised: $25 M
[2025-01-07T03:23:41.053+0000] {logging_mixin.py:190} INFO - Extracted project_pre_valuation: $2.05 B
[2025-01-07T03:23:41.280+0000] {logging_mixin.py:190} INFO - Extracted project_categories: Artificial Intellig…
[2025-01-07T03:23:41.702+0000] {logging_mixin.py:190} INFO - Extracted project_roi: —
[2025-01-07T03:23:42.081+0000] {logging_mixin.py:190} INFO - Extracted project_date: Dec 14, 2024
[2025-01-07T03:23:52.626+0000] {logging_mixin.py:190} INFO - Extracted project_total_investors: 3
[2025-01-07T03:23:52.627+0000] {logging_mixin.py:190} INFO - 
Processing ICO 27/1829
[2025-01-07T03:23:52.940+0000] {logging_mixin.py:190} INFO - Extracted project_name: MyStandard
[2025-01-07T03:23:53.255+0000] {logging_mixin.py:190} INFO - Extracted project_ticker: MYST
[2025-01-07T03:23:53.584+0000] {logging_mixin.py:190} INFO - Extracted project_link: https://icodrops.com/mystandard/
[2025-01-07T03:23:53.965+0000] {logging_mixin.py:190} INFO - Extracted project_round: IDO on SeaPad
[2025-01-07T03:23:54.449+0000] {logging_mixin.py:190} INFO - Extracted project_total_raised: $1.9 M
[2025-01-07T03:23:54.863+0000] {logging_mixin.py:190} INFO - Extracted project_pre_valuation: $38 M  
[2025-01-07T03:23:55.146+0000] {logging_mixin.py:190} INFO - Extracted project_categories: Blockchain Service
[2025-01-07T03:23:55.455+0000] {logging_mixin.py:190} INFO - Extracted project_roi: —
[2025-01-07T03:23:55.834+0000] {logging_mixin.py:190} INFO - Extracted project_date: Dec 14, 2024
[2025-01-07T03:23:57.019+0000] {logging_mixin.py:190} INFO - Extracted project_total_investors: 4
[2025-01-07T03:23:57.019+0000] {logging_mixin.py:190} INFO - 
Processing ICO 28/1829
[2025-01-07T03:23:57.414+0000] {logging_mixin.py:190} INFO - Extracted project_name: Bluwhale
[2025-01-07T03:23:57.684+0000] {logging_mixin.py:190} INFO - Extracted project_ticker: BLUAI
[2025-01-07T03:23:57.957+0000] {logging_mixin.py:190} INFO - Extracted project_link: https://icodrops.com/bluwhale/
[2025-01-07T03:23:58.231+0000] {logging_mixin.py:190} INFO - Extracted project_round: Node Sale Round
[2025-01-07T03:23:58.549+0000] {logging_mixin.py:190} INFO - Extracted project_total_raised: $7 M
[2025-01-07T03:23:58.805+0000] {logging_mixin.py:190} INFO - Extracted project_pre_valuation: —
[2025-01-07T03:23:59.251+0000] {logging_mixin.py:190} INFO - Extracted project_categories: Blockchain Service
[2025-01-07T03:23:59.814+0000] {logging_mixin.py:190} INFO - Extracted project_roi: —
[2025-01-07T03:24:00.128+0000] {logging_mixin.py:190} INFO - Extracted project_date: Nov 14, 2024
[2025-01-07T03:24:01.018+0000] {logging_mixin.py:190} INFO - Extracted project_total_investors: 8
[2025-01-07T03:24:01.018+0000] {logging_mixin.py:190} INFO - 
Processing ICO 29/1829
[2025-01-07T03:24:01.391+0000] {logging_mixin.py:190} INFO - Extracted project_name: Berally
[2025-01-07T03:24:01.846+0000] {logging_mixin.py:190} INFO - Extracted project_ticker: BRLY
[2025-01-07T03:24:02.283+0000] {logging_mixin.py:190} INFO - Extracted project_link: https://icodrops.com/berally/
[2025-01-07T03:24:02.553+0000] {logging_mixin.py:190} INFO - Extracted project_round: Whitelist Sale
[2025-01-07T03:24:02.798+0000] {logging_mixin.py:190} INFO - Extracted project_total_raised: —
[2025-01-07T03:24:03.044+0000] {logging_mixin.py:190} INFO - Extracted project_pre_valuation: —
[2025-01-07T03:24:03.288+0000] {logging_mixin.py:190} INFO - Extracted project_categories: Social
[2025-01-07T03:24:03.557+0000] {logging_mixin.py:190} INFO - Extracted project_roi: —
[2025-01-07T03:24:03.781+0000] {logging_mixin.py:190} INFO - Extracted project_date: Dec 10, 2024
[2025-01-07T03:24:24.074+0000] {logging_mixin.py:190} INFO - Extracted project_total_investors: 0
[2025-01-07T03:24:24.075+0000] {logging_mixin.py:190} INFO - 
Processing ICO 30/1829
[2025-01-07T03:24:24.516+0000] {logging_mixin.py:190} INFO - Extracted project_name: STAGE
[2025-01-07T03:24:24.991+0000] {logging_mixin.py:190} INFO - Extracted project_ticker: STAGE
[2025-01-07T03:24:25.277+0000] {logging_mixin.py:190} INFO - Extracted project_link: https://icodrops.com/stage/
[2025-01-07T03:24:25.505+0000] {logging_mixin.py:190} INFO - Extracted project_round: IDO on Decubate
[2025-01-07T03:24:25.764+0000] {logging_mixin.py:190} INFO - Extracted project_total_raised: $4.6 M
[2025-01-07T03:24:26.046+0000] {logging_mixin.py:190} INFO - Extracted project_pre_valuation: $13.88 M
[2025-01-07T03:24:26.255+0000] {logging_mixin.py:190} INFO - Extracted project_categories: Social
[2025-01-07T03:24:26.679+0000] {logging_mixin.py:190} INFO - Extracted project_roi: 1.11x
[2025-01-07T03:24:27.094+0000] {logging_mixin.py:190} INFO - Extracted project_date: Dec 8, 2024
[2025-01-07T03:24:27.754+0000] {logging_mixin.py:190} INFO - Extracted project_total_investors: 12
[2025-01-07T03:24:27.754+0000] {logging_mixin.py:190} INFO - 
Processing ICO 31/1829
[2025-01-07T03:24:27.997+0000] {logging_mixin.py:190} INFO - Extracted project_name: Cyclean
[2025-01-07T03:24:28.223+0000] {logging_mixin.py:190} INFO - Extracted project_ticker: CCL
[2025-01-07T03:24:28.466+0000] {logging_mixin.py:190} INFO - Extracted project_link: https://icodrops.com/cyclean/
[2025-01-07T03:24:28.629+0000] {logging_mixin.py:190} INFO - Extracted project_round: SHO on DAO Maker
[2025-01-07T03:24:28.864+0000] {logging_mixin.py:190} INFO - Extracted project_total_raised: $1.1 M
[2025-01-07T03:24:29.228+0000] {logging_mixin.py:190} INFO - Extracted project_pre_valuation: $35 M  
[2025-01-07T03:24:29.628+0000] {logging_mixin.py:190} INFO - Extracted project_categories: Blockchain Platform
[2025-01-07T03:24:30.005+0000] {logging_mixin.py:190} INFO - Extracted project_roi: —
[2025-01-07T03:24:30.260+0000] {logging_mixin.py:190} INFO - Extracted project_date: Dec 7, 2024
[2025-01-07T03:24:50.519+0000] {logging_mixin.py:190} INFO - Extracted project_total_investors: 0
[2025-01-07T03:24:50.519+0000] {logging_mixin.py:190} INFO - 
Processing ICO 32/1829
[2025-01-07T03:24:50.840+0000] {logging_mixin.py:190} INFO - Extracted project_name: Pentagon Games
[2025-01-07T03:24:51.200+0000] {logging_mixin.py:190} INFO - Extracted project_ticker: PEN
[2025-01-07T03:24:51.756+0000] {logging_mixin.py:190} INFO - Extracted project_link: https://icodrops.com/pentagon-games/
[2025-01-07T03:24:52.198+0000] {logging_mixin.py:190} INFO - Extracted project_round: IDO on Chainboost
[2025-01-07T03:24:52.498+0000] {logging_mixin.py:190} INFO - Extracted project_total_raised: $6.3 M
[2025-01-07T03:24:52.844+0000] {logging_mixin.py:190} INFO - Extracted project_pre_valuation: $62.78 M
[2025-01-07T03:24:53.175+0000] {logging_mixin.py:190} INFO - Extracted project_categories: Gaming
[2025-01-07T03:24:53.512+0000] {logging_mixin.py:190} INFO - Extracted project_roi: 0.94x
[2025-01-07T03:24:53.808+0000] {logging_mixin.py:190} INFO - Extracted project_date: Dec 11, 2024
[2025-01-07T03:24:54.711+0000] {logging_mixin.py:190} INFO - Extracted project_total_investors: 10
[2025-01-07T03:24:54.712+0000] {logging_mixin.py:190} INFO - 
Processing ICO 33/1829
[2025-01-07T03:24:54.971+0000] {logging_mixin.py:190} INFO - Extracted project_name: Simon's Cat
[2025-01-07T03:24:55.192+0000] {logging_mixin.py:190} INFO - Extracted project_ticker: CAT
[2025-01-07T03:24:55.443+0000] {logging_mixin.py:190} INFO - Extracted project_link: https://icodrops.com/simons-cat/
[2025-01-07T03:24:55.678+0000] {logging_mixin.py:190} INFO - Extracted project_round: Airdrop
[2025-01-07T03:24:55.924+0000] {logging_mixin.py:190} INFO - Extracted project_total_raised: $28 K
[2025-01-07T03:24:56.149+0000] {logging_mixin.py:190} INFO - Extracted project_pre_valuation: $25.02 M  
[2025-01-07T03:24:56.443+0000] {logging_mixin.py:190} INFO - Extracted project_categories: Memecoin
[2025-01-07T03:24:56.836+0000] {logging_mixin.py:190} INFO - Extracted project_roi: —
[2025-01-07T03:24:57.214+0000] {logging_mixin.py:190} INFO - Extracted project_date: Dec 9, 2024
[2025-01-07T03:25:17.563+0000] {logging_mixin.py:190} INFO - Extracted project_total_investors: 0
[2025-01-07T03:25:17.563+0000] {logging_mixin.py:190} INFO - 
Processing ICO 34/1829
[2025-01-07T03:25:17.813+0000] {logging_mixin.py:190} INFO - Extracted project_name: Wild Forest
[2025-01-07T03:25:18.044+0000] {logging_mixin.py:190} INFO - Extracted project_ticker: WF
[2025-01-07T03:25:18.277+0000] {logging_mixin.py:190} INFO - Extracted project_link: https://icodrops.com/wild-forest/
[2025-01-07T03:25:18.539+0000] {logging_mixin.py:190} INFO - Extracted project_round: IDO on Impossible Finance
[2025-01-07T03:25:18.844+0000] {logging_mixin.py:190} INFO - Extracted project_total_raised: $5.3 M
[2025-01-07T03:25:19.294+0000] {logging_mixin.py:190} INFO - Extracted project_pre_valuation: $48.91 M
[2025-01-07T03:25:19.737+0000] {logging_mixin.py:190} INFO - Extracted project_categories: Gaming
[2025-01-07T03:25:20.088+0000] {logging_mixin.py:190} INFO - Extracted project_roi: 1.09x
[2025-01-07T03:25:20.392+0000] {logging_mixin.py:190} INFO - Extracted project_date: Dec 4, 2024
[2025-01-07T03:25:21.277+0000] {logging_mixin.py:190} INFO - Extracted project_total_investors: 14
[2025-01-07T03:25:21.278+0000] {logging_mixin.py:190} INFO - 
Processing ICO 35/1829
[2025-01-07T03:25:21.769+0000] {logging_mixin.py:190} INFO - Extracted project_name: Seraphnet
[2025-01-07T03:25:22.315+0000] {logging_mixin.py:190} INFO - Extracted project_ticker: DLLM
[2025-01-07T03:25:22.662+0000] {logging_mixin.py:190} INFO - Extracted project_link: https://icodrops.com/seraphnet/
[2025-01-07T03:25:23.046+0000] {logging_mixin.py:190} INFO - Extracted project_round: Public Sale
[2025-01-07T03:25:23.409+0000] {logging_mixin.py:190} INFO - Extracted project_total_raised: —
[2025-01-07T03:25:23.674+0000] {logging_mixin.py:190} INFO - Extracted project_pre_valuation: —
[2025-01-07T03:25:24.024+0000] {logging_mixin.py:190} INFO - Extracted project_categories: Blockchain Infrastr…
[2025-01-07T03:25:24.435+0000] {logging_mixin.py:190} INFO - Extracted project_roi: —
[2025-01-07T03:25:24.821+0000] {logging_mixin.py:190} INFO - Extracted project_date: Dec 9, 2024
[2025-01-07T03:25:45.036+0000] {logging_mixin.py:190} INFO - Extracted project_total_investors: 0
[2025-01-07T03:25:45.036+0000] {logging_mixin.py:190} INFO - 
Processing ICO 36/1829
[2025-01-07T03:25:45.288+0000] {logging_mixin.py:190} INFO - Extracted project_name: Casper AI
[2025-01-07T03:25:45.517+0000] {logging_mixin.py:190} INFO - Extracted project_ticker: AIAGENT
[2025-01-07T03:25:45.763+0000] {logging_mixin.py:190} INFO - Extracted project_link: https://icodrops.com/casper-ai/
[2025-01-07T03:25:46.036+0000] {logging_mixin.py:190} INFO - Extracted project_round: IDO on Polkastarter
[2025-01-07T03:25:46.250+0000] {logging_mixin.py:190} INFO - Extracted project_total_raised: $700 K
[2025-01-07T03:25:46.638+0000] {logging_mixin.py:190} INFO - Extracted project_pre_valuation: $3.52 M  
[2025-01-07T03:25:47.048+0000] {logging_mixin.py:190} INFO - Extracted project_categories: AI Platform
[2025-01-07T03:25:47.398+0000] {logging_mixin.py:190} INFO - Extracted project_roi: —
[2025-01-07T03:25:47.640+0000] {logging_mixin.py:190} INFO - Extracted project_date: Dec 10, 2024
[2025-01-07T03:26:08.166+0000] {logging_mixin.py:190} INFO - Extracted project_total_investors: 2
[2025-01-07T03:26:08.167+0000] {logging_mixin.py:190} INFO - 
Processing ICO 37/1829
[2025-01-07T03:26:08.397+0000] {logging_mixin.py:190} INFO - Extracted project_name: 1Hub.ai
[2025-01-07T03:26:08.646+0000] {logging_mixin.py:190} INFO - Extracted project_ticker: 1HUB
[2025-01-07T03:26:08.924+0000] {logging_mixin.py:190} INFO - Extracted project_link: https://icodrops.com/1hubai/
[2025-01-07T03:26:09.286+0000] {logging_mixin.py:190} INFO - Extracted project_round: IDO on Seedify
[2025-01-07T03:26:09.656+0000] {logging_mixin.py:190} INFO - Extracted project_total_raised: $396 K
[2025-01-07T03:26:09.932+0000] {logging_mixin.py:190} INFO - Extracted project_pre_valuation: —
[2025-01-07T03:26:10.190+0000] {logging_mixin.py:190} INFO - Extracted project_categories: Artificial Intellig…
[2025-01-07T03:26:10.430+0000] {logging_mixin.py:190} INFO - Extracted project_roi: —
[2025-01-07T03:26:10.718+0000] {logging_mixin.py:190} INFO - Extracted project_date: Dec 10, 2024
[2025-01-07T03:26:30.941+0000] {logging_mixin.py:190} INFO - Extracted project_total_investors: 0
[2025-01-07T03:26:30.941+0000] {logging_mixin.py:190} INFO - 
Processing ICO 38/1829
[2025-01-07T03:26:31.342+0000] {logging_mixin.py:190} INFO - Extracted project_name: Bybit
[2025-01-07T03:26:41.445+0000] {logging_mixin.py:190} INFO - project_ticker not found.
[2025-01-07T03:26:41.888+0000] {logging_mixin.py:190} INFO - Extracted project_link: https://icodrops.com/bybit/
[2025-01-07T03:26:42.341+0000] {logging_mixin.py:190} INFO - Extracted project_round: Airdrop
[2025-01-07T03:26:42.631+0000] {logging_mixin.py:190} INFO - Extracted project_total_raised: —
[2025-01-07T03:26:42.905+0000] {logging_mixin.py:190} INFO - Extracted project_pre_valuation: —
[2025-01-07T03:26:43.178+0000] {logging_mixin.py:190} INFO - Extracted project_categories: CEX
[2025-01-07T03:26:43.446+0000] {logging_mixin.py:190} INFO - Extracted project_roi: —
[2025-01-07T03:26:43.763+0000] {logging_mixin.py:190} INFO - Extracted project_date: Nov 11, 2024
[2025-01-07T03:27:04.214+0000] {logging_mixin.py:190} INFO - Extracted project_total_investors: 0
[2025-01-07T03:27:04.214+0000] {logging_mixin.py:190} INFO - 
Processing ICO 39/1829
[2025-01-07T03:27:04.686+0000] {logging_mixin.py:190} INFO - Extracted project_name: Burnt Finance
[2025-01-07T03:27:04.965+0000] {logging_mixin.py:190} INFO - Extracted project_ticker: BURNT
[2025-01-07T03:27:05.183+0000] {logging_mixin.py:190} INFO - Extracted project_link: https://icodrops.com/burnt-finance/
[2025-01-07T03:27:05.399+0000] {logging_mixin.py:190} INFO - Extracted project_round: Launchpool on Bitget
[2025-01-07T03:27:05.626+0000] {logging_mixin.py:190} INFO - Extracted project_total_raised: $36 M
[2025-01-07T03:27:05.874+0000] {logging_mixin.py:190} INFO - Extracted project_pre_valuation: $744 M
[2025-01-07T03:27:06.102+0000] {logging_mixin.py:190} INFO - Extracted project_categories: Blockchain
[2025-01-07T03:27:06.406+0000] {logging_mixin.py:190} INFO - Extracted project_roi: 0.41x
[2025-01-07T03:27:06.805+0000] {logging_mixin.py:190} INFO - Extracted project_date: Dec 5, 2024
[2025-01-07T03:27:07.576+0000] {logging_mixin.py:190} INFO - Extracted project_total_investors: 22
[2025-01-07T03:27:07.577+0000] {logging_mixin.py:190} INFO - 
Processing ICO 40/1829
[2025-01-07T03:27:07.818+0000] {logging_mixin.py:190} INFO - Extracted project_name: SupraOracles
[2025-01-07T03:27:08.071+0000] {logging_mixin.py:190} INFO - Extracted project_ticker: SUPRA
[2025-01-07T03:27:08.316+0000] {logging_mixin.py:190} INFO - Extracted project_link: https://icodrops.com/supraoracles/
[2025-01-07T03:27:08.551+0000] {logging_mixin.py:190} INFO - Extracted project_round: Incentivized Activities
[2025-01-07T03:27:08.779+0000] {logging_mixin.py:190} INFO - Extracted project_total_raised: $27.9 M
[2025-01-07T03:27:09.146+0000] {logging_mixin.py:190} INFO - Extracted project_pre_valuation: $2.79 B
[2025-01-07T03:27:09.503+0000] {logging_mixin.py:190} INFO - Extracted project_categories: Blockchain
[2025-01-07T03:27:09.832+0000] {logging_mixin.py:190} INFO - Extracted project_roi: —
[2025-01-07T03:27:10.074+0000] {logging_mixin.py:190} INFO - Extracted project_date: Nov 26, 2024
[2025-01-07T03:27:10.663+0000] {logging_mixin.py:190} INFO - Extracted project_total_investors: 20
[2025-01-07T03:27:10.663+0000] {logging_mixin.py:190} INFO - 
Processing ICO 41/1829
[2025-01-07T03:27:10.906+0000] {logging_mixin.py:190} INFO - Extracted project_name: Active Token
[2025-01-07T03:27:11.120+0000] {logging_mixin.py:190} INFO - Extracted project_ticker: ACTIVE
[2025-01-07T03:27:11.336+0000] {logging_mixin.py:190} INFO - Extracted project_link: https://icodrops.com/active-token/
[2025-01-07T03:27:11.693+0000] {logging_mixin.py:190} INFO - Extracted project_round: IDO on KingdomStarter
[2025-01-07T03:27:12.074+0000] {logging_mixin.py:190} INFO - Extracted project_total_raised: $100 K
[2025-01-07T03:27:12.383+0000] {logging_mixin.py:190} INFO - Extracted project_pre_valuation: $18 M  
[2025-01-07T03:27:12.608+0000] {logging_mixin.py:190} INFO - Extracted project_categories: GameFi
[2025-01-07T03:27:12.847+0000] {logging_mixin.py:190} INFO - Extracted project_roi: —
[2025-01-07T03:27:13.088+0000] {logging_mixin.py:190} INFO - Extracted project_date: Dec 9, 2024
[2025-01-07T03:27:33.369+0000] {logging_mixin.py:190} INFO - Extracted project_total_investors: 0
[2025-01-07T03:27:33.369+0000] {logging_mixin.py:190} INFO - 
Processing ICO 42/1829
[2025-01-07T03:27:33.644+0000] {logging_mixin.py:190} INFO - Extracted project_name: U2U Network (Unicorn Ultra)
[2025-01-07T03:27:33.987+0000] {logging_mixin.py:190} INFO - Extracted project_ticker: U2U
[2025-01-07T03:27:34.407+0000] {logging_mixin.py:190} INFO - Extracted project_link: https://icodrops.com/u2u-unicorn-ultra/
[2025-01-07T03:27:34.774+0000] {logging_mixin.py:190} INFO - Extracted project_round: Public Sale
[2025-01-07T03:27:35.016+0000] {logging_mixin.py:190} INFO - Extracted project_total_raised: $23.8 M
[2025-01-07T03:27:35.258+0000] {logging_mixin.py:190} INFO - Extracted project_pre_valuation: $83.66 M
[2025-01-07T03:27:35.498+0000] {logging_mixin.py:190} INFO - Extracted project_categories: DePIN
[2025-01-07T03:27:35.721+0000] {logging_mixin.py:190} INFO - Extracted project_roi: 1.2x
[2025-01-07T03:27:35.947+0000] {logging_mixin.py:190} INFO - Extracted project_date: Dec 2, 2024
[2025-01-07T03:27:36.752+0000] {logging_mixin.py:190} INFO - Extracted project_total_investors: 11
[2025-01-07T03:27:36.752+0000] {logging_mixin.py:190} INFO - 
Processing ICO 43/1829
[2025-01-07T03:27:37.166+0000] {logging_mixin.py:190} INFO - Extracted project_name: War Three Kingdom
[2025-01-07T03:27:37.499+0000] {logging_mixin.py:190} INFO - Extracted project_ticker: W3KT
[2025-01-07T03:27:37.729+0000] {logging_mixin.py:190} INFO - Extracted project_link: https://icodrops.com/war-three-kingdom/
[2025-01-07T03:27:37.961+0000] {logging_mixin.py:190} INFO - Extracted project_round: IDO on BSCS
[2025-01-07T03:27:38.220+0000] {logging_mixin.py:190} INFO - Extracted project_total_raised: $2.5 M
[2025-01-07T03:27:38.455+0000] {logging_mixin.py:190} INFO - Extracted project_pre_valuation: $76 M  
[2025-01-07T03:27:38.651+0000] {logging_mixin.py:190} INFO - Extracted project_categories: Gaming
[2025-01-07T03:27:38.913+0000] {logging_mixin.py:190} INFO - Extracted project_roi: —
[2025-01-07T03:27:39.282+0000] {logging_mixin.py:190} INFO - Extracted project_date: Dec 7, 2024
[2025-01-07T03:27:59.681+0000] {logging_mixin.py:190} INFO - Extracted project_total_investors: 0
[2025-01-07T03:27:59.681+0000] {logging_mixin.py:190} INFO - 
Processing ICO 44/1829
[2025-01-07T03:27:59.983+0000] {logging_mixin.py:190} INFO - Extracted project_name: SUI Agents
[2025-01-07T03:28:00.254+0000] {logging_mixin.py:190} INFO - Extracted project_ticker: SUIAI
[2025-01-07T03:28:00.535+0000] {logging_mixin.py:190} INFO - Extracted project_link: https://icodrops.com/sui-agents/
[2025-01-07T03:28:00.788+0000] {logging_mixin.py:190} INFO - Extracted project_round: IDO on Polkastarter
[2025-01-07T03:28:01.048+0000] {logging_mixin.py:190} INFO - Extracted project_total_raised: $500 K
[2025-01-07T03:28:01.268+0000] {logging_mixin.py:190} INFO - Extracted project_pre_valuation: $2.62 M  
[2025-01-07T03:28:01.691+0000] {logging_mixin.py:190} INFO - Extracted project_categories: Artificial Intellig…
[2025-01-07T03:28:02.099+0000] {logging_mixin.py:190} INFO - Extracted project_roi: —
[2025-01-07T03:28:02.411+0000] {logging_mixin.py:190} INFO - Extracted project_date: Dec 5, 2024
[2025-01-07T03:28:22.977+0000] {logging_mixin.py:190} INFO - Extracted project_total_investors: 2
[2025-01-07T03:28:22.977+0000] {logging_mixin.py:190} INFO - 
Processing ICO 45/1829
[2025-01-07T03:28:23.223+0000] {logging_mixin.py:190} INFO - Extracted project_name: Pepe Unchained
[2025-01-07T03:28:23.457+0000] {logging_mixin.py:190} INFO - Extracted project_ticker: PEPU
[2025-01-07T03:28:23.636+0000] {logging_mixin.py:190} INFO - Extracted project_link: https://icodrops.com/pepe-unchained/
[2025-01-07T03:28:23.868+0000] {logging_mixin.py:190} INFO - Extracted project_round: Presale
[2025-01-07T03:28:24.235+0000] {logging_mixin.py:190} INFO - Extracted project_total_raised: $73.78 M
[2025-01-07T03:28:24.593+0000] {logging_mixin.py:190} INFO - Extracted project_pre_valuation: $82.4 M  
[2025-01-07T03:28:24.886+0000] {logging_mixin.py:190} INFO - Extracted project_categories: Blockchain
[2025-01-07T03:28:25.115+0000] {logging_mixin.py:190} INFO - Extracted project_roi: —
[2025-01-07T03:28:25.347+0000] {logging_mixin.py:190} INFO - Extracted project_date: Jun 16, 2024
[2025-01-07T03:28:45.582+0000] {logging_mixin.py:190} INFO - Extracted project_total_investors: 0
[2025-01-07T03:28:45.583+0000] {logging_mixin.py:190} INFO - 
Processing ICO 46/1829
[2025-01-07T03:28:45.863+0000] {logging_mixin.py:190} INFO - Extracted project_name: Movement Labs
[2025-01-07T03:28:46.124+0000] {logging_mixin.py:190} INFO - Extracted project_ticker: MOVE
[2025-01-07T03:28:46.466+0000] {logging_mixin.py:190} INFO - Extracted project_link: https://icodrops.com/movement-labs/
[2025-01-07T03:28:46.877+0000] {logging_mixin.py:190} INFO - Extracted project_round: Airdrop
[2025-01-07T03:28:47.289+0000] {logging_mixin.py:190} INFO - Extracted project_total_raised: $41.4 M
[2025-01-07T03:28:47.597+0000] {logging_mixin.py:190} INFO - Extracted project_pre_valuation: $10.65 B
[2025-01-07T03:28:47.876+0000] {logging_mixin.py:190} INFO - Extracted project_categories: Infrastructure
[2025-01-07T03:28:48.091+0000] {logging_mixin.py:190} INFO - Extracted project_roi: 1.34x
[2025-01-07T03:28:48.312+0000] {logging_mixin.py:190} INFO - Extracted project_date: Dec 3, 2024
[2025-01-07T03:28:49.049+0000] {logging_mixin.py:190} INFO - Extracted project_total_investors: 44
[2025-01-07T03:28:49.049+0000] {logging_mixin.py:190} INFO - 
Processing ICO 47/1829
[2025-01-07T03:28:49.420+0000] {logging_mixin.py:190} INFO - Extracted project_name: Lumoz
[2025-01-07T03:28:49.792+0000] {logging_mixin.py:190} INFO - Extracted project_ticker: MOZ
[2025-01-07T03:28:50.038+0000] {logging_mixin.py:190} INFO - Extracted project_link: https://icodrops.com/lumoz/
[2025-01-07T03:28:50.270+0000] {logging_mixin.py:190} INFO - Extracted project_round: Airdrop
[2025-01-07T03:28:50.509+0000] {logging_mixin.py:190} INFO - Extracted project_total_raised: $10 M
[2025-01-07T03:28:50.755+0000] {logging_mixin.py:190} INFO - Extracted project_pre_valuation: $159.9 M
[2025-01-07T03:28:50.991+0000] {logging_mixin.py:190} INFO - Extracted project_categories: Blockchain
[2025-01-07T03:28:51.193+0000] {logging_mixin.py:190} INFO - Extracted project_roi: 0.33x
[2025-01-07T03:28:51.543+0000] {logging_mixin.py:190} INFO - Extracted project_date: Dec 6, 2024
[2025-01-07T03:28:52.392+0000] {logging_mixin.py:190} INFO - Extracted project_total_investors: 17
[2025-01-07T03:28:52.392+0000] {logging_mixin.py:190} INFO - 
Processing ICO 48/1829
[2025-01-07T03:28:52.635+0000] {logging_mixin.py:190} INFO - Extracted project_name: PLAY (ex.READYgg)
[2025-01-07T03:28:52.889+0000] {logging_mixin.py:190} INFO - Extracted project_ticker: PLAY
[2025-01-07T03:28:53.134+0000] {logging_mixin.py:190} INFO - Extracted project_link: https://icodrops.com/play/
[2025-01-07T03:28:53.359+0000] {logging_mixin.py:190} INFO - Extracted project_round: NFT Sale
[2025-01-07T03:28:53.641+0000] {logging_mixin.py:190} INFO - Extracted project_total_raised: $11.35 M
[2025-01-07T03:28:54.000+0000] {logging_mixin.py:190} INFO - Extracted project_pre_valuation: $160 M  
[2025-01-07T03:28:54.385+0000] {logging_mixin.py:190} INFO - Extracted project_categories: Gaming
[2025-01-07T03:28:54.759+0000] {logging_mixin.py:190} INFO - Extracted project_roi: —
[2025-01-07T03:28:54.995+0000] {logging_mixin.py:190} INFO - Extracted project_date: Dec 4, 2024
[2025-01-07T03:28:55.576+0000] {logging_mixin.py:190} INFO - Extracted project_total_investors: 17
[2025-01-07T03:28:55.576+0000] {logging_mixin.py:190} INFO - 
Processing ICO 49/1829
[2025-01-07T03:28:55.808+0000] {logging_mixin.py:190} INFO - Extracted project_name: EYWA
[2025-01-07T03:28:56.026+0000] {logging_mixin.py:190} INFO - Extracted project_ticker: EYWA
[2025-01-07T03:28:56.200+0000] {logging_mixin.py:190} INFO - Extracted project_link: https://icodrops.com/eywa/
[2025-01-07T03:28:56.585+0000] {logging_mixin.py:190} INFO - Extracted project_round: IDO on Gagarin
[2025-01-07T03:28:56.985+0000] {logging_mixin.py:190} INFO - Extracted project_total_raised: $9.28 M
[2025-01-07T03:28:57.336+0000] {logging_mixin.py:190} INFO - Extracted project_pre_valuation: $151.9 M
[2025-01-07T03:28:57.595+0000] {logging_mixin.py:190} INFO - Extracted project_categories: Blockchain Service
[2025-01-07T03:28:57.922+0000] {logging_mixin.py:190} INFO - Extracted project_roi: 2.17x
[2025-01-07T03:28:58.237+0000] {logging_mixin.py:190} INFO - Extracted project_date: Dec 2, 2024
[2025-01-07T03:28:59.286+0000] {logging_mixin.py:190} INFO - Extracted project_total_investors: 5
[2025-01-07T03:28:59.286+0000] {logging_mixin.py:190} INFO - 
Processing ICO 50/1829
[2025-01-07T03:28:59.769+0000] {logging_mixin.py:190} INFO - Extracted project_name: Superseed
[2025-01-07T03:29:00.097+0000] {logging_mixin.py:190} INFO - Extracted project_ticker: SUPR
[2025-01-07T03:29:00.407+0000] {logging_mixin.py:190} INFO - Extracted project_link: https://icodrops.com/superseed/
[2025-01-07T03:29:00.722+0000] {logging_mixin.py:190} INFO - Extracted project_round: Testnet
[2025-01-07T03:29:01.152+0000] {logging_mixin.py:190} INFO - Extracted project_total_raised: $1.5 M
[2025-01-07T03:29:01.603+0000] {logging_mixin.py:190} INFO - Extracted project_pre_valuation: $100 M  
[2025-01-07T03:29:02.075+0000] {logging_mixin.py:190} INFO - Extracted project_categories: Blockchain
[2025-01-07T03:29:02.460+0000] {logging_mixin.py:190} INFO - Extracted project_roi: —
[2025-01-07T03:29:02.713+0000] {logging_mixin.py:190} INFO - Extracted project_date: Sep 13, 2024
[2025-01-07T03:29:22.930+0000] {logging_mixin.py:190} INFO - Extracted project_total_investors: 0
[2025-01-07T03:29:22.930+0000] {logging_mixin.py:190} INFO - 
Processing ICO 51/1829
[2025-01-07T03:29:23.150+0000] {logging_mixin.py:190} INFO - Extracted project_name: Anzen
[2025-01-07T03:29:23.384+0000] {logging_mixin.py:190} INFO - Extracted project_ticker: ANZ
[2025-01-07T03:29:23.582+0000] {logging_mixin.py:190} INFO - Extracted project_link: https://icodrops.com/anzen/
[2025-01-07T03:29:23.759+0000] {logging_mixin.py:190} INFO - Extracted project_round: Public Round
[2025-01-07T03:29:24.132+0000] {logging_mixin.py:190} INFO - Extracted project_total_raised: $7 M
[2025-01-07T03:29:24.478+0000] {logging_mixin.py:190} INFO - Extracted project_pre_valuation: $131.7 M
[2025-01-07T03:29:24.803+0000] {logging_mixin.py:190} INFO - Extracted project_categories: RWA (Real World Ass…
[2025-01-07T03:29:25.032+0000] {logging_mixin.py:190} INFO - Extracted project_roi: 2.2x
[2025-01-07T03:29:25.272+0000] {logging_mixin.py:190} INFO - Extracted project_date: Dec 2, 2024
[2025-01-07T03:29:25.868+0000] {logging_mixin.py:190} INFO - Extracted project_total_investors: 9
[2025-01-07T03:29:25.869+0000] {logging_mixin.py:190} INFO - 
Processing ICO 52/1829
[2025-01-07T03:29:26.083+0000] {logging_mixin.py:190} INFO - Extracted project_name: CoputeAI
[2025-01-07T03:29:26.334+0000] {logging_mixin.py:190} INFO - Extracted project_ticker: COPU
[2025-01-07T03:29:26.790+0000] {logging_mixin.py:190} INFO - Extracted project_link: https://icodrops.com/coputeai/
[2025-01-07T03:29:27.294+0000] {logging_mixin.py:190} INFO - Extracted project_round: SHO on DAO Maker
[2025-01-07T03:29:27.576+0000] {logging_mixin.py:190} INFO - Extracted project_total_raised: —
[2025-01-07T03:29:27.811+0000] {logging_mixin.py:190} INFO - Extracted project_pre_valuation: —
[2025-01-07T03:29:28.042+0000] {logging_mixin.py:190} INFO - Extracted project_categories: Blockchain Service
[2025-01-07T03:29:28.258+0000] {logging_mixin.py:190} INFO - Extracted project_roi: —
[2025-01-07T03:29:28.495+0000] {logging_mixin.py:190} INFO - Extracted project_date: Nov 25, 2024
[2025-01-07T03:29:48.812+0000] {logging_mixin.py:190} INFO - Extracted project_total_investors: 0
[2025-01-07T03:29:48.813+0000] {logging_mixin.py:190} INFO - 
Processing ICO 53/1829
[2025-01-07T03:29:49.178+0000] {logging_mixin.py:190} INFO - Extracted project_name: Renovi
[2025-01-07T03:29:49.531+0000] {logging_mixin.py:190} INFO - Extracted project_ticker: RNVI
[2025-01-07T03:29:49.838+0000] {logging_mixin.py:190} INFO - Extracted project_link: https://icodrops.com/renovi/
[2025-01-07T03:29:50.058+0000] {logging_mixin.py:190} INFO - Extracted project_round: IDO on Spores
[2025-01-07T03:29:50.286+0000] {logging_mixin.py:190} INFO - Extracted project_total_raised: $2.52 M
[2025-01-07T03:29:50.508+0000] {logging_mixin.py:190} INFO - Extracted project_pre_valuation: $6.33 M
[2025-01-07T03:29:50.742+0000] {logging_mixin.py:190} INFO - Extracted project_categories: Advertising
[2025-01-07T03:29:50.965+0000] {logging_mixin.py:190} INFO - Extracted project_roi: 0.49x
[2025-01-07T03:29:51.163+0000] {logging_mixin.py:190} INFO - Extracted project_date: Nov 28, 2024
[2025-01-07T03:29:52.030+0000] {logging_mixin.py:190} INFO - Extracted project_total_investors: 8
[2025-01-07T03:29:52.030+0000] {logging_mixin.py:190} INFO - 
Processing ICO 54/1829
[2025-01-07T03:29:52.415+0000] {logging_mixin.py:190} INFO - Extracted project_name: Renzo Protocol
[2025-01-07T03:29:52.639+0000] {logging_mixin.py:190} INFO - Extracted project_ticker: REZ
[2025-01-07T03:29:52.877+0000] {logging_mixin.py:190} INFO - Extracted project_link: https://icodrops.com/renzo-protocol/
[2025-01-07T03:29:53.097+0000] {logging_mixin.py:190} INFO - Extracted project_round: Points Farming
[2025-01-07T03:29:53.324+0000] {logging_mixin.py:190} INFO - Extracted project_total_raised: $20.2 M
[2025-01-07T03:29:53.538+0000] {logging_mixin.py:190} INFO - Extracted project_pre_valuation: $388.9 M
[2025-01-07T03:29:53.704+0000] {logging_mixin.py:190} INFO - Extracted project_categories: Liquid Staking Prot…
[2025-01-07T03:29:54.023+0000] {logging_mixin.py:190} INFO - Extracted project_roi: 0.12x
[2025-01-07T03:29:54.418+0000] {logging_mixin.py:190} INFO - Extracted project_date: Dec 6, 2023
[2025-01-07T03:29:55.109+0000] {logging_mixin.py:190} INFO - Extracted project_total_investors: 20
[2025-01-07T03:29:55.109+0000] {logging_mixin.py:190} INFO - 
Processing ICO 55/1829
[2025-01-07T03:29:55.340+0000] {logging_mixin.py:190} INFO - Extracted project_name: Naxy AI
[2025-01-07T03:29:55.563+0000] {logging_mixin.py:190} INFO - Extracted project_ticker: NAXY
[2025-01-07T03:29:55.790+0000] {logging_mixin.py:190} INFO - Extracted project_link: https://icodrops.com/naxy-ai/
[2025-01-07T03:29:56.020+0000] {logging_mixin.py:190} INFO - Extracted project_round: IDO on Spores
[2025-01-07T03:29:56.181+0000] {logging_mixin.py:190} INFO - Extracted project_total_raised: $135 K
[2025-01-07T03:29:56.464+0000] {logging_mixin.py:190} INFO - Extracted project_pre_valuation: —
[2025-01-07T03:29:56.827+0000] {logging_mixin.py:190} INFO - Extracted project_categories: Security
[2025-01-07T03:29:57.180+0000] {logging_mixin.py:190} INFO - Extracted project_roi: —
[2025-01-07T03:29:57.441+0000] {logging_mixin.py:190} INFO - Extracted project_date: Nov 27, 2024
