[2025-01-05T23:33:23.349+0000] {local_task_job_runner.py:123} INFO - ::group::Pre task execution logs
[2025-01-05T23:33:23.364+0000] {taskinstance.py:2613} INFO - Dependencies all met for dep_context=non-requeueable deps ti=<TaskInstance: ico_scraping_dag_10.scrape_ico_data manual__2025-01-05T23:32:16.606423+00:00 [queued]>
[2025-01-05T23:33:23.372+0000] {taskinstance.py:2613} INFO - Dependencies all met for dep_context=requeueable deps ti=<TaskInstance: ico_scraping_dag_10.scrape_ico_data manual__2025-01-05T23:32:16.606423+00:00 [queued]>
[2025-01-05T23:33:23.372+0000] {taskinstance.py:2866} INFO - Starting attempt 2 of 3
[2025-01-05T23:33:23.384+0000] {taskinstance.py:2889} INFO - Executing <Task(PythonOperator): scrape_ico_data> on 2025-01-05 23:32:16.606423+00:00
[2025-01-05T23:33:23.393+0000] {standard_task_runner.py:104} INFO - Running: ['***', 'tasks', 'run', 'ico_scraping_dag_10', 'scrape_ico_data', 'manual__2025-01-05T23:32:16.606423+00:00', '--job-id', '9', '--raw', '--subdir', 'DAGS_FOLDER/selenium_dag_01.py', '--cfg-path', '/tmp/tmpynucymci']
[2025-01-05T23:33:23.396+0000] {logging_mixin.py:190} WARNING - /home/***/.local/lib/python3.12/site-packages/***/task/task_runner/standard_task_runner.py:70 DeprecationWarning: This process (pid=1029) is multi-threaded, use of fork() may lead to deadlocks in the child.
[2025-01-05T23:33:23.397+0000] {standard_task_runner.py:72} INFO - Started process 1037 to run task
[2025-01-05T23:33:23.397+0000] {standard_task_runner.py:105} INFO - Job 9: Subtask scrape_ico_data
[2025-01-05T23:33:23.445+0000] {task_command.py:467} INFO - Running <TaskInstance: ico_scraping_dag_10.scrape_ico_data manual__2025-01-05T23:32:16.606423+00:00 [running]> on host ce52e7e8ec7c
[2025-01-05T23:33:23.521+0000] {taskinstance.py:3132} INFO - Exporting env vars: AIRFLOW_CTX_DAG_OWNER='***' AIRFLOW_CTX_DAG_ID='ico_scraping_dag_10' AIRFLOW_CTX_TASK_ID='scrape_ico_data' AIRFLOW_CTX_EXECUTION_DATE='2025-01-05T23:32:16.606423+00:00' AIRFLOW_CTX_TRY_NUMBER='2' AIRFLOW_CTX_DAG_RUN_ID='manual__2025-01-05T23:32:16.606423+00:00'
[2025-01-05T23:33:23.522+0000] {taskinstance.py:731} INFO - ::endgroup::
[2025-01-05T23:33:23.533+0000] {logging_mixin.py:190} INFO - Starting the web scraping process...
[2025-01-05T23:33:23.562+0000] {logging_mixin.py:190} INFO - Chrome version: Chromium 114.0.5735.0
[2025-01-05T23:33:23.562+0000] {logging_mixin.py:190} INFO - ChromeDriver version: ChromeDriver 114.0.5735.90 (386bc09e8f4f2e025eddae123f36f6263096ae49-refs/branch-heads/5735@{#1052})
[2025-01-05T23:33:23.563+0000] {logging_mixin.py:190} INFO - Chrome binary location set to: /opt/chrome/chrome
[2025-01-05T23:33:23.564+0000] {logging_mixin.py:190} INFO - ChromeDriver path set to: /opt/chromedriver/chromedriver
[2025-01-05T23:33:23.984+0000] {logging_mixin.py:190} INFO - WebDriver initialized successfully.
[2025-01-05T23:33:23.984+0000] {logging_mixin.py:190} INFO - Navigating to the ICO Drops page...
[2025-01-05T23:33:27.727+0000] {logging_mixin.py:190} INFO - Attempting to click element with xpath: //button[contains(text(), 'Agree')]
[2025-01-05T23:33:27.792+0000] {logging_mixin.py:190} INFO - Element found, clicking on it: //button[contains(text(), 'Agree')]
[2025-01-05T23:33:30.896+0000] {logging_mixin.py:190} INFO - Found 100 ICOs on the page.
[2025-01-05T23:33:30.896+0000] {logging_mixin.py:190} INFO - 
Processing ICO 1/100
[2025-01-05T23:33:30.919+0000] {logging_mixin.py:190} INFO - Extracted project_name: Beam
[2025-01-05T23:33:30.937+0000] {logging_mixin.py:190} INFO - Extracted project_ticker: BEAM
[2025-01-05T23:33:30.956+0000] {logging_mixin.py:190} INFO - Extracted project_link: https://icodrops.com/beam/
[2025-01-05T23:33:30.980+0000] {logging_mixin.py:190} INFO - Extracted project_round: Node Sale Round
[2025-01-05T23:33:31.003+0000] {logging_mixin.py:190} INFO - Extracted project_total_raised: $77.75 M
[2025-01-05T23:33:31.023+0000] {logging_mixin.py:190} INFO - Extracted project_pre_valuation: $1.78 B
[2025-01-05T23:33:31.047+0000] {logging_mixin.py:190} INFO - Extracted project_categories: Gaming
[2025-01-05T23:33:31.073+0000] {logging_mixin.py:190} INFO - Extracted project_roi: 0.01x
[2025-01-05T23:33:31.096+0000] {logging_mixin.py:190} INFO - Extracted project_date: Q4, 2024
[2025-01-05T23:33:31.163+0000] {logging_mixin.py:190} INFO - Extracted project_total_investors: 11
[2025-01-05T23:33:31.163+0000] {logging_mixin.py:190} INFO - 
Processing ICO 2/100
[2025-01-05T23:33:31.186+0000] {logging_mixin.py:190} INFO - Extracted project_name: Sonic
[2025-01-05T23:33:31.207+0000] {logging_mixin.py:190} INFO - Extracted project_ticker: SONIC
[2025-01-05T23:33:31.225+0000] {logging_mixin.py:190} INFO - Extracted project_link: https://icodrops.com/sonic/
[2025-01-05T23:33:31.246+0000] {logging_mixin.py:190} INFO - Extracted project_round: Testnet Incentive Program
[2025-01-05T23:33:31.267+0000] {logging_mixin.py:190} INFO - Extracted project_total_raised: $12 M
[2025-01-05T23:33:31.287+0000] {logging_mixin.py:190} INFO - Extracted project_pre_valuation: $1.17 M
[2025-01-05T23:33:31.306+0000] {logging_mixin.py:190} INFO - Extracted project_categories: Blockchain
[2025-01-05T23:33:31.329+0000] {logging_mixin.py:190} INFO - Extracted project_roi: —
[2025-01-05T23:33:31.347+0000] {logging_mixin.py:190} INFO - Extracted project_date: Jan 6, 2025
[2025-01-05T23:33:31.404+0000] {logging_mixin.py:190} INFO - Extracted project_total_investors: 7
[2025-01-05T23:33:31.404+0000] {logging_mixin.py:190} INFO - 
Processing ICO 3/100
[2025-01-05T23:33:31.430+0000] {logging_mixin.py:190} INFO - Extracted project_name: ArkeFi
[2025-01-05T23:33:31.451+0000] {logging_mixin.py:190} INFO - Extracted project_ticker: RKFI
[2025-01-05T23:33:31.473+0000] {logging_mixin.py:190} INFO - Extracted project_link: https://icodrops.com/arkefi/
[2025-01-05T23:33:31.498+0000] {logging_mixin.py:190} INFO - Extracted project_round: IDO on Poolz
[2025-01-05T23:33:31.521+0000] {logging_mixin.py:190} INFO - Extracted project_total_raised: —
[2025-01-05T23:33:31.546+0000] {logging_mixin.py:190} INFO - Extracted project_pre_valuation: $20 M  
[2025-01-05T23:33:31.569+0000] {logging_mixin.py:190} INFO - Extracted project_categories: Blockchain Service
[2025-01-05T23:33:31.596+0000] {logging_mixin.py:190} INFO - Extracted project_roi: —
[2025-01-05T23:33:31.619+0000] {logging_mixin.py:190} INFO - Extracted project_date: Jan 3, 2025
[2025-01-05T23:33:51.700+0000] {logging_mixin.py:190} INFO - Extracted project_total_investors: 0
[2025-01-05T23:33:51.701+0000] {logging_mixin.py:190} INFO - 
Processing ICO 4/100
[2025-01-05T23:33:51.722+0000] {logging_mixin.py:190} INFO - Extracted project_name: BIO Protocol
[2025-01-05T23:33:51.741+0000] {logging_mixin.py:190} INFO - Extracted project_ticker: BIO
[2025-01-05T23:33:51.758+0000] {logging_mixin.py:190} INFO - Extracted project_link: https://icodrops.com/bio-protocol/
[2025-01-05T23:33:51.776+0000] {logging_mixin.py:190} INFO - Extracted project_round: Binance Launchpool
[2025-01-05T23:33:51.795+0000] {logging_mixin.py:190} INFO - Extracted project_total_raised: $29.9 M
[2025-01-05T23:33:51.813+0000] {logging_mixin.py:190} INFO - Extracted project_pre_valuation: $2.41 B
[2025-01-05T23:33:51.832+0000] {logging_mixin.py:190} INFO - Extracted project_categories: DeSci
[2025-01-05T23:33:51.851+0000] {logging_mixin.py:190} INFO - Extracted project_roi: 10.88x
[2025-01-05T23:33:51.869+0000] {logging_mixin.py:190} INFO - Extracted project_date: Dec 24, 2024
[2025-01-05T23:34:02.162+0000] {local_task_job_runner.py:346} WARNING - State of this instance has been externally set to success. Terminating instance.
[2025-01-05T23:34:02.163+0000] {local_task_job_runner.py:245} INFO - ::endgroup::
[2025-01-05T23:34:02.165+0000] {process_utils.py:132} INFO - Sending 15 to group 1037. PIDs of all processes in the group: [1043, 1049, 1055, 1057, 1058, 1037]
[2025-01-05T23:34:02.165+0000] {process_utils.py:87} INFO - Sending the signal 15 to group 1037
[2025-01-05T23:34:02.166+0000] {taskinstance.py:3093} ERROR - Received SIGTERM. Terminating subprocesses.
[2025-01-05T23:34:02.167+0000] {connectionpool.py:870} WARNING - Retrying (Retry(total=2, connect=None, read=None, redirect=None, status=None)) after connection broken by 'NewConnectionError('<urllib3.connection.HTTPConnection object at 0x7f0da93cb020>: Failed to establish a new connection: [Errno 111] Connection refused')': /session/afb12da82d7f90ee8d75ce0d760fda85
[2025-01-05T23:34:02.168+0000] {connectionpool.py:870} WARNING - Retrying (Retry(total=1, connect=None, read=None, redirect=None, status=None)) after connection broken by 'NewConnectionError('<urllib3.connection.HTTPConnection object at 0x7f0da9000b60>: Failed to establish a new connection: [Errno 111] Connection refused')': /session/afb12da82d7f90ee8d75ce0d760fda85
[2025-01-05T23:34:02.168+0000] {connectionpool.py:870} WARNING - Retrying (Retry(total=0, connect=None, read=None, redirect=None, status=None)) after connection broken by 'NewConnectionError('<urllib3.connection.HTTPConnection object at 0x7f0da9000ec0>: Failed to establish a new connection: [Errno 111] Connection refused')': /session/afb12da82d7f90ee8d75ce0d760fda85
[2025-01-05T23:34:02.173+0000] {process_utils.py:80} INFO - Process psutil.Process(pid=1057, status='terminated', started='23:33:23') (1057) terminated with exit code None
[2025-01-05T23:34:02.173+0000] {process_utils.py:80} INFO - Process psutil.Process(pid=1058, status='terminated', started='23:33:23') (1058) terminated with exit code None
[2025-01-05T23:34:02.217+0000] {taskinstance.py:340} INFO - ::group::Post task execution logs
[2025-01-05T23:34:02.225+0000] {process_utils.py:80} INFO - Process psutil.Process(pid=1037, status='terminated', exitcode=0, started='23:33:23') (1037) terminated with exit code 0
[2025-01-05T23:34:02.226+0000] {process_utils.py:80} INFO - Process psutil.Process(pid=1043, status='terminated', started='23:33:23') (1043) terminated with exit code None
[2025-01-05T23:34:02.229+0000] {process_utils.py:80} INFO - Process psutil.Process(pid=1049, status='terminated', started='23:33:23') (1049) terminated with exit code None
[2025-01-05T23:34:02.230+0000] {process_utils.py:80} INFO - Process psutil.Process(pid=1055, status='terminated', started='23:33:23') (1055) terminated with exit code None
