[2025-01-06T01:59:43.621+0000] {local_task_job_runner.py:123} INFO - ::group::Pre task execution logs
[2025-01-06T01:59:43.635+0000] {taskinstance.py:2613} INFO - Dependencies all met for dep_context=non-requeueable deps ti=<TaskInstance: ico_scraping_dag_001.store_in_postgres scheduled__2025-01-05T00:00:00+00:00 [queued]>
[2025-01-06T01:59:43.643+0000] {taskinstance.py:2613} INFO - Dependencies all met for dep_context=requeueable deps ti=<TaskInstance: ico_scraping_dag_001.store_in_postgres scheduled__2025-01-05T00:00:00+00:00 [queued]>
[2025-01-06T01:59:43.643+0000] {taskinstance.py:2866} INFO - Starting attempt 1 of 2
[2025-01-06T01:59:43.653+0000] {taskinstance.py:2889} INFO - Executing <Task(PythonOperator): store_in_postgres> on 2025-01-05 00:00:00+00:00
[2025-01-06T01:59:43.662+0000] {standard_task_runner.py:104} INFO - Running: ['***', 'tasks', 'run', 'ico_scraping_dag_001', 'store_in_postgres', 'scheduled__2025-01-05T00:00:00+00:00', '--job-id', '4', '--raw', '--subdir', 'DAGS_FOLDER/selenium_dag_01.py', '--cfg-path', '/tmp/tmplijuk4cm']
[2025-01-06T01:59:43.664+0000] {standard_task_runner.py:105} INFO - Job 4: Subtask store_in_postgres
[2025-01-06T01:59:43.665+0000] {logging_mixin.py:190} WARNING - /home/***/.local/lib/python3.12/site-packages/***/task/task_runner/standard_task_runner.py:70 DeprecationWarning: This process (pid=766) is multi-threaded, use of fork() may lead to deadlocks in the child.
[2025-01-06T01:59:43.665+0000] {standard_task_runner.py:72} INFO - Started process 768 to run task
[2025-01-06T01:59:43.703+0000] {task_command.py:467} INFO - Running <TaskInstance: ico_scraping_dag_001.store_in_postgres scheduled__2025-01-05T00:00:00+00:00 [running]> on host 6ab34427e9a0
[2025-01-06T01:59:43.770+0000] {taskinstance.py:3132} INFO - Exporting env vars: AIRFLOW_CTX_DAG_OWNER='***' AIRFLOW_CTX_DAG_ID='ico_scraping_dag_001' AIRFLOW_CTX_TASK_ID='store_in_postgres' AIRFLOW_CTX_EXECUTION_DATE='2025-01-05T00:00:00+00:00' AIRFLOW_CTX_TRY_NUMBER='1' AIRFLOW_CTX_DAG_RUN_ID='scheduled__2025-01-05T00:00:00+00:00'
[2025-01-06T01:59:43.771+0000] {taskinstance.py:731} INFO - ::endgroup::
[2025-01-06T01:59:43.795+0000] {logging_mixin.py:190} INFO - Path pulled from XCom: /opt/***/data/ico_data/ico_data_raw.csv
[2025-01-06T01:59:43.813+0000] {base.py:84} INFO - Retrieving connection 'postgres_localhost'
[2025-01-06T01:59:43.816+0000] {sql.py:553} INFO - Running statement: 
        CREATE TABLE IF NOT EXISTS test (
            project_name VARCHAR(255),
            project_ticker VARCHAR(50),
            project_link TEXT,
            project_round VARCHAR(100),
            project_total_raised VARCHAR(100),
            project_pre_valuation VARCHAR(100),
            project_categories VARCHAR(255),
            project_roi VARCHAR(100),
            project_date VARCHAR(100),
            project_total_investors INTEGER
        );
        , parameters: None
[2025-01-06T01:59:43.829+0000] {base.py:84} INFO - Retrieving connection 'postgres_localhost'
[2025-01-06T01:59:43.866+0000] {python.py:240} INFO - Done. Returned value was: None
[2025-01-06T01:59:43.872+0000] {taskinstance.py:340} INFO - ::group::Post task execution logs
[2025-01-06T01:59:43.872+0000] {taskinstance.py:352} INFO - Marking task as SUCCESS. dag_id=ico_scraping_dag_001, task_id=store_in_postgres, run_id=scheduled__2025-01-05T00:00:00+00:00, execution_date=20250105T000000, start_date=20250106T015943, end_date=20250106T015943
[2025-01-06T01:59:43.920+0000] {local_task_job_runner.py:266} INFO - Task exited with return code 0
[2025-01-06T01:59:43.956+0000] {taskinstance.py:3895} INFO - 0 downstream tasks scheduled from follow-on schedule check
[2025-01-06T01:59:43.959+0000] {local_task_job_runner.py:245} INFO - ::endgroup::
