[2025-01-06T00:40:53.380+0000] {local_task_job_runner.py:123} INFO - ::group::Pre task execution logs
[2025-01-06T00:40:53.399+0000] {taskinstance.py:2613} INFO - Dependencies all met for dep_context=non-requeueable deps ti=<TaskInstance: ico_scraping_dag_11.store_in_postgres scheduled__2025-01-05T00:00:00+00:00 [queued]>
[2025-01-06T00:40:53.406+0000] {taskinstance.py:2613} INFO - Dependencies all met for dep_context=requeueable deps ti=<TaskInstance: ico_scraping_dag_11.store_in_postgres scheduled__2025-01-05T00:00:00+00:00 [queued]>
[2025-01-06T00:40:53.406+0000] {taskinstance.py:2866} INFO - Starting attempt 1 of 2
[2025-01-06T00:40:53.418+0000] {taskinstance.py:2889} INFO - Executing <Task(PythonOperator): store_in_postgres> on 2025-01-05 00:00:00+00:00
[2025-01-06T00:40:53.427+0000] {standard_task_runner.py:104} INFO - Running: ['***', 'tasks', 'run', 'ico_scraping_dag_11', 'store_in_postgres', 'scheduled__2025-01-05T00:00:00+00:00', '--job-id', '9', '--raw', '--subdir', 'DAGS_FOLDER/selenium_dag_01.py', '--cfg-path', '/tmp/tmp8ayb_dhw']
[2025-01-06T00:40:53.430+0000] {standard_task_runner.py:105} INFO - Job 9: Subtask store_in_postgres
[2025-01-06T00:40:53.431+0000] {logging_mixin.py:190} WARNING - /home/***/.local/lib/python3.12/site-packages/***/task/task_runner/standard_task_runner.py:70 DeprecationWarning: This process (pid=1889) is multi-threaded, use of fork() may lead to deadlocks in the child.
[2025-01-06T00:40:53.431+0000] {standard_task_runner.py:72} INFO - Started process 1891 to run task
[2025-01-06T00:40:53.474+0000] {task_command.py:467} INFO - Running <TaskInstance: ico_scraping_dag_11.store_in_postgres scheduled__2025-01-05T00:00:00+00:00 [running]> on host 683fc0486ec4
[2025-01-06T00:40:53.545+0000] {taskinstance.py:3132} INFO - Exporting env vars: AIRFLOW_CTX_DAG_OWNER='***' AIRFLOW_CTX_DAG_ID='ico_scraping_dag_11' AIRFLOW_CTX_TASK_ID='store_in_postgres' AIRFLOW_CTX_EXECUTION_DATE='2025-01-05T00:00:00+00:00' AIRFLOW_CTX_TRY_NUMBER='1' AIRFLOW_CTX_DAG_RUN_ID='scheduled__2025-01-05T00:00:00+00:00'
[2025-01-06T00:40:53.546+0000] {taskinstance.py:731} INFO - ::endgroup::
[2025-01-06T00:40:53.567+0000] {logging_mixin.py:190} INFO - Data pulled from XCom: None
[2025-01-06T00:40:53.567+0000] {logging_mixin.py:190} INFO - No data available to store in PostgreSQL.
[2025-01-06T00:40:53.567+0000] {python.py:240} INFO - Done. Returned value was: None
[2025-01-06T00:40:53.574+0000] {taskinstance.py:340} INFO - ::group::Post task execution logs
[2025-01-06T00:40:53.574+0000] {taskinstance.py:352} INFO - Marking task as SUCCESS. dag_id=ico_scraping_dag_11, task_id=store_in_postgres, run_id=scheduled__2025-01-05T00:00:00+00:00, execution_date=20250105T000000, start_date=20250106T004053, end_date=20250106T004053
[2025-01-06T00:40:53.605+0000] {local_task_job_runner.py:266} INFO - Task exited with return code 0
[2025-01-06T00:40:53.617+0000] {taskinstance.py:3895} INFO - 0 downstream tasks scheduled from follow-on schedule check
[2025-01-06T00:40:53.620+0000] {local_task_job_runner.py:245} INFO - ::endgroup::
