[2025-01-07T02:10:41.853+0000] {local_task_job_runner.py:123} INFO - ::group::Pre task execution logs
[2025-01-07T02:10:41.874+0000] {taskinstance.py:2613} INFO - Dependencies all met for dep_context=non-requeueable deps ti=<TaskInstance: ico_scraping_dag_entire111.store_in_postgres manual__2025-01-07T01:52:01.256663+00:00 [queued]>
[2025-01-07T02:10:41.888+0000] {taskinstance.py:2613} INFO - Dependencies all met for dep_context=requeueable deps ti=<TaskInstance: ico_scraping_dag_entire111.store_in_postgres manual__2025-01-07T01:52:01.256663+00:00 [queued]>
[2025-01-07T02:10:41.888+0000] {taskinstance.py:2866} INFO - Starting attempt 1 of 2
[2025-01-07T02:10:41.911+0000] {taskinstance.py:2889} INFO - Executing <Task(PythonOperator): store_in_postgres> on 2025-01-07 01:52:01.256663+00:00
[2025-01-07T02:10:41.925+0000] {standard_task_runner.py:104} INFO - Running: ['***', 'tasks', 'run', 'ico_scraping_dag_entire111', 'store_in_postgres', 'manual__2025-01-07T01:52:01.256663+00:00', '--job-id', '22', '--raw', '--subdir', 'DAGS_FOLDER/selenium_dag_01.py', '--cfg-path', '/tmp/tmp5afq5_ex']
[2025-01-07T02:10:41.928+0000] {logging_mixin.py:190} WARNING - /home/***/.local/lib/python3.12/site-packages/***/task/task_runner/standard_task_runner.py:70 DeprecationWarning: This process (pid=3939) is multi-threaded, use of fork() may lead to deadlocks in the child.
[2025-01-07T02:10:41.929+0000] {standard_task_runner.py:105} INFO - Job 22: Subtask store_in_postgres
[2025-01-07T02:10:41.929+0000] {standard_task_runner.py:72} INFO - Started process 3941 to run task
[2025-01-07T02:10:41.974+0000] {task_command.py:467} INFO - Running <TaskInstance: ico_scraping_dag_entire111.store_in_postgres manual__2025-01-07T01:52:01.256663+00:00 [running]> on host e0f05d443e24
[2025-01-07T02:10:42.049+0000] {taskinstance.py:3132} INFO - Exporting env vars: AIRFLOW_CTX_DAG_OWNER='***' AIRFLOW_CTX_DAG_ID='ico_scraping_dag_entire111' AIRFLOW_CTX_TASK_ID='store_in_postgres' AIRFLOW_CTX_EXECUTION_DATE='2025-01-07T01:52:01.256663+00:00' AIRFLOW_CTX_TRY_NUMBER='1' AIRFLOW_CTX_DAG_RUN_ID='manual__2025-01-07T01:52:01.256663+00:00'
[2025-01-07T02:10:42.051+0000] {taskinstance.py:731} INFO - ::endgroup::
[2025-01-07T02:10:42.096+0000] {base.py:84} INFO - Retrieving connection 'postgres_localhost'
[2025-01-07T02:10:42.099+0000] {sql.py:553} INFO - Running statement: 
    CREATE TABLE IF NOT EXISTS "ICODATA" (
        project_name VARCHAR(255),
        project_ticker VARCHAR(50),
        project_link TEXT,
        project_round VARCHAR(100),
        project_total_raised BIGINT,
        project_pre_valuation BIGINT,
        project_categories VARCHAR(255),
        project_roi FLOAT,
        project_date TIMESTAMP,
        project_total_investors INTEGER
    );
    , parameters: None
[2025-01-07T02:10:42.122+0000] {base.py:84} INFO - Retrieving connection 'postgres_localhost'
[2025-01-07T02:10:42.190+0000] {python.py:240} INFO - Done. Returned value was: None
[2025-01-07T02:10:42.199+0000] {taskinstance.py:340} INFO - ::group::Post task execution logs
[2025-01-07T02:10:42.199+0000] {taskinstance.py:352} INFO - Marking task as SUCCESS. dag_id=ico_scraping_dag_entire111, task_id=store_in_postgres, run_id=manual__2025-01-07T01:52:01.256663+00:00, execution_date=20250107T015201, start_date=20250107T021041, end_date=20250107T021042
[2025-01-07T02:10:42.225+0000] {local_task_job_runner.py:266} INFO - Task exited with return code 0
[2025-01-07T02:10:42.239+0000] {taskinstance.py:3895} INFO - 0 downstream tasks scheduled from follow-on schedule check
[2025-01-07T02:10:42.241+0000] {local_task_job_runner.py:245} INFO - ::endgroup::
