[2025-01-07T02:53:00.656+0000] {local_task_job_runner.py:123} INFO - ::group::Pre task execution logs
[2025-01-07T02:53:00.673+0000] {taskinstance.py:2613} INFO - Dependencies all met for dep_context=non-requeueable deps ti=<TaskInstance: ico_scraping_dag_new_records.scrape_ico_data manual__2025-01-07T02:52:58.795128+00:00 [queued]>
[2025-01-07T02:53:00.681+0000] {taskinstance.py:2613} INFO - Dependencies all met for dep_context=requeueable deps ti=<TaskInstance: ico_scraping_dag_new_records.scrape_ico_data manual__2025-01-07T02:52:58.795128+00:00 [queued]>
[2025-01-07T02:53:00.681+0000] {taskinstance.py:2866} INFO - Starting attempt 1 of 2
[2025-01-07T02:53:00.695+0000] {taskinstance.py:2889} INFO - Executing <Task(PythonOperator): scrape_ico_data> on 2025-01-07 02:52:58.795128+00:00
[2025-01-07T02:53:00.709+0000] {logging_mixin.py:190} WARNING - /home/***/.local/lib/python3.12/site-packages/***/task/task_runner/standard_task_runner.py:70 DeprecationWarning: This process (pid=5859) is multi-threaded, use of fork() may lead to deadlocks in the child.
[2025-01-07T02:53:00.707+0000] {standard_task_runner.py:104} INFO - Running: ['***', 'tasks', 'run', 'ico_scraping_dag_new_records', 'scrape_ico_data', 'manual__2025-01-07T02:52:58.795128+00:00', '--job-id', '29', '--raw', '--subdir', 'DAGS_FOLDER/ico_scraping_dag_insert_new_records.py', '--cfg-path', '/tmp/tmpn82n4aci']
[2025-01-07T02:53:00.710+0000] {standard_task_runner.py:72} INFO - Started process 5871 to run task
[2025-01-07T02:53:00.710+0000] {standard_task_runner.py:105} INFO - Job 29: Subtask scrape_ico_data
[2025-01-07T02:53:00.757+0000] {task_command.py:467} INFO - Running <TaskInstance: ico_scraping_dag_new_records.scrape_ico_data manual__2025-01-07T02:52:58.795128+00:00 [running]> on host e0f05d443e24
[2025-01-07T02:53:00.833+0000] {taskinstance.py:3132} INFO - Exporting env vars: AIRFLOW_CTX_DAG_OWNER='***' AIRFLOW_CTX_DAG_ID='ico_scraping_dag_new_records' AIRFLOW_CTX_TASK_ID='scrape_ico_data' AIRFLOW_CTX_EXECUTION_DATE='2025-01-07T02:52:58.795128+00:00' AIRFLOW_CTX_TRY_NUMBER='1' AIRFLOW_CTX_DAG_RUN_ID='manual__2025-01-07T02:52:58.795128+00:00'
[2025-01-07T02:53:00.834+0000] {taskinstance.py:731} INFO - ::endgroup::
[2025-01-07T02:53:00.852+0000] {logging_mixin.py:190} INFO - Starting the web scraping process...
[2025-01-07T02:53:00.887+0000] {logging_mixin.py:190} INFO - Chrome version: Chromium 114.0.5735.0
[2025-01-07T02:53:00.888+0000] {logging_mixin.py:190} INFO - ChromeDriver version: ChromeDriver 114.0.5735.90 (386bc09e8f4f2e025eddae123f36f6263096ae49-refs/branch-heads/5735@{#1052})
[2025-01-07T02:53:00.888+0000] {logging_mixin.py:190} INFO - Chrome binary location set to: /opt/chrome/chrome
[2025-01-07T02:53:00.889+0000] {logging_mixin.py:190} INFO - ChromeDriver path set to: /opt/chromedriver/chromedriver
[2025-01-07T02:53:01.042+0000] {logging_mixin.py:190} INFO - WebDriver initialized successfully.
[2025-01-07T02:53:01.042+0000] {logging_mixin.py:190} INFO - Navigating to the ICO Drops page...
[2025-01-07T02:53:02.853+0000] {logging_mixin.py:190} INFO - Attempting to click element with xpath: //button[contains(text(), 'Agree')]
[2025-01-07T02:53:13.099+0000] {logging_mixin.py:190} INFO - Consent button not found or already agreed.
[2025-01-07T02:53:16.099+0000] {logging_mixin.py:190} INFO - First 10 ICOs on the page is found.
[2025-01-07T02:53:16.100+0000] {logging_mixin.py:190} INFO - 
Processing ICO 1/10
[2025-01-07T02:53:16.135+0000] {logging_mixin.py:190} INFO - Extracted project_name: Beam
[2025-01-07T02:53:16.167+0000] {logging_mixin.py:190} INFO - Extracted project_ticker: BEAM
[2025-01-07T02:53:16.202+0000] {logging_mixin.py:190} INFO - Extracted project_link: https://icodrops.com/beam/
[2025-01-07T02:53:16.230+0000] {logging_mixin.py:190} INFO - Extracted project_round: Node Sale Round
[2025-01-07T02:53:16.269+0000] {logging_mixin.py:190} INFO - Extracted project_total_raised: $77.75 M
[2025-01-07T02:53:16.300+0000] {logging_mixin.py:190} INFO - Extracted project_pre_valuation: $1.77 B
[2025-01-07T02:53:16.329+0000] {logging_mixin.py:190} INFO - Extracted project_categories: Gaming
[2025-01-07T02:53:16.359+0000] {logging_mixin.py:190} INFO - Extracted project_roi: 0.01x
[2025-01-07T02:53:16.387+0000] {logging_mixin.py:190} INFO - Extracted project_date: Q4, 2024
[2025-01-07T02:53:16.481+0000] {logging_mixin.py:190} INFO - Extracted project_total_investors: 11
[2025-01-07T02:53:16.481+0000] {logging_mixin.py:190} INFO - 
Processing ICO 2/10
[2025-01-07T02:53:16.509+0000] {logging_mixin.py:190} INFO - Extracted project_name: aiPump
[2025-01-07T02:53:16.539+0000] {logging_mixin.py:190} INFO - Extracted project_ticker: AIPUMP
[2025-01-07T02:53:16.565+0000] {logging_mixin.py:190} INFO - Extracted project_link: https://icodrops.com/aipump/
[2025-01-07T02:53:16.612+0000] {logging_mixin.py:190} INFO - Extracted project_round: IDO on Polkastarter
[2025-01-07T02:53:16.651+0000] {logging_mixin.py:190} INFO - Extracted project_total_raised: —
[2025-01-07T02:53:16.682+0000] {logging_mixin.py:190} INFO - Extracted project_pre_valuation: $6 M  
[2025-01-07T02:53:16.712+0000] {logging_mixin.py:190} INFO - Extracted project_categories: AI Agents
[2025-01-07T02:53:16.753+0000] {logging_mixin.py:190} INFO - Extracted project_roi: —
[2025-01-07T02:53:16.794+0000] {logging_mixin.py:190} INFO - Extracted project_date: in 14h
[2025-01-07T02:53:36.971+0000] {logging_mixin.py:190} INFO - Extracted project_total_investors: 0
[2025-01-07T02:53:36.972+0000] {logging_mixin.py:190} INFO - 
Processing ICO 3/10
[2025-01-07T02:53:37.029+0000] {logging_mixin.py:190} INFO - Extracted project_name: Zephyr
[2025-01-07T02:53:37.073+0000] {logging_mixin.py:190} INFO - Extracted project_ticker: ZEFY
[2025-01-07T02:53:37.107+0000] {logging_mixin.py:190} INFO - Extracted project_link: https://icodrops.com/zephyr/
[2025-01-07T02:53:37.143+0000] {logging_mixin.py:190} INFO - Extracted project_round: Public Sale
[2025-01-07T02:53:37.184+0000] {logging_mixin.py:190} INFO - Extracted project_total_raised: $561 K
[2025-01-07T02:53:37.233+0000] {logging_mixin.py:190} INFO - Extracted project_pre_valuation: $5.5 M  
[2025-01-07T02:53:37.295+0000] {logging_mixin.py:190} INFO - Extracted project_categories: DeFi
[2025-01-07T02:53:37.368+0000] {logging_mixin.py:190} INFO - Extracted project_roi: —
[2025-01-07T02:53:37.427+0000] {logging_mixin.py:190} INFO - Extracted project_date: Q3, 2024
[2025-01-07T02:53:57.529+0000] {logging_mixin.py:190} INFO - Extracted project_total_investors: 0
[2025-01-07T02:53:57.530+0000] {logging_mixin.py:190} INFO - 
Processing ICO 4/10
[2025-01-07T02:53:57.559+0000] {logging_mixin.py:190} INFO - Extracted project_name: Sonic
[2025-01-07T02:53:57.592+0000] {logging_mixin.py:190} INFO - Extracted project_ticker: SONIC
[2025-01-07T02:53:57.633+0000] {logging_mixin.py:190} INFO - Extracted project_link: https://icodrops.com/sonic/
[2025-01-07T02:53:57.668+0000] {logging_mixin.py:190} INFO - Extracted project_round: Testnet Incentive Program
[2025-01-07T02:53:57.712+0000] {logging_mixin.py:190} INFO - Extracted project_total_raised: $12 M
[2025-01-07T02:53:57.762+0000] {logging_mixin.py:190} INFO - Extracted project_pre_valuation: $1.17 M
[2025-01-07T02:53:57.800+0000] {logging_mixin.py:190} INFO - Extracted project_categories: Blockchain
[2025-01-07T02:53:57.851+0000] {logging_mixin.py:190} INFO - Extracted project_roi: —
[2025-01-07T02:53:57.912+0000] {logging_mixin.py:190} INFO - Extracted project_date: Jan 6, 2025
[2025-01-07T02:53:57.996+0000] {logging_mixin.py:190} INFO - Extracted project_total_investors: 7
[2025-01-07T02:53:57.996+0000] {logging_mixin.py:190} INFO - 
Processing ICO 5/10
[2025-01-07T02:53:58.031+0000] {logging_mixin.py:190} INFO - Extracted project_name: ArkeFi
[2025-01-07T02:53:58.066+0000] {logging_mixin.py:190} INFO - Extracted project_ticker: RKFI
[2025-01-07T02:53:58.095+0000] {logging_mixin.py:190} INFO - Extracted project_link: https://icodrops.com/arkefi/
[2025-01-07T02:53:58.127+0000] {logging_mixin.py:190} INFO - Extracted project_round: IDO on Poolz
[2025-01-07T02:53:58.161+0000] {logging_mixin.py:190} INFO - Extracted project_total_raised: —
[2025-01-07T02:53:58.216+0000] {logging_mixin.py:190} INFO - Extracted project_pre_valuation: $20 M  
[2025-01-07T02:53:58.248+0000] {logging_mixin.py:190} INFO - Extracted project_categories: Blockchain Service
[2025-01-07T02:53:58.280+0000] {logging_mixin.py:190} INFO - Extracted project_roi: —
[2025-01-07T02:53:58.301+0000] {logging_mixin.py:190} INFO - Extracted project_date: Jan 3, 2025
[2025-01-07T02:54:18.364+0000] {logging_mixin.py:190} INFO - Extracted project_total_investors: 0
[2025-01-07T02:54:18.364+0000] {logging_mixin.py:190} INFO - 
Processing ICO 6/10
[2025-01-07T02:54:18.396+0000] {logging_mixin.py:190} INFO - Extracted project_name: BIO Protocol
[2025-01-07T02:54:18.427+0000] {logging_mixin.py:190} INFO - Extracted project_ticker: BIO
[2025-01-07T02:54:18.458+0000] {logging_mixin.py:190} INFO - Extracted project_link: https://icodrops.com/bio-protocol/
[2025-01-07T02:54:18.490+0000] {logging_mixin.py:190} INFO - Extracted project_round: Binance Launchpool
[2025-01-07T02:54:18.522+0000] {logging_mixin.py:190} INFO - Extracted project_total_raised: $29.9 M
[2025-01-07T02:54:18.550+0000] {logging_mixin.py:190} INFO - Extracted project_pre_valuation: $2.41 B
[2025-01-07T02:54:18.580+0000] {logging_mixin.py:190} INFO - Extracted project_categories: DeSci
[2025-01-07T02:54:18.612+0000] {logging_mixin.py:190} INFO - Extracted project_roi: 10.95x
[2025-01-07T02:54:18.650+0000] {logging_mixin.py:190} INFO - Extracted project_date: Dec 24, 2024
[2025-01-07T02:54:28.732+0000] {logging_mixin.py:190} INFO - Extracted project_total_investors: 3
[2025-01-07T02:54:28.733+0000] {logging_mixin.py:190} INFO - 
Processing ICO 7/10
[2025-01-07T02:54:28.763+0000] {logging_mixin.py:190} INFO - Extracted project_name: Pandana
[2025-01-07T02:54:28.793+0000] {logging_mixin.py:190} INFO - Extracted project_ticker: PNDN
[2025-01-07T02:54:28.820+0000] {logging_mixin.py:190} INFO - Extracted project_link: https://icodrops.com/pandana/
[2025-01-07T02:54:28.850+0000] {logging_mixin.py:190} INFO - Extracted project_round: Presale
[2025-01-07T02:54:28.882+0000] {logging_mixin.py:190} INFO - Extracted project_total_raised: $722 K
[2025-01-07T02:54:28.912+0000] {logging_mixin.py:190} INFO - Extracted project_pre_valuation: $24 M  
[2025-01-07T02:54:28.943+0000] {logging_mixin.py:190} INFO - Extracted project_categories: Memecoin
[2025-01-07T02:54:28.974+0000] {logging_mixin.py:190} INFO - Extracted project_roi: —
[2025-01-07T02:54:28.995+0000] {logging_mixin.py:190} INFO - Extracted project_date: Q4, 2024
[2025-01-07T02:54:49.170+0000] {logging_mixin.py:190} INFO - Extracted project_total_investors: 0
[2025-01-07T02:54:49.170+0000] {logging_mixin.py:190} INFO - 
Processing ICO 8/10
[2025-01-07T02:54:49.198+0000] {logging_mixin.py:190} INFO - Extracted project_name: Fuel Network
[2025-01-07T02:54:49.228+0000] {logging_mixin.py:190} INFO - Extracted project_ticker: FUEL
[2025-01-07T02:54:49.258+0000] {logging_mixin.py:190} INFO - Extracted project_link: https://icodrops.com/fuel-network/
[2025-01-07T02:54:49.289+0000] {logging_mixin.py:190} INFO - Extracted project_round: Public Sale
[2025-01-07T02:54:49.320+0000] {logging_mixin.py:190} INFO - Extracted project_total_raised: $90.9 M
[2025-01-07T02:54:49.363+0000] {logging_mixin.py:190} INFO - Extracted project_pre_valuation: $683.7 M
[2025-01-07T02:54:49.391+0000] {logging_mixin.py:190} INFO - Extracted project_categories: Layer-2
[2025-01-07T02:54:49.422+0000] {logging_mixin.py:190} INFO - Extracted project_roi: 3.42x
[2025-01-07T02:54:49.457+0000] {logging_mixin.py:190} INFO - Extracted project_date: Dec 17, 2024
[2025-01-07T02:54:49.526+0000] {logging_mixin.py:190} INFO - Extracted project_total_investors: 15
[2025-01-07T02:54:49.526+0000] {logging_mixin.py:190} INFO - 
Processing ICO 9/10
[2025-01-07T02:54:49.558+0000] {logging_mixin.py:190} INFO - Extracted project_name: Huddle01
[2025-01-07T02:54:59.630+0000] {logging_mixin.py:190} INFO - project_ticker not found.
[2025-01-07T02:54:59.676+0000] {logging_mixin.py:190} INFO - Extracted project_link: https://icodrops.com/huddle01/
[2025-01-07T02:54:59.704+0000] {logging_mixin.py:190} INFO - Extracted project_round: Node Sale Round
[2025-01-07T02:54:59.730+0000] {logging_mixin.py:190} INFO - Extracted project_total_raised: $4.5 M
[2025-01-07T02:54:59.760+0000] {logging_mixin.py:190} INFO - Extracted project_pre_valuation: —
[2025-01-07T02:54:59.787+0000] {logging_mixin.py:190} INFO - Extracted project_categories: Social
[2025-01-07T02:54:59.814+0000] {logging_mixin.py:190} INFO - Extracted project_roi: —
[2025-01-07T02:54:59.842+0000] {logging_mixin.py:190} INFO - Extracted project_date: Nov 6, 2024
[2025-01-07T02:54:59.915+0000] {logging_mixin.py:190} INFO - Extracted project_total_investors: 10
[2025-01-07T02:54:59.916+0000] {logging_mixin.py:190} INFO - 
Processing ICO 10/10
[2025-01-07T02:54:59.943+0000] {logging_mixin.py:190} INFO - Extracted project_name: Qorbi World
[2025-01-07T02:54:59.971+0000] {logging_mixin.py:190} INFO - Extracted project_ticker: QORBI
[2025-01-07T02:54:59.986+0000] {logging_mixin.py:190} INFO - Extracted project_link: https://icodrops.com/qorbi-world/
[2025-01-07T02:55:00.003+0000] {logging_mixin.py:190} INFO - Extracted project_round: IDO on MoonStarter
[2025-01-07T02:55:00.028+0000] {logging_mixin.py:190} INFO - Extracted project_total_raised: —
[2025-01-07T02:55:00.048+0000] {logging_mixin.py:190} INFO - Extracted project_pre_valuation: $10 M  
[2025-01-07T02:55:00.068+0000] {logging_mixin.py:190} INFO - Extracted project_categories: GameFi
[2025-01-07T02:55:00.089+0000] {logging_mixin.py:190} INFO - Extracted project_roi: —
[2025-01-07T02:55:00.105+0000] {logging_mixin.py:190} INFO - Extracted project_date: Dec 28, 2024
[2025-01-07T02:55:20.174+0000] {logging_mixin.py:190} INFO - Extracted project_total_investors: 0
[2025-01-07T02:55:20.264+0000] {logging_mixin.py:190} INFO - Scraped 10 ICOs.
[2025-01-07T02:55:20.271+0000] {logging_mixin.py:190} INFO - CSV file saved at /opt/***/data/ico_data/ico_data_raw.csv
[2025-01-07T02:55:20.285+0000] {python.py:240} INFO - Done. Returned value was: None
[2025-01-07T02:55:20.293+0000] {taskinstance.py:340} INFO - ::group::Post task execution logs
[2025-01-07T02:55:20.293+0000] {taskinstance.py:352} INFO - Marking task as SUCCESS. dag_id=ico_scraping_dag_new_records, task_id=scrape_ico_data, run_id=manual__2025-01-07T02:52:58.795128+00:00, execution_date=20250107T025258, start_date=20250107T025300, end_date=20250107T025520
[2025-01-07T02:55:20.328+0000] {local_task_job_runner.py:266} INFO - Task exited with return code 0
[2025-01-07T02:55:20.347+0000] {taskinstance.py:3895} INFO - 1 downstream tasks scheduled from follow-on schedule check
[2025-01-07T02:55:20.349+0000] {local_task_job_runner.py:245} INFO - ::endgroup::
