[2025-01-07T15:17:14.634+0000] {local_task_job_runner.py:123} INFO - ::group::Pre task execution logs
[2025-01-07T15:17:14.648+0000] {taskinstance.py:2613} INFO - Dependencies all met for dep_context=non-requeueable deps ti=<TaskInstance: ico_scraping_dag_entire_once.scrape_ico_data manual__2025-01-07T15:16:30.624329+00:00 [queued]>
[2025-01-07T15:17:14.656+0000] {taskinstance.py:2613} INFO - Dependencies all met for dep_context=requeueable deps ti=<TaskInstance: ico_scraping_dag_entire_once.scrape_ico_data manual__2025-01-07T15:16:30.624329+00:00 [queued]>
[2025-01-07T15:17:14.656+0000] {taskinstance.py:2866} INFO - Starting attempt 2 of 3
[2025-01-07T15:17:14.669+0000] {taskinstance.py:2889} INFO - Executing <Task(PythonOperator): scrape_ico_data> on 2025-01-07 15:16:30.624329+00:00
[2025-01-07T15:17:14.677+0000] {standard_task_runner.py:104} INFO - Running: ['***', 'tasks', 'run', 'ico_scraping_dag_entire_once', 'scrape_ico_data', 'manual__2025-01-07T15:16:30.624329+00:00', '--job-id', '9', '--raw', '--subdir', 'DAGS_FOLDER/ico_scraping_dag_entire_once.py', '--cfg-path', '/tmp/tmpspbqln11']
[2025-01-07T15:17:14.680+0000] {standard_task_runner.py:105} INFO - Job 9: Subtask scrape_ico_data
[2025-01-07T15:17:14.681+0000] {logging_mixin.py:190} WARNING - /home/***/.local/lib/python3.12/site-packages/***/task/task_runner/standard_task_runner.py:70 DeprecationWarning: This process (pid=914) is multi-threaded, use of fork() may lead to deadlocks in the child.
[2025-01-07T15:17:14.681+0000] {standard_task_runner.py:72} INFO - Started process 916 to run task
[2025-01-07T15:17:14.730+0000] {task_command.py:467} INFO - Running <TaskInstance: ico_scraping_dag_entire_once.scrape_ico_data manual__2025-01-07T15:16:30.624329+00:00 [running]> on host 64ebca265122
[2025-01-07T15:17:14.813+0000] {taskinstance.py:3132} INFO - Exporting env vars: AIRFLOW_CTX_DAG_OWNER='***' AIRFLOW_CTX_DAG_ID='ico_scraping_dag_entire_once' AIRFLOW_CTX_TASK_ID='scrape_ico_data' AIRFLOW_CTX_EXECUTION_DATE='2025-01-07T15:16:30.624329+00:00' AIRFLOW_CTX_TRY_NUMBER='2' AIRFLOW_CTX_DAG_RUN_ID='manual__2025-01-07T15:16:30.624329+00:00'
[2025-01-07T15:17:14.815+0000] {taskinstance.py:731} INFO - ::endgroup::
[2025-01-07T15:17:14.833+0000] {logging_mixin.py:190} INFO - Starting the web scraping process...
[2025-01-07T15:17:14.880+0000] {logging_mixin.py:190} INFO - Chrome version: Chromium 114.0.5735.0
[2025-01-07T15:17:14.881+0000] {logging_mixin.py:190} INFO - ChromeDriver version: ChromeDriver 114.0.5735.90 (386bc09e8f4f2e025eddae123f36f6263096ae49-refs/branch-heads/5735@{#1052})
[2025-01-07T15:17:14.881+0000] {logging_mixin.py:190} INFO - Chrome binary location set to: /opt/chrome/chrome
[2025-01-07T15:17:14.883+0000] {logging_mixin.py:190} INFO - ChromeDriver path set to: /opt/chromedriver/chromedriver
[2025-01-07T15:17:15.342+0000] {logging_mixin.py:190} INFO - WebDriver initialized successfully.
[2025-01-07T15:17:15.343+0000] {logging_mixin.py:190} INFO - Navigating to the ICO Drops page...
[2025-01-07T15:17:17.514+0000] {logging_mixin.py:190} INFO - Attempting to click element with xpath: //button[contains(text(), 'Agree')]
[2025-01-07T15:17:17.578+0000] {logging_mixin.py:190} INFO - Element found, clicking on it: //button[contains(text(), 'Agree')]
[2025-01-07T15:17:20.684+0000] {logging_mixin.py:190} INFO - Loading all content (showing more items)...
[2025-01-07T15:17:20.685+0000] {logging_mixin.py:190} INFO - Attempting to click element with xpath: //button[contains(text(), 'Show more')]
[2025-01-07T15:17:20.729+0000] {logging_mixin.py:190} INFO - Element found, clicking on it: //button[contains(text(), 'Show more')]
[2025-01-07T15:17:23.866+0000] {logging_mixin.py:190} INFO - Attempting to click element with xpath: //button[contains(text(), 'Show more')]
[2025-01-07T15:17:23.910+0000] {logging_mixin.py:190} INFO - Element found, clicking on it: //button[contains(text(), 'Show more')]
[2025-01-07T15:17:27.143+0000] {logging_mixin.py:190} INFO - Attempting to click element with xpath: //button[contains(text(), 'Show more')]
[2025-01-07T15:17:27.195+0000] {logging_mixin.py:190} INFO - Element found, clicking on it: //button[contains(text(), 'Show more')]
[2025-01-07T15:17:30.404+0000] {logging_mixin.py:190} INFO - Attempting to click element with xpath: //button[contains(text(), 'Show more')]
[2025-01-07T15:17:30.463+0000] {logging_mixin.py:190} INFO - Element found, clicking on it: //button[contains(text(), 'Show more')]
[2025-01-07T15:17:33.734+0000] {logging_mixin.py:190} INFO - Attempting to click element with xpath: //button[contains(text(), 'Show more')]
[2025-01-07T15:17:33.782+0000] {logging_mixin.py:190} INFO - Element found, clicking on it: //button[contains(text(), 'Show more')]
[2025-01-07T15:17:37.152+0000] {logging_mixin.py:190} INFO - Attempting to click element with xpath: //button[contains(text(), 'Show more')]
[2025-01-07T15:17:37.297+0000] {logging_mixin.py:190} INFO - Element found, clicking on it: //button[contains(text(), 'Show more')]
[2025-01-07T15:17:40.712+0000] {logging_mixin.py:190} INFO - Attempting to click element with xpath: //button[contains(text(), 'Show more')]
[2025-01-07T15:17:40.793+0000] {logging_mixin.py:190} INFO - Element found, clicking on it: //button[contains(text(), 'Show more')]
[2025-01-07T15:17:44.091+0000] {logging_mixin.py:190} INFO - Attempting to click element with xpath: //button[contains(text(), 'Show more')]
[2025-01-07T15:17:44.198+0000] {logging_mixin.py:190} INFO - Element found, clicking on it: //button[contains(text(), 'Show more')]
[2025-01-07T15:17:47.514+0000] {logging_mixin.py:190} INFO - Attempting to click element with xpath: //button[contains(text(), 'Show more')]
[2025-01-07T15:17:47.922+0000] {logging_mixin.py:190} INFO - Element found, clicking on it: //button[contains(text(), 'Show more')]
[2025-01-07T15:17:51.803+0000] {logging_mixin.py:190} INFO - Attempting to click element with xpath: //button[contains(text(), 'Show more')]
[2025-01-07T15:17:52.542+0000] {logging_mixin.py:190} INFO - Element found, clicking on it: //button[contains(text(), 'Show more')]
[2025-01-07T15:17:56.906+0000] {logging_mixin.py:190} INFO - Attempting to click element with xpath: //button[contains(text(), 'Show more')]
[2025-01-07T15:17:57.098+0000] {logging_mixin.py:190} INFO - Element found, clicking on it: //button[contains(text(), 'Show more')]
[2025-01-07T15:18:00.638+0000] {logging_mixin.py:190} INFO - Attempting to click element with xpath: //button[contains(text(), 'Show more')]
[2025-01-07T15:18:00.952+0000] {logging_mixin.py:190} INFO - Element found, clicking on it: //button[contains(text(), 'Show more')]
[2025-01-07T15:18:04.659+0000] {logging_mixin.py:190} INFO - Attempting to click element with xpath: //button[contains(text(), 'Show more')]
[2025-01-07T15:18:05.304+0000] {logging_mixin.py:190} INFO - Element found, clicking on it: //button[contains(text(), 'Show more')]
[2025-01-07T15:18:09.644+0000] {logging_mixin.py:190} INFO - Attempting to click element with xpath: //button[contains(text(), 'Show more')]
[2025-01-07T15:18:10.184+0000] {logging_mixin.py:190} INFO - Element found, clicking on it: //button[contains(text(), 'Show more')]
[2025-01-07T15:18:14.489+0000] {logging_mixin.py:190} INFO - Attempting to click element with xpath: //button[contains(text(), 'Show more')]
[2025-01-07T15:18:15.065+0000] {logging_mixin.py:190} INFO - Element found, clicking on it: //button[contains(text(), 'Show more')]
[2025-01-07T15:18:19.413+0000] {logging_mixin.py:190} INFO - Attempting to click element with xpath: //button[contains(text(), 'Show more')]
[2025-01-07T15:18:19.856+0000] {logging_mixin.py:190} INFO - Element found, clicking on it: //button[contains(text(), 'Show more')]
[2025-01-07T15:18:24.315+0000] {logging_mixin.py:190} INFO - Attempting to click element with xpath: //button[contains(text(), 'Show more')]
[2025-01-07T15:18:24.565+0000] {logging_mixin.py:190} INFO - Element found, clicking on it: //button[contains(text(), 'Show more')]
[2025-01-07T15:18:28.601+0000] {logging_mixin.py:190} INFO - Attempting to click element with xpath: //button[contains(text(), 'Show more')]
[2025-01-07T15:18:28.931+0000] {logging_mixin.py:190} INFO - Element found, clicking on it: //button[contains(text(), 'Show more')]
[2025-01-07T15:18:32.940+0000] {logging_mixin.py:190} INFO - Attempting to click element with xpath: //button[contains(text(), 'Show more')]
