[2025-01-07T15:08:01.691+0000] {processor.py:186} INFO - Started process (PID=204) to work on /opt/airflow/dags/ico_scraping_dag_insert_new_records.py
[2025-01-07T15:08:01.692+0000] {processor.py:914} INFO - Processing file /opt/airflow/dags/ico_scraping_dag_insert_new_records.py for tasks to queue
[2025-01-07T15:08:01.696+0000] {logging_mixin.py:190} INFO - [2025-01-07T15:08:01.695+0000] {dagbag.py:588} INFO - Filling up the DagBag from /opt/airflow/dags/ico_scraping_dag_insert_new_records.py
[2025-01-07T15:08:02.205+0000] {processor.py:925} INFO - DAG(s) 'ico_scraping_dag_new_records' retrieved from /opt/airflow/dags/ico_scraping_dag_insert_new_records.py
[2025-01-07T15:08:02.284+0000] {logging_mixin.py:190} INFO - [2025-01-07T15:08:02.284+0000] {override.py:1911} INFO - Created Permission View: can edit on DAG:ico_scraping_dag_new_records
[2025-01-07T15:08:02.293+0000] {logging_mixin.py:190} INFO - [2025-01-07T15:08:02.293+0000] {override.py:1911} INFO - Created Permission View: can read on DAG:ico_scraping_dag_new_records
[2025-01-07T15:08:02.300+0000] {logging_mixin.py:190} INFO - [2025-01-07T15:08:02.300+0000] {override.py:1911} INFO - Created Permission View: can delete on DAG:ico_scraping_dag_new_records
[2025-01-07T15:08:02.307+0000] {logging_mixin.py:190} INFO - [2025-01-07T15:08:02.307+0000] {override.py:1911} INFO - Created Permission View: can read on DAG Run:ico_scraping_dag_new_records
[2025-01-07T15:08:02.312+0000] {logging_mixin.py:190} INFO - [2025-01-07T15:08:02.312+0000] {override.py:1911} INFO - Created Permission View: can create on DAG Run:ico_scraping_dag_new_records
[2025-01-07T15:08:02.316+0000] {logging_mixin.py:190} INFO - [2025-01-07T15:08:02.316+0000] {override.py:1911} INFO - Created Permission View: menu access on DAG Run:ico_scraping_dag_new_records
[2025-01-07T15:08:02.321+0000] {logging_mixin.py:190} INFO - [2025-01-07T15:08:02.321+0000] {override.py:1911} INFO - Created Permission View: can delete on DAG Run:ico_scraping_dag_new_records
[2025-01-07T15:08:02.322+0000] {logging_mixin.py:190} INFO - [2025-01-07T15:08:02.321+0000] {dag.py:3239} INFO - Sync 1 DAGs
[2025-01-07T15:08:02.330+0000] {logging_mixin.py:190} INFO - [2025-01-07T15:08:02.330+0000] {dag.py:3262} INFO - Creating ORM DAG for ico_scraping_dag_new_records
[2025-01-07T15:08:02.337+0000] {logging_mixin.py:190} INFO - [2025-01-07T15:08:02.337+0000] {dag.py:4180} INFO - Setting next_dagrun for ico_scraping_dag_new_records to 2025-01-07 00:00:00+00:00, run_after=2025-01-08 00:00:00+00:00
[2025-01-07T15:08:02.349+0000] {processor.py:208} INFO - Processing /opt/airflow/dags/ico_scraping_dag_insert_new_records.py took 0.668 seconds
[2025-01-07T15:08:32.782+0000] {processor.py:186} INFO - Started process (PID=234) to work on /opt/airflow/dags/ico_scraping_dag_insert_new_records.py
[2025-01-07T15:08:32.783+0000] {processor.py:914} INFO - Processing file /opt/airflow/dags/ico_scraping_dag_insert_new_records.py for tasks to queue
[2025-01-07T15:08:32.785+0000] {logging_mixin.py:190} INFO - [2025-01-07T15:08:32.785+0000] {dagbag.py:588} INFO - Filling up the DagBag from /opt/airflow/dags/ico_scraping_dag_insert_new_records.py
[2025-01-07T15:08:33.269+0000] {processor.py:925} INFO - DAG(s) 'ico_scraping_dag_new_records' retrieved from /opt/airflow/dags/ico_scraping_dag_insert_new_records.py
[2025-01-07T15:08:33.287+0000] {logging_mixin.py:190} INFO - [2025-01-07T15:08:33.287+0000] {dag.py:3239} INFO - Sync 1 DAGs
[2025-01-07T15:08:33.305+0000] {logging_mixin.py:190} INFO - [2025-01-07T15:08:33.305+0000] {dag.py:4180} INFO - Setting next_dagrun for ico_scraping_dag_new_records to 2025-01-07 00:00:00+00:00, run_after=2025-01-08 00:00:00+00:00
[2025-01-07T15:08:33.318+0000] {processor.py:208} INFO - Processing /opt/airflow/dags/ico_scraping_dag_insert_new_records.py took 0.542 seconds
[2025-01-07T15:09:03.678+0000] {processor.py:186} INFO - Started process (PID=262) to work on /opt/airflow/dags/ico_scraping_dag_insert_new_records.py
[2025-01-07T15:09:03.679+0000] {processor.py:914} INFO - Processing file /opt/airflow/dags/ico_scraping_dag_insert_new_records.py for tasks to queue
[2025-01-07T15:09:03.681+0000] {logging_mixin.py:190} INFO - [2025-01-07T15:09:03.681+0000] {dagbag.py:588} INFO - Filling up the DagBag from /opt/airflow/dags/ico_scraping_dag_insert_new_records.py
[2025-01-07T15:09:04.054+0000] {processor.py:925} INFO - DAG(s) 'ico_scraping_dag_new_records' retrieved from /opt/airflow/dags/ico_scraping_dag_insert_new_records.py
[2025-01-07T15:09:04.070+0000] {logging_mixin.py:190} INFO - [2025-01-07T15:09:04.070+0000] {dag.py:3239} INFO - Sync 1 DAGs
[2025-01-07T15:09:04.086+0000] {logging_mixin.py:190} INFO - [2025-01-07T15:09:04.085+0000] {dag.py:4180} INFO - Setting next_dagrun for ico_scraping_dag_new_records to 2025-01-07 00:00:00+00:00, run_after=2025-01-08 00:00:00+00:00
[2025-01-07T15:09:04.100+0000] {processor.py:208} INFO - Processing /opt/airflow/dags/ico_scraping_dag_insert_new_records.py took 0.427 seconds
[2025-01-07T15:09:34.230+0000] {processor.py:186} INFO - Started process (PID=294) to work on /opt/airflow/dags/ico_scraping_dag_insert_new_records.py
[2025-01-07T15:09:34.232+0000] {processor.py:914} INFO - Processing file /opt/airflow/dags/ico_scraping_dag_insert_new_records.py for tasks to queue
[2025-01-07T15:09:34.235+0000] {logging_mixin.py:190} INFO - [2025-01-07T15:09:34.234+0000] {dagbag.py:588} INFO - Filling up the DagBag from /opt/airflow/dags/ico_scraping_dag_insert_new_records.py
[2025-01-07T15:09:34.530+0000] {processor.py:925} INFO - DAG(s) 'ico_scraping_dag_new_records' retrieved from /opt/airflow/dags/ico_scraping_dag_insert_new_records.py
[2025-01-07T15:09:34.557+0000] {logging_mixin.py:190} INFO - [2025-01-07T15:09:34.557+0000] {dag.py:3239} INFO - Sync 1 DAGs
[2025-01-07T15:09:34.580+0000] {logging_mixin.py:190} INFO - [2025-01-07T15:09:34.579+0000] {dag.py:4180} INFO - Setting next_dagrun for ico_scraping_dag_new_records to 2025-01-07 00:00:00+00:00, run_after=2025-01-08 00:00:00+00:00
[2025-01-07T15:09:34.602+0000] {processor.py:208} INFO - Processing /opt/airflow/dags/ico_scraping_dag_insert_new_records.py took 0.377 seconds
[2025-01-07T15:10:05.347+0000] {processor.py:186} INFO - Started process (PID=322) to work on /opt/airflow/dags/ico_scraping_dag_insert_new_records.py
[2025-01-07T15:10:05.348+0000] {processor.py:914} INFO - Processing file /opt/airflow/dags/ico_scraping_dag_insert_new_records.py for tasks to queue
[2025-01-07T15:10:05.351+0000] {logging_mixin.py:190} INFO - [2025-01-07T15:10:05.350+0000] {dagbag.py:588} INFO - Filling up the DagBag from /opt/airflow/dags/ico_scraping_dag_insert_new_records.py
[2025-01-07T15:10:05.689+0000] {processor.py:925} INFO - DAG(s) 'ico_scraping_dag_new_records' retrieved from /opt/airflow/dags/ico_scraping_dag_insert_new_records.py
[2025-01-07T15:10:05.714+0000] {logging_mixin.py:190} INFO - [2025-01-07T15:10:05.713+0000] {dag.py:3239} INFO - Sync 1 DAGs
[2025-01-07T15:10:05.741+0000] {logging_mixin.py:190} INFO - [2025-01-07T15:10:05.740+0000] {dag.py:4180} INFO - Setting next_dagrun for ico_scraping_dag_new_records to 2025-01-07 00:00:00+00:00, run_after=2025-01-08 00:00:00+00:00
[2025-01-07T15:10:05.760+0000] {processor.py:208} INFO - Processing /opt/airflow/dags/ico_scraping_dag_insert_new_records.py took 0.420 seconds
[2025-01-07T15:10:36.552+0000] {processor.py:186} INFO - Started process (PID=356) to work on /opt/airflow/dags/ico_scraping_dag_insert_new_records.py
[2025-01-07T15:10:36.554+0000] {processor.py:914} INFO - Processing file /opt/airflow/dags/ico_scraping_dag_insert_new_records.py for tasks to queue
[2025-01-07T15:10:36.557+0000] {logging_mixin.py:190} INFO - [2025-01-07T15:10:36.556+0000] {dagbag.py:588} INFO - Filling up the DagBag from /opt/airflow/dags/ico_scraping_dag_insert_new_records.py
[2025-01-07T15:10:36.926+0000] {processor.py:925} INFO - DAG(s) 'ico_scraping_dag_new_records' retrieved from /opt/airflow/dags/ico_scraping_dag_insert_new_records.py
[2025-01-07T15:10:36.958+0000] {logging_mixin.py:190} INFO - [2025-01-07T15:10:36.957+0000] {dag.py:3239} INFO - Sync 1 DAGs
[2025-01-07T15:10:36.983+0000] {logging_mixin.py:190} INFO - [2025-01-07T15:10:36.983+0000] {dag.py:4180} INFO - Setting next_dagrun for ico_scraping_dag_new_records to 2025-01-07 00:00:00+00:00, run_after=2025-01-08 00:00:00+00:00
[2025-01-07T15:10:37.005+0000] {processor.py:208} INFO - Processing /opt/airflow/dags/ico_scraping_dag_insert_new_records.py took 0.461 seconds
[2025-01-07T15:11:07.748+0000] {processor.py:186} INFO - Started process (PID=392) to work on /opt/airflow/dags/ico_scraping_dag_insert_new_records.py
[2025-01-07T15:11:07.749+0000] {processor.py:914} INFO - Processing file /opt/airflow/dags/ico_scraping_dag_insert_new_records.py for tasks to queue
[2025-01-07T15:11:07.752+0000] {logging_mixin.py:190} INFO - [2025-01-07T15:11:07.751+0000] {dagbag.py:588} INFO - Filling up the DagBag from /opt/airflow/dags/ico_scraping_dag_insert_new_records.py
[2025-01-07T15:11:08.072+0000] {processor.py:925} INFO - DAG(s) 'ico_scraping_dag_new_records' retrieved from /opt/airflow/dags/ico_scraping_dag_insert_new_records.py
[2025-01-07T15:11:08.092+0000] {logging_mixin.py:190} INFO - [2025-01-07T15:11:08.092+0000] {dag.py:3239} INFO - Sync 1 DAGs
[2025-01-07T15:11:08.110+0000] {logging_mixin.py:190} INFO - [2025-01-07T15:11:08.110+0000] {dag.py:4180} INFO - Setting next_dagrun for ico_scraping_dag_new_records to 2025-01-07 00:00:00+00:00, run_after=2025-01-08 00:00:00+00:00
[2025-01-07T15:11:08.123+0000] {processor.py:208} INFO - Processing /opt/airflow/dags/ico_scraping_dag_insert_new_records.py took 0.381 seconds
[2025-01-07T15:11:38.833+0000] {processor.py:186} INFO - Started process (PID=422) to work on /opt/airflow/dags/ico_scraping_dag_insert_new_records.py
[2025-01-07T15:11:38.834+0000] {processor.py:914} INFO - Processing file /opt/airflow/dags/ico_scraping_dag_insert_new_records.py for tasks to queue
[2025-01-07T15:11:38.836+0000] {logging_mixin.py:190} INFO - [2025-01-07T15:11:38.836+0000] {dagbag.py:588} INFO - Filling up the DagBag from /opt/airflow/dags/ico_scraping_dag_insert_new_records.py
[2025-01-07T15:11:39.111+0000] {processor.py:925} INFO - DAG(s) 'ico_scraping_dag_new_records' retrieved from /opt/airflow/dags/ico_scraping_dag_insert_new_records.py
[2025-01-07T15:11:39.131+0000] {logging_mixin.py:190} INFO - [2025-01-07T15:11:39.131+0000] {dag.py:3239} INFO - Sync 1 DAGs
[2025-01-07T15:11:39.148+0000] {logging_mixin.py:190} INFO - [2025-01-07T15:11:39.148+0000] {dag.py:4180} INFO - Setting next_dagrun for ico_scraping_dag_new_records to 2025-01-07 00:00:00+00:00, run_after=2025-01-08 00:00:00+00:00
[2025-01-07T15:11:39.167+0000] {processor.py:208} INFO - Processing /opt/airflow/dags/ico_scraping_dag_insert_new_records.py took 0.340 seconds
[2025-01-07T15:12:10.040+0000] {processor.py:186} INFO - Started process (PID=516) to work on /opt/airflow/dags/ico_scraping_dag_insert_new_records.py
[2025-01-07T15:12:10.041+0000] {processor.py:914} INFO - Processing file /opt/airflow/dags/ico_scraping_dag_insert_new_records.py for tasks to queue
[2025-01-07T15:12:10.044+0000] {logging_mixin.py:190} INFO - [2025-01-07T15:12:10.044+0000] {dagbag.py:588} INFO - Filling up the DagBag from /opt/airflow/dags/ico_scraping_dag_insert_new_records.py
[2025-01-07T15:12:10.426+0000] {processor.py:925} INFO - DAG(s) 'ico_scraping_dag_new_records' retrieved from /opt/airflow/dags/ico_scraping_dag_insert_new_records.py
[2025-01-07T15:12:10.452+0000] {logging_mixin.py:190} INFO - [2025-01-07T15:12:10.451+0000] {dag.py:3239} INFO - Sync 1 DAGs
[2025-01-07T15:12:10.477+0000] {logging_mixin.py:190} INFO - [2025-01-07T15:12:10.477+0000] {dag.py:4180} INFO - Setting next_dagrun for ico_scraping_dag_new_records to 2025-01-07 00:00:00+00:00, run_after=2025-01-08 00:00:00+00:00
[2025-01-07T15:12:10.496+0000] {processor.py:208} INFO - Processing /opt/airflow/dags/ico_scraping_dag_insert_new_records.py took 0.462 seconds
[2025-01-07T15:12:41.148+0000] {processor.py:186} INFO - Started process (PID=550) to work on /opt/airflow/dags/ico_scraping_dag_insert_new_records.py
[2025-01-07T15:12:41.149+0000] {processor.py:914} INFO - Processing file /opt/airflow/dags/ico_scraping_dag_insert_new_records.py for tasks to queue
[2025-01-07T15:12:41.151+0000] {logging_mixin.py:190} INFO - [2025-01-07T15:12:41.151+0000] {dagbag.py:588} INFO - Filling up the DagBag from /opt/airflow/dags/ico_scraping_dag_insert_new_records.py
[2025-01-07T15:12:41.484+0000] {processor.py:925} INFO - DAG(s) 'ico_scraping_dag_new_records' retrieved from /opt/airflow/dags/ico_scraping_dag_insert_new_records.py
[2025-01-07T15:12:41.515+0000] {logging_mixin.py:190} INFO - [2025-01-07T15:12:41.514+0000] {dag.py:3239} INFO - Sync 1 DAGs
[2025-01-07T15:12:41.541+0000] {logging_mixin.py:190} INFO - [2025-01-07T15:12:41.541+0000] {dag.py:4180} INFO - Setting next_dagrun for ico_scraping_dag_new_records to 2025-01-07 00:00:00+00:00, run_after=2025-01-08 00:00:00+00:00
[2025-01-07T15:12:41.559+0000] {processor.py:208} INFO - Processing /opt/airflow/dags/ico_scraping_dag_insert_new_records.py took 0.417 seconds
[2025-01-07T15:13:12.216+0000] {processor.py:186} INFO - Started process (PID=610) to work on /opt/airflow/dags/ico_scraping_dag_insert_new_records.py
[2025-01-07T15:13:12.217+0000] {processor.py:914} INFO - Processing file /opt/airflow/dags/ico_scraping_dag_insert_new_records.py for tasks to queue
[2025-01-07T15:13:12.219+0000] {logging_mixin.py:190} INFO - [2025-01-07T15:13:12.219+0000] {dagbag.py:588} INFO - Filling up the DagBag from /opt/airflow/dags/ico_scraping_dag_insert_new_records.py
[2025-01-07T15:13:12.559+0000] {processor.py:925} INFO - DAG(s) 'ico_scraping_dag_new_records' retrieved from /opt/airflow/dags/ico_scraping_dag_insert_new_records.py
[2025-01-07T15:13:12.581+0000] {logging_mixin.py:190} INFO - [2025-01-07T15:13:12.580+0000] {dag.py:3239} INFO - Sync 1 DAGs
[2025-01-07T15:13:12.601+0000] {logging_mixin.py:190} INFO - [2025-01-07T15:13:12.601+0000] {dag.py:4180} INFO - Setting next_dagrun for ico_scraping_dag_new_records to 2025-01-07 00:00:00+00:00, run_after=2025-01-08 00:00:00+00:00
[2025-01-07T15:13:12.625+0000] {processor.py:208} INFO - Processing /opt/airflow/dags/ico_scraping_dag_insert_new_records.py took 0.416 seconds
[2025-01-07T15:13:43.283+0000] {processor.py:186} INFO - Started process (PID=640) to work on /opt/airflow/dags/ico_scraping_dag_insert_new_records.py
[2025-01-07T15:13:43.285+0000] {processor.py:914} INFO - Processing file /opt/airflow/dags/ico_scraping_dag_insert_new_records.py for tasks to queue
[2025-01-07T15:13:43.287+0000] {logging_mixin.py:190} INFO - [2025-01-07T15:13:43.286+0000] {dagbag.py:588} INFO - Filling up the DagBag from /opt/airflow/dags/ico_scraping_dag_insert_new_records.py
[2025-01-07T15:13:43.603+0000] {processor.py:925} INFO - DAG(s) 'ico_scraping_dag_new_records' retrieved from /opt/airflow/dags/ico_scraping_dag_insert_new_records.py
[2025-01-07T15:13:43.624+0000] {logging_mixin.py:190} INFO - [2025-01-07T15:13:43.623+0000] {dag.py:3239} INFO - Sync 1 DAGs
[2025-01-07T15:13:43.644+0000] {logging_mixin.py:190} INFO - [2025-01-07T15:13:43.644+0000] {dag.py:4180} INFO - Setting next_dagrun for ico_scraping_dag_new_records to 2025-01-07 00:00:00+00:00, run_after=2025-01-08 00:00:00+00:00
[2025-01-07T15:13:43.661+0000] {processor.py:208} INFO - Processing /opt/airflow/dags/ico_scraping_dag_insert_new_records.py took 0.383 seconds
[2025-01-07T15:14:14.297+0000] {processor.py:186} INFO - Started process (PID=678) to work on /opt/airflow/dags/ico_scraping_dag_insert_new_records.py
[2025-01-07T15:14:14.298+0000] {processor.py:914} INFO - Processing file /opt/airflow/dags/ico_scraping_dag_insert_new_records.py for tasks to queue
[2025-01-07T15:14:14.300+0000] {logging_mixin.py:190} INFO - [2025-01-07T15:14:14.300+0000] {dagbag.py:588} INFO - Filling up the DagBag from /opt/airflow/dags/ico_scraping_dag_insert_new_records.py
[2025-01-07T15:14:14.575+0000] {processor.py:925} INFO - DAG(s) 'ico_scraping_dag_new_records' retrieved from /opt/airflow/dags/ico_scraping_dag_insert_new_records.py
[2025-01-07T15:14:14.597+0000] {logging_mixin.py:190} INFO - [2025-01-07T15:14:14.596+0000] {dag.py:3239} INFO - Sync 1 DAGs
[2025-01-07T15:14:14.618+0000] {logging_mixin.py:190} INFO - [2025-01-07T15:14:14.618+0000] {dag.py:4180} INFO - Setting next_dagrun for ico_scraping_dag_new_records to 2025-01-07 00:00:00+00:00, run_after=2025-01-08 00:00:00+00:00
[2025-01-07T15:14:14.633+0000] {processor.py:208} INFO - Processing /opt/airflow/dags/ico_scraping_dag_insert_new_records.py took 0.342 seconds
[2025-01-07T15:14:45.317+0000] {processor.py:186} INFO - Started process (PID=708) to work on /opt/airflow/dags/ico_scraping_dag_insert_new_records.py
[2025-01-07T15:14:45.318+0000] {processor.py:914} INFO - Processing file /opt/airflow/dags/ico_scraping_dag_insert_new_records.py for tasks to queue
[2025-01-07T15:14:45.320+0000] {logging_mixin.py:190} INFO - [2025-01-07T15:14:45.320+0000] {dagbag.py:588} INFO - Filling up the DagBag from /opt/airflow/dags/ico_scraping_dag_insert_new_records.py
[2025-01-07T15:14:45.631+0000] {processor.py:925} INFO - DAG(s) 'ico_scraping_dag_new_records' retrieved from /opt/airflow/dags/ico_scraping_dag_insert_new_records.py
[2025-01-07T15:14:45.654+0000] {logging_mixin.py:190} INFO - [2025-01-07T15:14:45.654+0000] {dag.py:3239} INFO - Sync 1 DAGs
[2025-01-07T15:14:45.674+0000] {logging_mixin.py:190} INFO - [2025-01-07T15:14:45.674+0000] {dag.py:4180} INFO - Setting next_dagrun for ico_scraping_dag_new_records to 2025-01-07 00:00:00+00:00, run_after=2025-01-08 00:00:00+00:00
[2025-01-07T15:14:45.689+0000] {processor.py:208} INFO - Processing /opt/airflow/dags/ico_scraping_dag_insert_new_records.py took 0.377 seconds
[2025-01-07T15:15:16.339+0000] {processor.py:186} INFO - Started process (PID=738) to work on /opt/airflow/dags/ico_scraping_dag_insert_new_records.py
[2025-01-07T15:15:16.341+0000] {processor.py:914} INFO - Processing file /opt/airflow/dags/ico_scraping_dag_insert_new_records.py for tasks to queue
[2025-01-07T15:15:16.343+0000] {logging_mixin.py:190} INFO - [2025-01-07T15:15:16.342+0000] {dagbag.py:588} INFO - Filling up the DagBag from /opt/airflow/dags/ico_scraping_dag_insert_new_records.py
[2025-01-07T15:15:16.623+0000] {processor.py:925} INFO - DAG(s) 'ico_scraping_dag_new_records' retrieved from /opt/airflow/dags/ico_scraping_dag_insert_new_records.py
[2025-01-07T15:15:16.644+0000] {logging_mixin.py:190} INFO - [2025-01-07T15:15:16.644+0000] {dag.py:3239} INFO - Sync 1 DAGs
[2025-01-07T15:15:16.664+0000] {logging_mixin.py:190} INFO - [2025-01-07T15:15:16.663+0000] {dag.py:4180} INFO - Setting next_dagrun for ico_scraping_dag_new_records to 2025-01-07 00:00:00+00:00, run_after=2025-01-08 00:00:00+00:00
[2025-01-07T15:15:16.678+0000] {processor.py:208} INFO - Processing /opt/airflow/dags/ico_scraping_dag_insert_new_records.py took 0.344 seconds
[2025-01-07T15:15:47.349+0000] {processor.py:186} INFO - Started process (PID=768) to work on /opt/airflow/dags/ico_scraping_dag_insert_new_records.py
[2025-01-07T15:15:47.350+0000] {processor.py:914} INFO - Processing file /opt/airflow/dags/ico_scraping_dag_insert_new_records.py for tasks to queue
[2025-01-07T15:15:47.353+0000] {logging_mixin.py:190} INFO - [2025-01-07T15:15:47.352+0000] {dagbag.py:588} INFO - Filling up the DagBag from /opt/airflow/dags/ico_scraping_dag_insert_new_records.py
[2025-01-07T15:15:47.664+0000] {processor.py:925} INFO - DAG(s) 'ico_scraping_dag_new_records' retrieved from /opt/airflow/dags/ico_scraping_dag_insert_new_records.py
[2025-01-07T15:15:47.688+0000] {logging_mixin.py:190} INFO - [2025-01-07T15:15:47.688+0000] {dag.py:3239} INFO - Sync 1 DAGs
[2025-01-07T15:15:47.713+0000] {logging_mixin.py:190} INFO - [2025-01-07T15:15:47.713+0000] {dag.py:4180} INFO - Setting next_dagrun for ico_scraping_dag_new_records to 2025-01-07 00:00:00+00:00, run_after=2025-01-08 00:00:00+00:00
[2025-01-07T15:15:47.732+0000] {processor.py:208} INFO - Processing /opt/airflow/dags/ico_scraping_dag_insert_new_records.py took 0.388 seconds
[2025-01-07T15:16:18.430+0000] {processor.py:186} INFO - Started process (PID=800) to work on /opt/airflow/dags/ico_scraping_dag_insert_new_records.py
[2025-01-07T15:16:18.431+0000] {processor.py:914} INFO - Processing file /opt/airflow/dags/ico_scraping_dag_insert_new_records.py for tasks to queue
[2025-01-07T15:16:18.433+0000] {logging_mixin.py:190} INFO - [2025-01-07T15:16:18.433+0000] {dagbag.py:588} INFO - Filling up the DagBag from /opt/airflow/dags/ico_scraping_dag_insert_new_records.py
[2025-01-07T15:16:18.704+0000] {processor.py:925} INFO - DAG(s) 'ico_scraping_dag_new_records' retrieved from /opt/airflow/dags/ico_scraping_dag_insert_new_records.py
[2025-01-07T15:16:18.724+0000] {logging_mixin.py:190} INFO - [2025-01-07T15:16:18.724+0000] {dag.py:3239} INFO - Sync 1 DAGs
[2025-01-07T15:16:18.744+0000] {logging_mixin.py:190} INFO - [2025-01-07T15:16:18.744+0000] {dag.py:4180} INFO - Setting next_dagrun for ico_scraping_dag_new_records to 2025-01-07 00:00:00+00:00, run_after=2025-01-08 00:00:00+00:00
[2025-01-07T15:16:18.758+0000] {processor.py:208} INFO - Processing /opt/airflow/dags/ico_scraping_dag_insert_new_records.py took 0.333 seconds
[2025-01-07T15:16:49.481+0000] {processor.py:186} INFO - Started process (PID=894) to work on /opt/airflow/dags/ico_scraping_dag_insert_new_records.py
[2025-01-07T15:16:49.482+0000] {processor.py:914} INFO - Processing file /opt/airflow/dags/ico_scraping_dag_insert_new_records.py for tasks to queue
[2025-01-07T15:16:49.486+0000] {logging_mixin.py:190} INFO - [2025-01-07T15:16:49.485+0000] {dagbag.py:588} INFO - Filling up the DagBag from /opt/airflow/dags/ico_scraping_dag_insert_new_records.py
[2025-01-07T15:16:49.896+0000] {processor.py:925} INFO - DAG(s) 'ico_scraping_dag_new_records' retrieved from /opt/airflow/dags/ico_scraping_dag_insert_new_records.py
[2025-01-07T15:16:49.921+0000] {logging_mixin.py:190} INFO - [2025-01-07T15:16:49.920+0000] {dag.py:3239} INFO - Sync 1 DAGs
[2025-01-07T15:16:49.942+0000] {logging_mixin.py:190} INFO - [2025-01-07T15:16:49.942+0000] {dag.py:4180} INFO - Setting next_dagrun for ico_scraping_dag_new_records to 2025-01-07 00:00:00+00:00, run_after=2025-01-08 00:00:00+00:00
[2025-01-07T15:16:49.965+0000] {processor.py:208} INFO - Processing /opt/airflow/dags/ico_scraping_dag_insert_new_records.py took 0.491 seconds
[2025-01-07T15:17:20.761+0000] {processor.py:186} INFO - Started process (PID=990) to work on /opt/airflow/dags/ico_scraping_dag_insert_new_records.py
[2025-01-07T15:17:20.762+0000] {processor.py:914} INFO - Processing file /opt/airflow/dags/ico_scraping_dag_insert_new_records.py for tasks to queue
[2025-01-07T15:17:20.765+0000] {logging_mixin.py:190} INFO - [2025-01-07T15:17:20.764+0000] {dagbag.py:588} INFO - Filling up the DagBag from /opt/airflow/dags/ico_scraping_dag_insert_new_records.py
[2025-01-07T15:17:21.166+0000] {processor.py:925} INFO - DAG(s) 'ico_scraping_dag_new_records' retrieved from /opt/airflow/dags/ico_scraping_dag_insert_new_records.py
[2025-01-07T15:17:21.200+0000] {logging_mixin.py:190} INFO - [2025-01-07T15:17:21.199+0000] {dag.py:3239} INFO - Sync 1 DAGs
[2025-01-07T15:17:21.234+0000] {logging_mixin.py:190} INFO - [2025-01-07T15:17:21.234+0000] {dag.py:4180} INFO - Setting next_dagrun for ico_scraping_dag_new_records to 2025-01-07 00:00:00+00:00, run_after=2025-01-08 00:00:00+00:00
[2025-01-07T15:17:21.267+0000] {processor.py:208} INFO - Processing /opt/airflow/dags/ico_scraping_dag_insert_new_records.py took 0.513 seconds
[2025-01-07T15:17:52.450+0000] {processor.py:186} INFO - Started process (PID=1024) to work on /opt/airflow/dags/ico_scraping_dag_insert_new_records.py
[2025-01-07T15:17:52.452+0000] {processor.py:914} INFO - Processing file /opt/airflow/dags/ico_scraping_dag_insert_new_records.py for tasks to queue
[2025-01-07T15:17:52.456+0000] {logging_mixin.py:190} INFO - [2025-01-07T15:17:52.455+0000] {dagbag.py:588} INFO - Filling up the DagBag from /opt/airflow/dags/ico_scraping_dag_insert_new_records.py
[2025-01-07T15:17:52.878+0000] {processor.py:925} INFO - DAG(s) 'ico_scraping_dag_new_records' retrieved from /opt/airflow/dags/ico_scraping_dag_insert_new_records.py
[2025-01-07T15:17:52.907+0000] {logging_mixin.py:190} INFO - [2025-01-07T15:17:52.907+0000] {dag.py:3239} INFO - Sync 1 DAGs
[2025-01-07T15:17:52.931+0000] {logging_mixin.py:190} INFO - [2025-01-07T15:17:52.931+0000] {dag.py:4180} INFO - Setting next_dagrun for ico_scraping_dag_new_records to 2025-01-07 00:00:00+00:00, run_after=2025-01-08 00:00:00+00:00
[2025-01-07T15:17:52.953+0000] {processor.py:208} INFO - Processing /opt/airflow/dags/ico_scraping_dag_insert_new_records.py took 0.511 seconds
[2025-01-07T15:18:23.763+0000] {processor.py:186} INFO - Started process (PID=1072) to work on /opt/airflow/dags/ico_scraping_dag_insert_new_records.py
[2025-01-07T15:18:23.764+0000] {processor.py:914} INFO - Processing file /opt/airflow/dags/ico_scraping_dag_insert_new_records.py for tasks to queue
[2025-01-07T15:18:23.767+0000] {logging_mixin.py:190} INFO - [2025-01-07T15:18:23.767+0000] {dagbag.py:588} INFO - Filling up the DagBag from /opt/airflow/dags/ico_scraping_dag_insert_new_records.py
[2025-01-07T15:18:24.110+0000] {processor.py:925} INFO - DAG(s) 'ico_scraping_dag_new_records' retrieved from /opt/airflow/dags/ico_scraping_dag_insert_new_records.py
[2025-01-07T15:18:24.133+0000] {logging_mixin.py:190} INFO - [2025-01-07T15:18:24.132+0000] {dag.py:3239} INFO - Sync 1 DAGs
[2025-01-07T15:18:24.157+0000] {logging_mixin.py:190} INFO - [2025-01-07T15:18:24.157+0000] {dag.py:4180} INFO - Setting next_dagrun for ico_scraping_dag_new_records to 2025-01-07 00:00:00+00:00, run_after=2025-01-08 00:00:00+00:00
[2025-01-07T15:18:24.174+0000] {processor.py:208} INFO - Processing /opt/airflow/dags/ico_scraping_dag_insert_new_records.py took 0.419 seconds
