[2025-01-07T15:08:02.384+0000] {processor.py:186} INFO - Started process (PID=210) to work on /opt/airflow/dags/ico_scraping_dag_firstpage.py
[2025-01-07T15:08:02.385+0000] {processor.py:914} INFO - Processing file /opt/airflow/dags/ico_scraping_dag_firstpage.py for tasks to queue
[2025-01-07T15:08:02.387+0000] {logging_mixin.py:190} INFO - [2025-01-07T15:08:02.386+0000] {dagbag.py:588} INFO - Filling up the DagBag from /opt/airflow/dags/ico_scraping_dag_firstpage.py
[2025-01-07T15:08:02.851+0000] {processor.py:925} INFO - DAG(s) 'ico_scraping_dag_firstpage' retrieved from /opt/airflow/dags/ico_scraping_dag_firstpage.py
[2025-01-07T15:08:02.932+0000] {logging_mixin.py:190} INFO - [2025-01-07T15:08:02.931+0000] {override.py:1911} INFO - Created Permission View: can edit on DAG:ico_scraping_dag_firstpage
[2025-01-07T15:08:02.940+0000] {logging_mixin.py:190} INFO - [2025-01-07T15:08:02.940+0000] {override.py:1911} INFO - Created Permission View: can read on DAG:ico_scraping_dag_firstpage
[2025-01-07T15:08:02.946+0000] {logging_mixin.py:190} INFO - [2025-01-07T15:08:02.946+0000] {override.py:1911} INFO - Created Permission View: can delete on DAG:ico_scraping_dag_firstpage
[2025-01-07T15:08:02.952+0000] {logging_mixin.py:190} INFO - [2025-01-07T15:08:02.952+0000] {override.py:1911} INFO - Created Permission View: can read on DAG Run:ico_scraping_dag_firstpage
[2025-01-07T15:08:02.957+0000] {logging_mixin.py:190} INFO - [2025-01-07T15:08:02.957+0000] {override.py:1911} INFO - Created Permission View: can create on DAG Run:ico_scraping_dag_firstpage
[2025-01-07T15:08:02.962+0000] {logging_mixin.py:190} INFO - [2025-01-07T15:08:02.962+0000] {override.py:1911} INFO - Created Permission View: menu access on DAG Run:ico_scraping_dag_firstpage
[2025-01-07T15:08:02.966+0000] {logging_mixin.py:190} INFO - [2025-01-07T15:08:02.966+0000] {override.py:1911} INFO - Created Permission View: can delete on DAG Run:ico_scraping_dag_firstpage
[2025-01-07T15:08:02.967+0000] {logging_mixin.py:190} INFO - [2025-01-07T15:08:02.967+0000] {dag.py:3239} INFO - Sync 1 DAGs
[2025-01-07T15:08:02.977+0000] {logging_mixin.py:190} INFO - [2025-01-07T15:08:02.976+0000] {dag.py:3262} INFO - Creating ORM DAG for ico_scraping_dag_firstpage
[2025-01-07T15:08:02.984+0000] {logging_mixin.py:190} INFO - [2025-01-07T15:08:02.984+0000] {dag.py:4180} INFO - Setting next_dagrun for ico_scraping_dag_firstpage to 2025-01-07 00:00:00+00:00, run_after=2025-01-08 00:00:00+00:00
[2025-01-07T15:08:02.997+0000] {processor.py:208} INFO - Processing /opt/airflow/dags/ico_scraping_dag_firstpage.py took 0.619 seconds
[2025-01-07T15:08:33.348+0000] {processor.py:186} INFO - Started process (PID=240) to work on /opt/airflow/dags/ico_scraping_dag_firstpage.py
[2025-01-07T15:08:33.349+0000] {processor.py:914} INFO - Processing file /opt/airflow/dags/ico_scraping_dag_firstpage.py for tasks to queue
[2025-01-07T15:08:33.351+0000] {logging_mixin.py:190} INFO - [2025-01-07T15:08:33.351+0000] {dagbag.py:588} INFO - Filling up the DagBag from /opt/airflow/dags/ico_scraping_dag_firstpage.py
[2025-01-07T15:08:33.799+0000] {processor.py:925} INFO - DAG(s) 'ico_scraping_dag_firstpage' retrieved from /opt/airflow/dags/ico_scraping_dag_firstpage.py
[2025-01-07T15:08:33.818+0000] {logging_mixin.py:190} INFO - [2025-01-07T15:08:33.818+0000] {dag.py:3239} INFO - Sync 1 DAGs
[2025-01-07T15:08:33.836+0000] {logging_mixin.py:190} INFO - [2025-01-07T15:08:33.836+0000] {dag.py:4180} INFO - Setting next_dagrun for ico_scraping_dag_firstpage to 2025-01-07 00:00:00+00:00, run_after=2025-01-08 00:00:00+00:00
[2025-01-07T15:08:33.853+0000] {processor.py:208} INFO - Processing /opt/airflow/dags/ico_scraping_dag_firstpage.py took 0.510 seconds
[2025-01-07T15:09:04.128+0000] {processor.py:186} INFO - Started process (PID=270) to work on /opt/airflow/dags/ico_scraping_dag_firstpage.py
[2025-01-07T15:09:04.129+0000] {processor.py:914} INFO - Processing file /opt/airflow/dags/ico_scraping_dag_firstpage.py for tasks to queue
[2025-01-07T15:09:04.131+0000] {logging_mixin.py:190} INFO - [2025-01-07T15:09:04.131+0000] {dagbag.py:588} INFO - Filling up the DagBag from /opt/airflow/dags/ico_scraping_dag_firstpage.py
[2025-01-07T15:09:04.506+0000] {processor.py:925} INFO - DAG(s) 'ico_scraping_dag_firstpage' retrieved from /opt/airflow/dags/ico_scraping_dag_firstpage.py
[2025-01-07T15:09:04.523+0000] {logging_mixin.py:190} INFO - [2025-01-07T15:09:04.523+0000] {dag.py:3239} INFO - Sync 1 DAGs
[2025-01-07T15:09:04.539+0000] {logging_mixin.py:190} INFO - [2025-01-07T15:09:04.538+0000] {dag.py:4180} INFO - Setting next_dagrun for ico_scraping_dag_firstpage to 2025-01-07 00:00:00+00:00, run_after=2025-01-08 00:00:00+00:00
[2025-01-07T15:09:04.561+0000] {processor.py:208} INFO - Processing /opt/airflow/dags/ico_scraping_dag_firstpage.py took 0.438 seconds
[2025-01-07T15:09:34.632+0000] {processor.py:186} INFO - Started process (PID=300) to work on /opt/airflow/dags/ico_scraping_dag_firstpage.py
[2025-01-07T15:09:34.633+0000] {processor.py:914} INFO - Processing file /opt/airflow/dags/ico_scraping_dag_firstpage.py for tasks to queue
[2025-01-07T15:09:34.635+0000] {logging_mixin.py:190} INFO - [2025-01-07T15:09:34.634+0000] {dagbag.py:588} INFO - Filling up the DagBag from /opt/airflow/dags/ico_scraping_dag_firstpage.py
[2025-01-07T15:09:34.906+0000] {processor.py:925} INFO - DAG(s) 'ico_scraping_dag_firstpage' retrieved from /opt/airflow/dags/ico_scraping_dag_firstpage.py
[2025-01-07T15:09:34.928+0000] {logging_mixin.py:190} INFO - [2025-01-07T15:09:34.927+0000] {dag.py:3239} INFO - Sync 1 DAGs
[2025-01-07T15:09:34.946+0000] {logging_mixin.py:190} INFO - [2025-01-07T15:09:34.946+0000] {dag.py:4180} INFO - Setting next_dagrun for ico_scraping_dag_firstpage to 2025-01-07 00:00:00+00:00, run_after=2025-01-08 00:00:00+00:00
[2025-01-07T15:09:34.961+0000] {processor.py:208} INFO - Processing /opt/airflow/dags/ico_scraping_dag_firstpage.py took 0.335 seconds
[2025-01-07T15:10:05.386+0000] {processor.py:186} INFO - Started process (PID=327) to work on /opt/airflow/dags/ico_scraping_dag_firstpage.py
[2025-01-07T15:10:05.387+0000] {processor.py:914} INFO - Processing file /opt/airflow/dags/ico_scraping_dag_firstpage.py for tasks to queue
[2025-01-07T15:10:05.389+0000] {logging_mixin.py:190} INFO - [2025-01-07T15:10:05.389+0000] {dagbag.py:588} INFO - Filling up the DagBag from /opt/airflow/dags/ico_scraping_dag_firstpage.py
[2025-01-07T15:10:05.721+0000] {processor.py:925} INFO - DAG(s) 'ico_scraping_dag_firstpage' retrieved from /opt/airflow/dags/ico_scraping_dag_firstpage.py
[2025-01-07T15:10:05.748+0000] {logging_mixin.py:190} INFO - [2025-01-07T15:10:05.748+0000] {dag.py:3239} INFO - Sync 1 DAGs
[2025-01-07T15:10:05.787+0000] {logging_mixin.py:190} INFO - [2025-01-07T15:10:05.787+0000] {dag.py:4180} INFO - Setting next_dagrun for ico_scraping_dag_firstpage to 2025-01-07 00:00:00+00:00, run_after=2025-01-08 00:00:00+00:00
[2025-01-07T15:10:05.801+0000] {processor.py:208} INFO - Processing /opt/airflow/dags/ico_scraping_dag_firstpage.py took 0.422 seconds
[2025-01-07T15:10:36.610+0000] {processor.py:186} INFO - Started process (PID=361) to work on /opt/airflow/dags/ico_scraping_dag_firstpage.py
[2025-01-07T15:10:36.611+0000] {processor.py:914} INFO - Processing file /opt/airflow/dags/ico_scraping_dag_firstpage.py for tasks to queue
[2025-01-07T15:10:36.614+0000] {logging_mixin.py:190} INFO - [2025-01-07T15:10:36.614+0000] {dagbag.py:588} INFO - Filling up the DagBag from /opt/airflow/dags/ico_scraping_dag_firstpage.py
[2025-01-07T15:10:36.982+0000] {processor.py:925} INFO - DAG(s) 'ico_scraping_dag_firstpage' retrieved from /opt/airflow/dags/ico_scraping_dag_firstpage.py
[2025-01-07T15:10:37.022+0000] {logging_mixin.py:190} INFO - [2025-01-07T15:10:37.022+0000] {dag.py:3239} INFO - Sync 1 DAGs
[2025-01-07T15:10:37.045+0000] {logging_mixin.py:190} INFO - [2025-01-07T15:10:37.045+0000] {dag.py:4180} INFO - Setting next_dagrun for ico_scraping_dag_firstpage to 2025-01-07 00:00:00+00:00, run_after=2025-01-08 00:00:00+00:00
[2025-01-07T15:10:37.064+0000] {processor.py:208} INFO - Processing /opt/airflow/dags/ico_scraping_dag_firstpage.py took 0.461 seconds
[2025-01-07T15:11:08.154+0000] {processor.py:186} INFO - Started process (PID=398) to work on /opt/airflow/dags/ico_scraping_dag_firstpage.py
[2025-01-07T15:11:08.155+0000] {processor.py:914} INFO - Processing file /opt/airflow/dags/ico_scraping_dag_firstpage.py for tasks to queue
[2025-01-07T15:11:08.157+0000] {logging_mixin.py:190} INFO - [2025-01-07T15:11:08.156+0000] {dagbag.py:588} INFO - Filling up the DagBag from /opt/airflow/dags/ico_scraping_dag_firstpage.py
[2025-01-07T15:11:08.446+0000] {processor.py:925} INFO - DAG(s) 'ico_scraping_dag_firstpage' retrieved from /opt/airflow/dags/ico_scraping_dag_firstpage.py
[2025-01-07T15:11:08.467+0000] {logging_mixin.py:190} INFO - [2025-01-07T15:11:08.467+0000] {dag.py:3239} INFO - Sync 1 DAGs
[2025-01-07T15:11:08.484+0000] {logging_mixin.py:190} INFO - [2025-01-07T15:11:08.484+0000] {dag.py:4180} INFO - Setting next_dagrun for ico_scraping_dag_firstpage to 2025-01-07 00:00:00+00:00, run_after=2025-01-08 00:00:00+00:00
[2025-01-07T15:11:08.499+0000] {processor.py:208} INFO - Processing /opt/airflow/dags/ico_scraping_dag_firstpage.py took 0.350 seconds
[2025-01-07T15:11:39.196+0000] {processor.py:186} INFO - Started process (PID=428) to work on /opt/airflow/dags/ico_scraping_dag_firstpage.py
[2025-01-07T15:11:39.197+0000] {processor.py:914} INFO - Processing file /opt/airflow/dags/ico_scraping_dag_firstpage.py for tasks to queue
[2025-01-07T15:11:39.199+0000] {logging_mixin.py:190} INFO - [2025-01-07T15:11:39.199+0000] {dagbag.py:588} INFO - Filling up the DagBag from /opt/airflow/dags/ico_scraping_dag_firstpage.py
[2025-01-07T15:11:39.464+0000] {processor.py:925} INFO - DAG(s) 'ico_scraping_dag_firstpage' retrieved from /opt/airflow/dags/ico_scraping_dag_firstpage.py
[2025-01-07T15:11:39.486+0000] {logging_mixin.py:190} INFO - [2025-01-07T15:11:39.485+0000] {dag.py:3239} INFO - Sync 1 DAGs
[2025-01-07T15:11:39.504+0000] {logging_mixin.py:190} INFO - [2025-01-07T15:11:39.504+0000] {dag.py:4180} INFO - Setting next_dagrun for ico_scraping_dag_firstpage to 2025-01-07 00:00:00+00:00, run_after=2025-01-08 00:00:00+00:00
[2025-01-07T15:11:39.518+0000] {processor.py:208} INFO - Processing /opt/airflow/dags/ico_scraping_dag_firstpage.py took 0.327 seconds
[2025-01-07T15:12:10.076+0000] {processor.py:186} INFO - Started process (PID=521) to work on /opt/airflow/dags/ico_scraping_dag_firstpage.py
[2025-01-07T15:12:10.077+0000] {processor.py:914} INFO - Processing file /opt/airflow/dags/ico_scraping_dag_firstpage.py for tasks to queue
[2025-01-07T15:12:10.080+0000] {logging_mixin.py:190} INFO - [2025-01-07T15:12:10.080+0000] {dagbag.py:588} INFO - Filling up the DagBag from /opt/airflow/dags/ico_scraping_dag_firstpage.py
[2025-01-07T15:12:10.471+0000] {processor.py:925} INFO - DAG(s) 'ico_scraping_dag_firstpage' retrieved from /opt/airflow/dags/ico_scraping_dag_firstpage.py
[2025-01-07T15:12:10.500+0000] {logging_mixin.py:190} INFO - [2025-01-07T15:12:10.500+0000] {dag.py:3239} INFO - Sync 1 DAGs
[2025-01-07T15:12:10.524+0000] {logging_mixin.py:190} INFO - [2025-01-07T15:12:10.524+0000] {dag.py:4180} INFO - Setting next_dagrun for ico_scraping_dag_firstpage to 2025-01-07 00:00:00+00:00, run_after=2025-01-08 00:00:00+00:00
[2025-01-07T15:12:10.539+0000] {processor.py:208} INFO - Processing /opt/airflow/dags/ico_scraping_dag_firstpage.py took 0.470 seconds
[2025-01-07T15:12:41.169+0000] {processor.py:186} INFO - Started process (PID=555) to work on /opt/airflow/dags/ico_scraping_dag_firstpage.py
[2025-01-07T15:12:41.170+0000] {processor.py:914} INFO - Processing file /opt/airflow/dags/ico_scraping_dag_firstpage.py for tasks to queue
[2025-01-07T15:12:41.172+0000] {logging_mixin.py:190} INFO - [2025-01-07T15:12:41.172+0000] {dagbag.py:588} INFO - Filling up the DagBag from /opt/airflow/dags/ico_scraping_dag_firstpage.py
[2025-01-07T15:12:41.531+0000] {processor.py:925} INFO - DAG(s) 'ico_scraping_dag_firstpage' retrieved from /opt/airflow/dags/ico_scraping_dag_firstpage.py
[2025-01-07T15:12:41.567+0000] {logging_mixin.py:190} INFO - [2025-01-07T15:12:41.567+0000] {dag.py:3239} INFO - Sync 1 DAGs
[2025-01-07T15:12:41.591+0000] {logging_mixin.py:190} INFO - [2025-01-07T15:12:41.591+0000] {dag.py:4180} INFO - Setting next_dagrun for ico_scraping_dag_firstpage to 2025-01-07 00:00:00+00:00, run_after=2025-01-08 00:00:00+00:00
[2025-01-07T15:12:41.610+0000] {processor.py:208} INFO - Processing /opt/airflow/dags/ico_scraping_dag_firstpage.py took 0.447 seconds
[2025-01-07T15:13:12.264+0000] {processor.py:186} INFO - Started process (PID=615) to work on /opt/airflow/dags/ico_scraping_dag_firstpage.py
[2025-01-07T15:13:12.265+0000] {processor.py:914} INFO - Processing file /opt/airflow/dags/ico_scraping_dag_firstpage.py for tasks to queue
[2025-01-07T15:13:12.267+0000] {logging_mixin.py:190} INFO - [2025-01-07T15:13:12.267+0000] {dagbag.py:588} INFO - Filling up the DagBag from /opt/airflow/dags/ico_scraping_dag_firstpage.py
[2025-01-07T15:13:12.608+0000] {processor.py:925} INFO - DAG(s) 'ico_scraping_dag_firstpage' retrieved from /opt/airflow/dags/ico_scraping_dag_firstpage.py
[2025-01-07T15:13:12.639+0000] {logging_mixin.py:190} INFO - [2025-01-07T15:13:12.639+0000] {dag.py:3239} INFO - Sync 1 DAGs
[2025-01-07T15:13:12.661+0000] {logging_mixin.py:190} INFO - [2025-01-07T15:13:12.660+0000] {dag.py:4180} INFO - Setting next_dagrun for ico_scraping_dag_firstpage to 2025-01-07 00:00:00+00:00, run_after=2025-01-08 00:00:00+00:00
[2025-01-07T15:13:12.677+0000] {processor.py:208} INFO - Processing /opt/airflow/dags/ico_scraping_dag_firstpage.py took 0.419 seconds
[2025-01-07T15:13:43.317+0000] {processor.py:186} INFO - Started process (PID=645) to work on /opt/airflow/dags/ico_scraping_dag_firstpage.py
[2025-01-07T15:13:43.318+0000] {processor.py:914} INFO - Processing file /opt/airflow/dags/ico_scraping_dag_firstpage.py for tasks to queue
[2025-01-07T15:13:43.320+0000] {logging_mixin.py:190} INFO - [2025-01-07T15:13:43.319+0000] {dagbag.py:588} INFO - Filling up the DagBag from /opt/airflow/dags/ico_scraping_dag_firstpage.py
[2025-01-07T15:13:43.634+0000] {processor.py:925} INFO - DAG(s) 'ico_scraping_dag_firstpage' retrieved from /opt/airflow/dags/ico_scraping_dag_firstpage.py
[2025-01-07T15:13:43.667+0000] {logging_mixin.py:190} INFO - [2025-01-07T15:13:43.667+0000] {dag.py:3239} INFO - Sync 1 DAGs
[2025-01-07T15:13:43.686+0000] {logging_mixin.py:190} INFO - [2025-01-07T15:13:43.686+0000] {dag.py:4180} INFO - Setting next_dagrun for ico_scraping_dag_firstpage to 2025-01-07 00:00:00+00:00, run_after=2025-01-08 00:00:00+00:00
[2025-01-07T15:13:43.703+0000] {processor.py:208} INFO - Processing /opt/airflow/dags/ico_scraping_dag_firstpage.py took 0.393 seconds
[2025-01-07T15:14:14.324+0000] {processor.py:186} INFO - Started process (PID=683) to work on /opt/airflow/dags/ico_scraping_dag_firstpage.py
[2025-01-07T15:14:14.325+0000] {processor.py:914} INFO - Processing file /opt/airflow/dags/ico_scraping_dag_firstpage.py for tasks to queue
[2025-01-07T15:14:14.327+0000] {logging_mixin.py:190} INFO - [2025-01-07T15:14:14.327+0000] {dagbag.py:588} INFO - Filling up the DagBag from /opt/airflow/dags/ico_scraping_dag_firstpage.py
[2025-01-07T15:14:14.602+0000] {processor.py:925} INFO - DAG(s) 'ico_scraping_dag_firstpage' retrieved from /opt/airflow/dags/ico_scraping_dag_firstpage.py
[2025-01-07T15:14:14.623+0000] {logging_mixin.py:190} INFO - [2025-01-07T15:14:14.623+0000] {dag.py:3239} INFO - Sync 1 DAGs
[2025-01-07T15:14:14.641+0000] {logging_mixin.py:190} INFO - [2025-01-07T15:14:14.640+0000] {dag.py:4180} INFO - Setting next_dagrun for ico_scraping_dag_firstpage to 2025-01-07 00:00:00+00:00, run_after=2025-01-08 00:00:00+00:00
[2025-01-07T15:14:14.654+0000] {processor.py:208} INFO - Processing /opt/airflow/dags/ico_scraping_dag_firstpage.py took 0.336 seconds
[2025-01-07T15:14:45.353+0000] {processor.py:186} INFO - Started process (PID=713) to work on /opt/airflow/dags/ico_scraping_dag_firstpage.py
[2025-01-07T15:14:45.354+0000] {processor.py:914} INFO - Processing file /opt/airflow/dags/ico_scraping_dag_firstpage.py for tasks to queue
[2025-01-07T15:14:45.356+0000] {logging_mixin.py:190} INFO - [2025-01-07T15:14:45.356+0000] {dagbag.py:588} INFO - Filling up the DagBag from /opt/airflow/dags/ico_scraping_dag_firstpage.py
[2025-01-07T15:14:45.679+0000] {processor.py:925} INFO - DAG(s) 'ico_scraping_dag_firstpage' retrieved from /opt/airflow/dags/ico_scraping_dag_firstpage.py
[2025-01-07T15:14:45.703+0000] {logging_mixin.py:190} INFO - [2025-01-07T15:14:45.702+0000] {dag.py:3239} INFO - Sync 1 DAGs
[2025-01-07T15:14:45.722+0000] {logging_mixin.py:190} INFO - [2025-01-07T15:14:45.722+0000] {dag.py:4180} INFO - Setting next_dagrun for ico_scraping_dag_firstpage to 2025-01-07 00:00:00+00:00, run_after=2025-01-08 00:00:00+00:00
[2025-01-07T15:14:45.737+0000] {processor.py:208} INFO - Processing /opt/airflow/dags/ico_scraping_dag_firstpage.py took 0.390 seconds
[2025-01-07T15:15:16.368+0000] {processor.py:186} INFO - Started process (PID=743) to work on /opt/airflow/dags/ico_scraping_dag_firstpage.py
[2025-01-07T15:15:16.369+0000] {processor.py:914} INFO - Processing file /opt/airflow/dags/ico_scraping_dag_firstpage.py for tasks to queue
[2025-01-07T15:15:16.371+0000] {logging_mixin.py:190} INFO - [2025-01-07T15:15:16.370+0000] {dagbag.py:588} INFO - Filling up the DagBag from /opt/airflow/dags/ico_scraping_dag_firstpage.py
[2025-01-07T15:15:16.658+0000] {processor.py:925} INFO - DAG(s) 'ico_scraping_dag_firstpage' retrieved from /opt/airflow/dags/ico_scraping_dag_firstpage.py
[2025-01-07T15:15:16.679+0000] {logging_mixin.py:190} INFO - [2025-01-07T15:15:16.679+0000] {dag.py:3239} INFO - Sync 1 DAGs
[2025-01-07T15:15:16.697+0000] {logging_mixin.py:190} INFO - [2025-01-07T15:15:16.697+0000] {dag.py:4180} INFO - Setting next_dagrun for ico_scraping_dag_firstpage to 2025-01-07 00:00:00+00:00, run_after=2025-01-08 00:00:00+00:00
[2025-01-07T15:15:16.710+0000] {processor.py:208} INFO - Processing /opt/airflow/dags/ico_scraping_dag_firstpage.py took 0.348 seconds
[2025-01-07T15:15:47.383+0000] {processor.py:186} INFO - Started process (PID=773) to work on /opt/airflow/dags/ico_scraping_dag_firstpage.py
[2025-01-07T15:15:47.384+0000] {processor.py:914} INFO - Processing file /opt/airflow/dags/ico_scraping_dag_firstpage.py for tasks to queue
[2025-01-07T15:15:47.386+0000] {logging_mixin.py:190} INFO - [2025-01-07T15:15:47.386+0000] {dagbag.py:588} INFO - Filling up the DagBag from /opt/airflow/dags/ico_scraping_dag_firstpage.py
[2025-01-07T15:15:47.702+0000] {processor.py:925} INFO - DAG(s) 'ico_scraping_dag_firstpage' retrieved from /opt/airflow/dags/ico_scraping_dag_firstpage.py
[2025-01-07T15:15:47.728+0000] {logging_mixin.py:190} INFO - [2025-01-07T15:15:47.728+0000] {dag.py:3239} INFO - Sync 1 DAGs
[2025-01-07T15:15:47.753+0000] {logging_mixin.py:190} INFO - [2025-01-07T15:15:47.753+0000] {dag.py:4180} INFO - Setting next_dagrun for ico_scraping_dag_firstpage to 2025-01-07 00:00:00+00:00, run_after=2025-01-08 00:00:00+00:00
[2025-01-07T15:15:47.770+0000] {processor.py:208} INFO - Processing /opt/airflow/dags/ico_scraping_dag_firstpage.py took 0.393 seconds
[2025-01-07T15:16:18.447+0000] {processor.py:186} INFO - Started process (PID=803) to work on /opt/airflow/dags/ico_scraping_dag_firstpage.py
[2025-01-07T15:16:18.448+0000] {processor.py:914} INFO - Processing file /opt/airflow/dags/ico_scraping_dag_firstpage.py for tasks to queue
[2025-01-07T15:16:18.450+0000] {logging_mixin.py:190} INFO - [2025-01-07T15:16:18.450+0000] {dagbag.py:588} INFO - Filling up the DagBag from /opt/airflow/dags/ico_scraping_dag_firstpage.py
[2025-01-07T15:16:18.727+0000] {processor.py:925} INFO - DAG(s) 'ico_scraping_dag_firstpage' retrieved from /opt/airflow/dags/ico_scraping_dag_firstpage.py
[2025-01-07T15:16:18.750+0000] {logging_mixin.py:190} INFO - [2025-01-07T15:16:18.750+0000] {dag.py:3239} INFO - Sync 1 DAGs
[2025-01-07T15:16:18.771+0000] {logging_mixin.py:190} INFO - [2025-01-07T15:16:18.771+0000] {dag.py:4180} INFO - Setting next_dagrun for ico_scraping_dag_firstpage to 2025-01-07 00:00:00+00:00, run_after=2025-01-08 00:00:00+00:00
[2025-01-07T15:16:18.786+0000] {processor.py:208} INFO - Processing /opt/airflow/dags/ico_scraping_dag_firstpage.py took 0.345 seconds
[2025-01-07T15:16:49.557+0000] {processor.py:186} INFO - Started process (PID=899) to work on /opt/airflow/dags/ico_scraping_dag_firstpage.py
[2025-01-07T15:16:49.559+0000] {processor.py:914} INFO - Processing file /opt/airflow/dags/ico_scraping_dag_firstpage.py for tasks to queue
[2025-01-07T15:16:49.564+0000] {logging_mixin.py:190} INFO - [2025-01-07T15:16:49.563+0000] {dagbag.py:588} INFO - Filling up the DagBag from /opt/airflow/dags/ico_scraping_dag_firstpage.py
[2025-01-07T15:16:49.974+0000] {processor.py:925} INFO - DAG(s) 'ico_scraping_dag_firstpage' retrieved from /opt/airflow/dags/ico_scraping_dag_firstpage.py
[2025-01-07T15:16:50.005+0000] {logging_mixin.py:190} INFO - [2025-01-07T15:16:50.004+0000] {dag.py:3239} INFO - Sync 1 DAGs
[2025-01-07T15:16:50.031+0000] {logging_mixin.py:190} INFO - [2025-01-07T15:16:50.031+0000] {dag.py:4180} INFO - Setting next_dagrun for ico_scraping_dag_firstpage to 2025-01-07 00:00:00+00:00, run_after=2025-01-08 00:00:00+00:00
[2025-01-07T15:16:50.051+0000] {processor.py:208} INFO - Processing /opt/airflow/dags/ico_scraping_dag_firstpage.py took 0.504 seconds
[2025-01-07T15:17:20.790+0000] {processor.py:186} INFO - Started process (PID=995) to work on /opt/airflow/dags/ico_scraping_dag_firstpage.py
[2025-01-07T15:17:20.791+0000] {processor.py:914} INFO - Processing file /opt/airflow/dags/ico_scraping_dag_firstpage.py for tasks to queue
[2025-01-07T15:17:20.795+0000] {logging_mixin.py:190} INFO - [2025-01-07T15:17:20.794+0000] {dagbag.py:588} INFO - Filling up the DagBag from /opt/airflow/dags/ico_scraping_dag_firstpage.py
[2025-01-07T15:17:21.252+0000] {processor.py:925} INFO - DAG(s) 'ico_scraping_dag_firstpage' retrieved from /opt/airflow/dags/ico_scraping_dag_firstpage.py
[2025-01-07T15:17:21.284+0000] {logging_mixin.py:190} INFO - [2025-01-07T15:17:21.284+0000] {dag.py:3239} INFO - Sync 1 DAGs
[2025-01-07T15:17:21.308+0000] {logging_mixin.py:190} INFO - [2025-01-07T15:17:21.308+0000] {dag.py:4180} INFO - Setting next_dagrun for ico_scraping_dag_firstpage to 2025-01-07 00:00:00+00:00, run_after=2025-01-08 00:00:00+00:00
[2025-01-07T15:17:21.327+0000] {processor.py:208} INFO - Processing /opt/airflow/dags/ico_scraping_dag_firstpage.py took 0.543 seconds
[2025-01-07T15:17:52.485+0000] {processor.py:186} INFO - Started process (PID=1027) to work on /opt/airflow/dags/ico_scraping_dag_firstpage.py
[2025-01-07T15:17:52.486+0000] {processor.py:914} INFO - Processing file /opt/airflow/dags/ico_scraping_dag_firstpage.py for tasks to queue
[2025-01-07T15:17:52.489+0000] {logging_mixin.py:190} INFO - [2025-01-07T15:17:52.488+0000] {dagbag.py:588} INFO - Filling up the DagBag from /opt/airflow/dags/ico_scraping_dag_firstpage.py
[2025-01-07T15:17:52.899+0000] {processor.py:925} INFO - DAG(s) 'ico_scraping_dag_firstpage' retrieved from /opt/airflow/dags/ico_scraping_dag_firstpage.py
[2025-01-07T15:17:52.929+0000] {logging_mixin.py:190} INFO - [2025-01-07T15:17:52.928+0000] {dag.py:3239} INFO - Sync 1 DAGs
[2025-01-07T15:17:52.960+0000] {logging_mixin.py:190} INFO - [2025-01-07T15:17:52.959+0000] {dag.py:4180} INFO - Setting next_dagrun for ico_scraping_dag_firstpage to 2025-01-07 00:00:00+00:00, run_after=2025-01-08 00:00:00+00:00
[2025-01-07T15:17:52.990+0000] {processor.py:208} INFO - Processing /opt/airflow/dags/ico_scraping_dag_firstpage.py took 0.513 seconds
[2025-01-07T15:18:23.793+0000] {processor.py:186} INFO - Started process (PID=1075) to work on /opt/airflow/dags/ico_scraping_dag_firstpage.py
[2025-01-07T15:18:23.794+0000] {processor.py:914} INFO - Processing file /opt/airflow/dags/ico_scraping_dag_firstpage.py for tasks to queue
[2025-01-07T15:18:23.796+0000] {logging_mixin.py:190} INFO - [2025-01-07T15:18:23.796+0000] {dagbag.py:588} INFO - Filling up the DagBag from /opt/airflow/dags/ico_scraping_dag_firstpage.py
[2025-01-07T15:18:24.143+0000] {processor.py:925} INFO - DAG(s) 'ico_scraping_dag_firstpage' retrieved from /opt/airflow/dags/ico_scraping_dag_firstpage.py
[2025-01-07T15:18:24.168+0000] {logging_mixin.py:190} INFO - [2025-01-07T15:18:24.167+0000] {dag.py:3239} INFO - Sync 1 DAGs
[2025-01-07T15:18:24.191+0000] {logging_mixin.py:190} INFO - [2025-01-07T15:18:24.191+0000] {dag.py:4180} INFO - Setting next_dagrun for ico_scraping_dag_firstpage to 2025-01-07 00:00:00+00:00, run_after=2025-01-08 00:00:00+00:00
[2025-01-07T15:18:24.208+0000] {processor.py:208} INFO - Processing /opt/airflow/dags/ico_scraping_dag_firstpage.py took 0.422 seconds
