[2025-01-07T15:07:59.580+0000] {processor.py:186} INFO - Started process (PID=192) to work on /opt/airflow/dags/ico_scraping_dag_entire_once.py
[2025-01-07T15:07:59.582+0000] {processor.py:914} INFO - Processing file /opt/airflow/dags/ico_scraping_dag_entire_once.py for tasks to queue
[2025-01-07T15:07:59.588+0000] {logging_mixin.py:190} INFO - [2025-01-07T15:07:59.586+0000] {dagbag.py:588} INFO - Filling up the DagBag from /opt/airflow/dags/ico_scraping_dag_entire_once.py
[2025-01-07T15:08:01.351+0000] {processor.py:925} INFO - DAG(s) 'ico_scraping_dag_entire_once' retrieved from /opt/airflow/dags/ico_scraping_dag_entire_once.py
[2025-01-07T15:08:01.568+0000] {logging_mixin.py:190} INFO - [2025-01-07T15:08:01.568+0000] {override.py:1911} INFO - Created Permission View: can edit on DAG:ico_scraping_dag_entire_once
[2025-01-07T15:08:01.578+0000] {logging_mixin.py:190} INFO - [2025-01-07T15:08:01.578+0000] {override.py:1911} INFO - Created Permission View: can read on DAG:ico_scraping_dag_entire_once
[2025-01-07T15:08:01.585+0000] {logging_mixin.py:190} INFO - [2025-01-07T15:08:01.585+0000] {override.py:1911} INFO - Created Permission View: can delete on DAG:ico_scraping_dag_entire_once
[2025-01-07T15:08:01.592+0000] {logging_mixin.py:190} INFO - [2025-01-07T15:08:01.592+0000] {override.py:1911} INFO - Created Permission View: can read on DAG Run:ico_scraping_dag_entire_once
[2025-01-07T15:08:01.598+0000] {logging_mixin.py:190} INFO - [2025-01-07T15:08:01.597+0000] {override.py:1911} INFO - Created Permission View: can create on DAG Run:ico_scraping_dag_entire_once
[2025-01-07T15:08:01.603+0000] {logging_mixin.py:190} INFO - [2025-01-07T15:08:01.603+0000] {override.py:1911} INFO - Created Permission View: menu access on DAG Run:ico_scraping_dag_entire_once
[2025-01-07T15:08:01.608+0000] {logging_mixin.py:190} INFO - [2025-01-07T15:08:01.608+0000] {override.py:1911} INFO - Created Permission View: can delete on DAG Run:ico_scraping_dag_entire_once
[2025-01-07T15:08:01.608+0000] {logging_mixin.py:190} INFO - [2025-01-07T15:08:01.608+0000] {dag.py:3239} INFO - Sync 1 DAGs
[2025-01-07T15:08:01.620+0000] {logging_mixin.py:190} INFO - [2025-01-07T15:08:01.620+0000] {dag.py:3262} INFO - Creating ORM DAG for ico_scraping_dag_entire_once
[2025-01-07T15:08:01.621+0000] {logging_mixin.py:190} INFO - [2025-01-07T15:08:01.621+0000] {dag.py:4180} INFO - Setting next_dagrun for ico_scraping_dag_entire_once to None, run_after=None
[2025-01-07T15:08:01.636+0000] {processor.py:208} INFO - Processing /opt/airflow/dags/ico_scraping_dag_entire_once.py took 2.068 seconds
[2025-01-07T15:08:31.916+0000] {processor.py:186} INFO - Started process (PID=222) to work on /opt/airflow/dags/ico_scraping_dag_entire_once.py
[2025-01-07T15:08:31.917+0000] {processor.py:914} INFO - Processing file /opt/airflow/dags/ico_scraping_dag_entire_once.py for tasks to queue
[2025-01-07T15:08:31.920+0000] {logging_mixin.py:190} INFO - [2025-01-07T15:08:31.919+0000] {dagbag.py:588} INFO - Filling up the DagBag from /opt/airflow/dags/ico_scraping_dag_entire_once.py
[2025-01-07T15:08:32.700+0000] {processor.py:925} INFO - DAG(s) 'ico_scraping_dag_entire_once' retrieved from /opt/airflow/dags/ico_scraping_dag_entire_once.py
[2025-01-07T15:08:32.728+0000] {logging_mixin.py:190} INFO - [2025-01-07T15:08:32.728+0000] {dag.py:3239} INFO - Sync 1 DAGs
[2025-01-07T15:08:32.744+0000] {logging_mixin.py:190} INFO - [2025-01-07T15:08:32.744+0000] {dag.py:4180} INFO - Setting next_dagrun for ico_scraping_dag_entire_once to None, run_after=None
[2025-01-07T15:08:32.761+0000] {processor.py:208} INFO - Processing /opt/airflow/dags/ico_scraping_dag_entire_once.py took 0.853 seconds
[2025-01-07T15:09:03.069+0000] {processor.py:186} INFO - Started process (PID=252) to work on /opt/airflow/dags/ico_scraping_dag_entire_once.py
[2025-01-07T15:09:03.071+0000] {processor.py:914} INFO - Processing file /opt/airflow/dags/ico_scraping_dag_entire_once.py for tasks to queue
[2025-01-07T15:09:03.074+0000] {logging_mixin.py:190} INFO - [2025-01-07T15:09:03.073+0000] {dagbag.py:588} INFO - Filling up the DagBag from /opt/airflow/dags/ico_scraping_dag_entire_once.py
[2025-01-07T15:09:03.647+0000] {processor.py:925} INFO - DAG(s) 'ico_scraping_dag_entire_once' retrieved from /opt/airflow/dags/ico_scraping_dag_entire_once.py
[2025-01-07T15:09:03.665+0000] {logging_mixin.py:190} INFO - [2025-01-07T15:09:03.664+0000] {dag.py:3239} INFO - Sync 1 DAGs
[2025-01-07T15:09:03.674+0000] {logging_mixin.py:190} INFO - [2025-01-07T15:09:03.674+0000] {dag.py:4180} INFO - Setting next_dagrun for ico_scraping_dag_entire_once to None, run_after=None
[2025-01-07T15:09:03.690+0000] {processor.py:208} INFO - Processing /opt/airflow/dags/ico_scraping_dag_entire_once.py took 0.628 seconds
[2025-01-07T15:09:33.799+0000] {processor.py:186} INFO - Started process (PID=282) to work on /opt/airflow/dags/ico_scraping_dag_entire_once.py
[2025-01-07T15:09:33.801+0000] {processor.py:914} INFO - Processing file /opt/airflow/dags/ico_scraping_dag_entire_once.py for tasks to queue
[2025-01-07T15:09:33.805+0000] {logging_mixin.py:190} INFO - [2025-01-07T15:09:33.805+0000] {dagbag.py:588} INFO - Filling up the DagBag from /opt/airflow/dags/ico_scraping_dag_entire_once.py
[2025-01-07T15:09:34.142+0000] {processor.py:925} INFO - DAG(s) 'ico_scraping_dag_entire_once' retrieved from /opt/airflow/dags/ico_scraping_dag_entire_once.py
[2025-01-07T15:09:34.171+0000] {logging_mixin.py:190} INFO - [2025-01-07T15:09:34.171+0000] {dag.py:3239} INFO - Sync 1 DAGs
[2025-01-07T15:09:34.188+0000] {logging_mixin.py:190} INFO - [2025-01-07T15:09:34.187+0000] {dag.py:4180} INFO - Setting next_dagrun for ico_scraping_dag_entire_once to None, run_after=None
[2025-01-07T15:09:34.205+0000] {processor.py:208} INFO - Processing /opt/airflow/dags/ico_scraping_dag_entire_once.py took 0.413 seconds
[2025-01-07T15:10:04.837+0000] {processor.py:186} INFO - Started process (PID=312) to work on /opt/airflow/dags/ico_scraping_dag_entire_once.py
[2025-01-07T15:10:04.838+0000] {processor.py:914} INFO - Processing file /opt/airflow/dags/ico_scraping_dag_entire_once.py for tasks to queue
[2025-01-07T15:10:04.842+0000] {logging_mixin.py:190} INFO - [2025-01-07T15:10:04.841+0000] {dagbag.py:588} INFO - Filling up the DagBag from /opt/airflow/dags/ico_scraping_dag_entire_once.py
[2025-01-07T15:10:05.289+0000] {processor.py:925} INFO - DAG(s) 'ico_scraping_dag_entire_once' retrieved from /opt/airflow/dags/ico_scraping_dag_entire_once.py
[2025-01-07T15:10:05.317+0000] {logging_mixin.py:190} INFO - [2025-01-07T15:10:05.316+0000] {dag.py:3239} INFO - Sync 1 DAGs
[2025-01-07T15:10:05.331+0000] {logging_mixin.py:190} INFO - [2025-01-07T15:10:05.330+0000] {dag.py:4180} INFO - Setting next_dagrun for ico_scraping_dag_entire_once to None, run_after=None
[2025-01-07T15:10:05.349+0000] {processor.py:208} INFO - Processing /opt/airflow/dags/ico_scraping_dag_entire_once.py took 0.519 seconds
[2025-01-07T15:10:36.026+0000] {processor.py:186} INFO - Started process (PID=344) to work on /opt/airflow/dags/ico_scraping_dag_entire_once.py
[2025-01-07T15:10:36.028+0000] {processor.py:914} INFO - Processing file /opt/airflow/dags/ico_scraping_dag_entire_once.py for tasks to queue
[2025-01-07T15:10:36.032+0000] {logging_mixin.py:190} INFO - [2025-01-07T15:10:36.032+0000] {dagbag.py:588} INFO - Filling up the DagBag from /opt/airflow/dags/ico_scraping_dag_entire_once.py
[2025-01-07T15:10:36.498+0000] {processor.py:925} INFO - DAG(s) 'ico_scraping_dag_entire_once' retrieved from /opt/airflow/dags/ico_scraping_dag_entire_once.py
[2025-01-07T15:10:36.526+0000] {logging_mixin.py:190} INFO - [2025-01-07T15:10:36.526+0000] {dag.py:3239} INFO - Sync 1 DAGs
[2025-01-07T15:10:36.546+0000] {logging_mixin.py:190} INFO - [2025-01-07T15:10:36.545+0000] {dag.py:4180} INFO - Setting next_dagrun for ico_scraping_dag_entire_once to None, run_after=None
[2025-01-07T15:10:36.565+0000] {processor.py:208} INFO - Processing /opt/airflow/dags/ico_scraping_dag_entire_once.py took 0.557 seconds
[2025-01-07T15:11:07.277+0000] {processor.py:186} INFO - Started process (PID=380) to work on /opt/airflow/dags/ico_scraping_dag_entire_once.py
[2025-01-07T15:11:07.279+0000] {processor.py:914} INFO - Processing file /opt/airflow/dags/ico_scraping_dag_entire_once.py for tasks to queue
[2025-01-07T15:11:07.283+0000] {logging_mixin.py:190} INFO - [2025-01-07T15:11:07.283+0000] {dagbag.py:588} INFO - Filling up the DagBag from /opt/airflow/dags/ico_scraping_dag_entire_once.py
[2025-01-07T15:11:07.663+0000] {processor.py:925} INFO - DAG(s) 'ico_scraping_dag_entire_once' retrieved from /opt/airflow/dags/ico_scraping_dag_entire_once.py
[2025-01-07T15:11:07.690+0000] {logging_mixin.py:190} INFO - [2025-01-07T15:11:07.689+0000] {dag.py:3239} INFO - Sync 1 DAGs
[2025-01-07T15:11:07.707+0000] {logging_mixin.py:190} INFO - [2025-01-07T15:11:07.707+0000] {dag.py:4180} INFO - Setting next_dagrun for ico_scraping_dag_entire_once to None, run_after=None
[2025-01-07T15:11:07.725+0000] {processor.py:208} INFO - Processing /opt/airflow/dags/ico_scraping_dag_entire_once.py took 0.458 seconds
[2025-01-07T15:11:38.395+0000] {processor.py:186} INFO - Started process (PID=410) to work on /opt/airflow/dags/ico_scraping_dag_entire_once.py
[2025-01-07T15:11:38.397+0000] {processor.py:914} INFO - Processing file /opt/airflow/dags/ico_scraping_dag_entire_once.py for tasks to queue
[2025-01-07T15:11:38.402+0000] {logging_mixin.py:190} INFO - [2025-01-07T15:11:38.401+0000] {dagbag.py:588} INFO - Filling up the DagBag from /opt/airflow/dags/ico_scraping_dag_entire_once.py
[2025-01-07T15:11:38.753+0000] {processor.py:925} INFO - DAG(s) 'ico_scraping_dag_entire_once' retrieved from /opt/airflow/dags/ico_scraping_dag_entire_once.py
[2025-01-07T15:11:38.776+0000] {logging_mixin.py:190} INFO - [2025-01-07T15:11:38.776+0000] {dag.py:3239} INFO - Sync 1 DAGs
[2025-01-07T15:11:38.789+0000] {logging_mixin.py:190} INFO - [2025-01-07T15:11:38.789+0000] {dag.py:4180} INFO - Setting next_dagrun for ico_scraping_dag_entire_once to None, run_after=None
[2025-01-07T15:11:38.808+0000] {processor.py:208} INFO - Processing /opt/airflow/dags/ico_scraping_dag_entire_once.py took 0.423 seconds
[2025-01-07T15:12:09.391+0000] {processor.py:186} INFO - Started process (PID=506) to work on /opt/airflow/dags/ico_scraping_dag_entire_once.py
[2025-01-07T15:12:09.393+0000] {processor.py:914} INFO - Processing file /opt/airflow/dags/ico_scraping_dag_entire_once.py for tasks to queue
[2025-01-07T15:12:09.396+0000] {logging_mixin.py:190} INFO - [2025-01-07T15:12:09.395+0000] {dagbag.py:588} INFO - Filling up the DagBag from /opt/airflow/dags/ico_scraping_dag_entire_once.py
[2025-01-07T15:12:09.972+0000] {processor.py:925} INFO - DAG(s) 'ico_scraping_dag_entire_once' retrieved from /opt/airflow/dags/ico_scraping_dag_entire_once.py
[2025-01-07T15:12:09.997+0000] {logging_mixin.py:190} INFO - [2025-01-07T15:12:09.997+0000] {dag.py:3239} INFO - Sync 1 DAGs
[2025-01-07T15:12:10.016+0000] {logging_mixin.py:190} INFO - [2025-01-07T15:12:10.015+0000] {dag.py:4180} INFO - Setting next_dagrun for ico_scraping_dag_entire_once to None, run_after=None
[2025-01-07T15:12:10.035+0000] {processor.py:208} INFO - Processing /opt/airflow/dags/ico_scraping_dag_entire_once.py took 0.657 seconds
[2025-01-07T15:12:40.715+0000] {processor.py:186} INFO - Started process (PID=540) to work on /opt/airflow/dags/ico_scraping_dag_entire_once.py
[2025-01-07T15:12:40.716+0000] {processor.py:914} INFO - Processing file /opt/airflow/dags/ico_scraping_dag_entire_once.py for tasks to queue
[2025-01-07T15:12:40.718+0000] {logging_mixin.py:190} INFO - [2025-01-07T15:12:40.718+0000] {dagbag.py:588} INFO - Filling up the DagBag from /opt/airflow/dags/ico_scraping_dag_entire_once.py
[2025-01-07T15:12:41.061+0000] {processor.py:925} INFO - DAG(s) 'ico_scraping_dag_entire_once' retrieved from /opt/airflow/dags/ico_scraping_dag_entire_once.py
[2025-01-07T15:12:41.096+0000] {logging_mixin.py:190} INFO - [2025-01-07T15:12:41.096+0000] {dag.py:3239} INFO - Sync 1 DAGs
[2025-01-07T15:12:41.120+0000] {logging_mixin.py:190} INFO - [2025-01-07T15:12:41.120+0000] {dag.py:4180} INFO - Setting next_dagrun for ico_scraping_dag_entire_once to None, run_after=None
[2025-01-07T15:12:41.135+0000] {processor.py:208} INFO - Processing /opt/airflow/dags/ico_scraping_dag_entire_once.py took 0.426 seconds
[2025-01-07T15:13:11.807+0000] {processor.py:186} INFO - Started process (PID=600) to work on /opt/airflow/dags/ico_scraping_dag_entire_once.py
[2025-01-07T15:13:11.809+0000] {processor.py:914} INFO - Processing file /opt/airflow/dags/ico_scraping_dag_entire_once.py for tasks to queue
[2025-01-07T15:13:11.811+0000] {logging_mixin.py:190} INFO - [2025-01-07T15:13:11.811+0000] {dagbag.py:588} INFO - Filling up the DagBag from /opt/airflow/dags/ico_scraping_dag_entire_once.py
[2025-01-07T15:13:12.169+0000] {processor.py:925} INFO - DAG(s) 'ico_scraping_dag_entire_once' retrieved from /opt/airflow/dags/ico_scraping_dag_entire_once.py
[2025-01-07T15:13:12.194+0000] {logging_mixin.py:190} INFO - [2025-01-07T15:13:12.194+0000] {dag.py:3239} INFO - Sync 1 DAGs
[2025-01-07T15:13:12.209+0000] {logging_mixin.py:190} INFO - [2025-01-07T15:13:12.209+0000] {dag.py:4180} INFO - Setting next_dagrun for ico_scraping_dag_entire_once to None, run_after=None
[2025-01-07T15:13:12.226+0000] {processor.py:208} INFO - Processing /opt/airflow/dags/ico_scraping_dag_entire_once.py took 0.425 seconds
[2025-01-07T15:13:42.877+0000] {processor.py:186} INFO - Started process (PID=630) to work on /opt/airflow/dags/ico_scraping_dag_entire_once.py
[2025-01-07T15:13:42.878+0000] {processor.py:914} INFO - Processing file /opt/airflow/dags/ico_scraping_dag_entire_once.py for tasks to queue
[2025-01-07T15:13:42.881+0000] {logging_mixin.py:190} INFO - [2025-01-07T15:13:42.880+0000] {dagbag.py:588} INFO - Filling up the DagBag from /opt/airflow/dags/ico_scraping_dag_entire_once.py
[2025-01-07T15:13:43.226+0000] {processor.py:925} INFO - DAG(s) 'ico_scraping_dag_entire_once' retrieved from /opt/airflow/dags/ico_scraping_dag_entire_once.py
[2025-01-07T15:13:43.250+0000] {logging_mixin.py:190} INFO - [2025-01-07T15:13:43.249+0000] {dag.py:3239} INFO - Sync 1 DAGs
[2025-01-07T15:13:43.263+0000] {logging_mixin.py:190} INFO - [2025-01-07T15:13:43.263+0000] {dag.py:4180} INFO - Setting next_dagrun for ico_scraping_dag_entire_once to None, run_after=None
[2025-01-07T15:13:43.278+0000] {processor.py:208} INFO - Processing /opt/airflow/dags/ico_scraping_dag_entire_once.py took 0.407 seconds
[2025-01-07T15:14:13.904+0000] {processor.py:186} INFO - Started process (PID=668) to work on /opt/airflow/dags/ico_scraping_dag_entire_once.py
[2025-01-07T15:14:13.912+0000] {processor.py:914} INFO - Processing file /opt/airflow/dags/ico_scraping_dag_entire_once.py for tasks to queue
[2025-01-07T15:14:13.914+0000] {logging_mixin.py:190} INFO - [2025-01-07T15:14:13.914+0000] {dagbag.py:588} INFO - Filling up the DagBag from /opt/airflow/dags/ico_scraping_dag_entire_once.py
[2025-01-07T15:14:14.237+0000] {processor.py:925} INFO - DAG(s) 'ico_scraping_dag_entire_once' retrieved from /opt/airflow/dags/ico_scraping_dag_entire_once.py
[2025-01-07T15:14:14.262+0000] {logging_mixin.py:190} INFO - [2025-01-07T15:14:14.262+0000] {dag.py:3239} INFO - Sync 1 DAGs
[2025-01-07T15:14:14.276+0000] {logging_mixin.py:190} INFO - [2025-01-07T15:14:14.275+0000] {dag.py:4180} INFO - Setting next_dagrun for ico_scraping_dag_entire_once to None, run_after=None
[2025-01-07T15:14:14.290+0000] {processor.py:208} INFO - Processing /opt/airflow/dags/ico_scraping_dag_entire_once.py took 0.391 seconds
[2025-01-07T15:14:44.890+0000] {processor.py:186} INFO - Started process (PID=698) to work on /opt/airflow/dags/ico_scraping_dag_entire_once.py
[2025-01-07T15:14:44.898+0000] {processor.py:914} INFO - Processing file /opt/airflow/dags/ico_scraping_dag_entire_once.py for tasks to queue
[2025-01-07T15:14:44.903+0000] {logging_mixin.py:190} INFO - [2025-01-07T15:14:44.902+0000] {dagbag.py:588} INFO - Filling up the DagBag from /opt/airflow/dags/ico_scraping_dag_entire_once.py
[2025-01-07T15:14:45.266+0000] {processor.py:925} INFO - DAG(s) 'ico_scraping_dag_entire_once' retrieved from /opt/airflow/dags/ico_scraping_dag_entire_once.py
[2025-01-07T15:14:45.290+0000] {logging_mixin.py:190} INFO - [2025-01-07T15:14:45.290+0000] {dag.py:3239} INFO - Sync 1 DAGs
[2025-01-07T15:14:45.303+0000] {logging_mixin.py:190} INFO - [2025-01-07T15:14:45.303+0000] {dag.py:4180} INFO - Setting next_dagrun for ico_scraping_dag_entire_once to None, run_after=None
[2025-01-07T15:14:45.319+0000] {processor.py:208} INFO - Processing /opt/airflow/dags/ico_scraping_dag_entire_once.py took 0.447 seconds
[2025-01-07T15:15:15.994+0000] {processor.py:186} INFO - Started process (PID=728) to work on /opt/airflow/dags/ico_scraping_dag_entire_once.py
[2025-01-07T15:15:15.995+0000] {processor.py:914} INFO - Processing file /opt/airflow/dags/ico_scraping_dag_entire_once.py for tasks to queue
[2025-01-07T15:15:15.998+0000] {logging_mixin.py:190} INFO - [2025-01-07T15:15:15.998+0000] {dagbag.py:588} INFO - Filling up the DagBag from /opt/airflow/dags/ico_scraping_dag_entire_once.py
[2025-01-07T15:15:16.284+0000] {processor.py:925} INFO - DAG(s) 'ico_scraping_dag_entire_once' retrieved from /opt/airflow/dags/ico_scraping_dag_entire_once.py
[2025-01-07T15:15:16.308+0000] {logging_mixin.py:190} INFO - [2025-01-07T15:15:16.307+0000] {dag.py:3239} INFO - Sync 1 DAGs
[2025-01-07T15:15:16.321+0000] {logging_mixin.py:190} INFO - [2025-01-07T15:15:16.321+0000] {dag.py:4180} INFO - Setting next_dagrun for ico_scraping_dag_entire_once to None, run_after=None
[2025-01-07T15:15:16.335+0000] {processor.py:208} INFO - Processing /opt/airflow/dags/ico_scraping_dag_entire_once.py took 0.351 seconds
[2025-01-07T15:15:46.947+0000] {processor.py:186} INFO - Started process (PID=758) to work on /opt/airflow/dags/ico_scraping_dag_entire_once.py
[2025-01-07T15:15:46.955+0000] {processor.py:914} INFO - Processing file /opt/airflow/dags/ico_scraping_dag_entire_once.py for tasks to queue
[2025-01-07T15:15:46.958+0000] {logging_mixin.py:190} INFO - [2025-01-07T15:15:46.958+0000] {dagbag.py:588} INFO - Filling up the DagBag from /opt/airflow/dags/ico_scraping_dag_entire_once.py
[2025-01-07T15:15:47.290+0000] {processor.py:925} INFO - DAG(s) 'ico_scraping_dag_entire_once' retrieved from /opt/airflow/dags/ico_scraping_dag_entire_once.py
[2025-01-07T15:15:47.320+0000] {logging_mixin.py:190} INFO - [2025-01-07T15:15:47.320+0000] {dag.py:3239} INFO - Sync 1 DAGs
[2025-01-07T15:15:47.332+0000] {logging_mixin.py:190} INFO - [2025-01-07T15:15:47.332+0000] {dag.py:4180} INFO - Setting next_dagrun for ico_scraping_dag_entire_once to None, run_after=None
[2025-01-07T15:15:47.347+0000] {processor.py:208} INFO - Processing /opt/airflow/dags/ico_scraping_dag_entire_once.py took 0.406 seconds
[2025-01-07T15:16:18.032+0000] {processor.py:186} INFO - Started process (PID=788) to work on /opt/airflow/dags/ico_scraping_dag_entire_once.py
[2025-01-07T15:16:18.033+0000] {processor.py:914} INFO - Processing file /opt/airflow/dags/ico_scraping_dag_entire_once.py for tasks to queue
[2025-01-07T15:16:18.035+0000] {logging_mixin.py:190} INFO - [2025-01-07T15:16:18.035+0000] {dagbag.py:588} INFO - Filling up the DagBag from /opt/airflow/dags/ico_scraping_dag_entire_once.py
[2025-01-07T15:16:18.358+0000] {processor.py:925} INFO - DAG(s) 'ico_scraping_dag_entire_once' retrieved from /opt/airflow/dags/ico_scraping_dag_entire_once.py
[2025-01-07T15:16:18.381+0000] {logging_mixin.py:190} INFO - [2025-01-07T15:16:18.381+0000] {dag.py:3239} INFO - Sync 1 DAGs
[2025-01-07T15:16:18.397+0000] {logging_mixin.py:190} INFO - [2025-01-07T15:16:18.397+0000] {dag.py:4180} INFO - Setting next_dagrun for ico_scraping_dag_entire_once to None, run_after=None
[2025-01-07T15:16:18.413+0000] {processor.py:208} INFO - Processing /opt/airflow/dags/ico_scraping_dag_entire_once.py took 0.393 seconds
[2025-01-07T15:16:49.044+0000] {processor.py:186} INFO - Started process (PID=884) to work on /opt/airflow/dags/ico_scraping_dag_entire_once.py
[2025-01-07T15:16:49.046+0000] {processor.py:914} INFO - Processing file /opt/airflow/dags/ico_scraping_dag_entire_once.py for tasks to queue
[2025-01-07T15:16:49.050+0000] {logging_mixin.py:190} INFO - [2025-01-07T15:16:49.049+0000] {dagbag.py:588} INFO - Filling up the DagBag from /opt/airflow/dags/ico_scraping_dag_entire_once.py
[2025-01-07T15:16:49.435+0000] {processor.py:925} INFO - DAG(s) 'ico_scraping_dag_entire_once' retrieved from /opt/airflow/dags/ico_scraping_dag_entire_once.py
[2025-01-07T15:16:49.462+0000] {logging_mixin.py:190} INFO - [2025-01-07T15:16:49.462+0000] {dag.py:3239} INFO - Sync 1 DAGs
[2025-01-07T15:16:49.480+0000] {logging_mixin.py:190} INFO - [2025-01-07T15:16:49.480+0000] {dag.py:4180} INFO - Setting next_dagrun for ico_scraping_dag_entire_once to None, run_after=None
[2025-01-07T15:16:49.500+0000] {processor.py:208} INFO - Processing /opt/airflow/dags/ico_scraping_dag_entire_once.py took 0.465 seconds
[2025-01-07T15:17:20.267+0000] {processor.py:186} INFO - Started process (PID=980) to work on /opt/airflow/dags/ico_scraping_dag_entire_once.py
[2025-01-07T15:17:20.269+0000] {processor.py:914} INFO - Processing file /opt/airflow/dags/ico_scraping_dag_entire_once.py for tasks to queue
[2025-01-07T15:17:20.272+0000] {logging_mixin.py:190} INFO - [2025-01-07T15:17:20.272+0000] {dagbag.py:588} INFO - Filling up the DagBag from /opt/airflow/dags/ico_scraping_dag_entire_once.py
[2025-01-07T15:17:20.680+0000] {processor.py:925} INFO - DAG(s) 'ico_scraping_dag_entire_once' retrieved from /opt/airflow/dags/ico_scraping_dag_entire_once.py
[2025-01-07T15:17:20.707+0000] {logging_mixin.py:190} INFO - [2025-01-07T15:17:20.707+0000] {dag.py:3239} INFO - Sync 1 DAGs
[2025-01-07T15:17:20.730+0000] {logging_mixin.py:190} INFO - [2025-01-07T15:17:20.730+0000] {dag.py:4180} INFO - Setting next_dagrun for ico_scraping_dag_entire_once to None, run_after=None
[2025-01-07T15:17:20.750+0000] {processor.py:208} INFO - Processing /opt/airflow/dags/ico_scraping_dag_entire_once.py took 0.490 seconds
[2025-01-07T15:17:51.487+0000] {processor.py:186} INFO - Started process (PID=1012) to work on /opt/airflow/dags/ico_scraping_dag_entire_once.py
[2025-01-07T15:17:51.494+0000] {processor.py:914} INFO - Processing file /opt/airflow/dags/ico_scraping_dag_entire_once.py for tasks to queue
[2025-01-07T15:17:51.511+0000] {logging_mixin.py:190} INFO - [2025-01-07T15:17:51.508+0000] {dagbag.py:588} INFO - Filling up the DagBag from /opt/airflow/dags/ico_scraping_dag_entire_once.py
[2025-01-07T15:17:52.299+0000] {processor.py:925} INFO - DAG(s) 'ico_scraping_dag_entire_once' retrieved from /opt/airflow/dags/ico_scraping_dag_entire_once.py
[2025-01-07T15:17:52.362+0000] {logging_mixin.py:190} INFO - [2025-01-07T15:17:52.361+0000] {dag.py:3239} INFO - Sync 1 DAGs
[2025-01-07T15:17:52.399+0000] {logging_mixin.py:190} INFO - [2025-01-07T15:17:52.398+0000] {dag.py:4180} INFO - Setting next_dagrun for ico_scraping_dag_entire_once to None, run_after=None
[2025-01-07T15:17:52.431+0000] {processor.py:208} INFO - Processing /opt/airflow/dags/ico_scraping_dag_entire_once.py took 0.958 seconds
[2025-01-07T15:18:23.189+0000] {processor.py:186} INFO - Started process (PID=1058) to work on /opt/airflow/dags/ico_scraping_dag_entire_once.py
[2025-01-07T15:18:23.197+0000] {processor.py:914} INFO - Processing file /opt/airflow/dags/ico_scraping_dag_entire_once.py for tasks to queue
[2025-01-07T15:18:23.201+0000] {logging_mixin.py:190} INFO - [2025-01-07T15:18:23.200+0000] {dagbag.py:588} INFO - Filling up the DagBag from /opt/airflow/dags/ico_scraping_dag_entire_once.py
[2025-01-07T15:18:23.665+0000] {processor.py:925} INFO - DAG(s) 'ico_scraping_dag_entire_once' retrieved from /opt/airflow/dags/ico_scraping_dag_entire_once.py
[2025-01-07T15:18:23.697+0000] {logging_mixin.py:190} INFO - [2025-01-07T15:18:23.696+0000] {dag.py:3239} INFO - Sync 1 DAGs
[2025-01-07T15:18:23.720+0000] {logging_mixin.py:190} INFO - [2025-01-07T15:18:23.720+0000] {dag.py:4180} INFO - Setting next_dagrun for ico_scraping_dag_entire_once to None, run_after=None
[2025-01-07T15:18:23.742+0000] {processor.py:208} INFO - Processing /opt/airflow/dags/ico_scraping_dag_entire_once.py took 0.562 seconds
