[2025-01-07T02:20:50.710+0000] {processor.py:186} INFO - Started process (PID=4196) to work on /opt/airflow/dags/selenium_dag_02.py
[2025-01-07T02:20:50.710+0000] {processor.py:914} INFO - Processing file /opt/airflow/dags/selenium_dag_02.py for tasks to queue
[2025-01-07T02:20:50.712+0000] {logging_mixin.py:190} INFO - [2025-01-07T02:20:50.711+0000] {dagbag.py:588} INFO - Filling up the DagBag from /opt/airflow/dags/selenium_dag_02.py
[2025-01-07T02:20:51.223+0000] {processor.py:925} INFO - DAG(s) 'ico_scraping_dag_entire111' retrieved from /opt/airflow/dags/selenium_dag_02.py
[2025-01-07T02:20:51.340+0000] {logging_mixin.py:190} INFO - [2025-01-07T02:20:51.340+0000] {dag.py:3239} INFO - Sync 1 DAGs
[2025-01-07T02:20:51.361+0000] {logging_mixin.py:190} INFO - [2025-01-07T02:20:51.361+0000] {dag.py:4180} INFO - Setting next_dagrun for ico_scraping_dag_entire111 to 2025-01-07 00:00:00+00:00, run_after=2025-01-08 00:00:00+00:00
[2025-01-07T02:20:51.381+0000] {processor.py:208} INFO - Processing /opt/airflow/dags/selenium_dag_02.py took 0.678 seconds
[2025-01-07T02:21:21.576+0000] {processor.py:186} INFO - Started process (PID=4220) to work on /opt/airflow/dags/selenium_dag_02.py
[2025-01-07T02:21:21.584+0000] {processor.py:914} INFO - Processing file /opt/airflow/dags/selenium_dag_02.py for tasks to queue
[2025-01-07T02:21:21.585+0000] {logging_mixin.py:190} INFO - [2025-01-07T02:21:21.585+0000] {dagbag.py:588} INFO - Filling up the DagBag from /opt/airflow/dags/selenium_dag_02.py
[2025-01-07T02:21:22.188+0000] {processor.py:925} INFO - DAG(s) 'ico_scraping_dag_entire111' retrieved from /opt/airflow/dags/selenium_dag_02.py
[2025-01-07T02:21:22.208+0000] {logging_mixin.py:190} INFO - [2025-01-07T02:21:22.207+0000] {dag.py:3239} INFO - Sync 1 DAGs
[2025-01-07T02:21:22.229+0000] {logging_mixin.py:190} INFO - [2025-01-07T02:21:22.229+0000] {dag.py:4180} INFO - Setting next_dagrun for ico_scraping_dag_entire111 to 2025-01-07 00:00:00+00:00, run_after=2025-01-08 00:00:00+00:00
[2025-01-07T02:21:22.246+0000] {processor.py:208} INFO - Processing /opt/airflow/dags/selenium_dag_02.py took 0.679 seconds
[2025-01-07T02:21:52.580+0000] {processor.py:186} INFO - Started process (PID=4232) to work on /opt/airflow/dags/selenium_dag_02.py
[2025-01-07T02:21:52.592+0000] {processor.py:914} INFO - Processing file /opt/airflow/dags/selenium_dag_02.py for tasks to queue
[2025-01-07T02:21:52.608+0000] {logging_mixin.py:190} INFO - [2025-01-07T02:21:52.604+0000] {dagbag.py:588} INFO - Filling up the DagBag from /opt/airflow/dags/selenium_dag_02.py
[2025-01-07T02:21:54.824+0000] {processor.py:925} INFO - DAG(s) 'ico_scraping_dag_entire111' retrieved from /opt/airflow/dags/selenium_dag_02.py
[2025-01-07T02:21:54.894+0000] {logging_mixin.py:190} INFO - [2025-01-07T02:21:54.893+0000] {dag.py:3239} INFO - Sync 1 DAGs
[2025-01-07T02:21:54.989+0000] {logging_mixin.py:190} INFO - [2025-01-07T02:21:54.987+0000] {dag.py:4180} INFO - Setting next_dagrun for ico_scraping_dag_entire111 to 2025-01-07 00:00:00+00:00, run_after=2025-01-08 00:00:00+00:00
[2025-01-07T02:21:55.038+0000] {processor.py:208} INFO - Processing /opt/airflow/dags/selenium_dag_02.py took 2.539 seconds
[2025-01-07T02:22:25.243+0000] {processor.py:186} INFO - Started process (PID=4244) to work on /opt/airflow/dags/selenium_dag_02.py
[2025-01-07T02:22:25.244+0000] {processor.py:914} INFO - Processing file /opt/airflow/dags/selenium_dag_02.py for tasks to queue
[2025-01-07T02:22:25.245+0000] {logging_mixin.py:190} INFO - [2025-01-07T02:22:25.245+0000] {dagbag.py:588} INFO - Filling up the DagBag from /opt/airflow/dags/selenium_dag_02.py
[2025-01-07T02:22:27.188+0000] {processor.py:925} INFO - DAG(s) 'ico_scraping_dag_entire111' retrieved from /opt/airflow/dags/selenium_dag_02.py
[2025-01-07T02:22:27.288+0000] {logging_mixin.py:190} INFO - [2025-01-07T02:22:27.287+0000] {dag.py:3239} INFO - Sync 1 DAGs
[2025-01-07T02:22:27.339+0000] {logging_mixin.py:190} INFO - [2025-01-07T02:22:27.338+0000] {dag.py:4180} INFO - Setting next_dagrun for ico_scraping_dag_entire111 to 2025-01-07 00:00:00+00:00, run_after=2025-01-08 00:00:00+00:00
[2025-01-07T02:22:27.378+0000] {processor.py:208} INFO - Processing /opt/airflow/dags/selenium_dag_02.py took 2.162 seconds
[2025-01-07T02:22:57.462+0000] {processor.py:186} INFO - Started process (PID=4262) to work on /opt/airflow/dags/selenium_dag_02.py
[2025-01-07T02:22:57.464+0000] {processor.py:914} INFO - Processing file /opt/airflow/dags/selenium_dag_02.py for tasks to queue
[2025-01-07T02:22:57.466+0000] {logging_mixin.py:190} INFO - [2025-01-07T02:22:57.465+0000] {dagbag.py:588} INFO - Filling up the DagBag from /opt/airflow/dags/selenium_dag_02.py
[2025-01-07T02:22:58.090+0000] {processor.py:925} INFO - DAG(s) 'ico_scraping_dag_entire111' retrieved from /opt/airflow/dags/selenium_dag_02.py
[2025-01-07T02:22:58.143+0000] {logging_mixin.py:190} INFO - [2025-01-07T02:22:58.142+0000] {dag.py:3239} INFO - Sync 1 DAGs
[2025-01-07T02:22:58.194+0000] {logging_mixin.py:190} INFO - [2025-01-07T02:22:58.194+0000] {dag.py:4180} INFO - Setting next_dagrun for ico_scraping_dag_entire111 to 2025-01-07 00:00:00+00:00, run_after=2025-01-08 00:00:00+00:00
[2025-01-07T02:22:58.225+0000] {processor.py:208} INFO - Processing /opt/airflow/dags/selenium_dag_02.py took 0.771 seconds
[2025-01-07T02:23:28.472+0000] {processor.py:186} INFO - Started process (PID=4274) to work on /opt/airflow/dags/selenium_dag_02.py
[2025-01-07T02:23:28.480+0000] {processor.py:914} INFO - Processing file /opt/airflow/dags/selenium_dag_02.py for tasks to queue
[2025-01-07T02:23:28.481+0000] {logging_mixin.py:190} INFO - [2025-01-07T02:23:28.481+0000] {dagbag.py:588} INFO - Filling up the DagBag from /opt/airflow/dags/selenium_dag_02.py
[2025-01-07T02:23:28.974+0000] {processor.py:925} INFO - DAG(s) 'ico_scraping_dag_entire111' retrieved from /opt/airflow/dags/selenium_dag_02.py
[2025-01-07T02:23:28.995+0000] {logging_mixin.py:190} INFO - [2025-01-07T02:23:28.995+0000] {dag.py:3239} INFO - Sync 1 DAGs
[2025-01-07T02:23:29.014+0000] {logging_mixin.py:190} INFO - [2025-01-07T02:23:29.014+0000] {dag.py:4180} INFO - Setting next_dagrun for ico_scraping_dag_entire111 to 2025-01-07 00:00:00+00:00, run_after=2025-01-08 00:00:00+00:00
[2025-01-07T02:23:29.036+0000] {processor.py:208} INFO - Processing /opt/airflow/dags/selenium_dag_02.py took 0.570 seconds
[2025-01-07T02:23:44.808+0000] {processor.py:186} INFO - Started process (PID=4280) to work on /opt/airflow/dags/selenium_dag_02.py
[2025-01-07T02:23:44.809+0000] {processor.py:914} INFO - Processing file /opt/airflow/dags/selenium_dag_02.py for tasks to queue
[2025-01-07T02:23:44.811+0000] {logging_mixin.py:190} INFO - [2025-01-07T02:23:44.810+0000] {dagbag.py:588} INFO - Filling up the DagBag from /opt/airflow/dags/selenium_dag_02.py
[2025-01-07T02:23:45.449+0000] {processor.py:925} INFO - DAG(s) 'ico_scraping_dag_entire111' retrieved from /opt/airflow/dags/selenium_dag_02.py
[2025-01-07T02:23:45.471+0000] {logging_mixin.py:190} INFO - [2025-01-07T02:23:45.470+0000] {dag.py:3239} INFO - Sync 1 DAGs
[2025-01-07T02:23:45.492+0000] {logging_mixin.py:190} INFO - [2025-01-07T02:23:45.492+0000] {dag.py:4180} INFO - Setting next_dagrun for ico_scraping_dag_entire111 to 2025-01-07 00:00:00+00:00, run_after=2025-01-08 00:00:00+00:00
[2025-01-07T02:23:45.512+0000] {processor.py:208} INFO - Processing /opt/airflow/dags/selenium_dag_02.py took 0.710 seconds
[2025-01-07T02:24:15.716+0000] {processor.py:186} INFO - Started process (PID=4292) to work on /opt/airflow/dags/selenium_dag_02.py
[2025-01-07T02:24:15.717+0000] {processor.py:914} INFO - Processing file /opt/airflow/dags/selenium_dag_02.py for tasks to queue
[2025-01-07T02:24:15.718+0000] {logging_mixin.py:190} INFO - [2025-01-07T02:24:15.718+0000] {dagbag.py:588} INFO - Filling up the DagBag from /opt/airflow/dags/selenium_dag_02.py
[2025-01-07T02:24:16.277+0000] {processor.py:925} INFO - DAG(s) 'ico_scraping_dag_entire111' retrieved from /opt/airflow/dags/selenium_dag_02.py
[2025-01-07T02:24:16.300+0000] {logging_mixin.py:190} INFO - [2025-01-07T02:24:16.300+0000] {dag.py:3239} INFO - Sync 1 DAGs
[2025-01-07T02:24:16.320+0000] {logging_mixin.py:190} INFO - [2025-01-07T02:24:16.320+0000] {dag.py:4180} INFO - Setting next_dagrun for ico_scraping_dag_entire111 to 2025-01-07 00:00:00+00:00, run_after=2025-01-08 00:00:00+00:00
[2025-01-07T02:24:16.345+0000] {processor.py:208} INFO - Processing /opt/airflow/dags/selenium_dag_02.py took 0.636 seconds
[2025-01-07T02:24:46.506+0000] {processor.py:186} INFO - Started process (PID=4304) to work on /opt/airflow/dags/selenium_dag_02.py
[2025-01-07T02:24:46.507+0000] {processor.py:914} INFO - Processing file /opt/airflow/dags/selenium_dag_02.py for tasks to queue
[2025-01-07T02:24:46.508+0000] {logging_mixin.py:190} INFO - [2025-01-07T02:24:46.508+0000] {dagbag.py:588} INFO - Filling up the DagBag from /opt/airflow/dags/selenium_dag_02.py
[2025-01-07T02:24:47.018+0000] {processor.py:925} INFO - DAG(s) 'ico_scraping_dag_entire111' retrieved from /opt/airflow/dags/selenium_dag_02.py
[2025-01-07T02:24:47.042+0000] {logging_mixin.py:190} INFO - [2025-01-07T02:24:47.042+0000] {dag.py:3239} INFO - Sync 1 DAGs
[2025-01-07T02:24:47.064+0000] {logging_mixin.py:190} INFO - [2025-01-07T02:24:47.063+0000] {dag.py:4180} INFO - Setting next_dagrun for ico_scraping_dag_entire111 to 2025-01-07 00:00:00+00:00, run_after=2025-01-08 00:00:00+00:00
[2025-01-07T02:24:47.081+0000] {processor.py:208} INFO - Processing /opt/airflow/dags/selenium_dag_02.py took 0.581 seconds
[2025-01-07T02:25:17.379+0000] {processor.py:186} INFO - Started process (PID=4316) to work on /opt/airflow/dags/selenium_dag_02.py
[2025-01-07T02:25:17.387+0000] {processor.py:914} INFO - Processing file /opt/airflow/dags/selenium_dag_02.py for tasks to queue
[2025-01-07T02:25:17.389+0000] {logging_mixin.py:190} INFO - [2025-01-07T02:25:17.389+0000] {dagbag.py:588} INFO - Filling up the DagBag from /opt/airflow/dags/selenium_dag_02.py
[2025-01-07T02:25:17.931+0000] {processor.py:925} INFO - DAG(s) 'ico_scraping_dag_entire111' retrieved from /opt/airflow/dags/selenium_dag_02.py
[2025-01-07T02:25:17.958+0000] {logging_mixin.py:190} INFO - [2025-01-07T02:25:17.958+0000] {dag.py:3239} INFO - Sync 1 DAGs
[2025-01-07T02:25:17.989+0000] {logging_mixin.py:190} INFO - [2025-01-07T02:25:17.988+0000] {dag.py:4180} INFO - Setting next_dagrun for ico_scraping_dag_entire111 to 2025-01-07 00:00:00+00:00, run_after=2025-01-08 00:00:00+00:00
[2025-01-07T02:25:18.018+0000] {processor.py:208} INFO - Processing /opt/airflow/dags/selenium_dag_02.py took 0.664 seconds
