[2025-01-07T15:07:59.592+0000] {processor.py:186} INFO - Started process (PID=195) to work on /opt/airflow/dags/uploading_data_entire_manually.py
[2025-01-07T15:07:59.593+0000] {processor.py:914} INFO - Processing file /opt/airflow/dags/uploading_data_entire_manually.py for tasks to queue
[2025-01-07T15:07:59.597+0000] {logging_mixin.py:190} INFO - [2025-01-07T15:07:59.597+0000] {dagbag.py:588} INFO - Filling up the DagBag from /opt/airflow/dags/uploading_data_entire_manually.py
[2025-01-07T15:08:01.353+0000] {processor.py:925} INFO - DAG(s) 'ico_scraping_dag_entire_manually' retrieved from /opt/airflow/dags/uploading_data_entire_manually.py
[2025-01-07T15:08:01.565+0000] {logging_mixin.py:190} INFO - [2025-01-07T15:08:01.564+0000] {override.py:1911} INFO - Created Permission View: can edit on DAG:ico_scraping_dag_entire_manually
[2025-01-07T15:08:01.575+0000] {logging_mixin.py:190} INFO - [2025-01-07T15:08:01.574+0000] {override.py:1911} INFO - Created Permission View: can read on DAG:ico_scraping_dag_entire_manually
[2025-01-07T15:08:01.582+0000] {logging_mixin.py:190} INFO - [2025-01-07T15:08:01.581+0000] {override.py:1911} INFO - Created Permission View: can delete on DAG:ico_scraping_dag_entire_manually
[2025-01-07T15:08:01.589+0000] {logging_mixin.py:190} INFO - [2025-01-07T15:08:01.589+0000] {override.py:1911} INFO - Created Permission View: can read on DAG Run:ico_scraping_dag_entire_manually
[2025-01-07T15:08:01.595+0000] {logging_mixin.py:190} INFO - [2025-01-07T15:08:01.595+0000] {override.py:1911} INFO - Created Permission View: can create on DAG Run:ico_scraping_dag_entire_manually
[2025-01-07T15:08:01.600+0000] {logging_mixin.py:190} INFO - [2025-01-07T15:08:01.600+0000] {override.py:1911} INFO - Created Permission View: menu access on DAG Run:ico_scraping_dag_entire_manually
[2025-01-07T15:08:01.605+0000] {logging_mixin.py:190} INFO - [2025-01-07T15:08:01.605+0000] {override.py:1911} INFO - Created Permission View: can delete on DAG Run:ico_scraping_dag_entire_manually
[2025-01-07T15:08:01.606+0000] {logging_mixin.py:190} INFO - [2025-01-07T15:08:01.605+0000] {dag.py:3239} INFO - Sync 1 DAGs
[2025-01-07T15:08:01.615+0000] {logging_mixin.py:190} INFO - [2025-01-07T15:08:01.615+0000] {dag.py:3262} INFO - Creating ORM DAG for ico_scraping_dag_entire_manually
[2025-01-07T15:08:01.625+0000] {logging_mixin.py:190} INFO - [2025-01-07T15:08:01.625+0000] {dag.py:4180} INFO - Setting next_dagrun for ico_scraping_dag_entire_manually to 2025-01-07 00:00:00+00:00, run_after=2025-01-08 00:00:00+00:00
[2025-01-07T15:08:01.641+0000] {processor.py:208} INFO - Processing /opt/airflow/dags/uploading_data_entire_manually.py took 2.059 seconds
[2025-01-07T15:08:31.922+0000] {processor.py:186} INFO - Started process (PID=225) to work on /opt/airflow/dags/uploading_data_entire_manually.py
[2025-01-07T15:08:31.923+0000] {processor.py:914} INFO - Processing file /opt/airflow/dags/uploading_data_entire_manually.py for tasks to queue
[2025-01-07T15:08:31.926+0000] {logging_mixin.py:190} INFO - [2025-01-07T15:08:31.925+0000] {dagbag.py:588} INFO - Filling up the DagBag from /opt/airflow/dags/uploading_data_entire_manually.py
[2025-01-07T15:08:32.660+0000] {processor.py:925} INFO - DAG(s) 'ico_scraping_dag_entire_manually' retrieved from /opt/airflow/dags/uploading_data_entire_manually.py
[2025-01-07T15:08:32.702+0000] {logging_mixin.py:190} INFO - [2025-01-07T15:08:32.702+0000] {dag.py:3239} INFO - Sync 1 DAGs
[2025-01-07T15:08:32.729+0000] {logging_mixin.py:190} INFO - [2025-01-07T15:08:32.729+0000] {dag.py:4180} INFO - Setting next_dagrun for ico_scraping_dag_entire_manually to 2025-01-07 00:00:00+00:00, run_after=2025-01-08 00:00:00+00:00
[2025-01-07T15:08:32.747+0000] {processor.py:208} INFO - Processing /opt/airflow/dags/uploading_data_entire_manually.py took 0.832 seconds
[2025-01-07T15:09:03.077+0000] {processor.py:186} INFO - Started process (PID=255) to work on /opt/airflow/dags/uploading_data_entire_manually.py
[2025-01-07T15:09:03.078+0000] {processor.py:914} INFO - Processing file /opt/airflow/dags/uploading_data_entire_manually.py for tasks to queue
[2025-01-07T15:09:03.081+0000] {logging_mixin.py:190} INFO - [2025-01-07T15:09:03.081+0000] {dagbag.py:588} INFO - Filling up the DagBag from /opt/airflow/dags/uploading_data_entire_manually.py
[2025-01-07T15:09:03.592+0000] {processor.py:925} INFO - DAG(s) 'ico_scraping_dag_entire_manually' retrieved from /opt/airflow/dags/uploading_data_entire_manually.py
[2025-01-07T15:09:03.611+0000] {logging_mixin.py:190} INFO - [2025-01-07T15:09:03.611+0000] {dag.py:3239} INFO - Sync 1 DAGs
[2025-01-07T15:09:03.633+0000] {logging_mixin.py:190} INFO - [2025-01-07T15:09:03.633+0000] {dag.py:4180} INFO - Setting next_dagrun for ico_scraping_dag_entire_manually to 2025-01-07 00:00:00+00:00, run_after=2025-01-08 00:00:00+00:00
[2025-01-07T15:09:03.647+0000] {processor.py:208} INFO - Processing /opt/airflow/dags/uploading_data_entire_manually.py took 0.577 seconds
[2025-01-07T15:09:33.813+0000] {processor.py:186} INFO - Started process (PID=285) to work on /opt/airflow/dags/uploading_data_entire_manually.py
[2025-01-07T15:09:33.815+0000] {processor.py:914} INFO - Processing file /opt/airflow/dags/uploading_data_entire_manually.py for tasks to queue
[2025-01-07T15:09:33.818+0000] {logging_mixin.py:190} INFO - [2025-01-07T15:09:33.817+0000] {dagbag.py:588} INFO - Filling up the DagBag from /opt/airflow/dags/uploading_data_entire_manually.py
[2025-01-07T15:09:34.124+0000] {processor.py:925} INFO - DAG(s) 'ico_scraping_dag_entire_manually' retrieved from /opt/airflow/dags/uploading_data_entire_manually.py
[2025-01-07T15:09:34.155+0000] {logging_mixin.py:190} INFO - [2025-01-07T15:09:34.155+0000] {dag.py:3239} INFO - Sync 1 DAGs
[2025-01-07T15:09:34.181+0000] {logging_mixin.py:190} INFO - [2025-01-07T15:09:34.181+0000] {dag.py:4180} INFO - Setting next_dagrun for ico_scraping_dag_entire_manually to 2025-01-07 00:00:00+00:00, run_after=2025-01-08 00:00:00+00:00
[2025-01-07T15:09:34.199+0000] {processor.py:208} INFO - Processing /opt/airflow/dags/uploading_data_entire_manually.py took 0.396 seconds
[2025-01-07T15:10:04.850+0000] {processor.py:186} INFO - Started process (PID=315) to work on /opt/airflow/dags/uploading_data_entire_manually.py
[2025-01-07T15:10:04.852+0000] {processor.py:914} INFO - Processing file /opt/airflow/dags/uploading_data_entire_manually.py for tasks to queue
[2025-01-07T15:10:04.855+0000] {logging_mixin.py:190} INFO - [2025-01-07T15:10:04.854+0000] {dagbag.py:588} INFO - Filling up the DagBag from /opt/airflow/dags/uploading_data_entire_manually.py
[2025-01-07T15:10:05.237+0000] {processor.py:925} INFO - DAG(s) 'ico_scraping_dag_entire_manually' retrieved from /opt/airflow/dags/uploading_data_entire_manually.py
[2025-01-07T15:10:05.266+0000] {logging_mixin.py:190} INFO - [2025-01-07T15:10:05.266+0000] {dag.py:3239} INFO - Sync 1 DAGs
[2025-01-07T15:10:05.291+0000] {logging_mixin.py:190} INFO - [2025-01-07T15:10:05.291+0000] {dag.py:4180} INFO - Setting next_dagrun for ico_scraping_dag_entire_manually to 2025-01-07 00:00:00+00:00, run_after=2025-01-08 00:00:00+00:00
[2025-01-07T15:10:05.311+0000] {processor.py:208} INFO - Processing /opt/airflow/dags/uploading_data_entire_manually.py took 0.471 seconds
[2025-01-07T15:10:36.036+0000] {processor.py:186} INFO - Started process (PID=347) to work on /opt/airflow/dags/uploading_data_entire_manually.py
[2025-01-07T15:10:36.037+0000] {processor.py:914} INFO - Processing file /opt/airflow/dags/uploading_data_entire_manually.py for tasks to queue
[2025-01-07T15:10:36.041+0000] {logging_mixin.py:190} INFO - [2025-01-07T15:10:36.041+0000] {dagbag.py:588} INFO - Filling up the DagBag from /opt/airflow/dags/uploading_data_entire_manually.py
[2025-01-07T15:10:36.424+0000] {processor.py:925} INFO - DAG(s) 'ico_scraping_dag_entire_manually' retrieved from /opt/airflow/dags/uploading_data_entire_manually.py
[2025-01-07T15:10:36.456+0000] {logging_mixin.py:190} INFO - [2025-01-07T15:10:36.455+0000] {dag.py:3239} INFO - Sync 1 DAGs
[2025-01-07T15:10:36.485+0000] {logging_mixin.py:190} INFO - [2025-01-07T15:10:36.485+0000] {dag.py:4180} INFO - Setting next_dagrun for ico_scraping_dag_entire_manually to 2025-01-07 00:00:00+00:00, run_after=2025-01-08 00:00:00+00:00
[2025-01-07T15:10:36.508+0000] {processor.py:208} INFO - Processing /opt/airflow/dags/uploading_data_entire_manually.py took 0.482 seconds
[2025-01-07T15:11:07.289+0000] {processor.py:186} INFO - Started process (PID=383) to work on /opt/airflow/dags/uploading_data_entire_manually.py
[2025-01-07T15:11:07.291+0000] {processor.py:914} INFO - Processing file /opt/airflow/dags/uploading_data_entire_manually.py for tasks to queue
[2025-01-07T15:11:07.295+0000] {logging_mixin.py:190} INFO - [2025-01-07T15:11:07.294+0000] {dagbag.py:588} INFO - Filling up the DagBag from /opt/airflow/dags/uploading_data_entire_manually.py
[2025-01-07T15:11:07.637+0000] {processor.py:925} INFO - DAG(s) 'ico_scraping_dag_entire_manually' retrieved from /opt/airflow/dags/uploading_data_entire_manually.py
[2025-01-07T15:11:07.670+0000] {logging_mixin.py:190} INFO - [2025-01-07T15:11:07.669+0000] {dag.py:3239} INFO - Sync 1 DAGs
[2025-01-07T15:11:07.697+0000] {logging_mixin.py:190} INFO - [2025-01-07T15:11:07.697+0000] {dag.py:4180} INFO - Setting next_dagrun for ico_scraping_dag_entire_manually to 2025-01-07 00:00:00+00:00, run_after=2025-01-08 00:00:00+00:00
[2025-01-07T15:11:07.715+0000] {processor.py:208} INFO - Processing /opt/airflow/dags/uploading_data_entire_manually.py took 0.436 seconds
[2025-01-07T15:11:38.406+0000] {processor.py:186} INFO - Started process (PID=413) to work on /opt/airflow/dags/uploading_data_entire_manually.py
[2025-01-07T15:11:38.407+0000] {processor.py:914} INFO - Processing file /opt/airflow/dags/uploading_data_entire_manually.py for tasks to queue
[2025-01-07T15:11:38.411+0000] {logging_mixin.py:190} INFO - [2025-01-07T15:11:38.411+0000] {dagbag.py:588} INFO - Filling up the DagBag from /opt/airflow/dags/uploading_data_entire_manually.py
[2025-01-07T15:11:38.733+0000] {processor.py:925} INFO - DAG(s) 'ico_scraping_dag_entire_manually' retrieved from /opt/airflow/dags/uploading_data_entire_manually.py
[2025-01-07T15:11:38.759+0000] {logging_mixin.py:190} INFO - [2025-01-07T15:11:38.759+0000] {dag.py:3239} INFO - Sync 1 DAGs
[2025-01-07T15:11:38.783+0000] {logging_mixin.py:190} INFO - [2025-01-07T15:11:38.783+0000] {dag.py:4180} INFO - Setting next_dagrun for ico_scraping_dag_entire_manually to 2025-01-07 00:00:00+00:00, run_after=2025-01-08 00:00:00+00:00
[2025-01-07T15:11:38.802+0000] {processor.py:208} INFO - Processing /opt/airflow/dags/uploading_data_entire_manually.py took 0.407 seconds
[2025-01-07T15:12:09.403+0000] {processor.py:186} INFO - Started process (PID=509) to work on /opt/airflow/dags/uploading_data_entire_manually.py
[2025-01-07T15:12:09.405+0000] {processor.py:914} INFO - Processing file /opt/airflow/dags/uploading_data_entire_manually.py for tasks to queue
[2025-01-07T15:12:09.424+0000] {logging_mixin.py:190} INFO - [2025-01-07T15:12:09.423+0000] {dagbag.py:588} INFO - Filling up the DagBag from /opt/airflow/dags/uploading_data_entire_manually.py
[2025-01-07T15:12:09.900+0000] {processor.py:925} INFO - DAG(s) 'ico_scraping_dag_entire_manually' retrieved from /opt/airflow/dags/uploading_data_entire_manually.py
[2025-01-07T15:12:09.947+0000] {logging_mixin.py:190} INFO - [2025-01-07T15:12:09.947+0000] {dag.py:3239} INFO - Sync 1 DAGs
[2025-01-07T15:12:09.975+0000] {logging_mixin.py:190} INFO - [2025-01-07T15:12:09.975+0000] {dag.py:4180} INFO - Setting next_dagrun for ico_scraping_dag_entire_manually to 2025-01-07 00:00:00+00:00, run_after=2025-01-08 00:00:00+00:00
[2025-01-07T15:12:09.995+0000] {processor.py:208} INFO - Processing /opt/airflow/dags/uploading_data_entire_manually.py took 0.602 seconds
[2025-01-07T15:12:40.723+0000] {processor.py:186} INFO - Started process (PID=543) to work on /opt/airflow/dags/uploading_data_entire_manually.py
[2025-01-07T15:12:40.724+0000] {processor.py:914} INFO - Processing file /opt/airflow/dags/uploading_data_entire_manually.py for tasks to queue
[2025-01-07T15:12:40.726+0000] {logging_mixin.py:190} INFO - [2025-01-07T15:12:40.726+0000] {dagbag.py:588} INFO - Filling up the DagBag from /opt/airflow/dags/uploading_data_entire_manually.py
[2025-01-07T15:12:41.030+0000] {processor.py:925} INFO - DAG(s) 'ico_scraping_dag_entire_manually' retrieved from /opt/airflow/dags/uploading_data_entire_manually.py
[2025-01-07T15:12:41.063+0000] {logging_mixin.py:190} INFO - [2025-01-07T15:12:41.062+0000] {dag.py:3239} INFO - Sync 1 DAGs
[2025-01-07T15:12:41.094+0000] {logging_mixin.py:190} INFO - [2025-01-07T15:12:41.094+0000] {dag.py:4180} INFO - Setting next_dagrun for ico_scraping_dag_entire_manually to 2025-01-07 00:00:00+00:00, run_after=2025-01-08 00:00:00+00:00
[2025-01-07T15:12:41.112+0000] {processor.py:208} INFO - Processing /opt/airflow/dags/uploading_data_entire_manually.py took 0.395 seconds
[2025-01-07T15:13:11.815+0000] {processor.py:186} INFO - Started process (PID=603) to work on /opt/airflow/dags/uploading_data_entire_manually.py
[2025-01-07T15:13:11.816+0000] {processor.py:914} INFO - Processing file /opt/airflow/dags/uploading_data_entire_manually.py for tasks to queue
[2025-01-07T15:13:11.818+0000] {logging_mixin.py:190} INFO - [2025-01-07T15:13:11.818+0000] {dagbag.py:588} INFO - Filling up the DagBag from /opt/airflow/dags/uploading_data_entire_manually.py
[2025-01-07T15:13:12.107+0000] {processor.py:925} INFO - DAG(s) 'ico_scraping_dag_entire_manually' retrieved from /opt/airflow/dags/uploading_data_entire_manually.py
[2025-01-07T15:13:12.135+0000] {logging_mixin.py:190} INFO - [2025-01-07T15:13:12.134+0000] {dag.py:3239} INFO - Sync 1 DAGs
[2025-01-07T15:13:12.161+0000] {logging_mixin.py:190} INFO - [2025-01-07T15:13:12.161+0000] {dag.py:4180} INFO - Setting next_dagrun for ico_scraping_dag_entire_manually to 2025-01-07 00:00:00+00:00, run_after=2025-01-08 00:00:00+00:00
[2025-01-07T15:13:12.182+0000] {processor.py:208} INFO - Processing /opt/airflow/dags/uploading_data_entire_manually.py took 0.373 seconds
[2025-01-07T15:13:42.885+0000] {processor.py:186} INFO - Started process (PID=633) to work on /opt/airflow/dags/uploading_data_entire_manually.py
[2025-01-07T15:13:42.887+0000] {processor.py:914} INFO - Processing file /opt/airflow/dags/uploading_data_entire_manually.py for tasks to queue
[2025-01-07T15:13:42.889+0000] {logging_mixin.py:190} INFO - [2025-01-07T15:13:42.889+0000] {dagbag.py:588} INFO - Filling up the DagBag from /opt/airflow/dags/uploading_data_entire_manually.py
[2025-01-07T15:13:43.181+0000] {processor.py:925} INFO - DAG(s) 'ico_scraping_dag_entire_manually' retrieved from /opt/airflow/dags/uploading_data_entire_manually.py
[2025-01-07T15:13:43.211+0000] {logging_mixin.py:190} INFO - [2025-01-07T15:13:43.210+0000] {dag.py:3239} INFO - Sync 1 DAGs
[2025-01-07T15:13:43.236+0000] {logging_mixin.py:190} INFO - [2025-01-07T15:13:43.235+0000] {dag.py:4180} INFO - Setting next_dagrun for ico_scraping_dag_entire_manually to 2025-01-07 00:00:00+00:00, run_after=2025-01-08 00:00:00+00:00
[2025-01-07T15:13:43.252+0000] {processor.py:208} INFO - Processing /opt/airflow/dags/uploading_data_entire_manually.py took 0.372 seconds
[2025-01-07T15:14:13.912+0000] {processor.py:186} INFO - Started process (PID=671) to work on /opt/airflow/dags/uploading_data_entire_manually.py
[2025-01-07T15:14:13.913+0000] {processor.py:914} INFO - Processing file /opt/airflow/dags/uploading_data_entire_manually.py for tasks to queue
[2025-01-07T15:14:13.914+0000] {logging_mixin.py:190} INFO - [2025-01-07T15:14:13.914+0000] {dagbag.py:588} INFO - Filling up the DagBag from /opt/airflow/dags/uploading_data_entire_manually.py
[2025-01-07T15:14:14.202+0000] {processor.py:925} INFO - DAG(s) 'ico_scraping_dag_entire_manually' retrieved from /opt/airflow/dags/uploading_data_entire_manually.py
[2025-01-07T15:14:14.224+0000] {logging_mixin.py:190} INFO - [2025-01-07T15:14:14.224+0000] {dag.py:3239} INFO - Sync 1 DAGs
[2025-01-07T15:14:14.243+0000] {logging_mixin.py:190} INFO - [2025-01-07T15:14:14.243+0000] {dag.py:4180} INFO - Setting next_dagrun for ico_scraping_dag_entire_manually to 2025-01-07 00:00:00+00:00, run_after=2025-01-08 00:00:00+00:00
[2025-01-07T15:14:14.266+0000] {processor.py:208} INFO - Processing /opt/airflow/dags/uploading_data_entire_manually.py took 0.359 seconds
[2025-01-07T15:14:44.904+0000] {processor.py:186} INFO - Started process (PID=701) to work on /opt/airflow/dags/uploading_data_entire_manually.py
[2025-01-07T15:14:44.906+0000] {processor.py:914} INFO - Processing file /opt/airflow/dags/uploading_data_entire_manually.py for tasks to queue
[2025-01-07T15:14:44.909+0000] {logging_mixin.py:190} INFO - [2025-01-07T15:14:44.909+0000] {dagbag.py:588} INFO - Filling up the DagBag from /opt/airflow/dags/uploading_data_entire_manually.py
[2025-01-07T15:14:45.211+0000] {processor.py:925} INFO - DAG(s) 'ico_scraping_dag_entire_manually' retrieved from /opt/airflow/dags/uploading_data_entire_manually.py
[2025-01-07T15:14:45.239+0000] {logging_mixin.py:190} INFO - [2025-01-07T15:14:45.239+0000] {dag.py:3239} INFO - Sync 1 DAGs
[2025-01-07T15:14:45.263+0000] {logging_mixin.py:190} INFO - [2025-01-07T15:14:45.263+0000] {dag.py:4180} INFO - Setting next_dagrun for ico_scraping_dag_entire_manually to 2025-01-07 00:00:00+00:00, run_after=2025-01-08 00:00:00+00:00
[2025-01-07T15:14:45.286+0000] {processor.py:208} INFO - Processing /opt/airflow/dags/uploading_data_entire_manually.py took 0.395 seconds
[2025-01-07T15:15:16.003+0000] {processor.py:186} INFO - Started process (PID=731) to work on /opt/airflow/dags/uploading_data_entire_manually.py
[2025-01-07T15:15:16.004+0000] {processor.py:914} INFO - Processing file /opt/airflow/dags/uploading_data_entire_manually.py for tasks to queue
[2025-01-07T15:15:16.006+0000] {logging_mixin.py:190} INFO - [2025-01-07T15:15:16.006+0000] {dagbag.py:588} INFO - Filling up the DagBag from /opt/airflow/dags/uploading_data_entire_manually.py
[2025-01-07T15:15:16.251+0000] {processor.py:925} INFO - DAG(s) 'ico_scraping_dag_entire_manually' retrieved from /opt/airflow/dags/uploading_data_entire_manually.py
[2025-01-07T15:15:16.275+0000] {logging_mixin.py:190} INFO - [2025-01-07T15:15:16.275+0000] {dag.py:3239} INFO - Sync 1 DAGs
[2025-01-07T15:15:16.295+0000] {logging_mixin.py:190} INFO - [2025-01-07T15:15:16.295+0000] {dag.py:4180} INFO - Setting next_dagrun for ico_scraping_dag_entire_manually to 2025-01-07 00:00:00+00:00, run_after=2025-01-08 00:00:00+00:00
[2025-01-07T15:15:16.311+0000] {processor.py:208} INFO - Processing /opt/airflow/dags/uploading_data_entire_manually.py took 0.315 seconds
[2025-01-07T15:15:46.962+0000] {processor.py:186} INFO - Started process (PID=761) to work on /opt/airflow/dags/uploading_data_entire_manually.py
[2025-01-07T15:15:46.963+0000] {processor.py:914} INFO - Processing file /opt/airflow/dags/uploading_data_entire_manually.py for tasks to queue
[2025-01-07T15:15:46.966+0000] {logging_mixin.py:190} INFO - [2025-01-07T15:15:46.965+0000] {dagbag.py:588} INFO - Filling up the DagBag from /opt/airflow/dags/uploading_data_entire_manually.py
[2025-01-07T15:15:47.244+0000] {processor.py:925} INFO - DAG(s) 'ico_scraping_dag_entire_manually' retrieved from /opt/airflow/dags/uploading_data_entire_manually.py
[2025-01-07T15:15:47.270+0000] {logging_mixin.py:190} INFO - [2025-01-07T15:15:47.269+0000] {dag.py:3239} INFO - Sync 1 DAGs
[2025-01-07T15:15:47.292+0000] {logging_mixin.py:190} INFO - [2025-01-07T15:15:47.292+0000] {dag.py:4180} INFO - Setting next_dagrun for ico_scraping_dag_entire_manually to 2025-01-07 00:00:00+00:00, run_after=2025-01-08 00:00:00+00:00
[2025-01-07T15:15:47.317+0000] {processor.py:208} INFO - Processing /opt/airflow/dags/uploading_data_entire_manually.py took 0.362 seconds
[2025-01-07T15:16:18.043+0000] {processor.py:186} INFO - Started process (PID=791) to work on /opt/airflow/dags/uploading_data_entire_manually.py
[2025-01-07T15:16:18.044+0000] {processor.py:914} INFO - Processing file /opt/airflow/dags/uploading_data_entire_manually.py for tasks to queue
[2025-01-07T15:16:18.046+0000] {logging_mixin.py:190} INFO - [2025-01-07T15:16:18.046+0000] {dagbag.py:588} INFO - Filling up the DagBag from /opt/airflow/dags/uploading_data_entire_manually.py
[2025-01-07T15:16:18.336+0000] {processor.py:925} INFO - DAG(s) 'ico_scraping_dag_entire_manually' retrieved from /opt/airflow/dags/uploading_data_entire_manually.py
[2025-01-07T15:16:18.362+0000] {logging_mixin.py:190} INFO - [2025-01-07T15:16:18.362+0000] {dag.py:3239} INFO - Sync 1 DAGs
[2025-01-07T15:16:18.384+0000] {logging_mixin.py:190} INFO - [2025-01-07T15:16:18.384+0000] {dag.py:4180} INFO - Setting next_dagrun for ico_scraping_dag_entire_manually to 2025-01-07 00:00:00+00:00, run_after=2025-01-08 00:00:00+00:00
[2025-01-07T15:16:18.400+0000] {processor.py:208} INFO - Processing /opt/airflow/dags/uploading_data_entire_manually.py took 0.363 seconds
[2025-01-07T15:16:49.056+0000] {processor.py:186} INFO - Started process (PID=887) to work on /opt/airflow/dags/uploading_data_entire_manually.py
[2025-01-07T15:16:49.057+0000] {processor.py:914} INFO - Processing file /opt/airflow/dags/uploading_data_entire_manually.py for tasks to queue
[2025-01-07T15:16:49.060+0000] {logging_mixin.py:190} INFO - [2025-01-07T15:16:49.059+0000] {dagbag.py:588} INFO - Filling up the DagBag from /opt/airflow/dags/uploading_data_entire_manually.py
[2025-01-07T15:16:49.368+0000] {processor.py:925} INFO - DAG(s) 'ico_scraping_dag_entire_manually' retrieved from /opt/airflow/dags/uploading_data_entire_manually.py
[2025-01-07T15:16:49.393+0000] {logging_mixin.py:190} INFO - [2025-01-07T15:16:49.392+0000] {dag.py:3239} INFO - Sync 1 DAGs
[2025-01-07T15:16:49.417+0000] {logging_mixin.py:190} INFO - [2025-01-07T15:16:49.417+0000] {dag.py:4180} INFO - Setting next_dagrun for ico_scraping_dag_entire_manually to 2025-01-07 00:00:00+00:00, run_after=2025-01-08 00:00:00+00:00
[2025-01-07T15:16:49.443+0000] {processor.py:208} INFO - Processing /opt/airflow/dags/uploading_data_entire_manually.py took 0.394 seconds
[2025-01-07T15:17:20.283+0000] {processor.py:186} INFO - Started process (PID=983) to work on /opt/airflow/dags/uploading_data_entire_manually.py
[2025-01-07T15:17:20.285+0000] {processor.py:914} INFO - Processing file /opt/airflow/dags/uploading_data_entire_manually.py for tasks to queue
[2025-01-07T15:17:20.291+0000] {logging_mixin.py:190} INFO - [2025-01-07T15:17:20.290+0000] {dagbag.py:588} INFO - Filling up the DagBag from /opt/airflow/dags/uploading_data_entire_manually.py
[2025-01-07T15:17:20.640+0000] {processor.py:925} INFO - DAG(s) 'ico_scraping_dag_entire_manually' retrieved from /opt/airflow/dags/uploading_data_entire_manually.py
[2025-01-07T15:17:20.672+0000] {logging_mixin.py:190} INFO - [2025-01-07T15:17:20.671+0000] {dag.py:3239} INFO - Sync 1 DAGs
[2025-01-07T15:17:20.702+0000] {logging_mixin.py:190} INFO - [2025-01-07T15:17:20.701+0000] {dag.py:4180} INFO - Setting next_dagrun for ico_scraping_dag_entire_manually to 2025-01-07 00:00:00+00:00, run_after=2025-01-08 00:00:00+00:00
[2025-01-07T15:17:20.723+0000] {processor.py:208} INFO - Processing /opt/airflow/dags/uploading_data_entire_manually.py took 0.450 seconds
[2025-01-07T15:17:51.524+0000] {processor.py:186} INFO - Started process (PID=1015) to work on /opt/airflow/dags/uploading_data_entire_manually.py
[2025-01-07T15:17:51.525+0000] {processor.py:914} INFO - Processing file /opt/airflow/dags/uploading_data_entire_manually.py for tasks to queue
[2025-01-07T15:17:51.536+0000] {logging_mixin.py:190} INFO - [2025-01-07T15:17:51.534+0000] {dagbag.py:588} INFO - Filling up the DagBag from /opt/airflow/dags/uploading_data_entire_manually.py
[2025-01-07T15:17:52.211+0000] {processor.py:925} INFO - DAG(s) 'ico_scraping_dag_entire_manually' retrieved from /opt/airflow/dags/uploading_data_entire_manually.py
[2025-01-07T15:17:52.287+0000] {logging_mixin.py:190} INFO - [2025-01-07T15:17:52.286+0000] {dag.py:3239} INFO - Sync 1 DAGs
[2025-01-07T15:17:52.362+0000] {logging_mixin.py:190} INFO - [2025-01-07T15:17:52.362+0000] {dag.py:4180} INFO - Setting next_dagrun for ico_scraping_dag_entire_manually to 2025-01-07 00:00:00+00:00, run_after=2025-01-08 00:00:00+00:00
[2025-01-07T15:17:52.399+0000] {processor.py:208} INFO - Processing /opt/airflow/dags/uploading_data_entire_manually.py took 0.896 seconds
[2025-01-07T15:18:23.207+0000] {processor.py:186} INFO - Started process (PID=1061) to work on /opt/airflow/dags/uploading_data_entire_manually.py
[2025-01-07T15:18:23.208+0000] {processor.py:914} INFO - Processing file /opt/airflow/dags/uploading_data_entire_manually.py for tasks to queue
[2025-01-07T15:18:23.213+0000] {logging_mixin.py:190} INFO - [2025-01-07T15:18:23.212+0000] {dagbag.py:588} INFO - Filling up the DagBag from /opt/airflow/dags/uploading_data_entire_manually.py
[2025-01-07T15:18:23.628+0000] {processor.py:925} INFO - DAG(s) 'ico_scraping_dag_entire_manually' retrieved from /opt/airflow/dags/uploading_data_entire_manually.py
[2025-01-07T15:18:23.663+0000] {logging_mixin.py:190} INFO - [2025-01-07T15:18:23.662+0000] {dag.py:3239} INFO - Sync 1 DAGs
[2025-01-07T15:18:23.695+0000] {logging_mixin.py:190} INFO - [2025-01-07T15:18:23.695+0000] {dag.py:4180} INFO - Setting next_dagrun for ico_scraping_dag_entire_manually to 2025-01-07 00:00:00+00:00, run_after=2025-01-08 00:00:00+00:00
[2025-01-07T15:18:23.720+0000] {processor.py:208} INFO - Processing /opt/airflow/dags/uploading_data_entire_manually.py took 0.524 seconds
