[2025-01-07T00:20:13.794+0000] {local_task_job_runner.py:123} INFO - ::group::Pre task execution logs
[2025-01-07T00:20:13.813+0000] {taskinstance.py:2613} INFO - Dependencies all met for dep_context=non-requeueable deps ti=<TaskInstance: ico_scraping_dag_l11.scrape_ico_data manual__2025-01-07T00:20:11.522056+00:00 [queued]>
[2025-01-07T00:20:13.822+0000] {taskinstance.py:2613} INFO - Dependencies all met for dep_context=requeueable deps ti=<TaskInstance: ico_scraping_dag_l11.scrape_ico_data manual__2025-01-07T00:20:11.522056+00:00 [queued]>
[2025-01-07T00:20:13.822+0000] {taskinstance.py:2866} INFO - Starting attempt 1 of 2
[2025-01-07T00:20:13.836+0000] {taskinstance.py:2889} INFO - Executing <Task(PythonOperator): scrape_ico_data> on 2025-01-07 00:20:11.522056+00:00
[2025-01-07T00:20:13.849+0000] {standard_task_runner.py:104} INFO - Running: ['***', 'tasks', 'run', 'ico_scraping_dag_l11', 'scrape_ico_data', 'manual__2025-01-07T00:20:11.522056+00:00', '--job-id', '5', '--raw', '--subdir', 'DAGS_FOLDER/selenium_dag_01.py', '--cfg-path', '/tmp/tmp9t2h83wg']
[2025-01-07T00:20:13.856+0000] {standard_task_runner.py:105} INFO - Job 5: Subtask scrape_ico_data
[2025-01-07T00:20:13.858+0000] {logging_mixin.py:190} WARNING - /home/***/.local/lib/python3.12/site-packages/***/task/task_runner/standard_task_runner.py:70 DeprecationWarning: This process (pid=376) is multi-threaded, use of fork() may lead to deadlocks in the child.
[2025-01-07T00:20:13.858+0000] {standard_task_runner.py:72} INFO - Started process 382 to run task
[2025-01-07T00:20:13.988+0000] {task_command.py:467} INFO - Running <TaskInstance: ico_scraping_dag_l11.scrape_ico_data manual__2025-01-07T00:20:11.522056+00:00 [running]> on host e0f05d443e24
[2025-01-07T00:20:14.140+0000] {taskinstance.py:3132} INFO - Exporting env vars: AIRFLOW_CTX_DAG_OWNER='***' AIRFLOW_CTX_DAG_ID='ico_scraping_dag_l11' AIRFLOW_CTX_TASK_ID='scrape_ico_data' AIRFLOW_CTX_EXECUTION_DATE='2025-01-07T00:20:11.522056+00:00' AIRFLOW_CTX_TRY_NUMBER='1' AIRFLOW_CTX_DAG_RUN_ID='manual__2025-01-07T00:20:11.522056+00:00'
[2025-01-07T00:20:14.141+0000] {taskinstance.py:731} INFO - ::endgroup::
[2025-01-07T00:20:14.174+0000] {logging_mixin.py:190} INFO - Starting the web scraping process...
[2025-01-07T00:20:14.468+0000] {logging_mixin.py:190} INFO - Chrome version: Chromium 114.0.5735.0
[2025-01-07T00:20:14.468+0000] {logging_mixin.py:190} INFO - ChromeDriver version: ChromeDriver 114.0.5735.90 (386bc09e8f4f2e025eddae123f36f6263096ae49-refs/branch-heads/5735@{#1052})
[2025-01-07T00:20:14.469+0000] {logging_mixin.py:190} INFO - Chrome binary location set to: /opt/chrome/chrome
[2025-01-07T00:20:14.471+0000] {logging_mixin.py:190} INFO - ChromeDriver path set to: /opt/chromedriver/chromedriver
[2025-01-07T00:20:14.640+0000] {logging_mixin.py:190} INFO - WebDriver initialized successfully.
[2025-01-07T00:20:14.641+0000] {logging_mixin.py:190} INFO - Navigating to the ICO Drops page...
[2025-01-07T00:20:16.474+0000] {logging_mixin.py:190} INFO - Attempting to click element with xpath: //button[contains(text(), 'Agree')]
[2025-01-07T00:20:28.686+0000] {logging_mixin.py:190} INFO - Consent button not found or already agreed.
[2025-01-07T00:20:31.738+0000] {logging_mixin.py:190} INFO - Found 100 ICOs on the page.
[2025-01-07T00:20:31.739+0000] {logging_mixin.py:190} INFO - 
Processing ICO 1/100
[2025-01-07T00:20:31.788+0000] {logging_mixin.py:190} INFO - Extracted project_name: Beam
[2025-01-07T00:20:31.829+0000] {logging_mixin.py:190} INFO - Extracted project_ticker: BEAM
[2025-01-07T00:20:31.866+0000] {logging_mixin.py:190} INFO - Extracted project_link: https://icodrops.com/beam/
[2025-01-07T00:20:31.901+0000] {logging_mixin.py:190} INFO - Extracted project_round: Node Sale Round
[2025-01-07T00:20:31.932+0000] {logging_mixin.py:190} INFO - Extracted project_total_raised: $77.75 M
[2025-01-07T00:20:31.959+0000] {logging_mixin.py:190} INFO - Extracted project_pre_valuation: $1.77 B
[2025-01-07T00:20:32.001+0000] {logging_mixin.py:190} INFO - Extracted project_categories: Gaming
[2025-01-07T00:20:32.041+0000] {logging_mixin.py:190} INFO - Extracted project_roi: 0.01x
[2025-01-07T00:20:32.080+0000] {logging_mixin.py:190} INFO - Extracted project_date: Q4, 2024
[2025-01-07T00:20:32.185+0000] {logging_mixin.py:190} INFO - Extracted project_total_investors: 11
[2025-01-07T00:20:32.185+0000] {logging_mixin.py:190} INFO - 
Processing ICO 2/100
[2025-01-07T00:20:32.215+0000] {logging_mixin.py:190} INFO - Extracted project_name: aiPump
[2025-01-07T00:20:32.246+0000] {logging_mixin.py:190} INFO - Extracted project_ticker: AIPUMP
[2025-01-07T00:20:32.267+0000] {logging_mixin.py:190} INFO - Extracted project_link: https://icodrops.com/aipump/
[2025-01-07T00:20:32.287+0000] {logging_mixin.py:190} INFO - Extracted project_round: IDO on Polkastarter
[2025-01-07T00:20:32.314+0000] {logging_mixin.py:190} INFO - Extracted project_total_raised: —
[2025-01-07T00:20:32.336+0000] {logging_mixin.py:190} INFO - Extracted project_pre_valuation: $6 M  
[2025-01-07T00:20:32.367+0000] {logging_mixin.py:190} INFO - Extracted project_categories: AI Agents
[2025-01-07T00:20:32.408+0000] {logging_mixin.py:190} INFO - Extracted project_roi: —
[2025-01-07T00:20:32.454+0000] {logging_mixin.py:190} INFO - Extracted project_date: in 11h
[2025-01-07T00:20:54.644+0000] {logging_mixin.py:190} INFO - Extracted project_total_investors: 0
[2025-01-07T00:20:54.644+0000] {logging_mixin.py:190} INFO - 
Processing ICO 3/100
[2025-01-07T00:20:54.675+0000] {logging_mixin.py:190} INFO - Extracted project_name: Zephyr
[2025-01-07T00:20:54.698+0000] {logging_mixin.py:190} INFO - Extracted project_ticker: ZEFY
[2025-01-07T00:20:54.723+0000] {logging_mixin.py:190} INFO - Extracted project_link: https://icodrops.com/zephyr/
[2025-01-07T00:20:54.747+0000] {logging_mixin.py:190} INFO - Extracted project_round: Public Sale
[2025-01-07T00:20:54.773+0000] {logging_mixin.py:190} INFO - Extracted project_total_raised: $561 K
[2025-01-07T00:20:54.797+0000] {logging_mixin.py:190} INFO - Extracted project_pre_valuation: $5.5 M  
[2025-01-07T00:20:54.820+0000] {logging_mixin.py:190} INFO - Extracted project_categories: DeFi
[2025-01-07T00:20:54.881+0000] {logging_mixin.py:190} INFO - Extracted project_roi: —
[2025-01-07T00:20:54.920+0000] {logging_mixin.py:190} INFO - Extracted project_date: Q3, 2024
[2025-01-07T00:21:14.971+0000] {logging_mixin.py:190} INFO - Extracted project_total_investors: 0
[2025-01-07T00:21:14.971+0000] {logging_mixin.py:190} INFO - 
Processing ICO 4/100
[2025-01-07T00:21:14.992+0000] {logging_mixin.py:190} INFO - Extracted project_name: Sonic
[2025-01-07T00:21:15.020+0000] {logging_mixin.py:190} INFO - Extracted project_ticker: SONIC
[2025-01-07T00:21:15.046+0000] {logging_mixin.py:190} INFO - Extracted project_link: https://icodrops.com/sonic/
[2025-01-07T00:21:15.073+0000] {logging_mixin.py:190} INFO - Extracted project_round: Testnet Incentive Program
[2025-01-07T00:21:15.098+0000] {logging_mixin.py:190} INFO - Extracted project_total_raised: $12 M
[2025-01-07T00:21:15.126+0000] {logging_mixin.py:190} INFO - Extracted project_pre_valuation: $1.17 M
[2025-01-07T00:21:15.158+0000] {logging_mixin.py:190} INFO - Extracted project_categories: Blockchain
[2025-01-07T00:21:15.208+0000] {logging_mixin.py:190} INFO - Extracted project_roi: —
[2025-01-07T00:21:15.252+0000] {logging_mixin.py:190} INFO - Extracted project_date: Jan 6, 2025
[2025-01-07T00:21:15.367+0000] {logging_mixin.py:190} INFO - Extracted project_total_investors: 7
[2025-01-07T00:21:15.367+0000] {logging_mixin.py:190} INFO - 
Processing ICO 5/100
[2025-01-07T00:21:15.418+0000] {logging_mixin.py:190} INFO - Extracted project_name: ArkeFi
[2025-01-07T00:21:15.472+0000] {logging_mixin.py:190} INFO - Extracted project_ticker: RKFI
[2025-01-07T00:21:15.515+0000] {logging_mixin.py:190} INFO - Extracted project_link: https://icodrops.com/arkefi/
[2025-01-07T00:21:15.564+0000] {logging_mixin.py:190} INFO - Extracted project_round: IDO on Poolz
[2025-01-07T00:21:15.603+0000] {logging_mixin.py:190} INFO - Extracted project_total_raised: —
[2025-01-07T00:21:15.638+0000] {logging_mixin.py:190} INFO - Extracted project_pre_valuation: $20 M  
[2025-01-07T00:21:15.684+0000] {logging_mixin.py:190} INFO - Extracted project_categories: Blockchain Service
[2025-01-07T00:21:15.720+0000] {logging_mixin.py:190} INFO - Extracted project_roi: —
[2025-01-07T00:21:15.769+0000] {logging_mixin.py:190} INFO - Extracted project_date: Jan 3, 2025
[2025-01-07T00:21:38.087+0000] {logging_mixin.py:190} INFO - Extracted project_total_investors: 0
[2025-01-07T00:21:38.087+0000] {logging_mixin.py:190} INFO - 
Processing ICO 6/100
[2025-01-07T00:21:38.123+0000] {logging_mixin.py:190} INFO - Extracted project_name: BIO Protocol
[2025-01-07T00:21:38.154+0000] {logging_mixin.py:190} INFO - Extracted project_ticker: BIO
[2025-01-07T00:21:38.188+0000] {logging_mixin.py:190} INFO - Extracted project_link: https://icodrops.com/bio-protocol/
[2025-01-07T00:21:38.224+0000] {logging_mixin.py:190} INFO - Extracted project_round: Binance Launchpool
[2025-01-07T00:21:38.269+0000] {logging_mixin.py:190} INFO - Extracted project_total_raised: $29.9 M
[2025-01-07T00:21:38.313+0000] {logging_mixin.py:190} INFO - Extracted project_pre_valuation: $2.37 B
[2025-01-07T00:21:38.347+0000] {logging_mixin.py:190} INFO - Extracted project_categories: DeSci
[2025-01-07T00:21:38.389+0000] {logging_mixin.py:190} INFO - Extracted project_roi: 10.87x
[2025-01-07T00:21:38.430+0000] {logging_mixin.py:190} INFO - Extracted project_date: Dec 24, 2024
[2025-01-07T00:21:48.514+0000] {logging_mixin.py:190} INFO - Extracted project_total_investors: 3
[2025-01-07T00:21:48.514+0000] {logging_mixin.py:190} INFO - 
Processing ICO 7/100
[2025-01-07T00:21:48.538+0000] {logging_mixin.py:190} INFO - Extracted project_name: Pandana
[2025-01-07T00:21:48.563+0000] {logging_mixin.py:190} INFO - Extracted project_ticker: PNDN
[2025-01-07T00:21:48.595+0000] {logging_mixin.py:190} INFO - Extracted project_link: https://icodrops.com/pandana/
[2025-01-07T00:21:48.622+0000] {logging_mixin.py:190} INFO - Extracted project_round: Presale
[2025-01-07T00:21:48.650+0000] {logging_mixin.py:190} INFO - Extracted project_total_raised: $722 K
[2025-01-07T00:21:48.678+0000] {logging_mixin.py:190} INFO - Extracted project_pre_valuation: $24 M  
[2025-01-07T00:21:48.710+0000] {logging_mixin.py:190} INFO - Extracted project_categories: Memecoin
[2025-01-07T00:21:48.736+0000] {logging_mixin.py:190} INFO - Extracted project_roi: —
[2025-01-07T00:21:48.767+0000] {logging_mixin.py:190} INFO - Extracted project_date: Q4, 2024
[2025-01-07T00:22:11.524+0000] {logging_mixin.py:190} INFO - Extracted project_total_investors: 0
[2025-01-07T00:22:11.524+0000] {logging_mixin.py:190} INFO - 
Processing ICO 8/100
[2025-01-07T00:22:11.554+0000] {logging_mixin.py:190} INFO - Extracted project_name: Fuel Network
[2025-01-07T00:22:11.574+0000] {logging_mixin.py:190} INFO - Extracted project_ticker: FUEL
[2025-01-07T00:22:11.592+0000] {logging_mixin.py:190} INFO - Extracted project_link: https://icodrops.com/fuel-network/
[2025-01-07T00:22:11.615+0000] {logging_mixin.py:190} INFO - Extracted project_round: Public Sale
[2025-01-07T00:22:11.637+0000] {logging_mixin.py:190} INFO - Extracted project_total_raised: $90.9 M
[2025-01-07T00:22:11.658+0000] {logging_mixin.py:190} INFO - Extracted project_pre_valuation: $687.9 M
[2025-01-07T00:22:11.682+0000] {logging_mixin.py:190} INFO - Extracted project_categories: Layer-2
[2025-01-07T00:22:11.706+0000] {logging_mixin.py:190} INFO - Extracted project_roi: 3.44x
[2025-01-07T00:22:11.730+0000] {logging_mixin.py:190} INFO - Extracted project_date: Dec 17, 2024
[2025-01-07T00:22:11.798+0000] {logging_mixin.py:190} INFO - Extracted project_total_investors: 15
[2025-01-07T00:22:11.799+0000] {logging_mixin.py:190} INFO - 
Processing ICO 9/100
[2025-01-07T00:22:11.824+0000] {logging_mixin.py:190} INFO - Extracted project_name: Huddle01
[2025-01-07T00:22:21.842+0000] {logging_mixin.py:190} INFO - project_ticker not found.
[2025-01-07T00:22:21.865+0000] {logging_mixin.py:190} INFO - Extracted project_link: https://icodrops.com/huddle01/
[2025-01-07T00:22:21.889+0000] {logging_mixin.py:190} INFO - Extracted project_round: Node Sale Round
[2025-01-07T00:22:21.911+0000] {logging_mixin.py:190} INFO - Extracted project_total_raised: $4.5 M
[2025-01-07T00:22:21.935+0000] {logging_mixin.py:190} INFO - Extracted project_pre_valuation: —
[2025-01-07T00:22:21.952+0000] {logging_mixin.py:190} INFO - Extracted project_categories: Social
[2025-01-07T00:22:21.974+0000] {logging_mixin.py:190} INFO - Extracted project_roi: —
[2025-01-07T00:22:21.996+0000] {logging_mixin.py:190} INFO - Extracted project_date: Nov 6, 2024
[2025-01-07T00:22:22.063+0000] {logging_mixin.py:190} INFO - Extracted project_total_investors: 10
[2025-01-07T00:22:22.063+0000] {logging_mixin.py:190} INFO - 
Processing ICO 10/100
[2025-01-07T00:22:22.087+0000] {logging_mixin.py:190} INFO - Extracted project_name: Qorbi World
[2025-01-07T00:22:22.109+0000] {logging_mixin.py:190} INFO - Extracted project_ticker: QORBI
[2025-01-07T00:22:22.130+0000] {logging_mixin.py:190} INFO - Extracted project_link: https://icodrops.com/qorbi-world/
[2025-01-07T00:22:22.155+0000] {logging_mixin.py:190} INFO - Extracted project_round: IDO on MoonStarter
[2025-01-07T00:22:22.180+0000] {logging_mixin.py:190} INFO - Extracted project_total_raised: —
[2025-01-07T00:22:22.206+0000] {logging_mixin.py:190} INFO - Extracted project_pre_valuation: $10 M  
[2025-01-07T00:22:22.230+0000] {logging_mixin.py:190} INFO - Extracted project_categories: GameFi
[2025-01-07T00:22:22.256+0000] {logging_mixin.py:190} INFO - Extracted project_roi: —
[2025-01-07T00:22:22.280+0000] {logging_mixin.py:190} INFO - Extracted project_date: Dec 28, 2024
[2025-01-07T00:22:45.252+0000] {logging_mixin.py:190} INFO - Extracted project_total_investors: 0
[2025-01-07T00:22:45.252+0000] {logging_mixin.py:190} INFO - 
Processing ICO 11/100
[2025-01-07T00:22:45.283+0000] {logging_mixin.py:190} INFO - Extracted project_name: AZCoiner
[2025-01-07T00:22:45.313+0000] {logging_mixin.py:190} INFO - Extracted project_ticker: AZC
[2025-01-07T00:22:45.341+0000] {logging_mixin.py:190} INFO - Extracted project_link: https://icodrops.com/azcoiner/
[2025-01-07T00:22:45.374+0000] {logging_mixin.py:190} INFO - Extracted project_round: IDO on Spores
[2025-01-07T00:22:45.407+0000] {logging_mixin.py:190} INFO - Extracted project_total_raised: —
[2025-01-07T00:22:45.434+0000] {logging_mixin.py:190} INFO - Extracted project_pre_valuation: $20 M  
[2025-01-07T00:22:45.466+0000] {logging_mixin.py:190} INFO - Extracted project_categories: Blockchain Service
[2025-01-07T00:22:45.498+0000] {logging_mixin.py:190} INFO - Extracted project_roi: —
[2025-01-07T00:22:45.535+0000] {logging_mixin.py:190} INFO - Extracted project_date: Dec 27, 2024
[2025-01-07T00:23:05.573+0000] {logging_mixin.py:190} INFO - Extracted project_total_investors: 0
[2025-01-07T00:23:05.573+0000] {logging_mixin.py:190} INFO - 
Processing ICO 12/100
[2025-01-07T00:23:05.606+0000] {logging_mixin.py:190} INFO - Extracted project_name: Sentient AI
[2025-01-07T00:23:05.636+0000] {logging_mixin.py:190} INFO - Extracted project_ticker: SETAI
[2025-01-07T00:23:05.695+0000] {logging_mixin.py:190} INFO - Extracted project_link: https://icodrops.com/sentient-ai/
[2025-01-07T00:23:05.738+0000] {logging_mixin.py:190} INFO - Extracted project_round: IDO on Polkastarter
[2025-01-07T00:23:05.765+0000] {logging_mixin.py:190} INFO - Extracted project_total_raised: —
[2025-01-07T00:23:05.790+0000] {logging_mixin.py:190} INFO - Extracted project_pre_valuation: —
[2025-01-07T00:23:05.816+0000] {logging_mixin.py:190} INFO - Extracted project_categories: Artificial Intellig…
[2025-01-07T00:23:05.841+0000] {logging_mixin.py:190} INFO - Extracted project_roi: —
[2025-01-07T00:23:05.866+0000] {logging_mixin.py:190} INFO - Extracted project_date: Dec 27, 2024
[2025-01-07T00:23:28.542+0000] {logging_mixin.py:190} INFO - Extracted project_total_investors: 0
[2025-01-07T00:23:28.542+0000] {logging_mixin.py:190} INFO - 
Processing ICO 13/100
[2025-01-07T00:23:28.582+0000] {logging_mixin.py:190} INFO - Extracted project_name: Swell Network
[2025-01-07T00:23:28.608+0000] {logging_mixin.py:190} INFO - Extracted project_ticker: SWELL
[2025-01-07T00:23:28.636+0000] {logging_mixin.py:190} INFO - Extracted project_link: https://icodrops.com/swell-network/
[2025-01-07T00:23:28.658+0000] {logging_mixin.py:190} INFO - Extracted project_round: Points Farming
[2025-01-07T00:23:28.683+0000] {logging_mixin.py:190} INFO - Extracted project_total_raised: $3.75 M
[2025-01-07T00:23:28.707+0000] {logging_mixin.py:190} INFO - Extracted project_pre_valuation: $350.5 M
[2025-01-07T00:23:28.734+0000] {logging_mixin.py:190} INFO - Extracted project_categories: Liquid Staking Prot…
[2025-01-07T00:23:28.756+0000] {logging_mixin.py:190} INFO - Extracted project_roi: 0.39x
[2025-01-07T00:23:28.782+0000] {logging_mixin.py:190} INFO - Extracted project_date: Jan 29, 2024
[2025-01-07T00:23:28.850+0000] {logging_mixin.py:190} INFO - Extracted project_total_investors: 11
[2025-01-07T00:23:28.850+0000] {logging_mixin.py:190} INFO - 
Processing ICO 14/100
[2025-01-07T00:23:28.882+0000] {logging_mixin.py:190} INFO - Extracted project_name: Hive Intelligence
[2025-01-07T00:23:28.907+0000] {logging_mixin.py:190} INFO - Extracted project_ticker: HINT
[2025-01-07T00:23:28.937+0000] {logging_mixin.py:190} INFO - Extracted project_link: https://icodrops.com/hive-intelligence/
[2025-01-07T00:23:28.966+0000] {logging_mixin.py:190} INFO - Extracted project_round: Public Sale
[2025-01-07T00:23:28.996+0000] {logging_mixin.py:190} INFO - Extracted project_total_raised: $2.64 M
[2025-01-07T00:23:29.027+0000] {logging_mixin.py:190} INFO - Extracted project_pre_valuation: $8 M  
[2025-01-07T00:23:29.054+0000] {logging_mixin.py:190} INFO - Extracted project_categories: Infrastructure
[2025-01-07T00:23:29.084+0000] {logging_mixin.py:190} INFO - Extracted project_roi: 2x
[2025-01-07T00:23:29.113+0000] {logging_mixin.py:190} INFO - Extracted project_date: Dec 20, 2024
[2025-01-07T00:23:51.966+0000] {logging_mixin.py:190} INFO - Extracted project_total_investors: 0
[2025-01-07T00:23:51.966+0000] {logging_mixin.py:190} INFO - 
Processing ICO 15/100
[2025-01-07T00:23:51.992+0000] {logging_mixin.py:190} INFO - Extracted project_name: CratD2C
[2025-01-07T00:23:52.019+0000] {logging_mixin.py:190} INFO - Extracted project_ticker: CRATD2C
[2025-01-07T00:23:52.041+0000] {logging_mixin.py:190} INFO - Extracted project_link: https://icodrops.com/cratd2c/
[2025-01-07T00:23:52.066+0000] {logging_mixin.py:190} INFO - Extracted project_round: IEO
[2025-01-07T00:23:52.087+0000] {logging_mixin.py:190} INFO - Extracted project_total_raised: $1.21 M
[2025-01-07T00:23:52.110+0000] {logging_mixin.py:190} INFO - Extracted project_pre_valuation: $160 M  
[2025-01-07T00:23:52.136+0000] {logging_mixin.py:190} INFO - Extracted project_categories: Blockchain
[2025-01-07T00:23:52.159+0000] {logging_mixin.py:190} INFO - Extracted project_roi: —
[2025-01-07T00:23:52.185+0000] {logging_mixin.py:190} INFO - Extracted project_date: Dec 17, 2024
[2025-01-07T00:24:12.268+0000] {logging_mixin.py:190} INFO - Extracted project_total_investors: 0
[2025-01-07T00:24:12.269+0000] {logging_mixin.py:190} INFO - 
Processing ICO 16/100
[2025-01-07T00:24:12.299+0000] {logging_mixin.py:190} INFO - Extracted project_name: Nexade
[2025-01-07T00:24:12.331+0000] {logging_mixin.py:190} INFO - Extracted project_ticker: NEXD
[2025-01-07T00:24:12.366+0000] {logging_mixin.py:190} INFO - Extracted project_link: https://icodrops.com/nexade/
[2025-01-07T00:24:12.398+0000] {logging_mixin.py:190} INFO - Extracted project_round: SHO on DAO Maker
[2025-01-07T00:24:12.430+0000] {logging_mixin.py:190} INFO - Extracted project_total_raised: —
[2025-01-07T00:24:12.454+0000] {logging_mixin.py:190} INFO - Extracted project_pre_valuation: $70 M  
[2025-01-07T00:24:12.483+0000] {logging_mixin.py:190} INFO - Extracted project_categories: RWA (Real World Ass…
[2025-01-07T00:24:12.506+0000] {logging_mixin.py:190} INFO - Extracted project_roi: —
[2025-01-07T00:24:12.533+0000] {logging_mixin.py:190} INFO - Extracted project_date: Dec 13, 2024
[2025-01-07T00:24:35.427+0000] {logging_mixin.py:190} INFO - Extracted project_total_investors: 0
[2025-01-07T00:24:35.427+0000] {logging_mixin.py:190} INFO - 
Processing ICO 17/100
[2025-01-07T00:24:35.456+0000] {logging_mixin.py:190} INFO - Extracted project_name: Swing
[2025-01-07T00:24:35.478+0000] {logging_mixin.py:190} INFO - Extracted project_ticker: SWING
[2025-01-07T00:24:35.504+0000] {logging_mixin.py:190} INFO - Extracted project_link: https://icodrops.com/swing/
[2025-01-07T00:24:35.526+0000] {logging_mixin.py:190} INFO - Extracted project_round: Public Sale
[2025-01-07T00:24:35.557+0000] {logging_mixin.py:190} INFO - Extracted project_total_raised: $9.75 M
[2025-01-07T00:24:35.579+0000] {logging_mixin.py:190} INFO - Extracted project_pre_valuation: $60 M  
[2025-01-07T00:24:35.599+0000] {logging_mixin.py:190} INFO - Extracted project_categories: DeFi
[2025-01-07T00:24:35.617+0000] {logging_mixin.py:190} INFO - Extracted project_roi: 0.2x
[2025-01-07T00:24:35.638+0000] {logging_mixin.py:190} INFO - Extracted project_date: Dec 18, 2024
[2025-01-07T00:24:35.700+0000] {logging_mixin.py:190} INFO - Extracted project_total_investors: 10
[2025-01-07T00:24:35.701+0000] {logging_mixin.py:190} INFO - 
Processing ICO 18/100
[2025-01-07T00:24:35.722+0000] {logging_mixin.py:190} INFO - Extracted project_name: Help Steps
[2025-01-07T00:24:35.745+0000] {logging_mixin.py:190} INFO - Extracted project_ticker: HSX
[2025-01-07T00:24:35.766+0000] {logging_mixin.py:190} INFO - Extracted project_link: https://icodrops.com/help-steps/
[2025-01-07T00:24:35.808+0000] {logging_mixin.py:190} INFO - Extracted project_round: SHO on DAO Maker
[2025-01-07T00:24:35.844+0000] {logging_mixin.py:190} INFO - Extracted project_total_raised: —
[2025-01-07T00:24:35.891+0000] {logging_mixin.py:190} INFO - Extracted project_pre_valuation: $5 M  
[2025-01-07T00:24:35.925+0000] {logging_mixin.py:190} INFO - Extracted project_categories: Move To Earn
[2025-01-07T00:24:35.952+0000] {logging_mixin.py:190} INFO - Extracted project_roi: —
[2025-01-07T00:24:35.982+0000] {logging_mixin.py:190} INFO - Extracted project_date: Dec 12, 2024
[2025-01-07T00:24:46.070+0000] {logging_mixin.py:190} INFO - Extracted project_total_investors: 3
[2025-01-07T00:24:46.070+0000] {logging_mixin.py:190} INFO - 
Processing ICO 19/100
[2025-01-07T00:24:46.096+0000] {logging_mixin.py:190} INFO - Extracted project_name: Ringfence
[2025-01-07T00:24:58.958+0000] {logging_mixin.py:190} INFO - project_ticker not found.
[2025-01-07T00:24:58.982+0000] {logging_mixin.py:190} INFO - Extracted project_link: https://icodrops.com/ringfence/
[2025-01-07T00:24:59.008+0000] {logging_mixin.py:190} INFO - Extracted project_round: Airdrop
[2025-01-07T00:24:59.032+0000] {logging_mixin.py:190} INFO - Extracted project_total_raised: $1.5 M
[2025-01-07T00:24:59.054+0000] {logging_mixin.py:190} INFO - Extracted project_pre_valuation: —
[2025-01-07T00:24:59.077+0000] {logging_mixin.py:190} INFO - Extracted project_categories: Blockchain Service
[2025-01-07T00:24:59.099+0000] {logging_mixin.py:190} INFO - Extracted project_roi: —
[2025-01-07T00:24:59.123+0000] {logging_mixin.py:190} INFO - Extracted project_date: Dec 9, 2024
[2025-01-07T00:24:59.208+0000] {logging_mixin.py:190} INFO - Extracted project_total_investors: 9
[2025-01-07T00:24:59.209+0000] {logging_mixin.py:190} INFO - 
Processing ICO 20/100
[2025-01-07T00:24:59.237+0000] {logging_mixin.py:190} INFO - Extracted project_name: WELF
[2025-01-07T00:24:59.260+0000] {logging_mixin.py:190} INFO - Extracted project_ticker: WELF
[2025-01-07T00:24:59.283+0000] {logging_mixin.py:190} INFO - Extracted project_link: https://icodrops.com/welf/
[2025-01-07T00:24:59.307+0000] {logging_mixin.py:190} INFO - Extracted project_round: IDO on Polkastarter
[2025-01-07T00:24:59.331+0000] {logging_mixin.py:190} INFO - Extracted project_total_raised: $3.45 M
[2025-01-07T00:24:59.357+0000] {logging_mixin.py:190} INFO - Extracted project_pre_valuation: $18 M  
[2025-01-07T00:24:59.381+0000] {logging_mixin.py:190} INFO - Extracted project_categories: RWA (Real World Ass…
[2025-01-07T00:24:59.405+0000] {logging_mixin.py:190} INFO - Extracted project_roi: —
[2025-01-07T00:24:59.441+0000] {logging_mixin.py:190} INFO - Extracted project_date: Dec 18, 2024
[2025-01-07T00:25:19.480+0000] {logging_mixin.py:190} INFO - Extracted project_total_investors: 0
[2025-01-07T00:25:19.480+0000] {logging_mixin.py:190} INFO - 
Processing ICO 21/100
[2025-01-07T00:25:19.505+0000] {logging_mixin.py:190} INFO - Extracted project_name: Glacier Network
[2025-01-07T00:25:19.523+0000] {logging_mixin.py:190} INFO - Extracted project_ticker: GLS
[2025-01-07T00:25:19.552+0000] {logging_mixin.py:190} INFO - Extracted project_link: https://icodrops.com/glacier-network/
[2025-01-07T00:25:19.584+0000] {logging_mixin.py:190} INFO - Extracted project_round: Public Sale
[2025-01-07T00:25:19.610+0000] {logging_mixin.py:190} INFO - Extracted project_total_raised: $16 M
[2025-01-07T00:25:19.635+0000] {logging_mixin.py:190} INFO - Extracted project_pre_valuation: $22.92 M
[2025-01-07T00:25:19.664+0000] {logging_mixin.py:190} INFO - Extracted project_categories: Artificial Intellig…
[2025-01-07T00:25:19.692+0000] {logging_mixin.py:190} INFO - Extracted project_roi: 0.7x
[2025-01-07T00:25:19.719+0000] {logging_mixin.py:190} INFO - Extracted project_date: Dec 18, 2024
[2025-01-07T00:25:19.782+0000] {logging_mixin.py:190} INFO - Extracted project_total_investors: 18
[2025-01-07T00:25:19.782+0000] {logging_mixin.py:190} INFO - 
Processing ICO 22/100
[2025-01-07T00:25:19.806+0000] {logging_mixin.py:190} INFO - Extracted project_name: Earn’M
[2025-01-07T00:25:19.832+0000] {logging_mixin.py:190} INFO - Extracted project_ticker: EARNM
[2025-01-07T00:25:19.853+0000] {logging_mixin.py:190} INFO - Extracted project_link: https://icodrops.com/earnm/
[2025-01-07T00:25:19.874+0000] {logging_mixin.py:190} INFO - Extracted project_round: IDO on ChainGPT
[2025-01-07T00:25:19.901+0000] {logging_mixin.py:190} INFO - Extracted project_total_raised: $200 K
[2025-01-07T00:25:19.921+0000] {logging_mixin.py:190} INFO - Extracted project_pre_valuation: $86.65 M
[2025-01-07T00:25:19.942+0000] {logging_mixin.py:190} INFO - Extracted project_categories: DePIN
[2025-01-07T00:25:19.967+0000] {logging_mixin.py:190} INFO - Extracted project_roi: 1.73x
[2025-01-07T00:25:19.988+0000] {logging_mixin.py:190} INFO - Extracted project_date: Dec 17, 2024
[2025-01-07T00:25:42.892+0000] {logging_mixin.py:190} INFO - Extracted project_total_investors: 0
[2025-01-07T00:25:42.896+0000] {logging_mixin.py:190} INFO - 
Processing ICO 23/100
[2025-01-07T00:25:42.988+0000] {logging_mixin.py:190} INFO - Extracted project_name: Script Network
[2025-01-07T00:25:43.036+0000] {logging_mixin.py:190} INFO - Extracted project_ticker: SCPT
[2025-01-07T00:25:43.080+0000] {logging_mixin.py:190} INFO - Extracted project_link: https://icodrops.com/script-network/
[2025-01-07T00:25:43.125+0000] {logging_mixin.py:190} INFO - Extracted project_round: Node Sale Round
[2025-01-07T00:25:43.163+0000] {logging_mixin.py:190} INFO - Extracted project_total_raised: $1.69 M
[2025-01-07T00:25:43.199+0000] {logging_mixin.py:190} INFO - Extracted project_pre_valuation: $7.76 M
[2025-01-07T00:25:43.228+0000] {logging_mixin.py:190} INFO - Extracted project_categories: Blockchain Service
[2025-01-07T00:25:43.289+0000] {logging_mixin.py:190} INFO - Extracted project_roi: 0.83x
[2025-01-07T00:25:43.330+0000] {logging_mixin.py:190} INFO - Extracted project_date: Q4, 2024
[2025-01-07T00:26:03.395+0000] {logging_mixin.py:190} INFO - Extracted project_total_investors: 0
[2025-01-07T00:26:03.395+0000] {logging_mixin.py:190} INFO - 
Processing ICO 24/100
[2025-01-07T00:26:03.436+0000] {logging_mixin.py:190} INFO - Extracted project_name: Pudgy Penguins
[2025-01-07T00:26:03.492+0000] {logging_mixin.py:190} INFO - Extracted project_ticker: PENGU
[2025-01-07T00:26:03.527+0000] {logging_mixin.py:190} INFO - Extracted project_link: https://icodrops.com/pudgy-penguins/
[2025-01-07T00:26:03.557+0000] {logging_mixin.py:190} INFO - Extracted project_round: NFT Sale
[2025-01-07T00:26:03.586+0000] {logging_mixin.py:190} INFO - Extracted project_total_raised: $20 M
[2025-01-07T00:26:03.611+0000] {logging_mixin.py:190} INFO - Extracted project_pre_valuation: $3.81 B
[2025-01-07T00:26:03.640+0000] {logging_mixin.py:190} INFO - Extracted project_categories: Meme
[2025-01-07T00:26:03.667+0000] {logging_mixin.py:190} INFO - Extracted project_roi: 0.71x
[2025-01-07T00:26:03.694+0000] {logging_mixin.py:190} INFO - Extracted project_date: Dec 17, 2024
[2025-01-07T00:26:03.768+0000] {logging_mixin.py:190} INFO - Extracted project_total_investors: 9
[2025-01-07T00:26:03.768+0000] {logging_mixin.py:190} INFO - 
Processing ICO 25/100
[2025-01-07T00:26:03.791+0000] {logging_mixin.py:190} INFO - Extracted project_name: Terrace
[2025-01-07T00:26:03.818+0000] {logging_mixin.py:190} INFO - Extracted project_ticker: TRC
[2025-01-07T00:26:03.840+0000] {logging_mixin.py:190} INFO - Extracted project_link: https://icodrops.com/terrace/
[2025-01-07T00:26:03.867+0000] {logging_mixin.py:190} INFO - Extracted project_round: Public Sale
[2025-01-07T00:26:03.894+0000] {logging_mixin.py:190} INFO - Extracted project_total_raised: $4.7 M
[2025-01-07T00:26:03.922+0000] {logging_mixin.py:190} INFO - Extracted project_pre_valuation: $25 M  
[2025-01-07T00:26:03.950+0000] {logging_mixin.py:190} INFO - Extracted project_categories: DeFi
[2025-01-07T00:26:03.983+0000] {logging_mixin.py:190} INFO - Extracted project_roi: —
[2025-01-07T00:26:04.011+0000] {logging_mixin.py:190} INFO - Extracted project_date: Dec 9, 2024
[2025-01-07T00:26:04.090+0000] {logging_mixin.py:190} INFO - Extracted project_total_investors: 6
[2025-01-07T00:26:04.090+0000] {logging_mixin.py:190} INFO - 
Processing ICO 26/100
[2025-01-07T00:26:04.123+0000] {logging_mixin.py:190} INFO - Extracted project_name: vana
[2025-01-07T00:26:04.155+0000] {logging_mixin.py:190} INFO - Extracted project_ticker: VANA
[2025-01-07T00:26:04.182+0000] {logging_mixin.py:190} INFO - Extracted project_link: https://icodrops.com/vana/
[2025-01-07T00:26:04.228+0000] {logging_mixin.py:190} INFO - Extracted project_round: Binance Launchpool
[2025-01-07T00:26:04.262+0000] {logging_mixin.py:190} INFO - Extracted project_total_raised: $25 M
[2025-01-07T00:26:04.292+0000] {logging_mixin.py:190} INFO - Extracted project_pre_valuation: $2.07 B
[2025-01-07T00:26:04.321+0000] {logging_mixin.py:190} INFO - Extracted project_categories: Artificial Intellig…
[2025-01-07T00:26:04.354+0000] {logging_mixin.py:190} INFO - Extracted project_roi: —
[2025-01-07T00:26:04.384+0000] {logging_mixin.py:190} INFO - Extracted project_date: Dec 14, 2024
[2025-01-07T00:26:17.401+0000] {logging_mixin.py:190} INFO - Extracted project_total_investors: 3
[2025-01-07T00:26:17.401+0000] {logging_mixin.py:190} INFO - 
Processing ICO 27/100
[2025-01-07T00:26:17.433+0000] {logging_mixin.py:190} INFO - Extracted project_name: MyStandard
[2025-01-07T00:26:17.462+0000] {logging_mixin.py:190} INFO - Extracted project_ticker: MYST
[2025-01-07T00:26:17.489+0000] {logging_mixin.py:190} INFO - Extracted project_link: https://icodrops.com/mystandard/
[2025-01-07T00:26:17.532+0000] {logging_mixin.py:190} INFO - Extracted project_round: IDO on SeaPad
[2025-01-07T00:26:17.570+0000] {logging_mixin.py:190} INFO - Extracted project_total_raised: $1.9 M
[2025-01-07T00:26:17.632+0000] {logging_mixin.py:190} INFO - Extracted project_pre_valuation: $38 M  
[2025-01-07T00:26:17.680+0000] {logging_mixin.py:190} INFO - Extracted project_categories: Blockchain Service
[2025-01-07T00:26:17.718+0000] {logging_mixin.py:190} INFO - Extracted project_roi: —
[2025-01-07T00:26:17.754+0000] {logging_mixin.py:190} INFO - Extracted project_date: Dec 14, 2024
[2025-01-07T00:26:17.843+0000] {logging_mixin.py:190} INFO - Extracted project_total_investors: 4
[2025-01-07T00:26:17.843+0000] {logging_mixin.py:190} INFO - 
Processing ICO 28/100
[2025-01-07T00:26:17.881+0000] {logging_mixin.py:190} INFO - Extracted project_name: Bluwhale
[2025-01-07T00:26:17.919+0000] {logging_mixin.py:190} INFO - Extracted project_ticker: BLUAI
[2025-01-07T00:26:17.952+0000] {logging_mixin.py:190} INFO - Extracted project_link: https://icodrops.com/bluwhale/
[2025-01-07T00:26:18.007+0000] {logging_mixin.py:190} INFO - Extracted project_round: Node Sale Round
[2025-01-07T00:26:18.039+0000] {logging_mixin.py:190} INFO - Extracted project_total_raised: $7 M
[2025-01-07T00:26:18.074+0000] {logging_mixin.py:190} INFO - Extracted project_pre_valuation: —
[2025-01-07T00:26:18.106+0000] {logging_mixin.py:190} INFO - Extracted project_categories: Blockchain Service
[2025-01-07T00:26:18.136+0000] {logging_mixin.py:190} INFO - Extracted project_roi: —
[2025-01-07T00:26:18.173+0000] {logging_mixin.py:190} INFO - Extracted project_date: Nov 14, 2024
[2025-01-07T00:26:18.273+0000] {logging_mixin.py:190} INFO - Extracted project_total_investors: 8
[2025-01-07T00:26:18.273+0000] {logging_mixin.py:190} INFO - 
Processing ICO 29/100
[2025-01-07T00:26:18.307+0000] {logging_mixin.py:190} INFO - Extracted project_name: Berally
[2025-01-07T00:26:18.344+0000] {logging_mixin.py:190} INFO - Extracted project_ticker: BRLY
[2025-01-07T00:26:18.379+0000] {logging_mixin.py:190} INFO - Extracted project_link: https://icodrops.com/berally/
[2025-01-07T00:26:18.411+0000] {logging_mixin.py:190} INFO - Extracted project_round: Whitelist Sale
[2025-01-07T00:26:18.448+0000] {logging_mixin.py:190} INFO - Extracted project_total_raised: —
[2025-01-07T00:26:18.474+0000] {logging_mixin.py:190} INFO - Extracted project_pre_valuation: —
[2025-01-07T00:26:18.503+0000] {logging_mixin.py:190} INFO - Extracted project_categories: Social
[2025-01-07T00:26:18.539+0000] {logging_mixin.py:190} INFO - Extracted project_roi: —
[2025-01-07T00:26:18.591+0000] {logging_mixin.py:190} INFO - Extracted project_date: Dec 10, 2024
[2025-01-07T00:26:38.645+0000] {logging_mixin.py:190} INFO - Extracted project_total_investors: 0
[2025-01-07T00:26:38.646+0000] {logging_mixin.py:190} INFO - 
Processing ICO 30/100
[2025-01-07T00:26:38.691+0000] {logging_mixin.py:190} INFO - Extracted project_name: STAGE
[2025-01-07T00:26:38.711+0000] {logging_mixin.py:190} INFO - Extracted project_ticker: STAGE
[2025-01-07T00:26:38.739+0000] {logging_mixin.py:190} INFO - Extracted project_link: https://icodrops.com/stage/
[2025-01-07T00:26:38.766+0000] {logging_mixin.py:190} INFO - Extracted project_round: IDO on Decubate
[2025-01-07T00:26:38.793+0000] {logging_mixin.py:190} INFO - Extracted project_total_raised: $4.6 M
[2025-01-07T00:26:38.833+0000] {logging_mixin.py:190} INFO - Extracted project_pre_valuation: $14 M
[2025-01-07T00:26:38.872+0000] {logging_mixin.py:190} INFO - Extracted project_categories: Social
[2025-01-07T00:26:38.912+0000] {logging_mixin.py:190} INFO - Extracted project_roi: 1.12x
[2025-01-07T00:26:38.947+0000] {logging_mixin.py:190} INFO - Extracted project_date: Dec 8, 2024
[2025-01-07T00:26:39.063+0000] {logging_mixin.py:190} INFO - Extracted project_total_investors: 12
[2025-01-07T00:26:39.064+0000] {logging_mixin.py:190} INFO - 
Processing ICO 31/100
[2025-01-07T00:26:39.102+0000] {logging_mixin.py:190} INFO - Extracted project_name: Cyclean
[2025-01-07T00:26:39.139+0000] {logging_mixin.py:190} INFO - Extracted project_ticker: CCL
[2025-01-07T00:26:39.169+0000] {logging_mixin.py:190} INFO - Extracted project_link: https://icodrops.com/cyclean/
[2025-01-07T00:26:39.211+0000] {logging_mixin.py:190} INFO - Extracted project_round: SHO on DAO Maker
[2025-01-07T00:26:39.247+0000] {logging_mixin.py:190} INFO - Extracted project_total_raised: $1.1 M
[2025-01-07T00:26:39.287+0000] {logging_mixin.py:190} INFO - Extracted project_pre_valuation: $35 M  
[2025-01-07T00:26:39.321+0000] {logging_mixin.py:190} INFO - Extracted project_categories: Blockchain Platform
[2025-01-07T00:26:39.371+0000] {logging_mixin.py:190} INFO - Extracted project_roi: —
[2025-01-07T00:26:39.417+0000] {logging_mixin.py:190} INFO - Extracted project_date: Dec 7, 2024
[2025-01-07T00:27:02.425+0000] {logging_mixin.py:190} INFO - Extracted project_total_investors: 0
[2025-01-07T00:27:02.425+0000] {logging_mixin.py:190} INFO - 
Processing ICO 32/100
[2025-01-07T00:27:02.459+0000] {logging_mixin.py:190} INFO - Extracted project_name: Pentagon Games
[2025-01-07T00:27:02.487+0000] {logging_mixin.py:190} INFO - Extracted project_ticker: PEN
[2025-01-07T00:27:02.514+0000] {logging_mixin.py:190} INFO - Extracted project_link: https://icodrops.com/pentagon-games/
[2025-01-07T00:27:02.537+0000] {logging_mixin.py:190} INFO - Extracted project_round: IDO on Chainboost
[2025-01-07T00:27:02.563+0000] {logging_mixin.py:190} INFO - Extracted project_total_raised: $6.3 M
[2025-01-07T00:27:02.587+0000] {logging_mixin.py:190} INFO - Extracted project_pre_valuation: $62.5 M
[2025-01-07T00:27:02.621+0000] {logging_mixin.py:190} INFO - Extracted project_categories: Gaming
[2025-01-07T00:27:02.646+0000] {logging_mixin.py:190} INFO - Extracted project_roi: 0.94x
[2025-01-07T00:27:02.669+0000] {logging_mixin.py:190} INFO - Extracted project_date: Dec 11, 2024
[2025-01-07T00:27:02.746+0000] {logging_mixin.py:190} INFO - Extracted project_total_investors: 10
[2025-01-07T00:27:02.746+0000] {logging_mixin.py:190} INFO - 
Processing ICO 33/100
[2025-01-07T00:27:02.772+0000] {logging_mixin.py:190} INFO - Extracted project_name: Simon's Cat
[2025-01-07T00:27:02.800+0000] {logging_mixin.py:190} INFO - Extracted project_ticker: CAT
[2025-01-07T00:27:02.841+0000] {logging_mixin.py:190} INFO - Extracted project_link: https://icodrops.com/simons-cat/
[2025-01-07T00:27:02.881+0000] {logging_mixin.py:190} INFO - Extracted project_round: Airdrop
[2025-01-07T00:27:02.909+0000] {logging_mixin.py:190} INFO - Extracted project_total_raised: $28 K
[2025-01-07T00:27:02.931+0000] {logging_mixin.py:190} INFO - Extracted project_pre_valuation: $25.02 M  
[2025-01-07T00:27:02.955+0000] {logging_mixin.py:190} INFO - Extracted project_categories: Memecoin
[2025-01-07T00:27:02.978+0000] {logging_mixin.py:190} INFO - Extracted project_roi: —
[2025-01-07T00:27:02.999+0000] {logging_mixin.py:190} INFO - Extracted project_date: Dec 9, 2024
[2025-01-07T00:27:25.517+0000] {logging_mixin.py:190} INFO - Extracted project_total_investors: 0
[2025-01-07T00:27:25.518+0000] {logging_mixin.py:190} INFO - 
Processing ICO 34/100
[2025-01-07T00:27:25.563+0000] {logging_mixin.py:190} INFO - Extracted project_name: Wild Forest
[2025-01-07T00:27:25.587+0000] {logging_mixin.py:190} INFO - Extracted project_ticker: WF
[2025-01-07T00:27:25.612+0000] {logging_mixin.py:190} INFO - Extracted project_link: https://icodrops.com/wild-forest/
[2025-01-07T00:27:25.637+0000] {logging_mixin.py:190} INFO - Extracted project_round: IDO on Impossible Finance
[2025-01-07T00:27:25.661+0000] {logging_mixin.py:190} INFO - Extracted project_total_raised: $5.3 M
[2025-01-07T00:27:25.685+0000] {logging_mixin.py:190} INFO - Extracted project_pre_valuation: $49.2 M
[2025-01-07T00:27:25.707+0000] {logging_mixin.py:190} INFO - Extracted project_categories: Gaming
[2025-01-07T00:27:25.731+0000] {logging_mixin.py:190} INFO - Extracted project_roi: 1.09x
[2025-01-07T00:27:25.756+0000] {logging_mixin.py:190} INFO - Extracted project_date: Dec 4, 2024
[2025-01-07T00:27:25.824+0000] {logging_mixin.py:190} INFO - Extracted project_total_investors: 14
[2025-01-07T00:27:25.824+0000] {logging_mixin.py:190} INFO - 
Processing ICO 35/100
[2025-01-07T00:27:25.848+0000] {logging_mixin.py:190} INFO - Extracted project_name: Seraphnet
[2025-01-07T00:27:25.873+0000] {logging_mixin.py:190} INFO - Extracted project_ticker: DLLM
[2025-01-07T00:27:25.896+0000] {logging_mixin.py:190} INFO - Extracted project_link: https://icodrops.com/seraphnet/
[2025-01-07T00:27:25.923+0000] {logging_mixin.py:190} INFO - Extracted project_round: Public Sale
[2025-01-07T00:27:25.946+0000] {logging_mixin.py:190} INFO - Extracted project_total_raised: —
[2025-01-07T00:27:25.973+0000] {logging_mixin.py:190} INFO - Extracted project_pre_valuation: —
[2025-01-07T00:27:25.996+0000] {logging_mixin.py:190} INFO - Extracted project_categories: Blockchain Infrastr…
[2025-01-07T00:27:26.022+0000] {logging_mixin.py:190} INFO - Extracted project_roi: —
[2025-01-07T00:27:26.047+0000] {logging_mixin.py:190} INFO - Extracted project_date: Dec 9, 2024
[2025-01-07T00:27:46.123+0000] {logging_mixin.py:190} INFO - Extracted project_total_investors: 0
[2025-01-07T00:27:46.123+0000] {logging_mixin.py:190} INFO - 
Processing ICO 36/100
[2025-01-07T00:27:46.165+0000] {logging_mixin.py:190} INFO - Extracted project_name: Casper AI
[2025-01-07T00:27:46.195+0000] {logging_mixin.py:190} INFO - Extracted project_ticker: AIAGENT
[2025-01-07T00:27:46.232+0000] {logging_mixin.py:190} INFO - Extracted project_link: https://icodrops.com/casper-ai/
[2025-01-07T00:27:46.269+0000] {logging_mixin.py:190} INFO - Extracted project_round: IDO on Polkastarter
[2025-01-07T00:27:46.302+0000] {logging_mixin.py:190} INFO - Extracted project_total_raised: $700 K
[2025-01-07T00:27:46.335+0000] {logging_mixin.py:190} INFO - Extracted project_pre_valuation: $3.52 M  
[2025-01-07T00:27:46.369+0000] {logging_mixin.py:190} INFO - Extracted project_categories: AI Platform
[2025-01-07T00:27:46.394+0000] {logging_mixin.py:190} INFO - Extracted project_roi: —
[2025-01-07T00:27:46.422+0000] {logging_mixin.py:190} INFO - Extracted project_date: Dec 10, 2024
[2025-01-07T00:28:09.519+0000] {logging_mixin.py:190} INFO - Extracted project_total_investors: 2
[2025-01-07T00:28:09.520+0000] {logging_mixin.py:190} INFO - 
Processing ICO 37/100
[2025-01-07T00:28:09.574+0000] {logging_mixin.py:190} INFO - Extracted project_name: 1Hub.ai
[2025-01-07T00:28:09.619+0000] {logging_mixin.py:190} INFO - Extracted project_ticker: 1HUB
[2025-01-07T00:28:09.651+0000] {logging_mixin.py:190} INFO - Extracted project_link: https://icodrops.com/1hubai/
[2025-01-07T00:28:09.685+0000] {logging_mixin.py:190} INFO - Extracted project_round: IDO on Seedify
[2025-01-07T00:28:09.715+0000] {logging_mixin.py:190} INFO - Extracted project_total_raised: $396 K
[2025-01-07T00:28:09.745+0000] {logging_mixin.py:190} INFO - Extracted project_pre_valuation: —
[2025-01-07T00:28:09.775+0000] {logging_mixin.py:190} INFO - Extracted project_categories: Artificial Intellig…
[2025-01-07T00:28:09.812+0000] {logging_mixin.py:190} INFO - Extracted project_roi: —
[2025-01-07T00:28:09.833+0000] {logging_mixin.py:190} INFO - Extracted project_date: Dec 10, 2024
[2025-01-07T00:28:32.423+0000] {logging_mixin.py:190} INFO - Extracted project_total_investors: 0
[2025-01-07T00:28:32.424+0000] {logging_mixin.py:190} INFO - 
Processing ICO 38/100
[2025-01-07T00:28:32.443+0000] {logging_mixin.py:190} INFO - Extracted project_name: Bybit
[2025-01-07T00:28:42.483+0000] {logging_mixin.py:190} INFO - project_ticker not found.
[2025-01-07T00:28:42.506+0000] {logging_mixin.py:190} INFO - Extracted project_link: https://icodrops.com/bybit/
[2025-01-07T00:28:42.527+0000] {logging_mixin.py:190} INFO - Extracted project_round: Airdrop
[2025-01-07T00:28:42.550+0000] {logging_mixin.py:190} INFO - Extracted project_total_raised: —
[2025-01-07T00:28:42.570+0000] {logging_mixin.py:190} INFO - Extracted project_pre_valuation: —
[2025-01-07T00:28:42.587+0000] {logging_mixin.py:190} INFO - Extracted project_categories: CEX
[2025-01-07T00:28:42.610+0000] {logging_mixin.py:190} INFO - Extracted project_roi: —
[2025-01-07T00:28:42.624+0000] {logging_mixin.py:190} INFO - Extracted project_date: Nov 11, 2024
[2025-01-07T00:29:05.657+0000] {logging_mixin.py:190} INFO - Extracted project_total_investors: 0
[2025-01-07T00:29:05.658+0000] {logging_mixin.py:190} INFO - 
Processing ICO 39/100
[2025-01-07T00:29:05.685+0000] {logging_mixin.py:190} INFO - Extracted project_name: Burnt Finance
[2025-01-07T00:29:05.709+0000] {logging_mixin.py:190} INFO - Extracted project_ticker: BURNT
[2025-01-07T00:29:05.738+0000] {logging_mixin.py:190} INFO - Extracted project_link: https://icodrops.com/burnt-finance/
[2025-01-07T00:29:05.765+0000] {logging_mixin.py:190} INFO - Extracted project_round: Launchpool on Bitget
[2025-01-07T00:29:05.790+0000] {logging_mixin.py:190} INFO - Extracted project_total_raised: $36 M
[2025-01-07T00:29:05.815+0000] {logging_mixin.py:190} INFO - Extracted project_pre_valuation: $750.8 M
[2025-01-07T00:29:05.842+0000] {logging_mixin.py:190} INFO - Extracted project_categories: Blockchain
[2025-01-07T00:29:05.877+0000] {logging_mixin.py:190} INFO - Extracted project_roi: 0.41x
[2025-01-07T00:29:05.910+0000] {logging_mixin.py:190} INFO - Extracted project_date: Dec 5, 2024
[2025-01-07T00:29:05.970+0000] {logging_mixin.py:190} INFO - Extracted project_total_investors: 22
[2025-01-07T00:29:05.970+0000] {logging_mixin.py:190} INFO - 
Processing ICO 40/100
[2025-01-07T00:29:05.992+0000] {logging_mixin.py:190} INFO - Extracted project_name: SupraOracles
[2025-01-07T00:29:06.014+0000] {logging_mixin.py:190} INFO - Extracted project_ticker: SUPRA
[2025-01-07T00:29:06.034+0000] {logging_mixin.py:190} INFO - Extracted project_link: https://icodrops.com/supraoracles/
[2025-01-07T00:29:06.058+0000] {logging_mixin.py:190} INFO - Extracted project_round: Incentivized Activities
[2025-01-07T00:29:06.092+0000] {logging_mixin.py:190} INFO - Extracted project_total_raised: $27.9 M
[2025-01-07T00:29:06.117+0000] {logging_mixin.py:190} INFO - Extracted project_pre_valuation: $2.81 B
[2025-01-07T00:29:06.146+0000] {logging_mixin.py:190} INFO - Extracted project_categories: Blockchain
[2025-01-07T00:29:06.173+0000] {logging_mixin.py:190} INFO - Extracted project_roi: —
[2025-01-07T00:29:06.203+0000] {logging_mixin.py:190} INFO - Extracted project_date: Nov 26, 2024
[2025-01-07T00:29:06.260+0000] {logging_mixin.py:190} INFO - Extracted project_total_investors: 20
[2025-01-07T00:29:06.261+0000] {logging_mixin.py:190} INFO - 
Processing ICO 41/100
[2025-01-07T00:29:06.285+0000] {logging_mixin.py:190} INFO - Extracted project_name: Active Token
[2025-01-07T00:29:06.307+0000] {logging_mixin.py:190} INFO - Extracted project_ticker: ACTIVE
[2025-01-07T00:29:06.334+0000] {logging_mixin.py:190} INFO - Extracted project_link: https://icodrops.com/active-token/
[2025-01-07T00:29:06.354+0000] {logging_mixin.py:190} INFO - Extracted project_round: IDO on KingdomStarter
[2025-01-07T00:29:06.376+0000] {logging_mixin.py:190} INFO - Extracted project_total_raised: $100 K
[2025-01-07T00:29:06.401+0000] {logging_mixin.py:190} INFO - Extracted project_pre_valuation: $18 M  
[2025-01-07T00:29:06.422+0000] {logging_mixin.py:190} INFO - Extracted project_categories: GameFi
[2025-01-07T00:29:06.443+0000] {logging_mixin.py:190} INFO - Extracted project_roi: —
[2025-01-07T00:29:06.462+0000] {logging_mixin.py:190} INFO - Extracted project_date: Dec 9, 2024
[2025-01-07T00:29:26.559+0000] {logging_mixin.py:190} INFO - Extracted project_total_investors: 0
[2025-01-07T00:29:26.560+0000] {logging_mixin.py:190} INFO - 
Processing ICO 42/100
[2025-01-07T00:29:26.587+0000] {logging_mixin.py:190} INFO - Extracted project_name: U2U Network (Unicorn Ultra)
[2025-01-07T00:29:26.608+0000] {logging_mixin.py:190} INFO - Extracted project_ticker: U2U
[2025-01-07T00:29:26.635+0000] {logging_mixin.py:190} INFO - Extracted project_link: https://icodrops.com/u2u-unicorn-ultra/
[2025-01-07T00:29:26.656+0000] {logging_mixin.py:190} INFO - Extracted project_round: Public Sale
[2025-01-07T00:29:26.677+0000] {logging_mixin.py:190} INFO - Extracted project_total_raised: $23.8 M
[2025-01-07T00:29:26.716+0000] {logging_mixin.py:190} INFO - Extracted project_pre_valuation: $83.54 M
[2025-01-07T00:29:26.741+0000] {logging_mixin.py:190} INFO - Extracted project_categories: DePIN
[2025-01-07T00:29:26.774+0000] {logging_mixin.py:190} INFO - Extracted project_roi: 1.19x
[2025-01-07T00:29:26.799+0000] {logging_mixin.py:190} INFO - Extracted project_date: Dec 2, 2024
[2025-01-07T00:29:26.857+0000] {logging_mixin.py:190} INFO - Extracted project_total_investors: 11
[2025-01-07T00:29:26.857+0000] {logging_mixin.py:190} INFO - 
Processing ICO 43/100
[2025-01-07T00:29:26.887+0000] {logging_mixin.py:190} INFO - Extracted project_name: War Three Kingdom
[2025-01-07T00:29:26.909+0000] {logging_mixin.py:190} INFO - Extracted project_ticker: W3KT
[2025-01-07T00:29:26.932+0000] {logging_mixin.py:190} INFO - Extracted project_link: https://icodrops.com/war-three-kingdom/
[2025-01-07T00:29:26.954+0000] {logging_mixin.py:190} INFO - Extracted project_round: IDO on BSCS
[2025-01-07T00:29:26.977+0000] {logging_mixin.py:190} INFO - Extracted project_total_raised: $2.5 M
[2025-01-07T00:29:26.997+0000] {logging_mixin.py:190} INFO - Extracted project_pre_valuation: $76 M  
[2025-01-07T00:29:27.013+0000] {logging_mixin.py:190} INFO - Extracted project_categories: Gaming
[2025-01-07T00:29:27.026+0000] {logging_mixin.py:190} INFO - Extracted project_roi: —
[2025-01-07T00:29:27.042+0000] {logging_mixin.py:190} INFO - Extracted project_date: Dec 7, 2024
[2025-01-07T00:29:49.807+0000] {logging_mixin.py:190} INFO - Extracted project_total_investors: 0
[2025-01-07T00:29:49.808+0000] {logging_mixin.py:190} INFO - 
Processing ICO 44/100
[2025-01-07T00:29:49.838+0000] {logging_mixin.py:190} INFO - Extracted project_name: SUI Agents
[2025-01-07T00:29:49.870+0000] {logging_mixin.py:190} INFO - Extracted project_ticker: SUIAI
[2025-01-07T00:29:49.900+0000] {logging_mixin.py:190} INFO - Extracted project_link: https://icodrops.com/sui-agents/
[2025-01-07T00:29:49.933+0000] {logging_mixin.py:190} INFO - Extracted project_round: IDO on Polkastarter
[2025-01-07T00:29:49.960+0000] {logging_mixin.py:190} INFO - Extracted project_total_raised: $500 K
[2025-01-07T00:29:49.989+0000] {logging_mixin.py:190} INFO - Extracted project_pre_valuation: $2.62 M  
[2025-01-07T00:29:50.015+0000] {logging_mixin.py:190} INFO - Extracted project_categories: Artificial Intellig…
[2025-01-07T00:29:50.041+0000] {logging_mixin.py:190} INFO - Extracted project_roi: —
[2025-01-07T00:29:50.071+0000] {logging_mixin.py:190} INFO - Extracted project_date: Dec 5, 2024
[2025-01-07T00:30:10.209+0000] {logging_mixin.py:190} INFO - Extracted project_total_investors: 2
[2025-01-07T00:30:10.210+0000] {logging_mixin.py:190} INFO - 
Processing ICO 45/100
[2025-01-07T00:30:10.241+0000] {logging_mixin.py:190} INFO - Extracted project_name: Pepe Unchained
[2025-01-07T00:30:10.271+0000] {logging_mixin.py:190} INFO - Extracted project_ticker: PEPU
[2025-01-07T00:30:10.298+0000] {logging_mixin.py:190} INFO - Extracted project_link: https://icodrops.com/pepe-unchained/
[2025-01-07T00:30:10.324+0000] {logging_mixin.py:190} INFO - Extracted project_round: Presale
[2025-01-07T00:30:10.352+0000] {logging_mixin.py:190} INFO - Extracted project_total_raised: $73.78 M
[2025-01-07T00:30:10.380+0000] {logging_mixin.py:190} INFO - Extracted project_pre_valuation: $82.4 M  
[2025-01-07T00:30:10.427+0000] {logging_mixin.py:190} INFO - Extracted project_categories: Blockchain
[2025-01-07T00:30:10.469+0000] {logging_mixin.py:190} INFO - Extracted project_roi: —
[2025-01-07T00:30:10.500+0000] {logging_mixin.py:190} INFO - Extracted project_date: Jun 16, 2024
[2025-01-07T00:30:33.620+0000] {logging_mixin.py:190} INFO - Extracted project_total_investors: 0
[2025-01-07T00:30:33.621+0000] {logging_mixin.py:190} INFO - 
Processing ICO 46/100
[2025-01-07T00:30:33.649+0000] {logging_mixin.py:190} INFO - Extracted project_name: Movement Labs
[2025-01-07T00:30:33.673+0000] {logging_mixin.py:190} INFO - Extracted project_ticker: MOVE
[2025-01-07T00:30:33.694+0000] {logging_mixin.py:190} INFO - Extracted project_link: https://icodrops.com/movement-labs/
[2025-01-07T00:30:33.714+0000] {logging_mixin.py:190} INFO - Extracted project_round: Airdrop
[2025-01-07T00:30:33.742+0000] {logging_mixin.py:190} INFO - Extracted project_total_raised: $41.4 M
[2025-01-07T00:30:33.761+0000] {logging_mixin.py:190} INFO - Extracted project_pre_valuation: $10.5 B
[2025-01-07T00:30:33.784+0000] {logging_mixin.py:190} INFO - Extracted project_categories: Infrastructure
[2025-01-07T00:30:33.805+0000] {logging_mixin.py:190} INFO - Extracted project_roi: 1.32x
[2025-01-07T00:30:33.826+0000] {logging_mixin.py:190} INFO - Extracted project_date: Dec 3, 2024
[2025-01-07T00:30:33.881+0000] {logging_mixin.py:190} INFO - Extracted project_total_investors: 44
[2025-01-07T00:30:33.881+0000] {logging_mixin.py:190} INFO - 
Processing ICO 47/100
[2025-01-07T00:30:33.904+0000] {logging_mixin.py:190} INFO - Extracted project_name: Lumoz
[2025-01-07T00:30:33.930+0000] {logging_mixin.py:190} INFO - Extracted project_ticker: MOZ
[2025-01-07T00:30:33.953+0000] {logging_mixin.py:190} INFO - Extracted project_link: https://icodrops.com/lumoz/
[2025-01-07T00:30:33.976+0000] {logging_mixin.py:190} INFO - Extracted project_round: Airdrop
[2025-01-07T00:30:33.997+0000] {logging_mixin.py:190} INFO - Extracted project_total_raised: $10 M
[2025-01-07T00:30:34.021+0000] {logging_mixin.py:190} INFO - Extracted project_pre_valuation: $164.6 M
[2025-01-07T00:30:34.043+0000] {logging_mixin.py:190} INFO - Extracted project_categories: Blockchain
[2025-01-07T00:30:34.066+0000] {logging_mixin.py:190} INFO - Extracted project_roi: 0.35x
[2025-01-07T00:30:34.087+0000] {logging_mixin.py:190} INFO - Extracted project_date: Dec 6, 2024
[2025-01-07T00:30:34.162+0000] {logging_mixin.py:190} INFO - Extracted project_total_investors: 17
[2025-01-07T00:30:34.163+0000] {logging_mixin.py:190} INFO - 
Processing ICO 48/100
[2025-01-07T00:30:34.186+0000] {logging_mixin.py:190} INFO - Extracted project_name: PLAY (ex.READYgg)
[2025-01-07T00:30:34.209+0000] {logging_mixin.py:190} INFO - Extracted project_ticker: PLAY
[2025-01-07T00:30:34.231+0000] {logging_mixin.py:190} INFO - Extracted project_link: https://icodrops.com/play/
[2025-01-07T00:30:34.255+0000] {logging_mixin.py:190} INFO - Extracted project_round: NFT Sale
[2025-01-07T00:30:34.281+0000] {logging_mixin.py:190} INFO - Extracted project_total_raised: $11.35 M
[2025-01-07T00:30:34.304+0000] {logging_mixin.py:190} INFO - Extracted project_pre_valuation: $160 M  
[2025-01-07T00:30:34.327+0000] {logging_mixin.py:190} INFO - Extracted project_categories: Gaming
[2025-01-07T00:30:34.347+0000] {logging_mixin.py:190} INFO - Extracted project_roi: —
[2025-01-07T00:30:34.371+0000] {logging_mixin.py:190} INFO - Extracted project_date: Dec 4, 2024
[2025-01-07T00:30:34.435+0000] {logging_mixin.py:190} INFO - Extracted project_total_investors: 17
[2025-01-07T00:30:34.436+0000] {logging_mixin.py:190} INFO - 
Processing ICO 49/100
[2025-01-07T00:30:34.459+0000] {logging_mixin.py:190} INFO - Extracted project_name: EYWA
[2025-01-07T00:30:34.481+0000] {logging_mixin.py:190} INFO - Extracted project_ticker: EYWA
[2025-01-07T00:30:34.500+0000] {logging_mixin.py:190} INFO - Extracted project_link: https://icodrops.com/eywa/
[2025-01-07T00:30:34.521+0000] {logging_mixin.py:190} INFO - Extracted project_round: IDO on Gagarin
[2025-01-07T00:30:34.546+0000] {logging_mixin.py:190} INFO - Extracted project_total_raised: $9.28 M
[2025-01-07T00:30:34.567+0000] {logging_mixin.py:190} INFO - Extracted project_pre_valuation: $151.1 M
[2025-01-07T00:30:34.590+0000] {logging_mixin.py:190} INFO - Extracted project_categories: Blockchain Service
[2025-01-07T00:30:34.611+0000] {logging_mixin.py:190} INFO - Extracted project_roi: 2.16x
[2025-01-07T00:30:34.636+0000] {logging_mixin.py:190} INFO - Extracted project_date: Dec 2, 2024
[2025-01-07T00:30:34.702+0000] {logging_mixin.py:190} INFO - Extracted project_total_investors: 5
[2025-01-07T00:30:34.702+0000] {logging_mixin.py:190} INFO - 
Processing ICO 50/100
[2025-01-07T00:30:34.733+0000] {logging_mixin.py:190} INFO - Extracted project_name: Superseed
[2025-01-07T00:30:34.756+0000] {logging_mixin.py:190} INFO - Extracted project_ticker: SUPR
[2025-01-07T00:30:34.778+0000] {logging_mixin.py:190} INFO - Extracted project_link: https://icodrops.com/superseed/
[2025-01-07T00:30:34.801+0000] {logging_mixin.py:190} INFO - Extracted project_round: Testnet
[2025-01-07T00:30:34.828+0000] {logging_mixin.py:190} INFO - Extracted project_total_raised: $1.5 M
[2025-01-07T00:30:34.848+0000] {logging_mixin.py:190} INFO - Extracted project_pre_valuation: $100 M  
[2025-01-07T00:30:34.871+0000] {logging_mixin.py:190} INFO - Extracted project_categories: Blockchain
[2025-01-07T00:30:34.895+0000] {logging_mixin.py:190} INFO - Extracted project_roi: —
[2025-01-07T00:30:34.917+0000] {logging_mixin.py:190} INFO - Extracted project_date: Sep 13, 2024
[2025-01-07T00:30:57.691+0000] {logging_mixin.py:190} INFO - Extracted project_total_investors: 0
[2025-01-07T00:30:57.691+0000] {logging_mixin.py:190} INFO - 
Processing ICO 51/100
[2025-01-07T00:30:57.731+0000] {logging_mixin.py:190} INFO - Extracted project_name: Anzen
[2025-01-07T00:30:57.791+0000] {logging_mixin.py:190} INFO - Extracted project_ticker: ANZ
[2025-01-07T00:30:57.830+0000] {logging_mixin.py:190} INFO - Extracted project_link: https://icodrops.com/anzen/
[2025-01-07T00:30:57.864+0000] {logging_mixin.py:190} INFO - Extracted project_round: Public Round
[2025-01-07T00:30:57.897+0000] {logging_mixin.py:190} INFO - Extracted project_total_raised: $7 M
[2025-01-07T00:30:57.923+0000] {logging_mixin.py:190} INFO - Extracted project_pre_valuation: $136.9 M
[2025-01-07T00:30:57.948+0000] {logging_mixin.py:190} INFO - Extracted project_categories: RWA (Real World Ass…
[2025-01-07T00:30:57.973+0000] {logging_mixin.py:190} INFO - Extracted project_roi: 2.28x
[2025-01-07T00:30:57.997+0000] {logging_mixin.py:190} INFO - Extracted project_date: Dec 2, 2024
[2025-01-07T00:30:58.063+0000] {logging_mixin.py:190} INFO - Extracted project_total_investors: 9
[2025-01-07T00:30:58.063+0000] {logging_mixin.py:190} INFO - 
Processing ICO 52/100
[2025-01-07T00:30:58.086+0000] {logging_mixin.py:190} INFO - Extracted project_name: CoputeAI
[2025-01-07T00:30:58.110+0000] {logging_mixin.py:190} INFO - Extracted project_ticker: COPU
[2025-01-07T00:30:58.144+0000] {logging_mixin.py:190} INFO - Extracted project_link: https://icodrops.com/coputeai/
[2025-01-07T00:30:58.167+0000] {logging_mixin.py:190} INFO - Extracted project_round: SHO on DAO Maker
[2025-01-07T00:30:58.192+0000] {logging_mixin.py:190} INFO - Extracted project_total_raised: —
[2025-01-07T00:30:58.213+0000] {logging_mixin.py:190} INFO - Extracted project_pre_valuation: —
[2025-01-07T00:30:58.236+0000] {logging_mixin.py:190} INFO - Extracted project_categories: Blockchain Service
[2025-01-07T00:30:58.260+0000] {logging_mixin.py:190} INFO - Extracted project_roi: —
[2025-01-07T00:30:58.283+0000] {logging_mixin.py:190} INFO - Extracted project_date: Nov 25, 2024
[2025-01-07T00:31:18.374+0000] {logging_mixin.py:190} INFO - Extracted project_total_investors: 0
[2025-01-07T00:31:18.375+0000] {logging_mixin.py:190} INFO - 
Processing ICO 53/100
[2025-01-07T00:31:18.416+0000] {logging_mixin.py:190} INFO - Extracted project_name: Renovi
[2025-01-07T00:31:18.464+0000] {logging_mixin.py:190} INFO - Extracted project_ticker: RNVI
[2025-01-07T00:31:18.509+0000] {logging_mixin.py:190} INFO - Extracted project_link: https://icodrops.com/renovi/
[2025-01-07T00:31:18.541+0000] {logging_mixin.py:190} INFO - Extracted project_round: IDO on Spores
[2025-01-07T00:31:18.574+0000] {logging_mixin.py:190} INFO - Extracted project_total_raised: $2.52 M
[2025-01-07T00:31:18.612+0000] {logging_mixin.py:190} INFO - Extracted project_pre_valuation: $6.57 M
[2025-01-07T00:31:18.649+0000] {logging_mixin.py:190} INFO - Extracted project_categories: Advertising
[2025-01-07T00:31:18.683+0000] {logging_mixin.py:190} INFO - Extracted project_roi: 0.51x
[2025-01-07T00:31:18.714+0000] {logging_mixin.py:190} INFO - Extracted project_date: Nov 28, 2024
[2025-01-07T00:31:18.813+0000] {logging_mixin.py:190} INFO - Extracted project_total_investors: 8
[2025-01-07T00:31:18.814+0000] {logging_mixin.py:190} INFO - 
Processing ICO 54/100
[2025-01-07T00:31:18.841+0000] {logging_mixin.py:190} INFO - Extracted project_name: Renzo Protocol
[2025-01-07T00:31:18.872+0000] {logging_mixin.py:190} INFO - Extracted project_ticker: REZ
[2025-01-07T00:31:18.895+0000] {logging_mixin.py:190} INFO - Extracted project_link: https://icodrops.com/renzo-protocol/
[2025-01-07T00:31:18.924+0000] {logging_mixin.py:190} INFO - Extracted project_round: Points Farming
[2025-01-07T00:31:18.963+0000] {logging_mixin.py:190} INFO - Extracted project_total_raised: $20.2 M
[2025-01-07T00:31:18.994+0000] {logging_mixin.py:190} INFO - Extracted project_pre_valuation: $392.7 M
[2025-01-07T00:31:19.023+0000] {logging_mixin.py:190} INFO - Extracted project_categories: Liquid Staking Prot…
[2025-01-07T00:31:19.051+0000] {logging_mixin.py:190} INFO - Extracted project_roi: 0.12x
[2025-01-07T00:31:19.076+0000] {logging_mixin.py:190} INFO - Extracted project_date: Dec 6, 2023
[2025-01-07T00:31:19.154+0000] {logging_mixin.py:190} INFO - Extracted project_total_investors: 20
[2025-01-07T00:31:19.154+0000] {logging_mixin.py:190} INFO - 
Processing ICO 55/100
[2025-01-07T00:31:19.181+0000] {logging_mixin.py:190} INFO - Extracted project_name: Naxy AI
[2025-01-07T00:31:19.208+0000] {logging_mixin.py:190} INFO - Extracted project_ticker: NAXY
[2025-01-07T00:31:19.234+0000] {logging_mixin.py:190} INFO - Extracted project_link: https://icodrops.com/naxy-ai/
[2025-01-07T00:31:19.262+0000] {logging_mixin.py:190} INFO - Extracted project_round: IDO on Spores
[2025-01-07T00:31:19.290+0000] {logging_mixin.py:190} INFO - Extracted project_total_raised: $135 K
[2025-01-07T00:31:19.316+0000] {logging_mixin.py:190} INFO - Extracted project_pre_valuation: —
[2025-01-07T00:31:19.352+0000] {logging_mixin.py:190} INFO - Extracted project_categories: Security
[2025-01-07T00:31:19.380+0000] {logging_mixin.py:190} INFO - Extracted project_roi: —
[2025-01-07T00:31:19.412+0000] {logging_mixin.py:190} INFO - Extracted project_date: Nov 27, 2024
[2025-01-07T00:31:42.483+0000] {logging_mixin.py:190} INFO - Extracted project_total_investors: 0
[2025-01-07T00:31:42.483+0000] {logging_mixin.py:190} INFO - 
Processing ICO 56/100
[2025-01-07T00:31:42.507+0000] {logging_mixin.py:190} INFO - Extracted project_name: Ink Finance
[2025-01-07T00:31:42.525+0000] {logging_mixin.py:190} INFO - Extracted project_ticker: QUILL
[2025-01-07T00:31:42.551+0000] {logging_mixin.py:190} INFO - Extracted project_link: https://icodrops.com/ink-finance/
[2025-01-07T00:31:42.574+0000] {logging_mixin.py:190} INFO - Extracted project_round: IDO on OpenPad
[2025-01-07T00:31:42.599+0000] {logging_mixin.py:190} INFO - Extracted project_total_raised: $5 M
[2025-01-07T00:31:42.622+0000] {logging_mixin.py:190} INFO - Extracted project_pre_valuation: $20.84 M
[2025-01-07T00:31:42.644+0000] {logging_mixin.py:190} INFO - Extracted project_categories: Blockchain Service
[2025-01-07T00:31:42.670+0000] {logging_mixin.py:190} INFO - Extracted project_roi: 0.34x
[2025-01-07T00:31:42.693+0000] {logging_mixin.py:190} INFO - Extracted project_date: Nov 27, 2024
[2025-01-07T00:31:42.760+0000] {logging_mixin.py:190} INFO - Extracted project_total_investors: 13
[2025-01-07T00:31:42.761+0000] {logging_mixin.py:190} INFO - 
Processing ICO 57/100
[2025-01-07T00:31:42.790+0000] {logging_mixin.py:190} INFO - Extracted project_name: MeAI
[2025-01-07T00:31:42.810+0000] {logging_mixin.py:190} INFO - Extracted project_ticker: MEAI
[2025-01-07T00:31:42.831+0000] {logging_mixin.py:190} INFO - Extracted project_link: https://icodrops.com/meai/
[2025-01-07T00:31:42.852+0000] {logging_mixin.py:190} INFO - Extracted project_round: IDO on Spores
[2025-01-07T00:31:42.871+0000] {logging_mixin.py:190} INFO - Extracted project_total_raised: $750 K
[2025-01-07T00:31:42.894+0000] {logging_mixin.py:190} INFO - Extracted project_pre_valuation: $6.5 M  
[2025-01-07T00:31:42.924+0000] {logging_mixin.py:190} INFO - Extracted project_categories: GameFi
[2025-01-07T00:31:42.947+0000] {logging_mixin.py:190} INFO - Extracted project_roi: —
[2025-01-07T00:31:42.968+0000] {logging_mixin.py:190} INFO - Extracted project_date: Nov 26, 2024
[2025-01-07T00:32:05.964+0000] {logging_mixin.py:190} INFO - Extracted project_total_investors: 0
[2025-01-07T00:32:05.965+0000] {logging_mixin.py:190} INFO - 
Processing ICO 58/100
[2025-01-07T00:32:06.001+0000] {logging_mixin.py:190} INFO - Extracted project_name: KOLZ
[2025-01-07T00:32:06.024+0000] {logging_mixin.py:190} INFO - Extracted project_ticker: KOLZ
[2025-01-07T00:32:06.047+0000] {logging_mixin.py:190} INFO - Extracted project_link: https://icodrops.com/kolz/
[2025-01-07T00:32:06.072+0000] {logging_mixin.py:190} INFO - Extracted project_round: IDO on Poolz
[2025-01-07T00:32:06.095+0000] {logging_mixin.py:190} INFO - Extracted project_total_raised: $200 K
[2025-01-07T00:32:06.118+0000] {logging_mixin.py:190} INFO - Extracted project_pre_valuation: $5 M  
[2025-01-07T00:32:06.142+0000] {logging_mixin.py:190} INFO - Extracted project_categories: Social
[2025-01-07T00:32:06.165+0000] {logging_mixin.py:190} INFO - Extracted project_roi: —
[2025-01-07T00:32:06.190+0000] {logging_mixin.py:190} INFO - Extracted project_date: Nov 27, 2024
[2025-01-07T00:32:26.250+0000] {logging_mixin.py:190} INFO - Extracted project_total_investors: 0
[2025-01-07T00:32:26.250+0000] {logging_mixin.py:190} INFO - 
Processing ICO 59/100
[2025-01-07T00:32:26.273+0000] {logging_mixin.py:190} INFO - Extracted project_name: Major
[2025-01-07T00:32:39.204+0000] {logging_mixin.py:190} INFO - project_ticker not found.
[2025-01-07T00:32:39.232+0000] {logging_mixin.py:190} INFO - Extracted project_link: https://icodrops.com/major/
[2025-01-07T00:32:39.266+0000] {logging_mixin.py:190} INFO - Extracted project_round: Tap-to-Earn
[2025-01-07T00:32:39.303+0000] {logging_mixin.py:190} INFO - Extracted project_total_raised: —
[2025-01-07T00:32:39.337+0000] {logging_mixin.py:190} INFO - Extracted project_pre_valuation: $60.12 M
[2025-01-07T00:32:39.367+0000] {logging_mixin.py:190} INFO - Extracted project_categories: Gaming
[2025-01-07T00:32:39.398+0000] {logging_mixin.py:190} INFO - Extracted project_roi: —
[2025-01-07T00:32:39.423+0000] {logging_mixin.py:190} INFO - Extracted project_date: Nov 28, 2024
[2025-01-07T00:32:49.382+0000] {local_task_job_runner.py:346} WARNING - State of this instance has been externally set to restarting. Terminating instance.
[2025-01-07T00:32:49.383+0000] {local_task_job_runner.py:245} INFO - ::endgroup::
[2025-01-07T00:32:49.385+0000] {process_utils.py:132} INFO - Sending 15 to group 382. PIDs of all processes in the group: [392, 403, 412, 413, 422, 382]
[2025-01-07T00:32:49.385+0000] {process_utils.py:87} INFO - Sending the signal 15 to group 382
[2025-01-07T00:32:49.386+0000] {taskinstance.py:3093} ERROR - Received SIGTERM. Terminating subprocesses.
[2025-01-07T00:32:49.388+0000] {connectionpool.py:870} WARNING - Retrying (Retry(total=2, connect=None, read=None, redirect=None, status=None)) after connection broken by 'NewConnectionError('<urllib3.connection.HTTPConnection object at 0x7f000c2c21b0>: Failed to establish a new connection: [Errno 111] Connection refused')': /session/47ec1fb93198f5493e084a527d711da3
[2025-01-07T00:32:49.389+0000] {connectionpool.py:870} WARNING - Retrying (Retry(total=1, connect=None, read=None, redirect=None, status=None)) after connection broken by 'NewConnectionError('<urllib3.connection.HTTPConnection object at 0x7f000c1096d0>: Failed to establish a new connection: [Errno 111] Connection refused')': /session/47ec1fb93198f5493e084a527d711da3
[2025-01-07T00:32:49.390+0000] {connectionpool.py:870} WARNING - Retrying (Retry(total=0, connect=None, read=None, redirect=None, status=None)) after connection broken by 'NewConnectionError('<urllib3.connection.HTTPConnection object at 0x7f000c10b3e0>: Failed to establish a new connection: [Errno 111] Connection refused')': /session/47ec1fb93198f5493e084a527d711da3
[2025-01-07T00:32:49.431+0000] {taskinstance.py:3311} ERROR - Task failed with exception
Traceback (most recent call last):
  File "/home/airflow/.local/lib/python3.12/site-packages/airflow/models/taskinstance.py", line 767, in _execute_task
    result = _execute_callable(context=context, **execute_callable_kwargs)
             ^^^^^^^^^^^^^^^^^^^^^^^^^^^^^^^^^^^^^^^^^^^^^^^^^^^^^^^^^^^^^
  File "/home/airflow/.local/lib/python3.12/site-packages/airflow/models/taskinstance.py", line 733, in _execute_callable
    return ExecutionCallableRunner(
           ^^^^^^^^^^^^^^^^^^^^^^^^
  File "/home/airflow/.local/lib/python3.12/site-packages/airflow/utils/operator_helpers.py", line 252, in run
    return self.func(*args, **kwargs)
           ^^^^^^^^^^^^^^^^^^^^^^^^^^
  File "/home/airflow/.local/lib/python3.12/site-packages/airflow/models/baseoperator.py", line 422, in wrapper
    return func(self, *args, **kwargs)
           ^^^^^^^^^^^^^^^^^^^^^^^^^^^
  File "/home/airflow/.local/lib/python3.12/site-packages/airflow/operators/python.py", line 238, in execute
    return_value = self.execute_callable()
                   ^^^^^^^^^^^^^^^^^^^^^^^
  File "/home/airflow/.local/lib/python3.12/site-packages/airflow/operators/python.py", line 256, in execute_callable
    return runner.run(*self.op_args, **self.op_kwargs)
           ^^^^^^^^^^^^^^^^^^^^^^^^^^^^^^^^^^^^^^^^^^^
  File "/home/airflow/.local/lib/python3.12/site-packages/airflow/utils/operator_helpers.py", line 252, in run
    return self.func(*args, **kwargs)
           ^^^^^^^^^^^^^^^^^^^^^^^^^^
  File "/opt/airflow/dags/selenium_dag_01.py", line 175, in scrape_data
    data = extract_ico_data(driver, i)
           ^^^^^^^^^^^^^^^^^^^^^^^^^^^
  File "/opt/airflow/dags/selenium_dag_01.py", line 81, in extract_ico_data
    driver.find_element(By.XPATH, f"{base_xpath}/div[6]/ul/li[{i}]/img")
  File "/home/airflow/.local/lib/python3.12/site-packages/selenium/webdriver/remote/webdriver.py", line 770, in find_element
    return self.execute(Command.FIND_ELEMENT, {"using": by, "value": value})["value"]
           ^^^^^^^^^^^^^^^^^^^^^^^^^^^^^^^^^^^^^^^^^^^^^^^^^^^^^^^^^^^^^^^^^
  File "/home/airflow/.local/lib/python3.12/site-packages/selenium/webdriver/remote/webdriver.py", line 382, in execute
    response = self.command_executor.execute(driver_command, params)
               ^^^^^^^^^^^^^^^^^^^^^^^^^^^^^^^^^^^^^^^^^^^^^^^^^^^^^
  File "/home/airflow/.local/lib/python3.12/site-packages/selenium/webdriver/remote/remote_connection.py", line 404, in execute
    return self._request(command_info[0], url, body=data)
           ^^^^^^^^^^^^^^^^^^^^^^^^^^^^^^^^^^^^^^^^^^^^^^
  File "/home/airflow/.local/lib/python3.12/site-packages/selenium/webdriver/remote/remote_connection.py", line 428, in _request
    response = self._conn.request(method, url, body=body, headers=headers, timeout=self._client_config.timeout)
               ^^^^^^^^^^^^^^^^^^^^^^^^^^^^^^^^^^^^^^^^^^^^^^^^^^^^^^^^^^^^^^^^^^^^^^^^^^^^^^^^^^^^^^^^^^^^^^^^
  File "/home/airflow/.local/lib/python3.12/site-packages/urllib3/_request_methods.py", line 143, in request
    return self.request_encode_body(
           ^^^^^^^^^^^^^^^^^^^^^^^^^
  File "/home/airflow/.local/lib/python3.12/site-packages/urllib3/_request_methods.py", line 278, in request_encode_body
    return self.urlopen(method, url, **extra_kw)
           ^^^^^^^^^^^^^^^^^^^^^^^^^^^^^^^^^^^^^
  File "/home/airflow/.local/lib/python3.12/site-packages/urllib3/poolmanager.py", line 443, in urlopen
    response = conn.urlopen(method, u.request_uri, **kw)
               ^^^^^^^^^^^^^^^^^^^^^^^^^^^^^^^^^^^^^^^^^
  File "/home/airflow/.local/lib/python3.12/site-packages/urllib3/connectionpool.py", line 789, in urlopen
    response = self._make_request(
               ^^^^^^^^^^^^^^^^^^^
  File "/home/airflow/.local/lib/python3.12/site-packages/urllib3/connectionpool.py", line 536, in _make_request
    response = conn.getresponse()
               ^^^^^^^^^^^^^^^^^^
  File "/home/airflow/.local/lib/python3.12/site-packages/urllib3/connection.py", line 507, in getresponse
    httplib_response = super().getresponse()
                       ^^^^^^^^^^^^^^^^^^^^^
  File "/usr/local/lib/python3.12/http/client.py", line 1428, in getresponse
    response.begin()
  File "/usr/local/lib/python3.12/http/client.py", line 331, in begin
    version, status, reason = self._read_status()
                              ^^^^^^^^^^^^^^^^^^^
  File "/usr/local/lib/python3.12/http/client.py", line 292, in _read_status
    line = str(self.fp.readline(_MAXLINE + 1), "iso-8859-1")
               ^^^^^^^^^^^^^^^^^^^^^^^^^^^^^^
  File "/usr/local/lib/python3.12/socket.py", line 720, in readinto
    return self._sock.recv_into(b)
           ^^^^^^^^^^^^^^^^^^^^^^^
  File "/home/airflow/.local/lib/python3.12/site-packages/airflow/models/taskinstance.py", line 3095, in signal_handler
    raise AirflowTaskTerminated("Task received SIGTERM signal")
airflow.exceptions.AirflowTaskTerminated: Task received SIGTERM signal
[2025-01-07T00:32:49.441+0000] {taskinstance.py:1225} INFO - Marking task as UP_FOR_RETRY. dag_id=ico_scraping_dag_l11, task_id=scrape_ico_data, run_id=manual__2025-01-07T00:20:11.522056+00:00, execution_date=20250107T002011, start_date=20250107T002013, end_date=20250107T003249
[2025-01-07T00:32:49.453+0000] {taskinstance.py:340} INFO - ::group::Post task execution logs
[2025-01-07T00:32:49.478+0000] {process_utils.py:80} INFO - Process psutil.Process(pid=382, status='terminated', exitcode=2, started='00:20:13') (382) terminated with exit code 2
[2025-01-07T00:32:49.478+0000] {process_utils.py:80} INFO - Process psutil.Process(pid=403, status='terminated', started='00:20:14') (403) terminated with exit code None
[2025-01-07T00:32:49.479+0000] {process_utils.py:80} INFO - Process psutil.Process(pid=422, status='terminated', started='00:20:14') (422) terminated with exit code None
[2025-01-07T00:32:49.479+0000] {process_utils.py:80} INFO - Process psutil.Process(pid=412, status='terminated', started='00:20:14') (412) terminated with exit code None
[2025-01-07T00:32:49.479+0000] {process_utils.py:80} INFO - Process psutil.Process(pid=413, status='terminated', started='00:20:14') (413) terminated with exit code None
[2025-01-07T00:32:49.479+0000] {process_utils.py:80} INFO - Process psutil.Process(pid=392, status='terminated', started='00:20:14') (392) terminated with exit code None
