[2025-01-07T15:13:52.522+0000] {local_task_job_runner.py:123} INFO - ::group::Pre task execution logs
[2025-01-07T15:13:52.536+0000] {taskinstance.py:2613} INFO - Dependencies all met for dep_context=non-requeueable deps ti=<TaskInstance: ico_scraping_dag_new_records.store_in_postgres manual__2025-01-07T15:11:59.639244+00:00 [queued]>
[2025-01-07T15:13:52.544+0000] {taskinstance.py:2613} INFO - Dependencies all met for dep_context=requeueable deps ti=<TaskInstance: ico_scraping_dag_new_records.store_in_postgres manual__2025-01-07T15:11:59.639244+00:00 [queued]>
[2025-01-07T15:13:52.544+0000] {taskinstance.py:2866} INFO - Starting attempt 1 of 2
[2025-01-07T15:13:52.557+0000] {taskinstance.py:2889} INFO - Executing <Task(PythonOperator): store_in_postgres> on 2025-01-07 15:11:59.639244+00:00
[2025-01-07T15:13:52.567+0000] {standard_task_runner.py:104} INFO - Running: ['***', 'tasks', 'run', 'ico_scraping_dag_new_records', 'store_in_postgres', 'manual__2025-01-07T15:11:59.639244+00:00', '--job-id', '7', '--raw', '--subdir', 'DAGS_FOLDER/ico_scraping_dag_insert_new_records.py', '--cfg-path', '/tmp/tmpb68vd6lb']
[2025-01-07T15:13:52.570+0000] {standard_task_runner.py:105} INFO - Job 7: Subtask store_in_postgres
[2025-01-07T15:13:52.569+0000] {logging_mixin.py:190} WARNING - /home/***/.local/lib/python3.12/site-packages/***/task/task_runner/standard_task_runner.py:70 DeprecationWarning: This process (pid=658) is multi-threaded, use of fork() may lead to deadlocks in the child.
[2025-01-07T15:13:52.570+0000] {standard_task_runner.py:72} INFO - Started process 660 to run task
[2025-01-07T15:13:52.609+0000] {task_command.py:467} INFO - Running <TaskInstance: ico_scraping_dag_new_records.store_in_postgres manual__2025-01-07T15:11:59.639244+00:00 [running]> on host 64ebca265122
[2025-01-07T15:13:52.677+0000] {taskinstance.py:3132} INFO - Exporting env vars: AIRFLOW_CTX_DAG_OWNER='***' AIRFLOW_CTX_DAG_ID='ico_scraping_dag_new_records' AIRFLOW_CTX_TASK_ID='store_in_postgres' AIRFLOW_CTX_EXECUTION_DATE='2025-01-07T15:11:59.639244+00:00' AIRFLOW_CTX_TRY_NUMBER='1' AIRFLOW_CTX_DAG_RUN_ID='manual__2025-01-07T15:11:59.639244+00:00'
[2025-01-07T15:13:52.678+0000] {taskinstance.py:731} INFO - ::endgroup::
[2025-01-07T15:13:52.719+0000] {base.py:84} INFO - Retrieving connection 'postgres_localhost'
[2025-01-07T15:13:52.723+0000] {sql.py:553} INFO - Running statement: SELECT project_link FROM "ICODATA";, parameters: None
[2025-01-07T15:13:52.725+0000] {sql.py:562} INFO - Rows affected: 1823
[2025-01-07T15:13:52.730+0000] {logging_mixin.py:190} INFO - Found 7 new records to insert
[2025-01-07T15:13:52.737+0000] {base.py:84} INFO - Retrieving connection 'postgres_localhost'
[2025-01-07T15:13:52.760+0000] {logging_mixin.py:190} INFO - Successfully inserted 7 new records
[2025-01-07T15:13:52.761+0000] {python.py:240} INFO - Done. Returned value was: None
[2025-01-07T15:13:52.769+0000] {taskinstance.py:340} INFO - ::group::Post task execution logs
[2025-01-07T15:13:52.770+0000] {taskinstance.py:352} INFO - Marking task as SUCCESS. dag_id=ico_scraping_dag_new_records, task_id=store_in_postgres, run_id=manual__2025-01-07T15:11:59.639244+00:00, execution_date=20250107T151159, start_date=20250107T151352, end_date=20250107T151352
[2025-01-07T15:13:52.825+0000] {local_task_job_runner.py:266} INFO - Task exited with return code 0
[2025-01-07T15:13:52.838+0000] {taskinstance.py:3895} INFO - 0 downstream tasks scheduled from follow-on schedule check
[2025-01-07T15:13:52.840+0000] {local_task_job_runner.py:245} INFO - ::endgroup::
