[2025-01-06T15:10:39.574+0000] {local_task_job_runner.py:123} INFO - ::group::Pre task execution logs
[2025-01-06T15:10:39.587+0000] {taskinstance.py:2613} INFO - Dependencies all met for dep_context=non-requeueable deps ti=<TaskInstance: ico_scraping_dag_new.store_in_postgres scheduled__2025-01-05T00:00:00+00:00 [queued]>
[2025-01-06T15:10:39.594+0000] {taskinstance.py:2613} INFO - Dependencies all met for dep_context=requeueable deps ti=<TaskInstance: ico_scraping_dag_new.store_in_postgres scheduled__2025-01-05T00:00:00+00:00 [queued]>
[2025-01-06T15:10:39.594+0000] {taskinstance.py:2866} INFO - Starting attempt 1 of 2
[2025-01-06T15:10:39.605+0000] {taskinstance.py:2889} INFO - Executing <Task(PythonOperator): store_in_postgres> on 2025-01-05 00:00:00+00:00
[2025-01-06T15:10:39.612+0000] {standard_task_runner.py:104} INFO - Running: ['***', 'tasks', 'run', 'ico_scraping_dag_new', 'store_in_postgres', 'scheduled__2025-01-05T00:00:00+00:00', '--job-id', '4', '--raw', '--subdir', 'DAGS_FOLDER/selenium_dag_01.py', '--cfg-path', '/tmp/tmp0_u90iyg']
[2025-01-06T15:10:39.615+0000] {standard_task_runner.py:105} INFO - Job 4: Subtask store_in_postgres
[2025-01-06T15:10:39.616+0000] {logging_mixin.py:190} WARNING - /home/***/.local/lib/python3.12/site-packages/***/task/task_runner/standard_task_runner.py:70 DeprecationWarning: This process (pid=404) is multi-threaded, use of fork() may lead to deadlocks in the child.
[2025-01-06T15:10:39.617+0000] {standard_task_runner.py:72} INFO - Started process 406 to run task
[2025-01-06T15:10:39.656+0000] {task_command.py:467} INFO - Running <TaskInstance: ico_scraping_dag_new.store_in_postgres scheduled__2025-01-05T00:00:00+00:00 [running]> on host cbdb73f7b411
[2025-01-06T15:10:39.725+0000] {taskinstance.py:3132} INFO - Exporting env vars: AIRFLOW_CTX_DAG_OWNER='***' AIRFLOW_CTX_DAG_ID='ico_scraping_dag_new' AIRFLOW_CTX_TASK_ID='store_in_postgres' AIRFLOW_CTX_EXECUTION_DATE='2025-01-05T00:00:00+00:00' AIRFLOW_CTX_TRY_NUMBER='1' AIRFLOW_CTX_DAG_RUN_ID='scheduled__2025-01-05T00:00:00+00:00'
[2025-01-06T15:10:39.726+0000] {taskinstance.py:731} INFO - ::endgroup::
[2025-01-06T15:10:39.752+0000] {logging_mixin.py:190} INFO - Path pulled from XCom: None
[2025-01-06T15:10:39.752+0000] {logging_mixin.py:190} INFO - No data available to store in PostgreSQL.
[2025-01-06T15:10:39.752+0000] {python.py:240} INFO - Done. Returned value was: None
[2025-01-06T15:10:39.763+0000] {taskinstance.py:340} INFO - ::group::Post task execution logs
[2025-01-06T15:10:39.763+0000] {taskinstance.py:352} INFO - Marking task as SUCCESS. dag_id=ico_scraping_dag_new, task_id=store_in_postgres, run_id=scheduled__2025-01-05T00:00:00+00:00, execution_date=20250105T000000, start_date=20250106T151039, end_date=20250106T151039
[2025-01-06T15:10:39.791+0000] {local_task_job_runner.py:266} INFO - Task exited with return code 0
[2025-01-06T15:10:39.809+0000] {taskinstance.py:3895} INFO - 0 downstream tasks scheduled from follow-on schedule check
[2025-01-06T15:10:39.812+0000] {local_task_job_runner.py:245} INFO - ::endgroup::
