[2025-01-06T15:31:42.354+0000] {local_task_job_runner.py:123} INFO - ::group::Pre task execution logs
[2025-01-06T15:31:42.368+0000] {taskinstance.py:2613} INFO - Dependencies all met for dep_context=non-requeueable deps ti=<TaskInstance: ico_scraping_dag_latest.store_in_postgres scheduled__2025-01-05T00:00:00+00:00 [queued]>
[2025-01-06T15:31:42.376+0000] {taskinstance.py:2613} INFO - Dependencies all met for dep_context=requeueable deps ti=<TaskInstance: ico_scraping_dag_latest.store_in_postgres scheduled__2025-01-05T00:00:00+00:00 [queued]>
[2025-01-06T15:31:42.376+0000] {taskinstance.py:2866} INFO - Starting attempt 2 of 3
[2025-01-06T15:31:42.387+0000] {taskinstance.py:2889} INFO - Executing <Task(PythonOperator): store_in_postgres> on 2025-01-05 00:00:00+00:00
[2025-01-06T15:31:42.396+0000] {standard_task_runner.py:104} INFO - Running: ['***', 'tasks', 'run', 'ico_scraping_dag_latest', 'store_in_postgres', 'scheduled__2025-01-05T00:00:00+00:00', '--job-id', '8', '--raw', '--subdir', 'DAGS_FOLDER/selenium_dag_01.py', '--cfg-path', '/tmp/tmppiercbsj']
[2025-01-06T15:31:42.398+0000] {standard_task_runner.py:105} INFO - Job 8: Subtask store_in_postgres
[2025-01-06T15:31:42.398+0000] {logging_mixin.py:190} WARNING - /home/***/.local/lib/python3.12/site-packages/***/task/task_runner/standard_task_runner.py:70 DeprecationWarning: This process (pid=1070) is multi-threaded, use of fork() may lead to deadlocks in the child.
[2025-01-06T15:31:42.399+0000] {standard_task_runner.py:72} INFO - Started process 1072 to run task
[2025-01-06T15:31:42.438+0000] {task_command.py:467} INFO - Running <TaskInstance: ico_scraping_dag_latest.store_in_postgres scheduled__2025-01-05T00:00:00+00:00 [running]> on host cbdb73f7b411
[2025-01-06T15:31:42.505+0000] {taskinstance.py:3132} INFO - Exporting env vars: AIRFLOW_CTX_DAG_OWNER='***' AIRFLOW_CTX_DAG_ID='ico_scraping_dag_latest' AIRFLOW_CTX_TASK_ID='store_in_postgres' AIRFLOW_CTX_EXECUTION_DATE='2025-01-05T00:00:00+00:00' AIRFLOW_CTX_TRY_NUMBER='2' AIRFLOW_CTX_DAG_RUN_ID='scheduled__2025-01-05T00:00:00+00:00'
[2025-01-06T15:31:42.506+0000] {taskinstance.py:731} INFO - ::endgroup::
[2025-01-06T15:31:42.530+0000] {logging_mixin.py:190} INFO - Path pulled from XCom: /opt/***/data/ico_data/ico_data_raw.csv
[2025-01-06T15:31:42.544+0000] {base.py:84} INFO - Retrieving connection 'postgres_localhost'
[2025-01-06T15:31:42.547+0000] {sql.py:553} INFO - Running statement: 
        CREATE TABLE IF NOT EXISTS test (
            project_name VARCHAR(255),
            project_ticker VARCHAR(50),
            project_link TEXT,
            project_round VARCHAR(100),
            project_total_raised VARCHAR(100),
            project_pre_valuation VARCHAR(100),
            project_categories VARCHAR(255),
            project_roi VARCHAR(100),
            project_date VARCHAR(100),
            project_total_investors INTEGER
        );
        , parameters: None
[2025-01-06T15:31:42.558+0000] {base.py:84} INFO - Retrieving connection 'postgres_localhost'
[2025-01-06T15:31:42.599+0000] {python.py:240} INFO - Done. Returned value was: None
[2025-01-06T15:31:42.607+0000] {taskinstance.py:340} INFO - ::group::Post task execution logs
[2025-01-06T15:31:42.607+0000] {taskinstance.py:352} INFO - Marking task as SUCCESS. dag_id=ico_scraping_dag_latest, task_id=store_in_postgres, run_id=scheduled__2025-01-05T00:00:00+00:00, execution_date=20250105T000000, start_date=20250106T153142, end_date=20250106T153142
[2025-01-06T15:31:42.653+0000] {local_task_job_runner.py:266} INFO - Task exited with return code 0
[2025-01-06T15:31:42.664+0000] {taskinstance.py:3895} INFO - 0 downstream tasks scheduled from follow-on schedule check
[2025-01-06T15:31:42.667+0000] {local_task_job_runner.py:245} INFO - ::endgroup::
