[2025-01-07T15:07:59.367+0000] {manager.py:483} INFO - Processing files using up to 2 processes at a time 
[2025-01-07T15:07:59.367+0000] {manager.py:484} INFO - Process each file at most once every 30 seconds
[2025-01-07T15:07:59.367+0000] {manager.py:485} INFO - Checking for new files in /opt/airflow/dags every 300 seconds
[2025-01-07T15:07:59.368+0000] {manager.py:821} INFO - Searching for files in /opt/airflow/dags
[2025-01-07T15:07:59.370+0000] {manager.py:824} INFO - There are 4 files in /opt/airflow/dags
[2025-01-07T15:07:59.616+0000] {manager.py:997} INFO - 
================================================================================
DAG File Processing Stats

File Path                                                   PID  Runtime      # DAGs    # Errors  Last Runtime    Last Run      Last # of DB Queries
--------------------------------------------------------  -----  ---------  --------  ----------  --------------  ----------  ----------------------
/opt/airflow/dags/uploading_data_entire_manually.py         195  0.04s             0           0                                                   0
/opt/airflow/dags/ico_scraping_dag_entire_once.py           192  0.06s             0           0                                                   0
/opt/airflow/dags/ico_scraping_dag_firstpage.py                                    0           0                                                   0
/opt/airflow/dags/ico_scraping_dag_insert_new_records.py                           0           0                                                   0
================================================================================
[2025-01-07T15:08:29.876+0000] {manager.py:997} INFO - 
================================================================================
DAG File Processing Stats

File Path                                                 PID    Runtime      # DAGs    # Errors  Last Runtime    Last Run               Last # of DB Queries
--------------------------------------------------------  -----  ---------  --------  ----------  --------------  -------------------  ----------------------
/opt/airflow/dags/ico_scraping_dag_entire_once.py                                  1           0  2.11s           2025-01-07T15:08:01                      43
/opt/airflow/dags/uploading_data_entire_manually.py                                1           0  2.10s           2025-01-07T15:08:01                      45
/opt/airflow/dags/ico_scraping_dag_insert_new_records.py                           1           0  0.70s           2025-01-07T15:08:02                      45
/opt/airflow/dags/ico_scraping_dag_firstpage.py                                    1           0  0.64s           2025-01-07T15:08:03                      45
================================================================================
[2025-01-07T15:09:00.012+0000] {manager.py:997} INFO - 
================================================================================
DAG File Processing Stats

File Path                                                 PID    Runtime      # DAGs    # Errors  Last Runtime    Last Run               Last # of DB Queries
--------------------------------------------------------  -----  ---------  --------  ----------  --------------  -------------------  ----------------------
/opt/airflow/dags/ico_scraping_dag_entire_once.py                                  1           0  0.87s           2025-01-07T15:08:32                      10
/opt/airflow/dags/uploading_data_entire_manually.py                                1           0  0.85s           2025-01-07T15:08:32                      12
/opt/airflow/dags/ico_scraping_dag_insert_new_records.py                           1           0  0.56s           2025-01-07T15:08:33                      12
/opt/airflow/dags/ico_scraping_dag_firstpage.py                                    1           0  0.53s           2025-01-07T15:08:33                      12
================================================================================
[2025-01-07T15:09:30.296+0000] {manager.py:997} INFO - 
================================================================================
DAG File Processing Stats

File Path                                                 PID    Runtime      # DAGs    # Errors  Last Runtime    Last Run               Last # of DB Queries
--------------------------------------------------------  -----  ---------  --------  ----------  --------------  -------------------  ----------------------
/opt/airflow/dags/ico_scraping_dag_entire_once.py                                  1           0  0.65s           2025-01-07T15:09:03                      10
/opt/airflow/dags/uploading_data_entire_manually.py                                1           0  0.60s           2025-01-07T15:09:03                      12
/opt/airflow/dags/ico_scraping_dag_firstpage.py                                    1           0  0.46s           2025-01-07T15:09:04                      12
/opt/airflow/dags/ico_scraping_dag_insert_new_records.py                           1           0  0.45s           2025-01-07T15:09:04                      12
================================================================================
[2025-01-07T15:10:00.786+0000] {manager.py:997} INFO - 
================================================================================
DAG File Processing Stats

File Path                                                 PID    Runtime      # DAGs    # Errors  Last Runtime    Last Run               Last # of DB Queries
--------------------------------------------------------  -----  ---------  --------  ----------  --------------  -------------------  ----------------------
/opt/airflow/dags/ico_scraping_dag_entire_once.py                                  1           0  0.44s           2025-01-07T15:09:34                      10
/opt/airflow/dags/uploading_data_entire_manually.py                                1           0  0.42s           2025-01-07T15:09:34                      12
/opt/airflow/dags/ico_scraping_dag_insert_new_records.py                           1           0  0.40s           2025-01-07T15:09:34                      12
/opt/airflow/dags/ico_scraping_dag_firstpage.py                                    1           0  0.35s           2025-01-07T15:09:34                      12
================================================================================
[2025-01-07T15:10:30.960+0000] {manager.py:997} INFO - 
================================================================================
DAG File Processing Stats

File Path                                                 PID    Runtime      # DAGs    # Errors  Last Runtime    Last Run               Last # of DB Queries
--------------------------------------------------------  -----  ---------  --------  ----------  --------------  -------------------  ----------------------
/opt/airflow/dags/ico_scraping_dag_entire_once.py                                  1           0  0.54s           2025-01-07T15:10:05                      10
/opt/airflow/dags/uploading_data_entire_manually.py                                1           0  0.49s           2025-01-07T15:10:05                      12
/opt/airflow/dags/ico_scraping_dag_insert_new_records.py                           1           0  0.44s           2025-01-07T15:10:05                      12
/opt/airflow/dags/ico_scraping_dag_firstpage.py                                    1           0  0.44s           2025-01-07T15:10:05                      12
================================================================================
[2025-01-07T15:11:01.169+0000] {manager.py:997} INFO - 
================================================================================
DAG File Processing Stats

File Path                                                 PID    Runtime      # DAGs    # Errors  Last Runtime    Last Run               Last # of DB Queries
--------------------------------------------------------  -----  ---------  --------  ----------  --------------  -------------------  ----------------------
/opt/airflow/dags/ico_scraping_dag_entire_once.py                                  1           0  0.58s           2025-01-07T15:10:36                      10
/opt/airflow/dags/uploading_data_entire_manually.py                                1           0  0.51s           2025-01-07T15:10:36                      12
/opt/airflow/dags/ico_scraping_dag_insert_new_records.py                           1           0  0.49s           2025-01-07T15:10:37                      12
/opt/airflow/dags/ico_scraping_dag_firstpage.py                                    1           0  0.49s           2025-01-07T15:10:37                      12
================================================================================
[2025-01-07T15:11:31.321+0000] {manager.py:997} INFO - 
================================================================================
DAG File Processing Stats

File Path                                                 PID    Runtime      # DAGs    # Errors  Last Runtime    Last Run               Last # of DB Queries
--------------------------------------------------------  -----  ---------  --------  ----------  --------------  -------------------  ----------------------
/opt/airflow/dags/ico_scraping_dag_entire_once.py                                  1           0  0.49s           2025-01-07T15:11:07                      10
/opt/airflow/dags/uploading_data_entire_manually.py                                1           0  0.46s           2025-01-07T15:11:07                      12
/opt/airflow/dags/ico_scraping_dag_insert_new_records.py                           1           0  0.40s           2025-01-07T15:11:08                      12
/opt/airflow/dags/ico_scraping_dag_firstpage.py                                    1           0  0.37s           2025-01-07T15:11:08                      12
================================================================================
[2025-01-07T15:12:01.665+0000] {manager.py:997} INFO - 
================================================================================
DAG File Processing Stats

File Path                                                 PID    Runtime      # DAGs    # Errors  Last Runtime    Last Run               Last # of DB Queries
--------------------------------------------------------  -----  ---------  --------  ----------  --------------  -------------------  ----------------------
/opt/airflow/dags/ico_scraping_dag_entire_once.py                                  1           0  0.45s           2025-01-07T15:11:38                      10
/opt/airflow/dags/uploading_data_entire_manually.py                                1           0  0.43s           2025-01-07T15:11:38                      12
/opt/airflow/dags/ico_scraping_dag_insert_new_records.py                           1           0  0.36s           2025-01-07T15:11:39                      12
/opt/airflow/dags/ico_scraping_dag_firstpage.py                                    1           0  0.34s           2025-01-07T15:11:39                      12
================================================================================
[2025-01-07T15:12:31.682+0000] {manager.py:997} INFO - 
================================================================================
DAG File Processing Stats

File Path                                                 PID    Runtime      # DAGs    # Errors  Last Runtime    Last Run               Last # of DB Queries
--------------------------------------------------------  -----  ---------  --------  ----------  --------------  -------------------  ----------------------
/opt/airflow/dags/ico_scraping_dag_entire_once.py                                  1           0  0.68s           2025-01-07T15:12:10                      10
/opt/airflow/dags/uploading_data_entire_manually.py                                1           0  0.63s           2025-01-07T15:12:10                      12
/opt/airflow/dags/ico_scraping_dag_firstpage.py                                    1           0  0.49s           2025-01-07T15:12:10                      12
/opt/airflow/dags/ico_scraping_dag_insert_new_records.py                           1           0  0.49s           2025-01-07T15:12:10                      12
================================================================================
[2025-01-07T15:12:59.710+0000] {manager.py:821} INFO - Searching for files in /opt/airflow/dags
[2025-01-07T15:12:59.713+0000] {manager.py:824} INFO - There are 4 files in /opt/airflow/dags
[2025-01-07T15:13:01.734+0000] {manager.py:997} INFO - 
================================================================================
DAG File Processing Stats

File Path                                                 PID    Runtime      # DAGs    # Errors  Last Runtime    Last Run               Last # of DB Queries
--------------------------------------------------------  -----  ---------  --------  ----------  --------------  -------------------  ----------------------
/opt/airflow/dags/ico_scraping_dag_firstpage.py                                    1           0  0.47s           2025-01-07T15:12:41                      12
/opt/airflow/dags/ico_scraping_dag_entire_once.py                                  1           0  0.44s           2025-01-07T15:12:41                      10
/opt/airflow/dags/ico_scraping_dag_insert_new_records.py                           1           0  0.44s           2025-01-07T15:12:41                      12
/opt/airflow/dags/uploading_data_entire_manually.py                                1           0  0.42s           2025-01-07T15:12:41                      12
================================================================================
[2025-01-07T15:13:31.757+0000] {manager.py:997} INFO - 
================================================================================
DAG File Processing Stats

File Path                                                 PID    Runtime      # DAGs    # Errors  Last Runtime    Last Run               Last # of DB Queries
--------------------------------------------------------  -----  ---------  --------  ----------  --------------  -------------------  ----------------------
/opt/airflow/dags/ico_scraping_dag_entire_once.py                                  1           0  0.44s           2025-01-07T15:13:12                      10
/opt/airflow/dags/ico_scraping_dag_firstpage.py                                    1           0  0.44s           2025-01-07T15:13:12                      12
/opt/airflow/dags/ico_scraping_dag_insert_new_records.py                           1           0  0.44s           2025-01-07T15:13:12                      12
/opt/airflow/dags/uploading_data_entire_manually.py                                1           0  0.39s           2025-01-07T15:13:12                      12
================================================================================
[2025-01-07T15:14:01.796+0000] {manager.py:997} INFO - 
================================================================================
DAG File Processing Stats

File Path                                                 PID    Runtime      # DAGs    # Errors  Last Runtime    Last Run               Last # of DB Queries
--------------------------------------------------------  -----  ---------  --------  ----------  --------------  -------------------  ----------------------
/opt/airflow/dags/ico_scraping_dag_entire_once.py                                  1           0  0.43s           2025-01-07T15:13:43                      10
/opt/airflow/dags/ico_scraping_dag_firstpage.py                                    1           0  0.41s           2025-01-07T15:13:43                      12
/opt/airflow/dags/ico_scraping_dag_insert_new_records.py                           1           0  0.40s           2025-01-07T15:13:43                      12
/opt/airflow/dags/uploading_data_entire_manually.py                                1           0  0.39s           2025-01-07T15:13:43                      12
================================================================================
[2025-01-07T15:14:31.801+0000] {manager.py:997} INFO - 
================================================================================
DAG File Processing Stats

File Path                                                 PID    Runtime      # DAGs    # Errors  Last Runtime    Last Run               Last # of DB Queries
--------------------------------------------------------  -----  ---------  --------  ----------  --------------  -------------------  ----------------------
/opt/airflow/dags/ico_scraping_dag_entire_once.py                                  1           0  0.41s           2025-01-07T15:14:14                      10
/opt/airflow/dags/uploading_data_entire_manually.py                                1           0  0.38s           2025-01-07T15:14:14                      12
/opt/airflow/dags/ico_scraping_dag_insert_new_records.py                           1           0  0.36s           2025-01-07T15:14:14                      12
/opt/airflow/dags/ico_scraping_dag_firstpage.py                                    1           0  0.35s           2025-01-07T15:14:14                      12
================================================================================
[2025-01-07T15:15:01.809+0000] {manager.py:997} INFO - 
================================================================================
DAG File Processing Stats

File Path                                                 PID    Runtime      # DAGs    # Errors  Last Runtime    Last Run               Last # of DB Queries
--------------------------------------------------------  -----  ---------  --------  ----------  --------------  -------------------  ----------------------
/opt/airflow/dags/ico_scraping_dag_entire_once.py                                  1           0  0.47s           2025-01-07T15:14:45                      10
/opt/airflow/dags/uploading_data_entire_manually.py                                1           0  0.43s           2025-01-07T15:14:45                      12
/opt/airflow/dags/ico_scraping_dag_firstpage.py                                    1           0  0.41s           2025-01-07T15:14:45                      12
/opt/airflow/dags/ico_scraping_dag_insert_new_records.py                           1           0  0.40s           2025-01-07T15:14:45                      12
================================================================================
[2025-01-07T15:15:31.833+0000] {manager.py:997} INFO - 
================================================================================
DAG File Processing Stats

File Path                                                 PID    Runtime      # DAGs    # Errors  Last Runtime    Last Run               Last # of DB Queries
--------------------------------------------------------  -----  ---------  --------  ----------  --------------  -------------------  ----------------------
/opt/airflow/dags/ico_scraping_dag_entire_once.py                                  1           0  0.39s           2025-01-07T15:15:16                      10
/opt/airflow/dags/ico_scraping_dag_firstpage.py                                    1           0  0.37s           2025-01-07T15:15:16                      12
/opt/airflow/dags/ico_scraping_dag_insert_new_records.py                           1           0  0.36s           2025-01-07T15:15:16                      12
/opt/airflow/dags/uploading_data_entire_manually.py                                1           0  0.34s           2025-01-07T15:15:16                      12
================================================================================
[2025-01-07T15:16:01.842+0000] {manager.py:997} INFO - 
================================================================================
DAG File Processing Stats

File Path                                                 PID    Runtime      # DAGs    # Errors  Last Runtime    Last Run               Last # of DB Queries
--------------------------------------------------------  -----  ---------  --------  ----------  --------------  -------------------  ----------------------
/opt/airflow/dags/ico_scraping_dag_entire_once.py                                  1           0  0.42s           2025-01-07T15:15:47                      10
/opt/airflow/dags/ico_scraping_dag_firstpage.py                                    1           0  0.41s           2025-01-07T15:15:47                      12
/opt/airflow/dags/ico_scraping_dag_insert_new_records.py                           1           0  0.41s           2025-01-07T15:15:47                      12
/opt/airflow/dags/uploading_data_entire_manually.py                                1           0  0.38s           2025-01-07T15:15:47                      12
================================================================================
[2025-01-07T15:16:31.859+0000] {manager.py:997} INFO - 
================================================================================
DAG File Processing Stats

File Path                                                 PID    Runtime      # DAGs    # Errors  Last Runtime    Last Run               Last # of DB Queries
--------------------------------------------------------  -----  ---------  --------  ----------  --------------  -------------------  ----------------------
/opt/airflow/dags/ico_scraping_dag_entire_once.py                                  1           0  0.43s           2025-01-07T15:16:18                      10
/opt/airflow/dags/uploading_data_entire_manually.py                                1           0  0.38s           2025-01-07T15:16:18                      12
/opt/airflow/dags/ico_scraping_dag_firstpage.py                                    1           0  0.36s           2025-01-07T15:16:18                      12
/opt/airflow/dags/ico_scraping_dag_insert_new_records.py                           1           0  0.35s           2025-01-07T15:16:18                      12
================================================================================
[2025-01-07T15:17:02.109+0000] {manager.py:997} INFO - 
================================================================================
DAG File Processing Stats

File Path                                                 PID    Runtime      # DAGs    # Errors  Last Runtime    Last Run               Last # of DB Queries
--------------------------------------------------------  -----  ---------  --------  ----------  --------------  -------------------  ----------------------
/opt/airflow/dags/ico_scraping_dag_firstpage.py                                    1           0  0.53s           2025-01-07T15:16:50                      12
/opt/airflow/dags/ico_scraping_dag_insert_new_records.py                           1           0  0.51s           2025-01-07T15:16:49                      12
/opt/airflow/dags/ico_scraping_dag_entire_once.py                                  1           0  0.49s           2025-01-07T15:16:49                      10
/opt/airflow/dags/uploading_data_entire_manually.py                                1           0  0.42s           2025-01-07T15:16:49                      12
================================================================================
[2025-01-07T15:17:32.346+0000] {manager.py:997} INFO - 
================================================================================
DAG File Processing Stats

File Path                                                 PID    Runtime      # DAGs    # Errors  Last Runtime    Last Run               Last # of DB Queries
--------------------------------------------------------  -----  ---------  --------  ----------  --------------  -------------------  ----------------------
/opt/airflow/dags/ico_scraping_dag_firstpage.py                                    1           0  0.57s           2025-01-07T15:17:21                      12
/opt/airflow/dags/ico_scraping_dag_insert_new_records.py                           1           0  0.54s           2025-01-07T15:17:21                      12
/opt/airflow/dags/ico_scraping_dag_entire_once.py                                  1           0  0.51s           2025-01-07T15:17:20                      10
/opt/airflow/dags/uploading_data_entire_manually.py                                1           0  0.48s           2025-01-07T15:17:20                      12
================================================================================
[2025-01-07T15:18:00.014+0000] {manager.py:821} INFO - Searching for files in /opt/airflow/dags
[2025-01-07T15:18:00.016+0000] {manager.py:824} INFO - There are 4 files in /opt/airflow/dags
[2025-01-07T15:18:03.042+0000] {manager.py:997} INFO - 
================================================================================
DAG File Processing Stats

File Path                                                 PID    Runtime      # DAGs    # Errors  Last Runtime    Last Run               Last # of DB Queries
--------------------------------------------------------  -----  ---------  --------  ----------  --------------  -------------------  ----------------------
/opt/airflow/dags/ico_scraping_dag_entire_once.py                                  1           0  0.98s           2025-01-07T15:17:52                      10
/opt/airflow/dags/uploading_data_entire_manually.py                                1           0  0.94s           2025-01-07T15:17:52                      12
/opt/airflow/dags/ico_scraping_dag_firstpage.py                                    1           0  0.55s           2025-01-07T15:17:53                      12
/opt/airflow/dags/ico_scraping_dag_insert_new_records.py                           1           0  0.54s           2025-01-07T15:17:52                      12
================================================================================
[2025-01-07T15:18:33.237+0000] {manager.py:997} INFO - 
================================================================================
DAG File Processing Stats

File Path                                                 PID    Runtime      # DAGs    # Errors  Last Runtime    Last Run               Last # of DB Queries
--------------------------------------------------------  -----  ---------  --------  ----------  --------------  -------------------  ----------------------
/opt/airflow/dags/ico_scraping_dag_entire_once.py                                  1           0  0.59s           2025-01-07T15:18:23                      10
/opt/airflow/dags/uploading_data_entire_manually.py                                1           0  0.55s           2025-01-07T15:18:23                      12
/opt/airflow/dags/ico_scraping_dag_firstpage.py                                    1           0  0.45s           2025-01-07T15:18:24                      12
/opt/airflow/dags/ico_scraping_dag_insert_new_records.py                           1           0  0.44s           2025-01-07T15:18:24                      12
================================================================================
