[2025-01-07T15:12:00.594+0000] {local_task_job_runner.py:123} INFO - ::group::Pre task execution logs
[2025-01-07T15:12:00.608+0000] {taskinstance.py:2613} INFO - Dependencies all met for dep_context=non-requeueable deps ti=<TaskInstance: ico_scraping_dag_new_records.scrape_ico_data manual__2025-01-07T15:11:59.639244+00:00 [queued]>
[2025-01-07T15:12:00.614+0000] {taskinstance.py:2613} INFO - Dependencies all met for dep_context=requeueable deps ti=<TaskInstance: ico_scraping_dag_new_records.scrape_ico_data manual__2025-01-07T15:11:59.639244+00:00 [queued]>
[2025-01-07T15:12:00.615+0000] {taskinstance.py:2866} INFO - Starting attempt 1 of 2
[2025-01-07T15:12:00.627+0000] {taskinstance.py:2889} INFO - Executing <Task(PythonOperator): scrape_ico_data> on 2025-01-07 15:11:59.639244+00:00
[2025-01-07T15:12:00.636+0000] {standard_task_runner.py:104} INFO - Running: ['***', 'tasks', 'run', 'ico_scraping_dag_new_records', 'scrape_ico_data', 'manual__2025-01-07T15:11:59.639244+00:00', '--job-id', '5', '--raw', '--subdir', 'DAGS_FOLDER/ico_scraping_dag_insert_new_records.py', '--cfg-path', '/tmp/tmpsxiajp4m']
[2025-01-07T15:12:00.639+0000] {logging_mixin.py:190} WARNING - /home/***/.local/lib/python3.12/site-packages/***/task/task_runner/standard_task_runner.py:70 DeprecationWarning: This process (pid=440) is multi-threaded, use of fork() may lead to deadlocks in the child.
[2025-01-07T15:12:00.639+0000] {standard_task_runner.py:105} INFO - Job 5: Subtask scrape_ico_data
[2025-01-07T15:12:00.640+0000] {standard_task_runner.py:72} INFO - Started process 442 to run task
[2025-01-07T15:12:00.683+0000] {task_command.py:467} INFO - Running <TaskInstance: ico_scraping_dag_new_records.scrape_ico_data manual__2025-01-07T15:11:59.639244+00:00 [running]> on host 64ebca265122
[2025-01-07T15:12:00.753+0000] {taskinstance.py:3132} INFO - Exporting env vars: AIRFLOW_CTX_DAG_OWNER='***' AIRFLOW_CTX_DAG_ID='ico_scraping_dag_new_records' AIRFLOW_CTX_TASK_ID='scrape_ico_data' AIRFLOW_CTX_EXECUTION_DATE='2025-01-07T15:11:59.639244+00:00' AIRFLOW_CTX_TRY_NUMBER='1' AIRFLOW_CTX_DAG_RUN_ID='manual__2025-01-07T15:11:59.639244+00:00'
[2025-01-07T15:12:00.754+0000] {taskinstance.py:731} INFO - ::endgroup::
[2025-01-07T15:12:00.769+0000] {logging_mixin.py:190} INFO - Starting the web scraping process...
[2025-01-07T15:12:00.905+0000] {logging_mixin.py:190} INFO - Chrome version: Chromium 114.0.5735.0
[2025-01-07T15:12:00.906+0000] {logging_mixin.py:190} INFO - ChromeDriver version: ChromeDriver 114.0.5735.90 (386bc09e8f4f2e025eddae123f36f6263096ae49-refs/branch-heads/5735@{#1052})
[2025-01-07T15:12:00.906+0000] {logging_mixin.py:190} INFO - Chrome binary location set to: /opt/chrome/chrome
[2025-01-07T15:12:00.907+0000] {logging_mixin.py:190} INFO - ChromeDriver path set to: /opt/chromedriver/chromedriver
[2025-01-07T15:12:01.629+0000] {logging_mixin.py:190} INFO - WebDriver initialized successfully.
[2025-01-07T15:12:01.629+0000] {logging_mixin.py:190} INFO - Navigating to the ICO Drops page...
[2025-01-07T15:12:04.178+0000] {logging_mixin.py:190} INFO - Attempting to click element with xpath: //button[contains(text(), 'Agree')]
[2025-01-07T15:12:04.245+0000] {logging_mixin.py:190} INFO - Element found, clicking on it: //button[contains(text(), 'Agree')]
[2025-01-07T15:12:07.329+0000] {logging_mixin.py:190} INFO - First 10 ICOs on the page is found.
[2025-01-07T15:12:07.329+0000] {logging_mixin.py:190} INFO - 
Processing ICO 1/10
[2025-01-07T15:12:07.368+0000] {logging_mixin.py:190} INFO - Extracted project_name: Beam
[2025-01-07T15:12:07.396+0000] {logging_mixin.py:190} INFO - Extracted project_ticker: BEAM
[2025-01-07T15:12:07.429+0000] {logging_mixin.py:190} INFO - Extracted project_link: https://icodrops.com/beam/
[2025-01-07T15:12:07.457+0000] {logging_mixin.py:190} INFO - Extracted project_round: Node Sale Round
[2025-01-07T15:12:07.487+0000] {logging_mixin.py:190} INFO - Extracted project_total_raised: $77.75 M
[2025-01-07T15:12:07.512+0000] {logging_mixin.py:190} INFO - Extracted project_pre_valuation: $1.69 B
[2025-01-07T15:12:07.538+0000] {logging_mixin.py:190} INFO - Extracted project_categories: Gaming
[2025-01-07T15:12:07.559+0000] {logging_mixin.py:190} INFO - Extracted project_roi: 0.01x
[2025-01-07T15:12:07.585+0000] {logging_mixin.py:190} INFO - Extracted project_date: Q4, 2024
[2025-01-07T15:12:07.657+0000] {logging_mixin.py:190} INFO - Extracted project_total_investors: 11
[2025-01-07T15:12:07.657+0000] {logging_mixin.py:190} INFO - 
Processing ICO 2/10
[2025-01-07T15:12:07.679+0000] {logging_mixin.py:190} INFO - Extracted project_name: FLock
[2025-01-07T15:12:07.705+0000] {logging_mixin.py:190} INFO - Extracted project_ticker: FLOCK
[2025-01-07T15:12:07.725+0000] {logging_mixin.py:190} INFO - Extracted project_link: https://icodrops.com/flock-2/
[2025-01-07T15:12:07.747+0000] {logging_mixin.py:190} INFO - Extracted project_round: Launchpool on Bybit
[2025-01-07T15:12:07.771+0000] {logging_mixin.py:190} INFO - Extracted project_total_raised: $9 M
[2025-01-07T15:12:07.793+0000] {logging_mixin.py:190} INFO - Extracted project_pre_valuation: $61.5 M
[2025-01-07T15:12:07.835+0000] {logging_mixin.py:190} INFO - Extracted project_categories: Artificial Intellig…
[2025-01-07T15:12:07.859+0000] {logging_mixin.py:190} INFO - Extracted project_roi: 0.29x
[2025-01-07T15:12:07.888+0000] {logging_mixin.py:190} INFO - Extracted project_date: Dec 31, 2024
[2025-01-07T15:12:07.972+0000] {logging_mixin.py:190} INFO - Extracted project_total_investors: 12
[2025-01-07T15:12:07.972+0000] {logging_mixin.py:190} INFO - 
Processing ICO 3/10
[2025-01-07T15:12:07.992+0000] {logging_mixin.py:190} INFO - Extracted project_name: Sonic
[2025-01-07T15:12:08.013+0000] {logging_mixin.py:190} INFO - Extracted project_ticker: SONIC
[2025-01-07T15:12:08.034+0000] {logging_mixin.py:190} INFO - Extracted project_link: https://icodrops.com/sonic/
[2025-01-07T15:12:08.054+0000] {logging_mixin.py:190} INFO - Extracted project_round: Liquidity Bootstrapping Pool
[2025-01-07T15:12:08.075+0000] {logging_mixin.py:190} INFO - Extracted project_total_raised: $12 M
[2025-01-07T15:12:08.095+0000] {logging_mixin.py:190} INFO - Extracted project_pre_valuation: $2.31 B
[2025-01-07T15:12:08.119+0000] {logging_mixin.py:190} INFO - Extracted project_categories: Blockchain
[2025-01-07T15:12:08.140+0000] {logging_mixin.py:190} INFO - Extracted project_roi: 118.63x
[2025-01-07T15:12:08.163+0000] {logging_mixin.py:190} INFO - Extracted project_date: in 27h
[2025-01-07T15:12:08.225+0000] {logging_mixin.py:190} INFO - Extracted project_total_investors: 7
[2025-01-07T15:12:08.226+0000] {logging_mixin.py:190} INFO - 
Processing ICO 4/10
[2025-01-07T15:12:08.249+0000] {logging_mixin.py:190} INFO - Extracted project_name: aiPump
[2025-01-07T15:12:08.280+0000] {logging_mixin.py:190} INFO - Extracted project_ticker: AIPUMP
[2025-01-07T15:12:08.304+0000] {logging_mixin.py:190} INFO - Extracted project_link: https://icodrops.com/aipump/
[2025-01-07T15:12:08.330+0000] {logging_mixin.py:190} INFO - Extracted project_round: IDO on Polkastarter
[2025-01-07T15:12:08.360+0000] {logging_mixin.py:190} INFO - Extracted project_total_raised: —
[2025-01-07T15:12:08.384+0000] {logging_mixin.py:190} INFO - Extracted project_pre_valuation: $6 M  
[2025-01-07T15:12:08.408+0000] {logging_mixin.py:190} INFO - Extracted project_categories: AI Agents
[2025-01-07T15:12:08.430+0000] {logging_mixin.py:190} INFO - Extracted project_roi: —
[2025-01-07T15:12:08.455+0000] {logging_mixin.py:190} INFO - Extracted project_date: in 29h
[2025-01-07T15:12:28.516+0000] {logging_mixin.py:190} INFO - Extracted project_total_investors: 0
[2025-01-07T15:12:28.516+0000] {logging_mixin.py:190} INFO - 
Processing ICO 5/10
[2025-01-07T15:12:28.540+0000] {logging_mixin.py:190} INFO - Extracted project_name: Zephyr
[2025-01-07T15:12:28.562+0000] {logging_mixin.py:190} INFO - Extracted project_ticker: ZEFY
[2025-01-07T15:12:28.584+0000] {logging_mixin.py:190} INFO - Extracted project_link: https://icodrops.com/zephyr/
[2025-01-07T15:12:28.605+0000] {logging_mixin.py:190} INFO - Extracted project_round: Public Sale
[2025-01-07T15:12:28.625+0000] {logging_mixin.py:190} INFO - Extracted project_total_raised: $561 K
[2025-01-07T15:12:28.646+0000] {logging_mixin.py:190} INFO - Extracted project_pre_valuation: $5.5 M  
[2025-01-07T15:12:28.667+0000] {logging_mixin.py:190} INFO - Extracted project_categories: DeFi
[2025-01-07T15:12:28.687+0000] {logging_mixin.py:190} INFO - Extracted project_roi: —
[2025-01-07T15:12:28.709+0000] {logging_mixin.py:190} INFO - Extracted project_date: Q3, 2024
[2025-01-07T15:12:48.744+0000] {logging_mixin.py:190} INFO - Extracted project_total_investors: 0
[2025-01-07T15:12:48.745+0000] {logging_mixin.py:190} INFO - 
Processing ICO 6/10
[2025-01-07T15:12:48.782+0000] {logging_mixin.py:190} INFO - Extracted project_name: ArkeFi
[2025-01-07T15:12:48.802+0000] {logging_mixin.py:190} INFO - Extracted project_ticker: RKFI
[2025-01-07T15:12:48.819+0000] {logging_mixin.py:190} INFO - Extracted project_link: https://icodrops.com/arkefi/
[2025-01-07T15:12:48.839+0000] {logging_mixin.py:190} INFO - Extracted project_round: IDO on Poolz
[2025-01-07T15:12:48.859+0000] {logging_mixin.py:190} INFO - Extracted project_total_raised: —
[2025-01-07T15:12:48.878+0000] {logging_mixin.py:190} INFO - Extracted project_pre_valuation: $20 M  
[2025-01-07T15:12:48.901+0000] {logging_mixin.py:190} INFO - Extracted project_categories: Blockchain Service
[2025-01-07T15:12:48.922+0000] {logging_mixin.py:190} INFO - Extracted project_roi: —
[2025-01-07T15:12:48.950+0000] {logging_mixin.py:190} INFO - Extracted project_date: Jan 3, 2025
[2025-01-07T15:13:09.014+0000] {logging_mixin.py:190} INFO - Extracted project_total_investors: 0
[2025-01-07T15:13:09.015+0000] {logging_mixin.py:190} INFO - 
Processing ICO 7/10
[2025-01-07T15:13:09.038+0000] {logging_mixin.py:190} INFO - Extracted project_name: BIO Protocol
[2025-01-07T15:13:09.058+0000] {logging_mixin.py:190} INFO - Extracted project_ticker: BIO
[2025-01-07T15:13:09.077+0000] {logging_mixin.py:190} INFO - Extracted project_link: https://icodrops.com/bio-protocol/
[2025-01-07T15:13:09.099+0000] {logging_mixin.py:190} INFO - Extracted project_round: Binance Launchpool
[2025-01-07T15:13:09.119+0000] {logging_mixin.py:190} INFO - Extracted project_total_raised: $29.9 M
[2025-01-07T15:13:09.139+0000] {logging_mixin.py:190} INFO - Extracted project_pre_valuation: $2.33 B
[2025-01-07T15:13:09.160+0000] {logging_mixin.py:190} INFO - Extracted project_categories: DeSci
[2025-01-07T15:13:09.187+0000] {logging_mixin.py:190} INFO - Extracted project_roi: 10.44x
[2025-01-07T15:13:09.208+0000] {logging_mixin.py:190} INFO - Extracted project_date: Dec 24, 2024
[2025-01-07T15:13:19.293+0000] {logging_mixin.py:190} INFO - Extracted project_total_investors: 3
[2025-01-07T15:13:19.294+0000] {logging_mixin.py:190} INFO - 
Processing ICO 8/10
[2025-01-07T15:13:19.317+0000] {logging_mixin.py:190} INFO - Extracted project_name: Pandana
[2025-01-07T15:13:19.338+0000] {logging_mixin.py:190} INFO - Extracted project_ticker: PNDN
[2025-01-07T15:13:19.356+0000] {logging_mixin.py:190} INFO - Extracted project_link: https://icodrops.com/pandana/
[2025-01-07T15:13:19.376+0000] {logging_mixin.py:190} INFO - Extracted project_round: Presale
[2025-01-07T15:13:19.399+0000] {logging_mixin.py:190} INFO - Extracted project_total_raised: $722 K
[2025-01-07T15:13:19.420+0000] {logging_mixin.py:190} INFO - Extracted project_pre_valuation: $24 M  
[2025-01-07T15:13:19.439+0000] {logging_mixin.py:190} INFO - Extracted project_categories: Memecoin
[2025-01-07T15:13:19.461+0000] {logging_mixin.py:190} INFO - Extracted project_roi: —
[2025-01-07T15:13:19.482+0000] {logging_mixin.py:190} INFO - Extracted project_date: Q4, 2024
[2025-01-07T15:13:39.556+0000] {logging_mixin.py:190} INFO - Extracted project_total_investors: 0
[2025-01-07T15:13:39.557+0000] {logging_mixin.py:190} INFO - 
Processing ICO 9/10
[2025-01-07T15:13:39.581+0000] {logging_mixin.py:190} INFO - Extracted project_name: Fuel Network
[2025-01-07T15:13:39.603+0000] {logging_mixin.py:190} INFO - Extracted project_ticker: FUEL
[2025-01-07T15:13:39.621+0000] {logging_mixin.py:190} INFO - Extracted project_link: https://icodrops.com/fuel-network/
[2025-01-07T15:13:39.647+0000] {logging_mixin.py:190} INFO - Extracted project_round: Public Sale
[2025-01-07T15:13:39.673+0000] {logging_mixin.py:190} INFO - Extracted project_total_raised: $90.9 M
[2025-01-07T15:13:39.705+0000] {logging_mixin.py:190} INFO - Extracted project_pre_valuation: $622 M
[2025-01-07T15:13:39.737+0000] {logging_mixin.py:190} INFO - Extracted project_categories: Layer-2
[2025-01-07T15:13:39.761+0000] {logging_mixin.py:190} INFO - Extracted project_roi: 3.08x
[2025-01-07T15:13:39.786+0000] {logging_mixin.py:190} INFO - Extracted project_date: Dec 17, 2024
[2025-01-07T15:13:39.868+0000] {logging_mixin.py:190} INFO - Extracted project_total_investors: 15
[2025-01-07T15:13:39.869+0000] {logging_mixin.py:190} INFO - 
Processing ICO 10/10
[2025-01-07T15:13:39.890+0000] {logging_mixin.py:190} INFO - Extracted project_name: Huddle01
[2025-01-07T15:13:49.920+0000] {logging_mixin.py:190} INFO - project_ticker not found.
[2025-01-07T15:13:49.938+0000] {logging_mixin.py:190} INFO - Extracted project_link: https://icodrops.com/huddle01/
[2025-01-07T15:13:49.957+0000] {logging_mixin.py:190} INFO - Extracted project_round: Node Sale Round
[2025-01-07T15:13:49.975+0000] {logging_mixin.py:190} INFO - Extracted project_total_raised: $4.5 M
[2025-01-07T15:13:49.997+0000] {logging_mixin.py:190} INFO - Extracted project_pre_valuation: —
[2025-01-07T15:13:50.017+0000] {logging_mixin.py:190} INFO - Extracted project_categories: Social
[2025-01-07T15:13:50.036+0000] {logging_mixin.py:190} INFO - Extracted project_roi: —
[2025-01-07T15:13:50.056+0000] {logging_mixin.py:190} INFO - Extracted project_date: Nov 6, 2024
[2025-01-07T15:13:50.109+0000] {logging_mixin.py:190} INFO - Extracted project_total_investors: 10
[2025-01-07T15:13:50.198+0000] {logging_mixin.py:190} INFO - Scraped 10 ICOs.
[2025-01-07T15:13:50.203+0000] {logging_mixin.py:190} INFO - CSV file saved at /opt/***/data/ico_data/ico_data_raw_daily.csv
[2025-01-07T15:13:50.215+0000] {python.py:240} INFO - Done. Returned value was: None
[2025-01-07T15:13:50.222+0000] {taskinstance.py:340} INFO - ::group::Post task execution logs
[2025-01-07T15:13:50.222+0000] {taskinstance.py:352} INFO - Marking task as SUCCESS. dag_id=ico_scraping_dag_new_records, task_id=scrape_ico_data, run_id=manual__2025-01-07T15:11:59.639244+00:00, execution_date=20250107T151159, start_date=20250107T151200, end_date=20250107T151350
[2025-01-07T15:13:50.262+0000] {local_task_job_runner.py:266} INFO - Task exited with return code 0
[2025-01-07T15:13:50.280+0000] {taskinstance.py:3895} INFO - 1 downstream tasks scheduled from follow-on schedule check
[2025-01-07T15:13:50.282+0000] {local_task_job_runner.py:245} INFO - ::endgroup::
