[2025-01-07T10:18:01.324+0000] {local_task_job_runner.py:123} INFO - ::group::Pre task execution logs
[2025-01-07T10:18:01.341+0000] {taskinstance.py:2613} INFO - Dependencies all met for dep_context=non-requeueable deps ti=<TaskInstance: ico_scraping_dag_entire_once.store_in_postgres manual__2025-01-07T03:15:39.682148+00:00 [queued]>
[2025-01-07T10:18:01.353+0000] {taskinstance.py:2613} INFO - Dependencies all met for dep_context=requeueable deps ti=<TaskInstance: ico_scraping_dag_entire_once.store_in_postgres manual__2025-01-07T03:15:39.682148+00:00 [queued]>
[2025-01-07T10:18:01.354+0000] {taskinstance.py:2866} INFO - Starting attempt 1 of 2
[2025-01-07T10:18:01.376+0000] {taskinstance.py:2889} INFO - Executing <Task(PythonOperator): store_in_postgres> on 2025-01-07 03:15:39.682148+00:00
[2025-01-07T10:18:01.391+0000] {logging_mixin.py:190} WARNING - /home/***/.local/lib/python3.12/site-packages/***/task/task_runner/standard_task_runner.py:70 DeprecationWarning: This process (pid=27136) is multi-threaded, use of fork() may lead to deadlocks in the child.
[2025-01-07T10:18:01.390+0000] {standard_task_runner.py:104} INFO - Running: ['***', 'tasks', 'run', 'ico_scraping_dag_entire_once', 'store_in_postgres', 'manual__2025-01-07T03:15:39.682148+00:00', '--job-id', '36', '--raw', '--subdir', 'DAGS_FOLDER/ico_scraping_dag_entire_once.py', '--cfg-path', '/tmp/tmply3zl7vt']
[2025-01-07T10:18:01.393+0000] {standard_task_runner.py:105} INFO - Job 36: Subtask store_in_postgres
[2025-01-07T10:18:01.393+0000] {standard_task_runner.py:72} INFO - Started process 27138 to run task
[2025-01-07T10:18:01.456+0000] {task_command.py:467} INFO - Running <TaskInstance: ico_scraping_dag_entire_once.store_in_postgres manual__2025-01-07T03:15:39.682148+00:00 [running]> on host e0f05d443e24
[2025-01-07T10:18:01.544+0000] {taskinstance.py:3132} INFO - Exporting env vars: AIRFLOW_CTX_DAG_OWNER='***' AIRFLOW_CTX_DAG_ID='ico_scraping_dag_entire_once' AIRFLOW_CTX_TASK_ID='store_in_postgres' AIRFLOW_CTX_EXECUTION_DATE='2025-01-07T03:15:39.682148+00:00' AIRFLOW_CTX_TRY_NUMBER='1' AIRFLOW_CTX_DAG_RUN_ID='manual__2025-01-07T03:15:39.682148+00:00'
[2025-01-07T10:18:01.545+0000] {taskinstance.py:731} INFO - ::endgroup::
[2025-01-07T10:18:01.610+0000] {base.py:84} INFO - Retrieving connection 'postgres_localhost'
[2025-01-07T10:18:01.614+0000] {sql.py:553} INFO - Running statement: 
    CREATE TABLE IF NOT EXISTS "ICODATA" (
        project_name VARCHAR(255),
        project_ticker VARCHAR(50),
        project_link TEXT,
        project_round VARCHAR(100),
        project_total_raised BIGINT,
        project_pre_valuation BIGINT,
        project_categories VARCHAR(255),
        project_roi FLOAT,
        project_date TIMESTAMP,
        project_total_investors INTEGER
    );
    , parameters: None
[2025-01-07T10:18:01.643+0000] {base.py:84} INFO - Retrieving connection 'postgres_localhost'
[2025-01-07T10:18:01.792+0000] {python.py:240} INFO - Done. Returned value was: None
[2025-01-07T10:18:01.800+0000] {taskinstance.py:340} INFO - ::group::Post task execution logs
[2025-01-07T10:18:01.800+0000] {taskinstance.py:352} INFO - Marking task as SUCCESS. dag_id=ico_scraping_dag_entire_once, task_id=store_in_postgres, run_id=manual__2025-01-07T03:15:39.682148+00:00, execution_date=20250107T031539, start_date=20250107T101801, end_date=20250107T101801
[2025-01-07T10:18:01.851+0000] {local_task_job_runner.py:266} INFO - Task exited with return code 0
[2025-01-07T10:18:01.866+0000] {taskinstance.py:3895} INFO - 0 downstream tasks scheduled from follow-on schedule check
[2025-01-07T10:18:01.868+0000] {local_task_job_runner.py:245} INFO - ::endgroup::
