[2025-01-07T02:42:24.851+0000] {local_task_job_runner.py:123} INFO - ::group::Pre task execution logs
[2025-01-07T02:42:24.864+0000] {taskinstance.py:2613} INFO - Dependencies all met for dep_context=non-requeueable deps ti=<TaskInstance: ico_scraping_dag_new_records.scrape_ico_data manual__2025-01-07T02:42:23.308181+00:00 [queued]>
[2025-01-07T02:42:24.871+0000] {taskinstance.py:2613} INFO - Dependencies all met for dep_context=requeueable deps ti=<TaskInstance: ico_scraping_dag_new_records.scrape_ico_data manual__2025-01-07T02:42:23.308181+00:00 [queued]>
[2025-01-07T02:42:24.871+0000] {taskinstance.py:2866} INFO - Starting attempt 1 of 2
[2025-01-07T02:42:24.884+0000] {taskinstance.py:2889} INFO - Executing <Task(PythonOperator): scrape_ico_data> on 2025-01-07 02:42:23.308181+00:00
[2025-01-07T02:42:24.894+0000] {standard_task_runner.py:104} INFO - Running: ['***', 'tasks', 'run', 'ico_scraping_dag_new_records', 'scrape_ico_data', 'manual__2025-01-07T02:42:23.308181+00:00', '--job-id', '24', '--raw', '--subdir', 'DAGS_FOLDER/ico_scraping_dag_insert_new_records.py', '--cfg-path', '/tmp/tmp6opbokfi']
[2025-01-07T02:42:24.896+0000] {logging_mixin.py:190} WARNING - /home/***/.local/lib/python3.12/site-packages/***/task/task_runner/standard_task_runner.py:70 DeprecationWarning: This process (pid=5240) is multi-threaded, use of fork() may lead to deadlocks in the child.
[2025-01-07T02:42:24.896+0000] {standard_task_runner.py:105} INFO - Job 24: Subtask scrape_ico_data
[2025-01-07T02:42:24.896+0000] {standard_task_runner.py:72} INFO - Started process 5242 to run task
[2025-01-07T02:42:24.937+0000] {task_command.py:467} INFO - Running <TaskInstance: ico_scraping_dag_new_records.scrape_ico_data manual__2025-01-07T02:42:23.308181+00:00 [running]> on host e0f05d443e24
[2025-01-07T02:42:25.007+0000] {taskinstance.py:3132} INFO - Exporting env vars: AIRFLOW_CTX_DAG_OWNER='***' AIRFLOW_CTX_DAG_ID='ico_scraping_dag_new_records' AIRFLOW_CTX_TASK_ID='scrape_ico_data' AIRFLOW_CTX_EXECUTION_DATE='2025-01-07T02:42:23.308181+00:00' AIRFLOW_CTX_TRY_NUMBER='1' AIRFLOW_CTX_DAG_RUN_ID='manual__2025-01-07T02:42:23.308181+00:00'
[2025-01-07T02:42:25.009+0000] {taskinstance.py:731} INFO - ::endgroup::
[2025-01-07T02:42:25.026+0000] {logging_mixin.py:190} INFO - Starting the web scraping process...
[2025-01-07T02:42:25.116+0000] {logging_mixin.py:190} INFO - Chrome version: Chromium 114.0.5735.0
[2025-01-07T02:42:25.117+0000] {logging_mixin.py:190} INFO - ChromeDriver version: ChromeDriver 114.0.5735.90 (386bc09e8f4f2e025eddae123f36f6263096ae49-refs/branch-heads/5735@{#1052})
[2025-01-07T02:42:25.117+0000] {logging_mixin.py:190} INFO - Chrome binary location set to: /opt/chrome/chrome
[2025-01-07T02:42:25.118+0000] {logging_mixin.py:190} INFO - ChromeDriver path set to: /opt/chromedriver/chromedriver
[2025-01-07T02:42:25.273+0000] {logging_mixin.py:190} INFO - WebDriver initialized successfully.
[2025-01-07T02:42:25.274+0000] {logging_mixin.py:190} INFO - Navigating to the ICO Drops page...
[2025-01-07T02:42:27.198+0000] {logging_mixin.py:190} INFO - Attempting to click element with xpath: //button[contains(text(), 'Agree')]
[2025-01-07T02:42:37.356+0000] {logging_mixin.py:190} INFO - Consent button not found or already agreed.
[2025-01-07T02:42:40.357+0000] {logging_mixin.py:190} INFO - First 20 ICOs on the page is found.
[2025-01-07T02:42:40.357+0000] {logging_mixin.py:190} INFO - 
Processing ICO 1/20
[2025-01-07T02:42:40.399+0000] {logging_mixin.py:190} INFO - Extracted project_name: Beam
[2025-01-07T02:42:40.424+0000] {logging_mixin.py:190} INFO - Extracted project_ticker: BEAM
[2025-01-07T02:42:40.451+0000] {logging_mixin.py:190} INFO - Extracted project_link: https://icodrops.com/beam/
[2025-01-07T02:42:40.477+0000] {logging_mixin.py:190} INFO - Extracted project_round: Node Sale Round
[2025-01-07T02:42:40.506+0000] {logging_mixin.py:190} INFO - Extracted project_total_raised: $77.75 M
[2025-01-07T02:42:40.533+0000] {logging_mixin.py:190} INFO - Extracted project_pre_valuation: $1.77 B
[2025-01-07T02:42:40.557+0000] {logging_mixin.py:190} INFO - Extracted project_categories: Gaming
[2025-01-07T02:42:40.584+0000] {logging_mixin.py:190} INFO - Extracted project_roi: 0.01x
[2025-01-07T02:42:40.607+0000] {logging_mixin.py:190} INFO - Extracted project_date: Q4, 2024
[2025-01-07T02:42:40.699+0000] {logging_mixin.py:190} INFO - Extracted project_total_investors: 11
[2025-01-07T02:42:40.699+0000] {logging_mixin.py:190} INFO - 
Processing ICO 2/20
[2025-01-07T02:42:40.724+0000] {logging_mixin.py:190} INFO - Extracted project_name: aiPump
[2025-01-07T02:42:40.763+0000] {logging_mixin.py:190} INFO - Extracted project_ticker: AIPUMP
[2025-01-07T02:42:40.786+0000] {logging_mixin.py:190} INFO - Extracted project_link: https://icodrops.com/aipump/
[2025-01-07T02:42:40.808+0000] {logging_mixin.py:190} INFO - Extracted project_round: IDO on Polkastarter
[2025-01-07T02:42:40.833+0000] {logging_mixin.py:190} INFO - Extracted project_total_raised: —
[2025-01-07T02:42:40.855+0000] {logging_mixin.py:190} INFO - Extracted project_pre_valuation: $6 M  
[2025-01-07T02:42:40.876+0000] {logging_mixin.py:190} INFO - Extracted project_categories: AI Agents
[2025-01-07T02:42:40.909+0000] {logging_mixin.py:190} INFO - Extracted project_roi: —
[2025-01-07T02:42:40.939+0000] {logging_mixin.py:190} INFO - Extracted project_date: in 14h
[2025-01-07T02:43:01.027+0000] {logging_mixin.py:190} INFO - Extracted project_total_investors: 0
[2025-01-07T02:43:01.027+0000] {logging_mixin.py:190} INFO - 
Processing ICO 3/20
[2025-01-07T02:43:01.064+0000] {logging_mixin.py:190} INFO - Extracted project_name: Zephyr
[2025-01-07T02:43:01.088+0000] {logging_mixin.py:190} INFO - Extracted project_ticker: ZEFY
[2025-01-07T02:43:01.115+0000] {logging_mixin.py:190} INFO - Extracted project_link: https://icodrops.com/zephyr/
[2025-01-07T02:43:01.137+0000] {logging_mixin.py:190} INFO - Extracted project_round: Public Sale
[2025-01-07T02:43:01.159+0000] {logging_mixin.py:190} INFO - Extracted project_total_raised: $561 K
[2025-01-07T02:43:01.184+0000] {logging_mixin.py:190} INFO - Extracted project_pre_valuation: $5.5 M  
[2025-01-07T02:43:01.207+0000] {logging_mixin.py:190} INFO - Extracted project_categories: DeFi
[2025-01-07T02:43:01.232+0000] {logging_mixin.py:190} INFO - Extracted project_roi: —
[2025-01-07T02:43:01.256+0000] {logging_mixin.py:190} INFO - Extracted project_date: Q3, 2024
[2025-01-07T02:43:21.318+0000] {logging_mixin.py:190} INFO - Extracted project_total_investors: 0
[2025-01-07T02:43:21.319+0000] {logging_mixin.py:190} INFO - 
Processing ICO 4/20
[2025-01-07T02:43:21.349+0000] {logging_mixin.py:190} INFO - Extracted project_name: Sonic
[2025-01-07T02:43:21.372+0000] {logging_mixin.py:190} INFO - Extracted project_ticker: SONIC
[2025-01-07T02:43:21.394+0000] {logging_mixin.py:190} INFO - Extracted project_link: https://icodrops.com/sonic/
[2025-01-07T02:43:21.418+0000] {logging_mixin.py:190} INFO - Extracted project_round: Testnet Incentive Program
[2025-01-07T02:43:21.441+0000] {logging_mixin.py:190} INFO - Extracted project_total_raised: $12 M
[2025-01-07T02:43:21.467+0000] {logging_mixin.py:190} INFO - Extracted project_pre_valuation: $1.17 M
[2025-01-07T02:43:21.492+0000] {logging_mixin.py:190} INFO - Extracted project_categories: Blockchain
[2025-01-07T02:43:21.517+0000] {logging_mixin.py:190} INFO - Extracted project_roi: —
[2025-01-07T02:43:21.539+0000] {logging_mixin.py:190} INFO - Extracted project_date: Jan 6, 2025
[2025-01-07T02:43:21.605+0000] {logging_mixin.py:190} INFO - Extracted project_total_investors: 7
[2025-01-07T02:43:21.606+0000] {logging_mixin.py:190} INFO - 
Processing ICO 5/20
[2025-01-07T02:43:21.631+0000] {logging_mixin.py:190} INFO - Extracted project_name: ArkeFi
[2025-01-07T02:43:21.657+0000] {logging_mixin.py:190} INFO - Extracted project_ticker: RKFI
[2025-01-07T02:43:21.681+0000] {logging_mixin.py:190} INFO - Extracted project_link: https://icodrops.com/arkefi/
[2025-01-07T02:43:21.703+0000] {logging_mixin.py:190} INFO - Extracted project_round: IDO on Poolz
[2025-01-07T02:43:21.726+0000] {logging_mixin.py:190} INFO - Extracted project_total_raised: —
[2025-01-07T02:43:21.752+0000] {logging_mixin.py:190} INFO - Extracted project_pre_valuation: $20 M  
[2025-01-07T02:43:21.774+0000] {logging_mixin.py:190} INFO - Extracted project_categories: Blockchain Service
[2025-01-07T02:43:21.800+0000] {logging_mixin.py:190} INFO - Extracted project_roi: —
[2025-01-07T02:43:21.822+0000] {logging_mixin.py:190} INFO - Extracted project_date: Jan 3, 2025
[2025-01-07T02:43:41.875+0000] {logging_mixin.py:190} INFO - Extracted project_total_investors: 0
[2025-01-07T02:43:41.875+0000] {logging_mixin.py:190} INFO - 
Processing ICO 6/20
[2025-01-07T02:43:41.900+0000] {logging_mixin.py:190} INFO - Extracted project_name: BIO Protocol
[2025-01-07T02:43:41.923+0000] {logging_mixin.py:190} INFO - Extracted project_ticker: BIO
[2025-01-07T02:43:41.945+0000] {logging_mixin.py:190} INFO - Extracted project_link: https://icodrops.com/bio-protocol/
[2025-01-07T02:43:41.968+0000] {logging_mixin.py:190} INFO - Extracted project_round: Binance Launchpool
[2025-01-07T02:43:41.991+0000] {logging_mixin.py:190} INFO - Extracted project_total_raised: $29.9 M
[2025-01-07T02:43:42.017+0000] {logging_mixin.py:190} INFO - Extracted project_pre_valuation: $2.41 B
[2025-01-07T02:43:42.040+0000] {logging_mixin.py:190} INFO - Extracted project_categories: DeSci
[2025-01-07T02:43:42.062+0000] {logging_mixin.py:190} INFO - Extracted project_roi: 10.95x
[2025-01-07T02:43:42.088+0000] {logging_mixin.py:190} INFO - Extracted project_date: Dec 24, 2024
[2025-01-07T02:43:52.142+0000] {logging_mixin.py:190} INFO - Extracted project_total_investors: 3
[2025-01-07T02:43:52.142+0000] {logging_mixin.py:190} INFO - 
Processing ICO 7/20
[2025-01-07T02:43:52.168+0000] {logging_mixin.py:190} INFO - Extracted project_name: Pandana
[2025-01-07T02:43:52.188+0000] {logging_mixin.py:190} INFO - Extracted project_ticker: PNDN
[2025-01-07T02:43:52.207+0000] {logging_mixin.py:190} INFO - Extracted project_link: https://icodrops.com/pandana/
[2025-01-07T02:43:52.231+0000] {logging_mixin.py:190} INFO - Extracted project_round: Presale
[2025-01-07T02:43:52.252+0000] {logging_mixin.py:190} INFO - Extracted project_total_raised: $722 K
[2025-01-07T02:43:52.272+0000] {logging_mixin.py:190} INFO - Extracted project_pre_valuation: $24 M  
[2025-01-07T02:43:52.293+0000] {logging_mixin.py:190} INFO - Extracted project_categories: Memecoin
[2025-01-07T02:43:52.315+0000] {logging_mixin.py:190} INFO - Extracted project_roi: —
[2025-01-07T02:43:52.336+0000] {logging_mixin.py:190} INFO - Extracted project_date: Q4, 2024
[2025-01-07T02:44:12.439+0000] {logging_mixin.py:190} INFO - Extracted project_total_investors: 0
[2025-01-07T02:44:12.439+0000] {logging_mixin.py:190} INFO - 
Processing ICO 8/20
[2025-01-07T02:44:12.467+0000] {logging_mixin.py:190} INFO - Extracted project_name: Fuel Network
[2025-01-07T02:44:12.496+0000] {logging_mixin.py:190} INFO - Extracted project_ticker: FUEL
[2025-01-07T02:44:12.521+0000] {logging_mixin.py:190} INFO - Extracted project_link: https://icodrops.com/fuel-network/
[2025-01-07T02:44:12.548+0000] {logging_mixin.py:190} INFO - Extracted project_round: Public Sale
[2025-01-07T02:44:12.571+0000] {logging_mixin.py:190} INFO - Extracted project_total_raised: $90.9 M
[2025-01-07T02:44:12.596+0000] {logging_mixin.py:190} INFO - Extracted project_pre_valuation: $683.7 M
[2025-01-07T02:44:12.624+0000] {logging_mixin.py:190} INFO - Extracted project_categories: Layer-2
[2025-01-07T02:44:12.653+0000] {logging_mixin.py:190} INFO - Extracted project_roi: 3.42x
[2025-01-07T02:44:12.674+0000] {logging_mixin.py:190} INFO - Extracted project_date: Dec 17, 2024
[2025-01-07T02:44:12.736+0000] {logging_mixin.py:190} INFO - Extracted project_total_investors: 15
[2025-01-07T02:44:12.736+0000] {logging_mixin.py:190} INFO - 
Processing ICO 9/20
[2025-01-07T02:44:12.756+0000] {logging_mixin.py:190} INFO - Extracted project_name: Huddle01
[2025-01-07T02:44:22.790+0000] {logging_mixin.py:190} INFO - project_ticker not found.
[2025-01-07T02:44:22.814+0000] {logging_mixin.py:190} INFO - Extracted project_link: https://icodrops.com/huddle01/
[2025-01-07T02:44:22.837+0000] {logging_mixin.py:190} INFO - Extracted project_round: Node Sale Round
[2025-01-07T02:44:22.864+0000] {logging_mixin.py:190} INFO - Extracted project_total_raised: $4.5 M
[2025-01-07T02:44:22.887+0000] {logging_mixin.py:190} INFO - Extracted project_pre_valuation: —
[2025-01-07T02:44:22.908+0000] {logging_mixin.py:190} INFO - Extracted project_categories: Social
[2025-01-07T02:44:22.934+0000] {logging_mixin.py:190} INFO - Extracted project_roi: —
[2025-01-07T02:44:22.955+0000] {logging_mixin.py:190} INFO - Extracted project_date: Nov 6, 2024
[2025-01-07T02:44:23.017+0000] {logging_mixin.py:190} INFO - Extracted project_total_investors: 10
[2025-01-07T02:44:23.018+0000] {logging_mixin.py:190} INFO - 
Processing ICO 10/20
[2025-01-07T02:44:23.041+0000] {logging_mixin.py:190} INFO - Extracted project_name: Qorbi World
[2025-01-07T02:44:23.064+0000] {logging_mixin.py:190} INFO - Extracted project_ticker: QORBI
[2025-01-07T02:44:23.085+0000] {logging_mixin.py:190} INFO - Extracted project_link: https://icodrops.com/qorbi-world/
[2025-01-07T02:44:23.106+0000] {logging_mixin.py:190} INFO - Extracted project_round: IDO on MoonStarter
[2025-01-07T02:44:23.128+0000] {logging_mixin.py:190} INFO - Extracted project_total_raised: —
[2025-01-07T02:44:23.151+0000] {logging_mixin.py:190} INFO - Extracted project_pre_valuation: $10 M  
[2025-01-07T02:44:23.171+0000] {logging_mixin.py:190} INFO - Extracted project_categories: GameFi
[2025-01-07T02:44:23.192+0000] {logging_mixin.py:190} INFO - Extracted project_roi: —
[2025-01-07T02:44:23.213+0000] {logging_mixin.py:190} INFO - Extracted project_date: Dec 28, 2024
[2025-01-07T02:44:43.341+0000] {logging_mixin.py:190} INFO - Extracted project_total_investors: 0
[2025-01-07T02:44:43.343+0000] {logging_mixin.py:190} INFO - 
Processing ICO 11/20
[2025-01-07T02:44:43.386+0000] {logging_mixin.py:190} INFO - Extracted project_name: AZCoiner
[2025-01-07T02:44:43.406+0000] {logging_mixin.py:190} INFO - Extracted project_ticker: AZC
[2025-01-07T02:44:43.427+0000] {logging_mixin.py:190} INFO - Extracted project_link: https://icodrops.com/azcoiner/
[2025-01-07T02:44:43.445+0000] {logging_mixin.py:190} INFO - Extracted project_round: IDO on Spores
[2025-01-07T02:44:43.467+0000] {logging_mixin.py:190} INFO - Extracted project_total_raised: —
[2025-01-07T02:44:43.487+0000] {logging_mixin.py:190} INFO - Extracted project_pre_valuation: $20 M  
[2025-01-07T02:44:43.507+0000] {logging_mixin.py:190} INFO - Extracted project_categories: Blockchain Service
[2025-01-07T02:44:43.528+0000] {logging_mixin.py:190} INFO - Extracted project_roi: —
[2025-01-07T02:44:43.548+0000] {logging_mixin.py:190} INFO - Extracted project_date: Dec 27, 2024
[2025-01-07T02:45:03.645+0000] {logging_mixin.py:190} INFO - Extracted project_total_investors: 0
[2025-01-07T02:45:03.646+0000] {logging_mixin.py:190} INFO - 
Processing ICO 12/20
[2025-01-07T02:45:03.792+0000] {logging_mixin.py:190} INFO - Extracted project_name: Sentient AI
[2025-01-07T02:45:03.877+0000] {logging_mixin.py:190} INFO - Extracted project_ticker: SETAI
[2025-01-07T02:45:03.897+0000] {logging_mixin.py:190} INFO - Extracted project_link: https://icodrops.com/sentient-ai/
[2025-01-07T02:45:03.916+0000] {logging_mixin.py:190} INFO - Extracted project_round: IDO on Polkastarter
[2025-01-07T02:45:03.936+0000] {logging_mixin.py:190} INFO - Extracted project_total_raised: —
[2025-01-07T02:45:03.956+0000] {logging_mixin.py:190} INFO - Extracted project_pre_valuation: —
[2025-01-07T02:45:03.978+0000] {logging_mixin.py:190} INFO - Extracted project_categories: Artificial Intellig…
[2025-01-07T02:45:03.999+0000] {logging_mixin.py:190} INFO - Extracted project_roi: —
[2025-01-07T02:45:04.020+0000] {logging_mixin.py:190} INFO - Extracted project_date: Dec 27, 2024
[2025-01-07T02:45:24.127+0000] {logging_mixin.py:190} INFO - Extracted project_total_investors: 0
[2025-01-07T02:45:24.128+0000] {logging_mixin.py:190} INFO - 
Processing ICO 13/20
[2025-01-07T02:45:24.154+0000] {logging_mixin.py:190} INFO - Extracted project_name: Swell Network
[2025-01-07T02:45:24.180+0000] {logging_mixin.py:190} INFO - Extracted project_ticker: SWELL
[2025-01-07T02:45:24.219+0000] {logging_mixin.py:190} INFO - Extracted project_link: https://icodrops.com/swell-network/
[2025-01-07T02:45:24.244+0000] {logging_mixin.py:190} INFO - Extracted project_round: Points Farming
[2025-01-07T02:45:24.269+0000] {logging_mixin.py:190} INFO - Extracted project_total_raised: $3.75 M
[2025-01-07T02:45:24.294+0000] {logging_mixin.py:190} INFO - Extracted project_pre_valuation: $348.8 M
[2025-01-07T02:45:24.319+0000] {logging_mixin.py:190} INFO - Extracted project_categories: Liquid Staking Prot…
[2025-01-07T02:45:24.344+0000] {logging_mixin.py:190} INFO - Extracted project_roi: 0.39x
[2025-01-07T02:45:24.369+0000] {logging_mixin.py:190} INFO - Extracted project_date: Jan 29, 2024
[2025-01-07T02:45:24.443+0000] {logging_mixin.py:190} INFO - Extracted project_total_investors: 11
[2025-01-07T02:45:24.443+0000] {logging_mixin.py:190} INFO - 
Processing ICO 14/20
[2025-01-07T02:45:24.464+0000] {logging_mixin.py:190} INFO - Extracted project_name: Hive Intelligence
[2025-01-07T02:45:24.486+0000] {logging_mixin.py:190} INFO - Extracted project_ticker: HINT
[2025-01-07T02:45:24.509+0000] {logging_mixin.py:190} INFO - Extracted project_link: https://icodrops.com/hive-intelligence/
[2025-01-07T02:45:24.534+0000] {logging_mixin.py:190} INFO - Extracted project_round: Public Sale
[2025-01-07T02:45:24.554+0000] {logging_mixin.py:190} INFO - Extracted project_total_raised: $2.64 M
[2025-01-07T02:45:24.575+0000] {logging_mixin.py:190} INFO - Extracted project_pre_valuation: $8 M  
[2025-01-07T02:45:24.595+0000] {logging_mixin.py:190} INFO - Extracted project_categories: Infrastructure
[2025-01-07T02:45:24.618+0000] {logging_mixin.py:190} INFO - Extracted project_roi: 2.02x
[2025-01-07T02:45:24.644+0000] {logging_mixin.py:190} INFO - Extracted project_date: Dec 20, 2024
[2025-01-07T02:45:44.702+0000] {logging_mixin.py:190} INFO - Extracted project_total_investors: 0
[2025-01-07T02:45:44.702+0000] {logging_mixin.py:190} INFO - 
Processing ICO 15/20
[2025-01-07T02:45:44.730+0000] {logging_mixin.py:190} INFO - Extracted project_name: CratD2C
[2025-01-07T02:45:44.759+0000] {logging_mixin.py:190} INFO - Extracted project_ticker: CRATD2C
[2025-01-07T02:45:44.785+0000] {logging_mixin.py:190} INFO - Extracted project_link: https://icodrops.com/cratd2c/
[2025-01-07T02:45:44.814+0000] {logging_mixin.py:190} INFO - Extracted project_round: IEO
[2025-01-07T02:45:44.837+0000] {logging_mixin.py:190} INFO - Extracted project_total_raised: $1.21 M
[2025-01-07T02:45:44.861+0000] {logging_mixin.py:190} INFO - Extracted project_pre_valuation: $160 M  
[2025-01-07T02:45:44.884+0000] {logging_mixin.py:190} INFO - Extracted project_categories: Blockchain
[2025-01-07T02:45:44.911+0000] {logging_mixin.py:190} INFO - Extracted project_roi: —
[2025-01-07T02:45:44.935+0000] {logging_mixin.py:190} INFO - Extracted project_date: Dec 17, 2024
[2025-01-07T02:46:05.041+0000] {logging_mixin.py:190} INFO - Extracted project_total_investors: 0
[2025-01-07T02:46:05.042+0000] {logging_mixin.py:190} INFO - 
Processing ICO 16/20
[2025-01-07T02:46:05.132+0000] {logging_mixin.py:190} INFO - Extracted project_name: Nexade
[2025-01-07T02:46:05.153+0000] {logging_mixin.py:190} INFO - Extracted project_ticker: NEXD
[2025-01-07T02:46:05.175+0000] {logging_mixin.py:190} INFO - Extracted project_link: https://icodrops.com/nexade/
[2025-01-07T02:46:05.196+0000] {logging_mixin.py:190} INFO - Extracted project_round: SHO on DAO Maker
[2025-01-07T02:46:05.217+0000] {logging_mixin.py:190} INFO - Extracted project_total_raised: —
[2025-01-07T02:46:05.238+0000] {logging_mixin.py:190} INFO - Extracted project_pre_valuation: $70 M  
[2025-01-07T02:46:05.259+0000] {logging_mixin.py:190} INFO - Extracted project_categories: RWA (Real World Ass…
[2025-01-07T02:46:05.280+0000] {logging_mixin.py:190} INFO - Extracted project_roi: —
[2025-01-07T02:46:05.300+0000] {logging_mixin.py:190} INFO - Extracted project_date: Dec 13, 2024
[2025-01-07T02:46:25.457+0000] {logging_mixin.py:190} INFO - Extracted project_total_investors: 0
[2025-01-07T02:46:25.458+0000] {logging_mixin.py:190} INFO - 
Processing ICO 17/20
[2025-01-07T02:46:25.492+0000] {logging_mixin.py:190} INFO - Extracted project_name: Swing
[2025-01-07T02:46:25.512+0000] {logging_mixin.py:190} INFO - Extracted project_ticker: SWING
[2025-01-07T02:46:25.531+0000] {logging_mixin.py:190} INFO - Extracted project_link: https://icodrops.com/swing/
[2025-01-07T02:46:25.552+0000] {logging_mixin.py:190} INFO - Extracted project_round: Public Sale
[2025-01-07T02:46:25.575+0000] {logging_mixin.py:190} INFO - Extracted project_total_raised: $9.75 M
[2025-01-07T02:46:25.595+0000] {logging_mixin.py:190} INFO - Extracted project_pre_valuation: $60 M  
[2025-01-07T02:46:25.615+0000] {logging_mixin.py:190} INFO - Extracted project_categories: DeFi
[2025-01-07T02:46:25.634+0000] {logging_mixin.py:190} INFO - Extracted project_roi: 0.2x
[2025-01-07T02:46:25.652+0000] {logging_mixin.py:190} INFO - Extracted project_date: Dec 18, 2024
[2025-01-07T02:46:25.714+0000] {logging_mixin.py:190} INFO - Extracted project_total_investors: 10
[2025-01-07T02:46:25.714+0000] {logging_mixin.py:190} INFO - 
Processing ICO 18/20
[2025-01-07T02:46:25.744+0000] {logging_mixin.py:190} INFO - Extracted project_name: Help Steps
[2025-01-07T02:46:25.765+0000] {logging_mixin.py:190} INFO - Extracted project_ticker: HSX
[2025-01-07T02:46:25.787+0000] {logging_mixin.py:190} INFO - Extracted project_link: https://icodrops.com/help-steps/
[2025-01-07T02:46:25.808+0000] {logging_mixin.py:190} INFO - Extracted project_round: SHO on DAO Maker
[2025-01-07T02:46:25.828+0000] {logging_mixin.py:190} INFO - Extracted project_total_raised: —
[2025-01-07T02:46:25.849+0000] {logging_mixin.py:190} INFO - Extracted project_pre_valuation: $5 M  
[2025-01-07T02:46:25.873+0000] {logging_mixin.py:190} INFO - Extracted project_categories: Move To Earn
[2025-01-07T02:46:25.894+0000] {logging_mixin.py:190} INFO - Extracted project_roi: —
[2025-01-07T02:46:25.915+0000] {logging_mixin.py:190} INFO - Extracted project_date: Dec 12, 2024
[2025-01-07T02:46:35.976+0000] {logging_mixin.py:190} INFO - Extracted project_total_investors: 3
[2025-01-07T02:46:35.977+0000] {logging_mixin.py:190} INFO - 
Processing ICO 19/20
[2025-01-07T02:46:36.015+0000] {logging_mixin.py:190} INFO - Extracted project_name: Ringfence
[2025-01-07T02:46:46.056+0000] {logging_mixin.py:190} INFO - project_ticker not found.
[2025-01-07T02:46:46.076+0000] {logging_mixin.py:190} INFO - Extracted project_link: https://icodrops.com/ringfence/
[2025-01-07T02:46:46.101+0000] {logging_mixin.py:190} INFO - Extracted project_round: Airdrop
[2025-01-07T02:46:46.127+0000] {logging_mixin.py:190} INFO - Extracted project_total_raised: $1.5 M
[2025-01-07T02:46:46.151+0000] {logging_mixin.py:190} INFO - Extracted project_pre_valuation: —
[2025-01-07T02:46:46.179+0000] {logging_mixin.py:190} INFO - Extracted project_categories: Blockchain Service
[2025-01-07T02:46:46.202+0000] {logging_mixin.py:190} INFO - Extracted project_roi: —
[2025-01-07T02:46:46.228+0000] {logging_mixin.py:190} INFO - Extracted project_date: Dec 9, 2024
[2025-01-07T02:46:46.292+0000] {logging_mixin.py:190} INFO - Extracted project_total_investors: 9
[2025-01-07T02:46:46.292+0000] {logging_mixin.py:190} INFO - 
Processing ICO 20/20
[2025-01-07T02:46:46.314+0000] {logging_mixin.py:190} INFO - Extracted project_name: WELF
[2025-01-07T02:46:46.339+0000] {logging_mixin.py:190} INFO - Extracted project_ticker: WELF
[2025-01-07T02:46:46.361+0000] {logging_mixin.py:190} INFO - Extracted project_link: https://icodrops.com/welf/
[2025-01-07T02:46:46.384+0000] {logging_mixin.py:190} INFO - Extracted project_round: IDO on Polkastarter
[2025-01-07T02:46:46.408+0000] {logging_mixin.py:190} INFO - Extracted project_total_raised: $3.45 M
[2025-01-07T02:46:46.431+0000] {logging_mixin.py:190} INFO - Extracted project_pre_valuation: $18 M  
[2025-01-07T02:46:46.476+0000] {logging_mixin.py:190} INFO - Extracted project_categories: RWA (Real World Ass…
[2025-01-07T02:46:46.500+0000] {logging_mixin.py:190} INFO - Extracted project_roi: —
[2025-01-07T02:46:46.527+0000] {logging_mixin.py:190} INFO - Extracted project_date: Dec 18, 2024
[2025-01-07T02:47:06.623+0000] {logging_mixin.py:190} INFO - Extracted project_total_investors: 0
[2025-01-07T02:47:06.714+0000] {logging_mixin.py:190} INFO - Scraped 20 ICOs.
[2025-01-07T02:47:06.730+0000] {logging_mixin.py:190} INFO - CSV file saved at /opt/***/data/ico_data/ico_data_raw.csv
[2025-01-07T02:47:06.745+0000] {python.py:240} INFO - Done. Returned value was: None
[2025-01-07T02:47:06.755+0000] {taskinstance.py:340} INFO - ::group::Post task execution logs
[2025-01-07T02:47:06.755+0000] {taskinstance.py:352} INFO - Marking task as SUCCESS. dag_id=ico_scraping_dag_new_records, task_id=scrape_ico_data, run_id=manual__2025-01-07T02:42:23.308181+00:00, execution_date=20250107T024223, start_date=20250107T024224, end_date=20250107T024706
[2025-01-07T02:47:06.800+0000] {local_task_job_runner.py:266} INFO - Task exited with return code 0
[2025-01-07T02:47:06.822+0000] {taskinstance.py:3895} INFO - 1 downstream tasks scheduled from follow-on schedule check
[2025-01-07T02:47:06.824+0000] {local_task_job_runner.py:245} INFO - ::endgroup::
