[2025-01-07T02:53:00.639+0000] {local_task_job_runner.py:123} INFO - ::group::Pre task execution logs
[2025-01-07T02:53:00.656+0000] {taskinstance.py:2613} INFO - Dependencies all met for dep_context=non-requeueable deps ti=<TaskInstance: ico_scraping_dag_new_records.scrape_ico_data manual__2025-01-07T02:42:23.308181+00:00 [queued]>
[2025-01-07T02:53:00.664+0000] {taskinstance.py:2613} INFO - Dependencies all met for dep_context=requeueable deps ti=<TaskInstance: ico_scraping_dag_new_records.scrape_ico_data manual__2025-01-07T02:42:23.308181+00:00 [queued]>
[2025-01-07T02:53:00.665+0000] {taskinstance.py:2866} INFO - Starting attempt 2 of 3
[2025-01-07T02:53:00.679+0000] {taskinstance.py:2889} INFO - Executing <Task(PythonOperator): scrape_ico_data> on 2025-01-07 02:42:23.308181+00:00
[2025-01-07T02:53:00.689+0000] {standard_task_runner.py:104} INFO - Running: ['***', 'tasks', 'run', 'ico_scraping_dag_new_records', 'scrape_ico_data', 'manual__2025-01-07T02:42:23.308181+00:00', '--job-id', '28', '--raw', '--subdir', 'DAGS_FOLDER/ico_scraping_dag_insert_new_records.py', '--cfg-path', '/tmp/tmp5lq9_5z7']
[2025-01-07T02:53:00.692+0000] {logging_mixin.py:190} WARNING - /home/***/.local/lib/python3.12/site-packages/***/task/task_runner/standard_task_runner.py:70 DeprecationWarning: This process (pid=5860) is multi-threaded, use of fork() may lead to deadlocks in the child.
[2025-01-07T02:53:00.692+0000] {standard_task_runner.py:105} INFO - Job 28: Subtask scrape_ico_data
[2025-01-07T02:53:00.692+0000] {standard_task_runner.py:72} INFO - Started process 5869 to run task
[2025-01-07T02:53:00.738+0000] {task_command.py:467} INFO - Running <TaskInstance: ico_scraping_dag_new_records.scrape_ico_data manual__2025-01-07T02:42:23.308181+00:00 [running]> on host e0f05d443e24
[2025-01-07T02:53:00.818+0000] {taskinstance.py:3132} INFO - Exporting env vars: AIRFLOW_CTX_DAG_OWNER='***' AIRFLOW_CTX_DAG_ID='ico_scraping_dag_new_records' AIRFLOW_CTX_TASK_ID='scrape_ico_data' AIRFLOW_CTX_EXECUTION_DATE='2025-01-07T02:42:23.308181+00:00' AIRFLOW_CTX_TRY_NUMBER='2' AIRFLOW_CTX_DAG_RUN_ID='manual__2025-01-07T02:42:23.308181+00:00'
[2025-01-07T02:53:00.819+0000] {taskinstance.py:731} INFO - ::endgroup::
[2025-01-07T02:53:00.835+0000] {logging_mixin.py:190} INFO - Starting the web scraping process...
[2025-01-07T02:53:00.887+0000] {logging_mixin.py:190} INFO - Chrome version: Chromium 114.0.5735.0
[2025-01-07T02:53:00.888+0000] {logging_mixin.py:190} INFO - ChromeDriver version: ChromeDriver 114.0.5735.90 (386bc09e8f4f2e025eddae123f36f6263096ae49-refs/branch-heads/5735@{#1052})
[2025-01-07T02:53:00.888+0000] {logging_mixin.py:190} INFO - Chrome binary location set to: /opt/chrome/chrome
[2025-01-07T02:53:00.889+0000] {logging_mixin.py:190} INFO - ChromeDriver path set to: /opt/chromedriver/chromedriver
[2025-01-07T02:53:01.042+0000] {logging_mixin.py:190} INFO - WebDriver initialized successfully.
[2025-01-07T02:53:01.042+0000] {logging_mixin.py:190} INFO - Navigating to the ICO Drops page...
[2025-01-07T02:53:02.853+0000] {logging_mixin.py:190} INFO - Attempting to click element with xpath: //button[contains(text(), 'Agree')]
[2025-01-07T02:53:13.098+0000] {logging_mixin.py:190} INFO - Consent button not found or already agreed.
[2025-01-07T02:53:16.099+0000] {logging_mixin.py:190} INFO - First 10 ICOs on the page is found.
[2025-01-07T02:53:16.099+0000] {logging_mixin.py:190} INFO - 
Processing ICO 1/10
[2025-01-07T02:53:16.135+0000] {logging_mixin.py:190} INFO - Extracted project_name: Beam
[2025-01-07T02:53:16.165+0000] {logging_mixin.py:190} INFO - Extracted project_ticker: BEAM
[2025-01-07T02:53:16.201+0000] {logging_mixin.py:190} INFO - Extracted project_link: https://icodrops.com/beam/
[2025-01-07T02:53:16.231+0000] {logging_mixin.py:190} INFO - Extracted project_round: Node Sale Round
[2025-01-07T02:53:16.270+0000] {logging_mixin.py:190} INFO - Extracted project_total_raised: $77.75 M
[2025-01-07T02:53:16.295+0000] {logging_mixin.py:190} INFO - Extracted project_pre_valuation: $1.77 B
[2025-01-07T02:53:16.323+0000] {logging_mixin.py:190} INFO - Extracted project_categories: Gaming
[2025-01-07T02:53:16.351+0000] {logging_mixin.py:190} INFO - Extracted project_roi: 0.01x
[2025-01-07T02:53:16.382+0000] {logging_mixin.py:190} INFO - Extracted project_date: Q4, 2024
[2025-01-07T02:53:16.476+0000] {logging_mixin.py:190} INFO - Extracted project_total_investors: 11
[2025-01-07T02:53:16.476+0000] {logging_mixin.py:190} INFO - 
Processing ICO 2/10
[2025-01-07T02:53:16.504+0000] {logging_mixin.py:190} INFO - Extracted project_name: aiPump
[2025-01-07T02:53:16.533+0000] {logging_mixin.py:190} INFO - Extracted project_ticker: AIPUMP
[2025-01-07T02:53:16.562+0000] {logging_mixin.py:190} INFO - Extracted project_link: https://icodrops.com/aipump/
[2025-01-07T02:53:16.607+0000] {logging_mixin.py:190} INFO - Extracted project_round: IDO on Polkastarter
[2025-01-07T02:53:16.646+0000] {logging_mixin.py:190} INFO - Extracted project_total_raised: —
[2025-01-07T02:53:16.676+0000] {logging_mixin.py:190} INFO - Extracted project_pre_valuation: $6 M  
[2025-01-07T02:53:16.706+0000] {logging_mixin.py:190} INFO - Extracted project_categories: AI Agents
[2025-01-07T02:53:16.745+0000] {logging_mixin.py:190} INFO - Extracted project_roi: —
[2025-01-07T02:53:16.785+0000] {logging_mixin.py:190} INFO - Extracted project_date: in 14h
[2025-01-07T02:53:36.941+0000] {logging_mixin.py:190} INFO - Extracted project_total_investors: 0
[2025-01-07T02:53:36.942+0000] {logging_mixin.py:190} INFO - 
Processing ICO 3/10
[2025-01-07T02:53:37.016+0000] {logging_mixin.py:190} INFO - Extracted project_name: Zephyr
[2025-01-07T02:53:37.065+0000] {logging_mixin.py:190} INFO - Extracted project_ticker: ZEFY
[2025-01-07T02:53:37.099+0000] {logging_mixin.py:190} INFO - Extracted project_link: https://icodrops.com/zephyr/
[2025-01-07T02:53:37.135+0000] {logging_mixin.py:190} INFO - Extracted project_round: Public Sale
[2025-01-07T02:53:37.178+0000] {logging_mixin.py:190} INFO - Extracted project_total_raised: $561 K
[2025-01-07T02:53:37.226+0000] {logging_mixin.py:190} INFO - Extracted project_pre_valuation: $5.5 M  
[2025-01-07T02:53:37.280+0000] {logging_mixin.py:190} INFO - Extracted project_categories: DeFi
[2025-01-07T02:53:37.349+0000] {logging_mixin.py:190} INFO - Extracted project_roi: —
[2025-01-07T02:53:37.420+0000] {logging_mixin.py:190} INFO - Extracted project_date: Q3, 2024
[2025-01-07T02:53:57.478+0000] {logging_mixin.py:190} INFO - Extracted project_total_investors: 0
[2025-01-07T02:53:57.479+0000] {logging_mixin.py:190} INFO - 
Processing ICO 4/10
[2025-01-07T02:53:57.507+0000] {logging_mixin.py:190} INFO - Extracted project_name: Sonic
[2025-01-07T02:53:57.533+0000] {logging_mixin.py:190} INFO - Extracted project_ticker: SONIC
[2025-01-07T02:53:57.564+0000] {logging_mixin.py:190} INFO - Extracted project_link: https://icodrops.com/sonic/
[2025-01-07T02:53:57.600+0000] {logging_mixin.py:190} INFO - Extracted project_round: Testnet Incentive Program
[2025-01-07T02:53:57.640+0000] {logging_mixin.py:190} INFO - Extracted project_total_raised: $12 M
[2025-01-07T02:53:57.677+0000] {logging_mixin.py:190} INFO - Extracted project_pre_valuation: $1.17 M
[2025-01-07T02:53:57.713+0000] {logging_mixin.py:190} INFO - Extracted project_categories: Blockchain
[2025-01-07T02:53:57.763+0000] {logging_mixin.py:190} INFO - Extracted project_roi: —
[2025-01-07T02:53:57.799+0000] {logging_mixin.py:190} INFO - Extracted project_date: Jan 6, 2025
[2025-01-07T02:53:57.918+0000] {logging_mixin.py:190} INFO - Extracted project_total_investors: 7
[2025-01-07T02:53:57.918+0000] {logging_mixin.py:190} INFO - 
Processing ICO 5/10
[2025-01-07T02:53:57.956+0000] {logging_mixin.py:190} INFO - Extracted project_name: ArkeFi
[2025-01-07T02:53:57.992+0000] {logging_mixin.py:190} INFO - Extracted project_ticker: RKFI
[2025-01-07T02:53:58.024+0000] {logging_mixin.py:190} INFO - Extracted project_link: https://icodrops.com/arkefi/
[2025-01-07T02:53:58.062+0000] {logging_mixin.py:190} INFO - Extracted project_round: IDO on Poolz
[2025-01-07T02:53:58.094+0000] {logging_mixin.py:190} INFO - Extracted project_total_raised: —
[2025-01-07T02:53:58.122+0000] {logging_mixin.py:190} INFO - Extracted project_pre_valuation: $20 M  
[2025-01-07T02:53:58.157+0000] {logging_mixin.py:190} INFO - Extracted project_categories: Blockchain Service
[2025-01-07T02:53:58.215+0000] {logging_mixin.py:190} INFO - Extracted project_roi: —
[2025-01-07T02:53:58.247+0000] {logging_mixin.py:190} INFO - Extracted project_date: Jan 3, 2025
[2025-01-07T02:54:18.307+0000] {logging_mixin.py:190} INFO - Extracted project_total_investors: 0
[2025-01-07T02:54:18.307+0000] {logging_mixin.py:190} INFO - 
Processing ICO 6/10
[2025-01-07T02:54:18.341+0000] {logging_mixin.py:190} INFO - Extracted project_name: BIO Protocol
[2025-01-07T02:54:18.371+0000] {logging_mixin.py:190} INFO - Extracted project_ticker: BIO
[2025-01-07T02:54:18.399+0000] {logging_mixin.py:190} INFO - Extracted project_link: https://icodrops.com/bio-protocol/
[2025-01-07T02:54:18.428+0000] {logging_mixin.py:190} INFO - Extracted project_round: Binance Launchpool
[2025-01-07T02:54:18.459+0000] {logging_mixin.py:190} INFO - Extracted project_total_raised: $29.9 M
[2025-01-07T02:54:18.494+0000] {logging_mixin.py:190} INFO - Extracted project_pre_valuation: $2.41 B
[2025-01-07T02:54:18.527+0000] {logging_mixin.py:190} INFO - Extracted project_categories: DeSci
[2025-01-07T02:54:18.557+0000] {logging_mixin.py:190} INFO - Extracted project_roi: 10.95x
[2025-01-07T02:54:18.587+0000] {logging_mixin.py:190} INFO - Extracted project_date: Dec 24, 2024
[2025-01-07T02:54:28.680+0000] {logging_mixin.py:190} INFO - Extracted project_total_investors: 3
[2025-01-07T02:54:28.680+0000] {logging_mixin.py:190} INFO - 
Processing ICO 7/10
[2025-01-07T02:54:28.709+0000] {logging_mixin.py:190} INFO - Extracted project_name: Pandana
[2025-01-07T02:54:28.738+0000] {logging_mixin.py:190} INFO - Extracted project_ticker: PNDN
[2025-01-07T02:54:28.766+0000] {logging_mixin.py:190} INFO - Extracted project_link: https://icodrops.com/pandana/
[2025-01-07T02:54:28.797+0000] {logging_mixin.py:190} INFO - Extracted project_round: Presale
[2025-01-07T02:54:28.827+0000] {logging_mixin.py:190} INFO - Extracted project_total_raised: $722 K
[2025-01-07T02:54:28.858+0000] {logging_mixin.py:190} INFO - Extracted project_pre_valuation: $24 M  
[2025-01-07T02:54:28.889+0000] {logging_mixin.py:190} INFO - Extracted project_categories: Memecoin
[2025-01-07T02:54:28.920+0000] {logging_mixin.py:190} INFO - Extracted project_roi: —
[2025-01-07T02:54:28.947+0000] {logging_mixin.py:190} INFO - Extracted project_date: Q4, 2024
[2025-01-07T02:54:49.037+0000] {logging_mixin.py:190} INFO - Extracted project_total_investors: 0
[2025-01-07T02:54:49.037+0000] {logging_mixin.py:190} INFO - 
Processing ICO 8/10
[2025-01-07T02:54:49.070+0000] {logging_mixin.py:190} INFO - Extracted project_name: Fuel Network
[2025-01-07T02:54:49.096+0000] {logging_mixin.py:190} INFO - Extracted project_ticker: FUEL
[2025-01-07T02:54:49.124+0000] {logging_mixin.py:190} INFO - Extracted project_link: https://icodrops.com/fuel-network/
[2025-01-07T02:54:49.146+0000] {logging_mixin.py:190} INFO - Extracted project_round: Public Sale
[2025-01-07T02:54:49.174+0000] {logging_mixin.py:190} INFO - Extracted project_total_raised: $90.9 M
[2025-01-07T02:54:49.204+0000] {logging_mixin.py:190} INFO - Extracted project_pre_valuation: $683.7 M
[2025-01-07T02:54:49.233+0000] {logging_mixin.py:190} INFO - Extracted project_categories: Layer-2
[2025-01-07T02:54:49.264+0000] {logging_mixin.py:190} INFO - Extracted project_roi: 3.42x
[2025-01-07T02:54:49.294+0000] {logging_mixin.py:190} INFO - Extracted project_date: Dec 17, 2024
[2025-01-07T02:54:49.386+0000] {logging_mixin.py:190} INFO - Extracted project_total_investors: 15
[2025-01-07T02:54:49.387+0000] {logging_mixin.py:190} INFO - 
Processing ICO 9/10
[2025-01-07T02:54:49.415+0000] {logging_mixin.py:190} INFO - Extracted project_name: Huddle01
[2025-01-07T02:54:59.436+0000] {logging_mixin.py:190} INFO - project_ticker not found.
[2025-01-07T02:54:59.459+0000] {logging_mixin.py:190} INFO - Extracted project_link: https://icodrops.com/huddle01/
[2025-01-07T02:54:59.480+0000] {logging_mixin.py:190} INFO - Extracted project_round: Node Sale Round
[2025-01-07T02:54:59.509+0000] {logging_mixin.py:190} INFO - Extracted project_total_raised: $4.5 M
[2025-01-07T02:54:59.531+0000] {logging_mixin.py:190} INFO - Extracted project_pre_valuation: —
[2025-01-07T02:54:59.554+0000] {logging_mixin.py:190} INFO - Extracted project_categories: Social
[2025-01-07T02:54:59.579+0000] {logging_mixin.py:190} INFO - Extracted project_roi: —
[2025-01-07T02:54:59.602+0000] {logging_mixin.py:190} INFO - Extracted project_date: Nov 6, 2024
[2025-01-07T02:54:59.697+0000] {logging_mixin.py:190} INFO - Extracted project_total_investors: 10
[2025-01-07T02:54:59.697+0000] {logging_mixin.py:190} INFO - 
Processing ICO 10/10
[2025-01-07T02:54:59.725+0000] {logging_mixin.py:190} INFO - Extracted project_name: Qorbi World
[2025-01-07T02:54:59.755+0000] {logging_mixin.py:190} INFO - Extracted project_ticker: QORBI
[2025-01-07T02:54:59.780+0000] {logging_mixin.py:190} INFO - Extracted project_link: https://icodrops.com/qorbi-world/
[2025-01-07T02:54:59.809+0000] {logging_mixin.py:190} INFO - Extracted project_round: IDO on MoonStarter
[2025-01-07T02:54:59.836+0000] {logging_mixin.py:190} INFO - Extracted project_total_raised: —
[2025-01-07T02:54:59.866+0000] {logging_mixin.py:190} INFO - Extracted project_pre_valuation: $10 M  
[2025-01-07T02:54:59.893+0000] {logging_mixin.py:190} INFO - Extracted project_categories: GameFi
[2025-01-07T02:54:59.922+0000] {logging_mixin.py:190} INFO - Extracted project_roi: —
[2025-01-07T02:54:59.947+0000] {logging_mixin.py:190} INFO - Extracted project_date: Dec 28, 2024
[2025-01-07T02:55:20.015+0000] {logging_mixin.py:190} INFO - Extracted project_total_investors: 0
[2025-01-07T02:55:20.109+0000] {logging_mixin.py:190} INFO - Scraped 10 ICOs.
[2025-01-07T02:55:20.119+0000] {logging_mixin.py:190} INFO - CSV file saved at /opt/***/data/ico_data/ico_data_raw.csv
[2025-01-07T02:55:20.130+0000] {python.py:240} INFO - Done. Returned value was: None
[2025-01-07T02:55:20.138+0000] {taskinstance.py:340} INFO - ::group::Post task execution logs
[2025-01-07T02:55:20.138+0000] {taskinstance.py:352} INFO - Marking task as SUCCESS. dag_id=ico_scraping_dag_new_records, task_id=scrape_ico_data, run_id=manual__2025-01-07T02:42:23.308181+00:00, execution_date=20250107T024223, start_date=20250107T025300, end_date=20250107T025520
[2025-01-07T02:55:20.161+0000] {local_task_job_runner.py:266} INFO - Task exited with return code 0
[2025-01-07T02:55:20.180+0000] {taskinstance.py:3895} INFO - 1 downstream tasks scheduled from follow-on schedule check
[2025-01-07T02:55:20.182+0000] {local_task_job_runner.py:245} INFO - ::endgroup::
